
Analysis Description
--------------------
aBSREL (Adaptive branch-site random effects likelihood) uses an adaptive
random effects branch-site model framework to test whether each branch
has evolved under positive selection, using a procedure which infers an
optimal number of rate categories per branch. v2.2 adds support for
multiple-hit models. v2.3 adds support for SRV. v2.5 adds support for
ancestral state reconstruction, identification of sites contributing to
selection signal, and some diagnostics. 

- __Requirements__: in-frame codon alignment and a phylogenetic tree

- __Citation__:  Less Is More: An Adaptive Branch-Site Random Effects Model for
Efficient Detection of Episodic Diversifying Selection (2015). Mol Biol
Evol 32 (5): 1342-1353. 

- __Written by__: Sergei L Kosakovsky Pond, Ben Murrell, Steven Weaver and Temple iGEM /
UCSD viral evolution group

- __Contact Information__: spond@temple.edu

- __Analysis Version__: 2.5

[Advanced option] Bag of little bootstrap alignment resampling rate (permissible range = [0.01,1], default value = 1): blb: 1

>code => Universal

-------
>[WARNING]
'/Users/alex/Documents/AOC-develop-singleSnakefile/results/BDNF-64/gard/segments/BDNF-64.part4.codon.fas'
contains 4 duplicate sequences. Identical sequences do not contribute
any information to the analysis and only slow down computation. Please
consider removing duplicate or 'nearly' duplicate sequences, e.g. using
https://github.com/veg/hyphy-analyses/tree/master/remove-duplicates
prior to running selection analyses
-------
/Users/alex/Documents/AOC-develop-singleSnakefile/results/BDNF-64/selection/part4/FastTree.labelled.treefile
results/BDNF-64/selection/part4/FastTree.labelled.treefile

>Loaded a multiple sequence alignment with **60** sequences, **235** codons, and **1** partitions from `/Users/alex/Documents/AOC-develop-singleSnakefile/results/BDNF-64/gard/segments/BDNF-64.part4.codon.fas`

>branches => Test

>multiple-hits => None

>srv => No


### * Selected 22 branches for testing: `XM_011226480_3_PREDICTED_Ailuropoda_melanoleuca_brain_derived_neurotrophic_factor_BDNF_mRNA, NM_001081787_1_Equus_caballus_brain_derived_neurotrophic_factor_BDNF_mRNA, XM_038429434_1_PREDICTED_Canis_lupus_familiaris_brain_derived_neurotrophic_factor_BDNF_transcript_variant_X1_mRNA, XM_005654684_3_PREDICTED_Sus_scrofa_brain_derived_neurotrophic_factor_BDNF_transcript_variant_X1_mRNA, XM_012096129_4_PREDICTED_Ovis_aries_brain_derived_neurotrophic_factor_BDNF_transcript_variant_X2_mRNA, XM_005216334_4_PREDICTED_Bos_taurus_brain_derived_neurotrophic_factor_BDNF_transcript_variant_X1_mRNA, NM_001009828_1_Felis_catus_brain_derived_neurotrophic_factor_BDNF_mRNA, XM_015114598_2_PREDICTED_Macaca_mulatta_brain_derived_neurotrophic_factor_BDNF_transcript_variant_X1_mRNA, XM_009007854_3_PREDICTED_Callithrix_jacchus_brain_derived_neurotrophic_factor_BDNF_transcript_variant_X1_mRNA, NM_001709_5_Homo_sapiens_brain_derived_neurotrophic_factor_BDNF_transcript_variant_4_mRNA, NM_001012441_1_Pan_troglodytes_brain_derived_neurotrophic_factor_BDNF_mRNA, Node48, Node46, Node44, XM_029555090_1_PREDICTED_Nannospalax_galili_brain_derived_neurotrophic_factor_Bdnf_transcript_variant_X1_mRNA, NM_001270630_1_Rattus_norvegicus_brain_derived_neurotrophic_factor_Bdnf_transcript_variant_1_mRNA, NM_001048142_1_Mus_musculus_brain_derived_neurotrophic_factor_Bdnf_transcript_variant_4_mRNA, XM_007653166_4_PREDICTED_Cricetulus_griseus_brain_derived_neurotrophic_factor_Bdnf_transcript_variant_X1_mRNA, XM_007497196_2_PREDICTED_Monodelphis_domestica_brain_derived_neurotrophic_factor_BDNF_transcript_variant_X1_mRNA, XM_031944159_1_PREDICTED_Sarcophilus_harrisii_brain_derived_neurotrophic_factor_BDNF_transcript_variant_X1_mRNA, XM_036763631_1_PREDICTED_Trichosurus_vulpecula_brain_derived_neurotrophic_factor_BDNF_mRNA, XM_020977976_1_PREDICTED_Phascolarctos_cinereus_brain_derived_neurotrophic_factor_BDNF_transcript_variant_X1_mRNA`


### Obtaining branch lengths and nucleotide substitution biases under the nucleotide GTR model

>kill-zero-lengths => Yes

### Deleted 4 zero-length internal branches: `Node112, Node21, Node25, Node30`
* Log(L) = -5612.94, AIC-c = 11474.61 (124 estimated parameters)
* 1 partition. Total tree length by partition (subs/site)  1.299

### Fitting the baseline model with a single dN/dS class per branch, and no site-to-site variation. 
* Log(L) = -4879.95, AIC-c = 10244.11 (238 estimated parameters)
* Branch-level non-synonymous/synonymous rate ratio distribution has median  0.08, and 95% of the weight in  0.03 - 10000000000.00

### Determining the optimal number of rate classes per branch using a step up procedure

|              Branch               |  Length  |  Rates   |     Max. dN/dS     |    Log(L)     |     AIC-c     |Best AIC-c so far|
|-----------------------------------|----------|----------|--------------------|---------------|---------------|-----------------|
|              Node82               |   0.10   |    2     |    0.66 (11.69%)   |   -4878.56    |   10245.46    |    10244.11     |
|              Node93               |   0.09   |    2     |    0.06 (63.24%)   |   -4879.95    |   10248.25    |    10244.11     |
|XM_033764060_1_PREDICTED_Fukomys...|   0.08   |    2     |    0.73 (22.48%)   |   -4879.16    |   10246.66    |    10244.11     |
|XM_013019592_1_PREDICTED_Dipodom...|   0.06   |    2     |   0.05 (100.00%)   |   -4879.95    |   10248.25    |    10244.11     |
|NM_001081787_1_Equus_caballus_br...|   0.05   |    2     |    0.08 (68.11%)   |   -4879.95    |   10248.25    |    10244.11     |
|              Node41               |   0.05   |    2     |    0.08 (96.24%)   |   -4879.95    |   10248.25    |    10244.11     |
|XM_031944159_1_PREDICTED_Sarcoph...|   0.05   |    2     |    0.05 (18.40%)   |   -4879.95    |   10248.25    |    10244.11     |
|XM_004660846_2_PREDICTED_Jaculus...|   0.04   |    2     |   0.19 (100.00%)   |   -4879.95    |   10248.25    |    10244.11     |
|XM_020977976_1_PREDICTED_Phascol...|   0.04   |    2     |    0.07 ( 6.72%)   |   -4879.95    |   10248.25    |    10244.11     |
|XM_013147262_2_PREDICTED_Cavia_p...|   0.04   |    2     |    0.08 (19.73%)   |   -4879.95    |   10248.25    |    10244.11     |
|              Node17               |   0.04   |    2     |   0.06 (100.00%)   |   -4879.95    |   10248.25    |    10244.11     |
|XM_004644113_2_PREDICTED_Octodon...|   0.03   |    2     |    0.13 (54.06%)   |   -4879.95    |   10248.25    |    10244.11     |
|XM_005654684_3_PREDICTED_Sus_scr...|   0.03   |    2     |   16.76 ( 0.65%)   |   -4879.48    |   10247.32    |    10244.11     |
|XM_004851581_3_PREDICTED_Heteroc...|   0.03   |    2     |    0.06 (89.79%)   |   -4879.95    |   10248.25    |    10244.11     |
|XM_020903256_1_PREDICTED_Odocoil...|   0.03   |    2     |    0.00 ( 0.00%)   |   -4879.95    |   10248.25    |    10244.11     |
|XM_020177315_1_PREDICTED_Castor_...|   0.03   |    2     |    0.25 (10.17%)   |   -4879.97    |   10248.28    |    10244.11     |
|XM_036763631_1_PREDICTED_Trichos...|   0.02   |    2     |    0.00 ( 0.00%)   |   -4879.95    |   10248.25    |    10244.11     |
|              Node15               |   0.02   |    2     |    2.23 ( 1.97%)   |   -4879.93    |   10248.21    |    10244.11     |
|              Node56               |   0.02   |    2     |    0.03 (85.82%)   |   -4879.95    |   10248.25    |    10244.11     |
|              Node99               |   0.02   |    2     |    0.07 (59.22%)   |   -4879.95    |   10248.25    |    10244.11     |
|              Node10               |   0.02   |    2     |    0.06 ( 6.91%)   |   -4879.95    |   10248.25    |    10244.11     |
|              Node91               |   0.02   |    2     |    0.71 ( 4.70%)   |   -4879.97    |   10248.28    |    10244.11     |
|XM_005401751_2_PREDICTED_Chinchi...|   0.02   |    2     |    0.00 ( 0.00%)   |   -4879.95    |   10248.25    |    10244.11     |
|              Node66               |   0.02   |    2     |    0.19 (57.15%)   |   -4879.95    |   10248.26    |    10244.11     |
|XM_007653166_4_PREDICTED_Cricetu...|   0.02   |    2     |   36.62 ( 1.05%)   |   -4879.21    |   10246.77    |    10244.11     |
|              Node84               |   0.02   |    2     |    0.00 ( 0.00%)   |   -4879.95    |   10248.25    |    10244.11     |
|              Node64               |   0.02   |    2     |   43.53 ( 0.66%)   |   -4877.17    |   10242.70    |    10242.70     |
|              Node64               |   0.02   |    3     |   44.60 ( 0.60%)   |   -4877.25    |   10246.98    |    10242.70     |
|XM_007497196_2_PREDICTED_Monodel...|   0.02   |    2     |   29.86 ( 0.55%)   |   -4872.12    |   10236.73    |    10236.73     |
|XM_007497196_2_PREDICTED_Monodel...|   0.02   |    3     |   29.61 ( 0.55%)   |   -4872.12    |   10240.87    |    10236.73     |
|              Node63               |   0.02   |    2     |    0.00 ( 2.55%)   |   -4872.11    |   10240.85    |    10236.73     |
|              Node29               |   0.02   |    2     |    0.00 ( 5.00%)   |   -4872.12    |   10240.87    |    10236.73     |
|              Node81               |   0.01   |    2     |    0.00 ( 3.24%)   |   -4872.12    |   10240.87    |    10236.73     |
|XM_029555090_1_PREDICTED_Nannosp...|   0.01   |    2     |    0.49 (10.00%)   |   -4872.12    |   10240.87    |    10236.73     |
|              Node39               |   0.01   |    2     |    0.00 ( 0.00%)   |   -4872.12    |   10240.87    |    10236.73     |
|XM_027852578_1_PREDICTED_Vombatu...|   0.01   |    2     |    0.00 ( 5.00%)   |   -4872.12    |   10240.87    |    10236.73     |
|              Node44               |   0.01   |    2     |    0.25 (22.57%)   |   -4872.12    |   10240.88    |    10236.73     |
|              Node97               |   0.01   |    2     |    0.19 (77.12%)   |   -4872.12    |   10240.87    |    10236.73     |
|XM_037204438_1_PREDICTED_Peromys...|   0.01   |    2     |    0.25 (24.15%)   |   -4872.12    |   10240.88    |    10236.73     |
|XM_031371313_1_PREDICTED_Mastomy...|   0.01   |    2     |    0.26 (25.35%)   |   -4872.13    |   10240.88    |    10236.73     |
|XM_009007854_3_PREDICTED_Callith...|   0.01   |    2     |    0.19 (89.45%)   |   -4872.12    |   10240.87    |    10236.73     |
|              Node67               |   0.01   |    2     |    0.18 (48.63%)   |   -4872.12    |   10240.87    |    10236.73     |
|              Node51               |   0.01   |    2     |    0.00 ( 3.34%)   |   -4872.12    |   10240.87    |    10236.73     |
|               Node9               |   0.01   |    2     |    0.00 ( 0.00%)   |   -4872.12    |   10240.87    |    10236.73     |
|              Node86               |   0.01   |    2     |    0.81 ( 9.78%)   |   -4872.12    |   10240.87    |    10236.73     |
|              Node78               |   0.01   |    2     |    0.00 ( 3.25%)   |   -4872.12    |   10240.87    |    10236.73     |
|               Node7               |   0.01   |    2     |    0.00 ( 5.00%)   |   -4872.12    |   10240.87    |    10236.73     |
|               Node2               |   0.01   |    2     |    0.18 (48.44%)   |   -4872.12    |   10240.87    |    10236.73     |
|              Node40               |   0.01   |    2     |    0.00 ( 5.00%)   |   -4872.12    |   10240.87    |    10236.73     |
|              Node94               |   0.01   |    2     |    0.00 ( 0.00%)   |   -4872.12    |   10240.87    |    10236.73     |
|XM_029957152_1_PREDICTED_Suricat...|   0.01   |    2     |    0.00 ( 5.00%)   |   -4872.12    |   10240.87    |    10236.73     |
|              Node32               |   0.01   |    2     |    0.47 (25.43%)   |   -4872.12    |   10240.87    |    10236.73     |
|XM_035012477_1_PREDICTED_Miroung...|   0.01   |    2     |    0.20 (54.15%)   |   -4872.12    |   10240.87    |    10236.73     |
|              Node71               |   0.01   |    2     |    0.00 ( 0.00%)   |   -4872.12    |   10240.87    |    10236.73     |
|              Node88               |   0.01   |    2     |    0.40 (75.53%)   |   -4872.12    |   10240.87    |    10236.73     |
|XM_012096129_4_PREDICTED_Ovis_ar...|   0.01   |    2     |    0.00 ( 0.00%)   |   -4872.12    |   10240.87    |    10236.73     |
|NM_001009828_1_Felis_catus_brain...|   0.01   |    2     |    1.43 (73.06%)   |   -4872.12    |   10240.87    |    10236.73     |
|NM_001012441_1_Pan_troglodytes_b...|   0.01   |    2     |    0.00 ( 5.00%)   |   -4872.12    |   10240.87    |    10236.73     |
|              Node60               |   0.01   |    2     |    0.19 (75.22%)   |   -4872.12    |   10240.87    |    10236.73     |
|              Node73               |   0.01   |    2     |    0.00 ( 5.00%)   |   -4872.12    |   10240.87    |    10236.73     |
|XM_040980297_1_PREDICTED_Ochoton...|   0.01   |    2     |    0.20 (90.00%)   |   -4872.12    |   10240.87    |    10236.73     |
|              Node52               |   0.00   |    2     |    0.00 ( 3.25%)   |   -4872.12    |   10240.87    |    10236.73     |
|XM_008686880_2_PREDICTED_Ursus_m...|   0.00   |    2     |    0.25 ( 2.00%)   |   -4872.12    |   10240.87    |    10236.73     |
|              Node48               |   0.00   |    2     |    0.00 ( 5.00%)   |   -4872.12    |   10240.87    |    10236.73     |
|              Node37               |   0.00   |    2     |    0.00 ( 5.00%)   |   -4872.12    |   10240.87    |    10236.73     |
|              Node68               |   0.00   |    2     |    0.67 ( 0.00%)   |   -4872.12    |   10240.87    |    10236.73     |
|              Node102              |   0.00   |    2     |    0.00 ( 0.00%)   |   -4872.12    |   10240.87    |    10236.73     |
|XM_032903861_1_PREDICTED_Rattus_...|   0.00   |    2     |    0.00 ( 0.00%)   |   -4872.12    |   10240.87    |    10236.73     |
|XM_011226480_3_PREDICTED_Ailurop...|   0.00   |    2     |    0.00 ( 5.00%)   |   -4872.12    |   10240.87    |    10236.73     |
|XM_039217098_1_PREDICTED_Hyaena_...|   0.00   |    2     |    0.43 ( 9.96%)   |   -4872.12    |   10240.87    |    10236.73     |
|              Node19               |   0.00   |    2     |    0.45 (25.55%)   |   -4872.12    |   10240.87    |    10236.73     |
|               Node3               |   0.00   |    2     |    0.00 ( 5.00%)   |   -4872.12    |   10240.87    |    10236.73     |
|XM_021192829_2_PREDICTED_Mus_pah...|   0.00   |    2     |    0.00 ( 0.00%)   |   -4872.12    |   10240.87    |    10236.73     |
|              Node53               |   0.00   |    2     |   1.00 (100.00%)   |   -4872.37    |   10241.37    |    10236.73     |
|XM_006068006_2_PREDICTED_Bubalus...|   0.00   |    2     |    0.00 ( 5.00%)   |   -4872.12    |   10240.87    |    10236.73     |
|               Node1               |   0.00   |    2     |    0.00 ( 0.00%)   |   -4872.12    |   10240.87    |    10236.73     |
|XM_025879326_1_PREDICTED_Callorh...|   0.00   |    2     |    0.00 ( 5.00%)   |   -4872.12    |   10240.87    |    10236.73     |
|XM_015544869_1_PREDICTED_Panther...|   0.00   |    2     |    0.00 ( 5.00%)   |   -4872.12    |   10240.87    |    10236.73     |
|XM_015114598_2_PREDICTED_Macaca_...|   0.00   |    2     |    0.00 ( 5.00%)   |   -4872.12    |   10240.87    |    10236.73     |
|              Node75               |   0.00   |    2     |    0.00 ( 5.00%)   |   -4872.12    |   10240.87    |    10236.73     |
|              Node46               |   0.00   |    2     |    0.00 ( 5.00%)   |   -4872.12    |   10240.87    |    10236.73     |
|              Node58               |   0.00   |    2     |    0.00 ( 0.00%)   |   -4872.12    |   10240.87    |    10236.73     |
|              Node34               |   0.00   |    2     |    0.00 ( 0.00%)   |   -4872.12    |   10240.87    |    10236.73     |
|              Node23               |   0.00   |    2     |    0.00 ( 5.00%)   |   -4872.12    |   10240.87    |    10236.73     |
|              Node12               |   0.00   |    2     |    0.00 ( 5.00%)   |   -4872.12    |   10240.87    |    10236.73     |
|XM_005216334_4_PREDICTED_Bos_tau...|   0.00   |    2     |    0.00 ( 5.00%)   |   -4872.12    |   10240.87    |    10236.73     |
|XM_004408653_1_PREDICTED_Odobenu...|   0.00   |    2     |   1.00 (100.00%)   |   -4872.48    |   10241.59    |    10236.73     |
|XM_030333208_1_PREDICTED_Lynx_ca...|   0.00   |    2     |    0.00 ( 5.00%)   |   -4872.12    |   10240.87    |    10236.73     |
|              Node104              |   0.00   |    2     |    0.00 ( 5.00%)   |   -4872.12    |   10240.87    |    10236.73     |
|              Node109              |   0.00   |    2     |    0.00 ( 5.00%)   |   -4872.12    |   10240.87    |    10236.73     |
|              Node114              |   0.00   |    2     |    0.00 ( 5.00%)   |   -4872.12    |   10240.87    |    10236.73     |
|XM_031025064_1_PREDICTED_Leptony...|   0.00   |    2     |    0.00 ( 5.00%)   |   -4872.12    |   10240.87    |    10236.73     |
|XM_040284582_1_PREDICTED_Ictidom...|   0.00   |    2     |    0.00 ( 5.00%)   |   -4872.12    |   10240.87    |    10236.73     |
|              Node106              |   0.00   |    2     |    0.00 ( 5.00%)   |   -4872.12    |   10240.87    |    10236.73     |
|XM_027577807_1_PREDICTED_Zalophu...|   0.00   |    2     |    0.00 ( 5.00%)   |   -4872.12    |   10240.87    |    10236.73     |
|XM_015476449_1_PREDICTED_Marmota...|   0.00   |    2     |    0.00 ( 5.00%)   |   -4872.12    |   10240.87    |    10236.73     |
|XM_021151236_2_PREDICTED_Mus_car...|   0.00   |    2     |    0.00 ( 5.00%)   |   -4872.12    |   10240.87    |    10236.73     |
|XM_026412272_1_PREDICTED_Urocite...|   0.00   |    2     |    0.00 ( 5.00%)   |   -4872.12    |   10240.87    |    10236.73     |
|XM_004585440_1_PREDICTED_Ochoton...|   0.00   |    2     |    0.00 ( 5.00%)   |   -4872.12    |   10240.87    |    10236.73     |
|XM_041730708_1_PREDICTED_Vulpes_...|   0.00   |    2     |    0.39 ( 2.00%)   |   -4872.12    |   10240.87    |    10236.73     |
|XM_010831788_1_PREDICTED_Bison_b...|   0.00   |    2     |    0.39 ( 2.00%)   |   -4872.12    |   10240.87    |    10236.73     |
|XM_038429434_1_PREDICTED_Canis_l...|   0.00   |    2     |    0.25 ( 2.00%)   |   -4872.12    |   10240.87    |    10236.73     |
|XM_019974522_1_PREDICTED_Bos_ind...|   0.00   |    2     |    0.25 (51.00%)   |   -4872.12    |   10240.87    |    10236.73     |
|NM_001048142_1_Mus_musculus_brai...|   0.00   |    2     |    0.25 (51.00%)   |   -4872.12    |   10240.87    |    10236.73     |
|XM_036109493_1_PREDICTED_Halicho...|   0.00   |    2     |    0.25 (51.00%)   |   -4872.12    |   10240.87    |    10236.73     |
|XM_026018600_1_PREDICTED_Vulpes_...|   0.00   |    2     |    0.25 ( 2.00%)   |   -4872.12    |   10240.87    |    10236.73     |
|               Node6               |   0.00   |    2     |    0.25 ( 2.00%)   |   -4872.12    |   10240.87    |    10236.73     |
|XM_032414183_1_PREDICTED_Phoca_v...|   0.00   |    2     |    0.25 (51.00%)   |   -4872.12    |   10240.87    |    10236.73     |
|XM_021685880_1_PREDICTED_Neomona...|   0.00   |    2     |    0.25 ( 2.00%)   |   -4872.12    |   10240.87    |    10236.73     |
|XM_028117708_1_PREDICTED_Eumetop...|   0.00   |    2     |    0.39 ( 2.00%)   |   -4872.12    |   10240.87    |    10236.73     |
|NM_001270630_1_Rattus_norvegicus...|   0.00   |    2     |    0.39 ( 2.00%)   |   -4872.12    |   10240.87    |    10236.73     |
|XM_005890667_2_PREDICTED_Bos_mut...|   0.00   |    2     |    0.39 ( 2.00%)   |   -4872.12    |   10240.87    |    10236.73     |
|XM_027936596_1_PREDICTED_Marmota...|   0.00   |    2     |    0.39 ( 2.00%)   |   -4872.12    |   10240.87    |    10236.73     |
|NM_001709_5_Homo_sapiens_brain_d...|   0.00   |    2     |    0.25 ( 2.00%)   |   -4872.12    |   10240.87    |    10236.73     |

### Rate class analyses summary
*  110 branches with **1** rate classes
*  2 branches with **2** rate classes

### Improving parameter estimates of the adaptive rate class model
* Log(L) = -4837.90, AIC-c = 10168.29 (242 estimated parameters)

### Testing selected branches for selection

|              Branch               |  Rates   |     Max. dN/dS     | Sites @ EBF>=100 |      Test LRT      |Uncorrected p-value |
|-----------------------------------|----------|--------------------|------------------|--------------------|--------------------|
|              Node82               |     1    |   0.06 (100.00%)   |       N/A        |    Not selected    |    for testing     |
|              Node93               |     1    |   0.05 (100.00%)   |       N/A        |    Not selected    |    for testing     |
|XM_033764060_1_PREDICTED_Fukomys...|     1    |   0.14 (100.00%)   |       N/A        |    Not selected    |    for testing     |
|XM_013019592_1_PREDICTED_Dipodom...|     1    |   0.04 (100.00%)   |       N/A        |    Not selected    |    for testing     |
|NM_001081787_1_Equus_caballus_br...|     1    |   0.07 (100.00%)   |       N/A        |        0.00        |       1.00000      |
|              Node41               |     1    |   0.07 (100.00%)   |       N/A        |    Not selected    |    for testing     |
|XM_031944159_1_PREDICTED_Sarcoph...|     1    |   0.04 (100.00%)   |       N/A        |        0.00        |       1.00000      |
|XM_004660846_2_PREDICTED_Jaculus...|     1    |   0.17 (100.00%)   |       N/A        |    Not selected    |    for testing     |
|XM_020977976_1_PREDICTED_Phascol...|     1    |   0.03 (100.00%)   |       N/A        |        0.00        |       1.00000      |
|XM_013147262_2_PREDICTED_Cavia_p...|     1    |   0.06 (100.00%)   |       N/A        |    Not selected    |    for testing     |
|              Node17               |     1    |   0.05 (100.00%)   |       N/A        |    Not selected    |    for testing     |
|XM_004644113_2_PREDICTED_Octodon...|     1    |   0.11 (100.00%)   |       N/A        |    Not selected    |    for testing     |
|XM_005654684_3_PREDICTED_Sus_scr...|     1    |   0.02 (100.00%)   |       N/A        |        0.00        |       1.00000      |
|XM_004851581_3_PREDICTED_Heteroc...|     1    |   0.05 (100.00%)   |       N/A        |    Not selected    |    for testing     |
|XM_020903256_1_PREDICTED_Odocoil...|     1    |   0.00 (100.00%)   |       N/A        |    Not selected    |    for testing     |
|XM_020177315_1_PREDICTED_Castor_...|     1    |   0.02 (100.00%)   |       N/A        |    Not selected    |    for testing     |
|XM_036763631_1_PREDICTED_Trichos...|     1    |   0.00 (100.00%)   |       N/A        |        0.00        |       1.00000      |
|              Node15               |     1    |   0.03 (100.00%)   |       N/A        |    Not selected    |    for testing     |
|              Node56               |     1    |   0.03 (100.00%)   |       N/A        |    Not selected    |    for testing     |
|              Node99               |     1    |   0.06 (100.00%)   |       N/A        |    Not selected    |    for testing     |
|              Node10               |     1    |   0.03 (100.00%)   |       N/A        |    Not selected    |    for testing     |
|              Node91               |     1    |   0.03 (100.00%)   |       N/A        |    Not selected    |    for testing     |
|XM_005401751_2_PREDICTED_Chinchi...|     1    |   0.00 (100.00%)   |       N/A        |    Not selected    |    for testing     |
|              Node66               |     1    |   0.09 (100.00%)   |       N/A        |    Not selected    |    for testing     |
|XM_007653166_4_PREDICTED_Cricetu...|     1    |   0.08 (100.00%)   |       N/A        |        0.00        |       1.00000      |
|              Node84               |     1    |   0.00 (100.00%)   |       N/A        |    Not selected    |    for testing     |
|              Node64               |     2    |   30.71 ( 0.63%)   |       N/A        |    Not selected    |    for testing     |
|XM_007497196_2_PREDICTED_Monodel...|     2    |   20.53 ( 0.56%)   |          1       |        3.90        |       0.05244      |
|              Node63               |     1    |   0.00 (100.00%)   |       N/A        |    Not selected    |    for testing     |
|              Node29               |     1    |   0.00 (100.00%)   |       N/A        |    Not selected    |    for testing     |
|              Node81               |     1    |   0.00 (100.00%)   |       N/A        |    Not selected    |    for testing     |
|XM_029555090_1_PREDICTED_Nannosp...|     1    |   0.04 (100.00%)   |       N/A        |        0.00        |       1.00000      |
|              Node39               |     1    |   0.00 (100.00%)   |       N/A        |    Not selected    |    for testing     |
|XM_027852578_1_PREDICTED_Vombatu...|     1    |   0.00 (100.00%)   |       N/A        |    Not selected    |    for testing     |
|              Node44               |     1    |   0.05 (100.00%)   |       N/A        |        0.00        |       1.00000      |
|              Node97               |     1    |   0.16 (100.00%)   |       N/A        |    Not selected    |    for testing     |
|XM_037204438_1_PREDICTED_Peromys...|     1    |   0.05 (100.00%)   |       N/A        |    Not selected    |    for testing     |
|XM_031371313_1_PREDICTED_Mastomy...|     1    |   0.06 (100.00%)   |       N/A        |    Not selected    |    for testing     |
|XM_009007854_3_PREDICTED_Callith...|     1    |   0.15 (100.00%)   |       N/A        |        0.00        |       1.00000      |
|              Node67               |     1    |   0.08 (100.00%)   |       N/A        |    Not selected    |    for testing     |
|              Node51               |     1    |   0.00 (100.00%)   |       N/A        |    Not selected    |    for testing     |
|               Node9               |     1    |   0.00 (100.00%)   |       N/A        |    Not selected    |    for testing     |
|              Node86               |     1    |   0.06 (100.00%)   |       N/A        |    Not selected    |    for testing     |
|              Node78               |     1    |   0.00 (100.00%)   |       N/A        |    Not selected    |    for testing     |
|               Node7               |     1    |   0.00 (100.00%)   |       N/A        |    Not selected    |    for testing     |
|               Node2               |     1    |   0.07 (100.00%)   |       N/A        |    Not selected    |    for testing     |
|              Node40               |     1    |   0.00 (100.00%)   |       N/A        |    Not selected    |    for testing     |
|              Node94               |     1    |   0.00 (100.00%)   |       N/A        |    Not selected    |    for testing     |
|XM_029957152_1_PREDICTED_Suricat...|     1    |   0.00 (100.00%)   |       N/A        |    Not selected    |    for testing     |
|              Node32               |     1    |   0.24 (100.00%)   |       N/A        |    Not selected    |    for testing     |
|XM_035012477_1_PREDICTED_Miroung...|     1    |   0.09 (100.00%)   |       N/A        |    Not selected    |    for testing     |
|              Node71               |     1    |   0.00 (100.00%)   |       N/A        |    Not selected    |    for testing     |
|              Node88               |     1    |   0.28 (100.00%)   |       N/A        |    Not selected    |    for testing     |
|XM_012096129_4_PREDICTED_Ovis_ar...|     1    |   0.00 (100.00%)   |       N/A        |        0.00        |       1.00000      |
|NM_001009828_1_Felis_catus_brain...|     1    |   1.11 (100.00%)   |       N/A        |        0.01        |       0.48490      |
|NM_001012441_1_Pan_troglodytes_b...|     1    |   0.00 (100.00%)   |       N/A        |        0.00        |       1.00000      |
|              Node60               |     1    |   0.12 (100.00%)   |       N/A        |    Not selected    |    for testing     |
|              Node73               |     1    |   0.00 (100.00%)   |       N/A        |    Not selected    |    for testing     |
|XM_040980297_1_PREDICTED_Ochoton...|     1    |   0.17 (100.00%)   |       N/A        |    Not selected    |    for testing     |
|              Node52               |     1    |   0.00 (100.00%)   |       N/A        |    Not selected    |    for testing     |
|XM_008686880_2_PREDICTED_Ursus_m...|     1    |   0.17 (100.00%)   |       N/A        |    Not selected    |    for testing     |
|              Node48               |     1    |   0.00 (100.00%)   |       N/A        |        0.00        |       1.00000      |
|              Node37               |     1    |   0.00 (100.00%)   |       N/A        |    Not selected    |    for testing     |
|              Node68               |     1    |   0.16 (100.00%)   |       N/A        |    Not selected    |    for testing     |
|              Node102              |     1    |   0.00 (100.00%)   |       N/A        |    Not selected    |    for testing     |
|XM_032903861_1_PREDICTED_Rattus_...|     1    |   0.00 (100.00%)   |       N/A        |    Not selected    |    for testing     |
|XM_011226480_3_PREDICTED_Ailurop...|     1    |   0.00 (100.00%)   |       N/A        |        0.00        |       1.00000      |
|XM_039217098_1_PREDICTED_Hyaena_...|     1    |   0.20 (100.00%)   |       N/A        |    Not selected    |    for testing     |
|              Node19               |     1    |   0.37 (100.00%)   |       N/A        |    Not selected    |    for testing     |
|               Node3               |     1    |   0.00 (100.00%)   |       N/A        |    Not selected    |    for testing     |
|XM_021192829_2_PREDICTED_Mus_pah...|     1    |   0.00 (100.00%)   |       N/A        |    Not selected    |    for testing     |
|              Node53               |     1    |  >1000 (100.00%)   |       N/A        |    Not selected    |    for testing     |
|XM_006068006_2_PREDICTED_Bubalus...|     1    |   0.00 (100.00%)   |       N/A        |    Not selected    |    for testing     |
|               Node1               |     1    |   0.00 (100.00%)   |       N/A        |    Not selected    |    for testing     |
|XM_025879326_1_PREDICTED_Callorh...|     1    |   0.00 (100.00%)   |       N/A        |    Not selected    |    for testing     |
|XM_015544869_1_PREDICTED_Panther...|     1    |   0.00 (100.00%)   |       N/A        |    Not selected    |    for testing     |
|XM_015114598_2_PREDICTED_Macaca_...|     1    |   0.00 (100.00%)   |       N/A        |        0.00        |       1.00000      |
|              Node75               |     1    |   0.00 (100.00%)   |       N/A        |    Not selected    |    for testing     |
|              Node46               |     1    |   0.00 (100.00%)   |       N/A        |        0.00        |       1.00000      |
|              Node58               |     1    |   0.00 (100.00%)   |       N/A        |    Not selected    |    for testing     |
|              Node34               |     1    |   0.00 (100.00%)   |       N/A        |    Not selected    |    for testing     |
|              Node23               |     1    |   0.00 (100.00%)   |       N/A        |    Not selected    |    for testing     |
|              Node12               |     1    |   0.00 (100.00%)   |       N/A        |    Not selected    |    for testing     |
|XM_005216334_4_PREDICTED_Bos_tau...|     1    |   0.00 (100.00%)   |       N/A        |        0.00        |       1.00000      |
|XM_004408653_1_PREDICTED_Odobenu...|     1    |  >1000 (100.00%)   |       N/A        |    Not selected    |    for testing     |
|XM_030333208_1_PREDICTED_Lynx_ca...|     1    |   0.00 (100.00%)   |       N/A        |    Not selected    |    for testing     |
|              Node104              |     1    |   0.00 (100.00%)   |       N/A        |    Not selected    |    for testing     |
|              Node109              |     1    |   0.00 (100.00%)   |       N/A        |    Not selected    |    for testing     |
|              Node114              |     1    |   0.00 (100.00%)   |       N/A        |    Not selected    |    for testing     |
|XM_031025064_1_PREDICTED_Leptony...|     1    |   0.00 (100.00%)   |       N/A        |    Not selected    |    for testing     |
|XM_040284582_1_PREDICTED_Ictidom...|     1    |   0.00 (100.00%)   |       N/A        |    Not selected    |    for testing     |
|              Node106              |     1    |   0.00 (100.00%)   |       N/A        |    Not selected    |    for testing     |
|XM_027577807_1_PREDICTED_Zalophu...|     1    |   0.00 (100.00%)   |       N/A        |    Not selected    |    for testing     |
|XM_015476449_1_PREDICTED_Marmota...|     1    |   0.00 (100.00%)   |       N/A        |    Not selected    |    for testing     |
|XM_021151236_2_PREDICTED_Mus_car...|     1    |   0.00 (100.00%)   |       N/A        |    Not selected    |    for testing     |
|XM_026412272_1_PREDICTED_Urocite...|     1    |   0.00 (100.00%)   |       N/A        |    Not selected    |    for testing     |
|XM_004585440_1_PREDICTED_Ochoton...|     1    |   0.00 (100.00%)   |       N/A        |    Not selected    |    for testing     |
|XM_041730708_1_PREDICTED_Vulpes_...|     1    |   1.00 (100.00%)   |       N/A        |    Not selected    |    for testing     |
|XM_010831788_1_PREDICTED_Bison_b...|     1    |   1.00 (100.00%)   |       N/A        |    Not selected    |    for testing     |
|XM_038429434_1_PREDICTED_Canis_l...|     1    |   1.00 (100.00%)   |       N/A        |        0.00        |       1.00000      |
|XM_019974522_1_PREDICTED_Bos_ind...|     1    |   1.00 (100.00%)   |       N/A        |    Not selected    |    for testing     |
|NM_001048142_1_Mus_musculus_brai...|     1    |   1.00 (100.00%)   |       N/A        |        0.00        |       1.00000      |
|XM_036109493_1_PREDICTED_Halicho...|     1    |   1.00 (100.00%)   |       N/A        |    Not selected    |    for testing     |
|XM_026018600_1_PREDICTED_Vulpes_...|     1    |   1.00 (100.00%)   |       N/A        |    Not selected    |    for testing     |
|               Node6               |     1    |   0.00 (100.00%)   |       N/A        |    Not selected    |    for testing     |
|XM_032414183_1_PREDICTED_Phoca_v...|     1    |   1.00 (100.00%)   |       N/A        |    Not selected    |    for testing     |
|XM_021685880_1_PREDICTED_Neomona...|     1    |   1.00 (100.00%)   |       N/A        |    Not selected    |    for testing     |
|XM_028117708_1_PREDICTED_Eumetop...|     1    |   1.00 (100.00%)   |       N/A        |    Not selected    |    for testing     |
|NM_001270630_1_Rattus_norvegicus...|     1    |   1.00 (100.00%)   |       N/A        |        0.00        |       1.00000      |
|XM_005890667_2_PREDICTED_Bos_mut...|     1    |   1.00 (100.00%)   |       N/A        |    Not selected    |    for testing     |
|XM_027936596_1_PREDICTED_Marmota...|     1    |   1.00 (100.00%)   |       N/A        |    Not selected    |    for testing     |
|NM_001709_5_Homo_sapiens_brain_d...|     1    |   1.00 (100.00%)   |       N/A        |        0.00        |       1.00000      |
----
### Adaptive branch site random effects likelihood test 
Likelihood ratio test for episodic diversifying positive selection at Holm-Bonferroni corrected _p =   0.0500_ found **0** branches under selection among **22** tested.

