
Analysis Description
--------------------
aBSREL (Adaptive branch-site random effects likelihood) uses an adaptive
random effects branch-site model framework to test whether each branch
has evolved under positive selection, using a procedure which infers an
optimal number of rate categories per branch. v2.2 adds support for
multiple-hit models. v2.3 adds support for SRV. v2.5 adds support for
ancestral state reconstruction, identification of sites contributing to
selection signal, and some diagnostics. 

- __Requirements__: in-frame codon alignment and a phylogenetic tree

- __Citation__:  Less Is More: An Adaptive Branch-Site Random Effects Model for
Efficient Detection of Episodic Diversifying Selection (2015). Mol Biol
Evol 32 (5): 1342-1353. 

- __Written by__: Sergei L Kosakovsky Pond, Ben Murrell, Steven Weaver and Temple iGEM /
UCSD viral evolution group

- __Contact Information__: spond@temple.edu

- __Analysis Version__: 2.5

[Advanced option] Bag of little bootstrap alignment resampling rate (permissible range = [0.01,1], default value = 1): blb: 1

>code => Universal

-------
>[WARNING]
'/Users/alex/Documents/AOC-develop/results/BDNF-64/gard/segments/BDNF-64.part3.codon.fas'
contains 19 duplicate sequences. Identical sequences do not contribute
any information to the analysis and only slow down computation. Please
consider removing duplicate or 'nearly' duplicate sequences, e.g. using
https://github.com/veg/hyphy-analyses/tree/master/remove-duplicates
prior to running selection analyses
-------
/Users/alex/Documents/AOC-develop/results/BDNF-64/selection/part3/FastTree.labelled.treefile
results/BDNF-64/selection/part3/FastTree.labelled.treefile

>Loaded a multiple sequence alignment with **60** sequences, **35** codons, and **1** partitions from `/Users/alex/Documents/AOC-develop/results/BDNF-64/gard/segments/BDNF-64.part3.codon.fas`

>branches => Test

>multiple-hits => None

>srv => No


### * Selected 23 branches for testing: `XM_011226480_3_PREDICTED_Ailuropoda_melanoleuca_brain_derived_neurotrophic_factor_BDNF_mRNA, XM_009007854_3_PREDICTED_Callithrix_jacchus_brain_derived_neurotrophic_factor_BDNF_transcript_variant_X1_mRNA, NM_001709_5_Homo_sapiens_brain_derived_neurotrophic_factor_BDNF_transcript_variant_4_mRNA, NM_001012441_1_Pan_troglodytes_brain_derived_neurotrophic_factor_BDNF_mRNA, Node33, XM_015114598_2_PREDICTED_Macaca_mulatta_brain_derived_neurotrophic_factor_BDNF_transcript_variant_X1_mRNA, Node32, NM_001048142_1_Mus_musculus_brain_derived_neurotrophic_factor_Bdnf_transcript_variant_4_mRNA, NM_001270630_1_Rattus_norvegicus_brain_derived_neurotrophic_factor_Bdnf_transcript_variant_1_mRNA, XM_029555090_1_PREDICTED_Nannospalax_galili_brain_derived_neurotrophic_factor_Bdnf_transcript_variant_X1_mRNA, XM_007653166_4_PREDICTED_Cricetulus_griseus_brain_derived_neurotrophic_factor_Bdnf_transcript_variant_X1_mRNA, NM_001081787_1_Equus_caballus_brain_derived_neurotrophic_factor_BDNF_mRNA, XM_012096129_4_PREDICTED_Ovis_aries_brain_derived_neurotrophic_factor_BDNF_transcript_variant_X2_mRNA, XM_005216334_4_PREDICTED_Bos_taurus_brain_derived_neurotrophic_factor_BDNF_transcript_variant_X1_mRNA, NM_001009828_1_Felis_catus_brain_derived_neurotrophic_factor_BDNF_mRNA, XM_038429434_1_PREDICTED_Canis_lupus_familiaris_brain_derived_neurotrophic_factor_BDNF_transcript_variant_X1_mRNA, XM_036763631_1_PREDICTED_Trichosurus_vulpecula_brain_derived_neurotrophic_factor_BDNF_mRNA, XM_007497196_2_PREDICTED_Monodelphis_domestica_brain_derived_neurotrophic_factor_BDNF_transcript_variant_X1_mRNA, XM_020977976_1_PREDICTED_Phascolarctos_cinereus_brain_derived_neurotrophic_factor_BDNF_transcript_variant_X1_mRNA, Node92, Node90, XM_031944159_1_PREDICTED_Sarcophilus_harrisii_brain_derived_neurotrophic_factor_BDNF_transcript_variant_X1_mRNA, XM_005654684_3_PREDICTED_Sus_scrofa_brain_derived_neurotrophic_factor_BDNF_transcript_variant_X1_mRNA`


### Obtaining branch lengths and nucleotide substitution biases under the nucleotide GTR model

>kill-zero-lengths => Yes

### Deleted 25 zero-length internal branches: `Node101, Node102, Node106, Node11, Node13, Node16, Node17, Node29, Node33, Node37, Node45, Node48, Node49, Node58, Node60, Node64, Node68, Node69, Node74, Node80, Node83, Node87, Node9, Node90, Node92`
* Log(L) =  -510.00, AIC-c =  1258.47 (117 estimated parameters)
* 1 partition. Total tree length by partition (subs/site)  0.589

### Fitting the baseline model with a single dN/dS class per branch, and no site-to-site variation. 
* Log(L) =  -470.93, AIC-c =  1340.60 (182 estimated parameters)
* Branch-level non-synonymous/synonymous rate ratio distribution has median  0.30, and 95% of the weight in  0.00 - 10000000000.00

### Determining the optimal number of rate classes per branch using a step up procedure

|              Branch               |  Length  |  Rates   |     Max. dN/dS     |    Log(L)     |     AIC-c     |Best AIC-c so far|
|-----------------------------------|----------|----------|--------------------|---------------|---------------|-----------------|
|XM_033764060_1_PREDICTED_Fukomys...|   0.05   |    2     |    0.00 ( 5.00%)   |    -470.93    |    1345.40    |     1340.60     |
|XM_037204438_1_PREDICTED_Peromys...|   0.03   |    2     |   >1000 ( 2.92%)   |    -463.42    |    1330.40    |     1330.40     |
|XM_037204438_1_PREDICTED_Peromys...|   0.03   |    3     |   >1000 ( 2.93%)   |    -463.43    |    1335.21    |     1330.40     |
|              Node43               |   0.02   |    2     |    0.41 ( 7.84%)   |    -463.43    |    1335.21    |     1330.40     |
|XM_020977976_1_PREDICTED_Phascol...|   0.02   |    2     |    9.35 ( 5.15%)   |    -463.35    |    1335.07    |     1330.40     |
|XM_031944159_1_PREDICTED_Sarcoph...|   0.02   |    2     |   31.65 ( 3.82%)   |    -463.06    |    1334.49    |     1330.40     |
|XM_004851581_3_PREDICTED_Heteroc...|   0.02   |    2     |    0.47 (25.13%)   |    -463.43    |    1335.22    |     1330.40     |
|XM_004644113_2_PREDICTED_Octodon...|   0.02   |    2     |    0.29 (22.67%)   |    -463.42    |    1335.21    |     1330.40     |
|              Node88               |   0.02   |    2     |    0.31 (20.00%)   |    -463.42    |    1335.21    |     1330.40     |
|              Node40               |   0.02   |    2     |   >1000 ( 3.31%)   |    -460.27    |    1328.91    |     1328.91     |
|              Node40               |   0.02   |    3     |   >1000 ( 3.31%)   |    -460.27    |    1333.73    |     1328.91     |
|XM_007497196_2_PREDICTED_Monodel...|   0.02   |    2     |    0.38 (76.78%)   |    -460.28    |    1333.74    |     1328.91     |
|XM_004660846_2_PREDICTED_Jaculus...|   0.02   |    2     |    0.37 (53.08%)   |    -460.27    |    1333.73    |     1328.91     |
|               Node2               |   0.02   |    2     |  >1000 (100.00%)   |    -460.27    |    1333.73    |     1328.91     |
|              Node32               |   0.02   |    2     |    0.28 (76.98%)   |    -460.27    |    1333.73    |     1328.91     |
|XM_007653166_4_PREDICTED_Cricetu...|   0.02   |    2     |   1.00 (100.00%)   |    -460.80    |    1334.79    |     1328.91     |
|XM_015544869_1_PREDICTED_Panther...|   0.01   |    2     |    0.00 ( 5.00%)   |    -460.27    |    1333.73    |     1328.91     |
|XM_027852578_1_PREDICTED_Vombatu...|   0.01   |    2     |   1.00 (100.00%)   |    -460.54    |    1334.26    |     1328.91     |
|NM_001081787_1_Equus_caballus_br...|   0.01   |    2     |   1.00 (100.00%)   |    -460.54    |    1334.26    |     1328.91     |
|XM_039217098_1_PREDICTED_Hyaena_...|   0.01   |    2     |  586.93 (100.00%)  |    -460.27    |    1333.73    |     1328.91     |
|              Node10               |   0.01   |    2     |    0.00 ( 5.00%)   |    -460.27    |    1333.73    |     1328.91     |
|              Node99               |   0.01   |    2     |    0.00 ( 5.00%)   |    -460.27    |    1333.73    |     1328.91     |
|              Node97               |   0.01   |    2     |    0.00 ( 5.00%)   |    -460.27    |    1333.73    |     1328.91     |
|              Node82               |   0.01   |    2     |    0.00 ( 5.00%)   |    -460.27    |    1333.73    |     1328.91     |
|XM_021151236_2_PREDICTED_Mus_car...|   0.01   |    2     |    0.00 ( 5.00%)   |    -460.27    |    1333.73    |     1328.91     |
|              Node38               |   0.01   |    2     |    0.00 ( 3.54%)   |    -460.27    |    1333.73    |     1328.91     |
|XM_029555090_1_PREDICTED_Nannosp...|   0.01   |    2     |    0.00 ( 5.00%)   |    -460.27    |    1333.73    |     1328.91     |
|              Node73               |   0.01   |    2     |    0.00 ( 5.00%)   |    -460.27    |    1333.73    |     1328.91     |
|              Node12               |   0.01   |    2     |    0.00 ( 5.00%)   |    -460.27    |    1333.73    |     1328.91     |
|              Node54               |   0.01   |    2     |    0.00 ( 5.00%)   |    -460.27    |    1333.73    |     1328.91     |
|              Node89               |   0.01   |    2     |   >1000 ( 4.45%)   |    -460.16    |    1333.50    |     1328.91     |
|XM_019974522_1_PREDICTED_Bos_ind...|   0.01   |    2     |   1.00 (100.00%)   |    -460.54    |    1334.27    |     1328.91     |
|              Node59               |   0.01   |    2     |   1.00 (100.00%)   |    -460.54    |    1334.26    |     1328.91     |
|              Node63               |   0.01   |    2     |   1.00 (100.00%)   |    -460.53    |    1334.26    |     1328.91     |
|XM_020903256_1_PREDICTED_Odocoil...|   0.01   |    2     |   1.00 (100.00%)   |    -460.53    |    1334.25    |     1328.91     |
|              Node28               |   0.01   |    2     |   1.00 (100.00%)   |    -460.54    |    1334.26    |     1328.91     |
|               Node1               |   0.01   |    2     |   1.00 (100.00%)   |    -460.53    |    1334.25    |     1328.91     |
|XM_040284582_1_PREDICTED_Ictidom...|   0.01   |    2     |   1.00 (100.00%)   |    -460.53    |    1334.25    |     1328.91     |
|              Node23               |   0.01   |    2     |   1.00 (100.00%)   |    -460.53    |    1334.25    |     1328.91     |
|              Node81               |   0.01   |    2     |   1.00 (100.00%)   |    -460.53    |    1334.24    |     1328.91     |
|XM_005401751_2_PREDICTED_Chinchi...|   0.01   |    2     |   1.00 (100.00%)   |    -460.53    |    1334.24    |     1328.91     |
|              Node52               |   0.01   |    2     |   1.00 (100.00%)   |    -460.52    |    1334.24    |     1328.91     |
|              Node42               |   0.01   |    2     |   1.00 (100.00%)   |    -460.53    |    1334.25    |     1328.91     |
|XM_029957152_1_PREDICTED_Suricat...|   0.01   |    2     |    0.32 (27.66%)   |    -461.11    |    1335.40    |     1328.91     |
|               Node3               |   0.00   |    2     |    0.25 ( 2.00%)   |    -460.46    |    1334.11    |     1328.91     |
|XM_030333208_1_PREDICTED_Lynx_ca...|   0.00   |    2     |    0.25 ( 2.00%)   |    -460.44    |    1334.07    |     1328.91     |
|               Node6               |   0.00   |    2     |    0.25 ( 2.00%)   |    -460.29    |    1333.77    |     1328.91     |
|XM_015114598_2_PREDICTED_Macaca_...|   0.00   |    2     |    0.39 ( 2.00%)   |    -460.27    |    1333.74    |     1328.91     |
|NM_001012441_1_Pan_troglodytes_b...|   0.00   |    2     |    0.25 ( 2.00%)   |    -460.27    |    1333.73    |     1328.91     |
|NM_001009828_1_Felis_catus_brain...|   0.00   |    2     |    0.25 ( 2.00%)   |    -460.27    |    1333.73    |     1328.91     |
|NM_001709_5_Homo_sapiens_brain_d...|   0.00   |    2     |    0.25 (51.00%)   |    -460.27    |    1333.73    |     1328.91     |
|XM_011226480_3_PREDICTED_Ailurop...|   0.00   |    2     |    0.25 (51.00%)   |    -460.27    |    1333.73    |     1328.91     |
|NM_001270630_1_Rattus_norvegicus...|   0.00   |    2     |    0.25 ( 2.00%)   |    -460.27    |    1333.73    |     1328.91     |
|NM_001048142_1_Mus_musculus_brai...|   0.00   |    2     |    0.25 ( 2.00%)   |    -460.27    |    1333.73    |     1328.91     |
|XM_004585440_1_PREDICTED_Ochoton...|   0.00   |    2     |    0.25 ( 2.00%)   |    -460.27    |    1333.73    |     1328.91     |
|XM_041730708_1_PREDICTED_Vulpes_...|   0.00   |    2     |    0.25 ( 2.00%)   |    -460.27    |    1333.73    |     1328.91     |
|XM_040980297_1_PREDICTED_Ochoton...|   0.00   |    2     |    0.25 ( 2.00%)   |    -460.27    |    1333.73    |     1328.91     |
|XM_012096129_4_PREDICTED_Ovis_ar...|   0.00   |    2     |    0.25 (51.00%)   |    -460.27    |    1333.73    |     1328.91     |
|XM_031025064_1_PREDICTED_Leptony...|   0.00   |    2     |    0.25 (51.00%)   |    -460.27    |    1333.73    |     1328.91     |
|XM_013019592_1_PREDICTED_Dipodom...|   0.00   |    2     |    0.25 ( 2.00%)   |    -460.27    |    1333.73    |     1328.91     |
|XM_005654684_3_PREDICTED_Sus_scr...|   0.00   |    2     |    0.25 ( 2.00%)   |    -460.27    |    1333.73    |     1328.91     |
|XM_036763631_1_PREDICTED_Trichos...|   0.00   |    2     |    0.25 ( 2.00%)   |    -460.27    |    1333.73    |     1328.91     |
|XM_013147262_2_PREDICTED_Cavia_p...|   0.00   |    2     |    0.25 ( 2.00%)   |    -460.27    |    1333.73    |     1328.91     |
|XM_005890667_2_PREDICTED_Bos_mut...|   0.00   |    2     |    0.25 (51.00%)   |    -460.27    |    1333.73    |     1328.91     |
|XM_031371313_1_PREDICTED_Mastomy...|   0.00   |    2     |    0.25 (51.00%)   |    -460.27    |    1333.73    |     1328.91     |
|XM_036109493_1_PREDICTED_Halicho...|   0.00   |    2     |    0.25 (51.00%)   |    -460.27    |    1333.73    |     1328.91     |
|XM_008686880_2_PREDICTED_Ursus_m...|   0.00   |    2     |    0.25 ( 2.00%)   |    -460.27    |    1333.73    |     1328.91     |
|XM_035012477_1_PREDICTED_Miroung...|   0.00   |    2     |    0.25 ( 2.00%)   |    -460.27    |    1333.73    |     1328.91     |
|XM_032414183_1_PREDICTED_Phoca_v...|   0.00   |    2     |    0.25 (51.00%)   |    -460.27    |    1333.73    |     1328.91     |
|XM_027936596_1_PREDICTED_Marmota...|   0.00   |    2     |    0.25 ( 2.00%)   |    -460.27    |    1333.73    |     1328.91     |
|XM_032903861_1_PREDICTED_Rattus_...|   0.00   |    2     |    0.25 ( 2.00%)   |    -460.27    |    1333.73    |     1328.91     |
|XM_027577807_1_PREDICTED_Zalophu...|   0.00   |    2     |    0.25 (51.00%)   |    -460.27    |    1333.73    |     1328.91     |
|XM_005216334_4_PREDICTED_Bos_tau...|   0.00   |    2     |    0.25 ( 2.00%)   |    -460.27    |    1333.73    |     1328.91     |
|XM_026018600_1_PREDICTED_Vulpes_...|   0.00   |    2     |    0.25 ( 2.00%)   |    -460.27    |    1333.73    |     1328.91     |
|XM_021192829_2_PREDICTED_Mus_pah...|   0.00   |    2     |    0.25 (51.00%)   |    -460.27    |    1333.73    |     1328.91     |
|XM_026412272_1_PREDICTED_Urocite...|   0.00   |    2     |    0.25 ( 2.00%)   |    -460.27    |    1333.73    |     1328.91     |
|XM_021685880_1_PREDICTED_Neomona...|   0.00   |    2     |    0.25 (51.00%)   |    -460.27    |    1333.73    |     1328.91     |
|XM_009007854_3_PREDICTED_Callith...|   0.00   |    2     |    0.25 ( 2.00%)   |    -460.27    |    1333.73    |     1328.91     |
|XM_004408653_1_PREDICTED_Odobenu...|   0.00   |    2     |    0.25 (51.00%)   |    -460.27    |    1333.73    |     1328.91     |
|XM_025879326_1_PREDICTED_Callorh...|   0.00   |    2     |    0.25 ( 2.00%)   |    -460.27    |    1333.73    |     1328.91     |
|XM_010831788_1_PREDICTED_Bison_b...|   0.00   |    2     |    0.25 ( 2.00%)   |    -460.27    |    1333.73    |     1328.91     |
|XM_020177315_1_PREDICTED_Castor_...|   0.00   |    2     |    0.25 ( 2.00%)   |    -460.27    |    1333.73    |     1328.91     |
|XM_038429434_1_PREDICTED_Canis_l...|   0.00   |    2     |    0.25 ( 2.00%)   |    -460.27    |    1333.73    |     1328.91     |
|XM_015476449_1_PREDICTED_Marmota...|   0.00   |    2     |    0.25 ( 2.00%)   |    -460.27    |    1333.73    |     1328.91     |
|XM_028117708_1_PREDICTED_Eumetop...|   0.00   |    2     |    0.25 (51.00%)   |    -460.27    |    1333.73    |     1328.91     |
|XM_006068006_2_PREDICTED_Bubalus...|   0.00   |    2     |    0.25 ( 2.00%)   |    -460.27    |    1333.73    |     1328.91     |

### Rate class analyses summary
*  82 branches with **1** rate classes
*  2 branches with **2** rate classes

### Improving parameter estimates of the adaptive rate class model
* Log(L) =  -459.84, AIC-c =  1328.04 (186 estimated parameters)

### Testing selected branches for selection

|              Branch               |  Rates   |     Max. dN/dS     | Sites @ EBF>=100 |      Test LRT      |Uncorrected p-value |
|-----------------------------------|----------|--------------------|------------------|--------------------|--------------------|
|XM_033764060_1_PREDICTED_Fukomys...|     1    |   0.00 (100.00%)   |       N/A        |    Not selected    |    for testing     |
|XM_037204438_1_PREDICTED_Peromys...|     2    |   >1000 ( 2.92%)   |       N/A        |    Not selected    |    for testing     |
|              Node43               |     1    |   0.26 (100.00%)   |       N/A        |    Not selected    |    for testing     |
|XM_020977976_1_PREDICTED_Phascol...|     1    |   0.28 (100.00%)   |       N/A        |        0.00        |       1.00000      |
|XM_031944159_1_PREDICTED_Sarcoph...|     1    |   0.29 (100.00%)   |       N/A        |        0.00        |       1.00000      |
|XM_004851581_3_PREDICTED_Heteroc...|     1    |   0.27 (100.00%)   |       N/A        |    Not selected    |    for testing     |
|XM_004644113_2_PREDICTED_Octodon...|     1    |   0.27 (100.00%)   |       N/A        |    Not selected    |    for testing     |
|              Node88               |     1    |   0.27 (100.00%)   |       N/A        |    Not selected    |    for testing     |
|              Node40               |     2    |   >1000 ( 3.35%)   |       N/A        |    Not selected    |    for testing     |
|XM_007497196_2_PREDICTED_Monodel...|     1    |   0.28 (100.00%)   |       N/A        |        0.00        |       1.00000      |
|XM_004660846_2_PREDICTED_Jaculus...|     1    |   0.29 (100.00%)   |       N/A        |    Not selected    |    for testing     |
|               Node2               |     1    |  >1000 (100.00%)   |       N/A        |    Not selected    |    for testing     |
|              Node32               |     1    |   0.28 (100.00%)   |       N/A        |        0.00        |       1.00000      |
|XM_007653166_4_PREDICTED_Cricetu...|     1    |  >1000 (100.00%)   |       N/A        |        1.06        |       0.23727      |
|XM_015544869_1_PREDICTED_Panther...|     1    |   0.00 (100.00%)   |       N/A        |    Not selected    |    for testing     |
|XM_027852578_1_PREDICTED_Vombatu...|     1    |  >1000 (100.00%)   |       N/A        |    Not selected    |    for testing     |
|NM_001081787_1_Equus_caballus_br...|     1    |  >1000 (100.00%)   |       N/A        |        0.56        |       0.31738      |
|XM_039217098_1_PREDICTED_Hyaena_...|     1    |  >1000 (100.00%)   |       N/A        |    Not selected    |    for testing     |
|              Node10               |     1    |   0.00 (100.00%)   |       N/A        |    Not selected    |    for testing     |
|              Node99               |     1    |   0.00 (100.00%)   |       N/A        |    Not selected    |    for testing     |
|              Node97               |     1    |   0.00 (100.00%)   |       N/A        |    Not selected    |    for testing     |
|              Node82               |     1    |   0.00 (100.00%)   |       N/A        |    Not selected    |    for testing     |
|XM_021151236_2_PREDICTED_Mus_car...|     1    |   0.00 (100.00%)   |       N/A        |    Not selected    |    for testing     |
|              Node38               |     1    |   0.00 (100.00%)   |       N/A        |    Not selected    |    for testing     |
|XM_029555090_1_PREDICTED_Nannosp...|     1    |   0.00 (100.00%)   |       N/A        |        0.00        |       1.00000      |
|              Node73               |     1    |   0.00 (100.00%)   |       N/A        |    Not selected    |    for testing     |
|              Node12               |     1    |   0.00 (100.00%)   |       N/A        |    Not selected    |    for testing     |
|              Node54               |     1    |   0.00 (100.00%)   |       N/A        |    Not selected    |    for testing     |
|              Node89               |     1    |  >1000 (100.00%)   |       N/A        |    Not selected    |    for testing     |
|XM_019974522_1_PREDICTED_Bos_ind...|     1    |  >1000 (100.00%)   |       N/A        |    Not selected    |    for testing     |
|              Node59               |     1    |  >1000 (100.00%)   |       N/A        |    Not selected    |    for testing     |
|              Node63               |     1    |  >1000 (100.00%)   |       N/A        |    Not selected    |    for testing     |
|XM_020903256_1_PREDICTED_Odocoil...|     1    |  >1000 (100.00%)   |       N/A        |    Not selected    |    for testing     |
|              Node28               |     1    |  >1000 (100.00%)   |       N/A        |    Not selected    |    for testing     |
|               Node1               |     1    |  >1000 (100.00%)   |       N/A        |    Not selected    |    for testing     |
|XM_040284582_1_PREDICTED_Ictidom...|     1    |  >1000 (100.00%)   |       N/A        |    Not selected    |    for testing     |
|              Node23               |     1    |  >1000 (100.00%)   |       N/A        |    Not selected    |    for testing     |
|              Node81               |     1    |  >1000 (100.00%)   |       N/A        |    Not selected    |    for testing     |
|XM_005401751_2_PREDICTED_Chinchi...|     1    |  >1000 (100.00%)   |       N/A        |    Not selected    |    for testing     |
|              Node52               |     1    |  >1000 (100.00%)   |       N/A        |    Not selected    |    for testing     |
|              Node42               |     1    |  >1000 (100.00%)   |       N/A        |    Not selected    |    for testing     |
|XM_029957152_1_PREDICTED_Suricat...|     1    |  >1000 (100.00%)   |       N/A        |    Not selected    |    for testing     |
|               Node3               |     1    |  >1000 (100.00%)   |       N/A        |    Not selected    |    for testing     |
|XM_030333208_1_PREDICTED_Lynx_ca...|     1    |  >1000 (100.00%)   |       N/A        |    Not selected    |    for testing     |
|               Node6               |     1    |  >1000 (100.00%)   |       N/A        |    Not selected    |    for testing     |
|XM_015114598_2_PREDICTED_Macaca_...|     1    |  >1000 (100.00%)   |       N/A        |       -0.00        |       0.50000      |
|NM_001012441_1_Pan_troglodytes_b...|     1    |   1.00 (100.00%)   |       N/A        |        0.00        |       1.00000      |
|NM_001009828_1_Felis_catus_brain...|     1    |   1.00 (100.00%)   |       N/A        |        0.00        |       1.00000      |
|NM_001709_5_Homo_sapiens_brain_d...|     1    |   1.00 (100.00%)   |       N/A        |        0.00        |       1.00000      |
|XM_011226480_3_PREDICTED_Ailurop...|     1    |   1.00 (100.00%)   |       N/A        |        0.00        |       1.00000      |
|NM_001270630_1_Rattus_norvegicus...|     1    |   1.00 (100.00%)   |       N/A        |        0.00        |       1.00000      |
|NM_001048142_1_Mus_musculus_brai...|     1    |   1.00 (100.00%)   |       N/A        |        0.00        |       1.00000      |
|XM_004585440_1_PREDICTED_Ochoton...|     1    |   1.00 (100.00%)   |       N/A        |    Not selected    |    for testing     |
|XM_041730708_1_PREDICTED_Vulpes_...|     1    |   1.00 (100.00%)   |       N/A        |    Not selected    |    for testing     |
|XM_040980297_1_PREDICTED_Ochoton...|     1    |   1.00 (100.00%)   |       N/A        |    Not selected    |    for testing     |
|XM_012096129_4_PREDICTED_Ovis_ar...|     1    |   1.00 (100.00%)   |       N/A        |        0.00        |       1.00000      |
|XM_031025064_1_PREDICTED_Leptony...|     1    |   1.00 (100.00%)   |       N/A        |    Not selected    |    for testing     |
|XM_013019592_1_PREDICTED_Dipodom...|     1    |   1.00 (100.00%)   |       N/A        |    Not selected    |    for testing     |
|XM_005654684_3_PREDICTED_Sus_scr...|     1    |   1.00 (100.00%)   |       N/A        |        0.00        |       1.00000      |
|XM_036763631_1_PREDICTED_Trichos...|     1    |   1.00 (100.00%)   |       N/A        |        0.00        |       1.00000      |
|XM_013147262_2_PREDICTED_Cavia_p...|     1    |   1.00 (100.00%)   |       N/A        |    Not selected    |    for testing     |
|XM_005890667_2_PREDICTED_Bos_mut...|     1    |   1.00 (100.00%)   |       N/A        |    Not selected    |    for testing     |
|XM_031371313_1_PREDICTED_Mastomy...|     1    |   1.00 (100.00%)   |       N/A        |    Not selected    |    for testing     |
|XM_036109493_1_PREDICTED_Halicho...|     1    |   1.00 (100.00%)   |       N/A        |    Not selected    |    for testing     |
|XM_008686880_2_PREDICTED_Ursus_m...|     1    |   1.00 (100.00%)   |       N/A        |    Not selected    |    for testing     |
|XM_035012477_1_PREDICTED_Miroung...|     1    |   1.00 (100.00%)   |       N/A        |    Not selected    |    for testing     |
|XM_032414183_1_PREDICTED_Phoca_v...|     1    |   1.00 (100.00%)   |       N/A        |    Not selected    |    for testing     |
|XM_027936596_1_PREDICTED_Marmota...|     1    |   1.00 (100.00%)   |       N/A        |    Not selected    |    for testing     |
|XM_032903861_1_PREDICTED_Rattus_...|     1    |   1.00 (100.00%)   |       N/A        |    Not selected    |    for testing     |
|XM_027577807_1_PREDICTED_Zalophu...|     1    |   1.00 (100.00%)   |       N/A        |    Not selected    |    for testing     |
|XM_005216334_4_PREDICTED_Bos_tau...|     1    |   1.00 (100.00%)   |       N/A        |        0.00        |       1.00000      |
|XM_026018600_1_PREDICTED_Vulpes_...|     1    |   1.00 (100.00%)   |       N/A        |    Not selected    |    for testing     |
|XM_021192829_2_PREDICTED_Mus_pah...|     1    |   1.00 (100.00%)   |       N/A        |    Not selected    |    for testing     |
|XM_026412272_1_PREDICTED_Urocite...|     1    |   1.00 (100.00%)   |       N/A        |    Not selected    |    for testing     |
|XM_021685880_1_PREDICTED_Neomona...|     1    |   1.00 (100.00%)   |       N/A        |    Not selected    |    for testing     |
|XM_009007854_3_PREDICTED_Callith...|     1    |   1.00 (100.00%)   |       N/A        |        0.00        |       1.00000      |
|XM_004408653_1_PREDICTED_Odobenu...|     1    |   1.00 (100.00%)   |       N/A        |    Not selected    |    for testing     |
|XM_025879326_1_PREDICTED_Callorh...|     1    |   1.00 (100.00%)   |       N/A        |    Not selected    |    for testing     |
|XM_010831788_1_PREDICTED_Bison_b...|     1    |   1.00 (100.00%)   |       N/A        |    Not selected    |    for testing     |
|XM_020177315_1_PREDICTED_Castor_...|     1    |   1.00 (100.00%)   |       N/A        |    Not selected    |    for testing     |
|XM_038429434_1_PREDICTED_Canis_l...|     1    |   1.00 (100.00%)   |       N/A        |        0.00        |       1.00000      |
|XM_015476449_1_PREDICTED_Marmota...|     1    |   1.00 (100.00%)   |       N/A        |    Not selected    |    for testing     |
|XM_028117708_1_PREDICTED_Eumetop...|     1    |   1.00 (100.00%)   |       N/A        |    Not selected    |    for testing     |
|XM_006068006_2_PREDICTED_Bubalus...|     1    |   1.00 (100.00%)   |       N/A        |    Not selected    |    for testing     |
----
### Adaptive branch site random effects likelihood test 
Likelihood ratio test for episodic diversifying positive selection at Holm-Bonferroni corrected _p =   0.0500_ found **0** branches under selection among **20** tested.

