
Analysis Description
--------------------
aBSREL (Adaptive branch-site random effects likelihood) uses an adaptive
random effects branch-site model framework to test whether each branch
has evolved under positive selection, using a procedure which infers an
optimal number of rate categories per branch. v2.2 adds support for
multiple-hit models. v2.3 adds support for SRV. v2.5 adds support for
ancestral state reconstruction, identification of sites contributing to
selection signal, and some diagnostics. 

- __Requirements__: in-frame codon alignment and a phylogenetic tree

- __Citation__:  Less Is More: An Adaptive Branch-Site Random Effects Model for
Efficient Detection of Episodic Diversifying Selection (2015). Mol Biol
Evol 32 (5): 1342-1353. 

- __Written by__: Sergei L Kosakovsky Pond, Ben Murrell, Steven Weaver and Temple iGEM /
UCSD viral evolution group

- __Contact Information__: spond@temple.edu

- __Analysis Version__: 2.5

[Advanced option] Bag of little bootstrap alignment resampling rate (permissible range = [0.01,1], default value = 1): blb: 1

>code => Universal

-------
>[WARNING]
'/Users/alex/Documents/AOC-develop/results/BDNF-64/gard/segments/BDNF-64.part2.codon.fas'
contains 40 duplicate sequences. Identical sequences do not contribute
any information to the analysis and only slow down computation. Please
consider removing duplicate or 'nearly' duplicate sequences, e.g. using
https://github.com/veg/hyphy-analyses/tree/master/remove-duplicates
prior to running selection analyses
-------
/Users/alex/Documents/AOC-develop/results/BDNF-64/selection/part2/FastTree.labelled.treefile
results/BDNF-64/selection/part2/FastTree.labelled.treefile

>Loaded a multiple sequence alignment with **60** sequences, **15** codons, and **1** partitions from `/Users/alex/Documents/AOC-develop/results/BDNF-64/gard/segments/BDNF-64.part2.codon.fas`

>branches => Test

>multiple-hits => None

>srv => No


### * Selected 20 branches for testing: `XM_007497196_2_PREDICTED_Monodelphis_domestica_brain_derived_neurotrophic_factor_BDNF_transcript_variant_X1_mRNA, XM_020977976_1_PREDICTED_Phascolarctos_cinereus_brain_derived_neurotrophic_factor_BDNF_transcript_variant_X1_mRNA, NM_001270630_1_Rattus_norvegicus_brain_derived_neurotrophic_factor_Bdnf_transcript_variant_1_mRNA, XM_015114598_2_PREDICTED_Macaca_mulatta_brain_derived_neurotrophic_factor_BDNF_transcript_variant_X1_mRNA, XM_029555090_1_PREDICTED_Nannospalax_galili_brain_derived_neurotrophic_factor_Bdnf_transcript_variant_X1_mRNA, XM_007653166_4_PREDICTED_Cricetulus_griseus_brain_derived_neurotrophic_factor_Bdnf_transcript_variant_X1_mRNA, NM_001709_5_Homo_sapiens_brain_derived_neurotrophic_factor_BDNF_transcript_variant_4_mRNA, NM_001012441_1_Pan_troglodytes_brain_derived_neurotrophic_factor_BDNF_mRNA, XM_005654684_3_PREDICTED_Sus_scrofa_brain_derived_neurotrophic_factor_BDNF_transcript_variant_X1_mRNA, XM_038429434_1_PREDICTED_Canis_lupus_familiaris_brain_derived_neurotrophic_factor_BDNF_transcript_variant_X1_mRNA, XM_005216334_4_PREDICTED_Bos_taurus_brain_derived_neurotrophic_factor_BDNF_transcript_variant_X1_mRNA, XM_012096129_4_PREDICTED_Ovis_aries_brain_derived_neurotrophic_factor_BDNF_transcript_variant_X2_mRNA, NM_001009828_1_Felis_catus_brain_derived_neurotrophic_factor_BDNF_mRNA, NM_001048142_1_Mus_musculus_brain_derived_neurotrophic_factor_Bdnf_transcript_variant_4_mRNA, NM_001081787_1_Equus_caballus_brain_derived_neurotrophic_factor_BDNF_mRNA, XM_036763631_1_PREDICTED_Trichosurus_vulpecula_brain_derived_neurotrophic_factor_BDNF_mRNA, XM_031944159_1_PREDICTED_Sarcophilus_harrisii_brain_derived_neurotrophic_factor_BDNF_transcript_variant_X1_mRNA, XM_011226480_3_PREDICTED_Ailuropoda_melanoleuca_brain_derived_neurotrophic_factor_BDNF_mRNA, XM_009007854_3_PREDICTED_Callithrix_jacchus_brain_derived_neurotrophic_factor_BDNF_transcript_variant_X1_mRNA, Node73`


### Obtaining branch lengths and nucleotide substitution biases under the nucleotide GTR model

>kill-zero-lengths => Yes

### Deleted 3 zero-length internal branches: `Node12, Node2, Node7`
* Log(L) =  -601.00, AIC-c =  1381.86 (87 estimated parameters)
* 1 partition. Total tree length by partition (subs/site) 214.578

### Fitting the baseline model with a single dN/dS class per branch, and no site-to-site variation. 
* Log(L) =  -580.44, AIC-c =  1568.51 (166 estimated parameters)
* Branch-level non-synonymous/synonymous rate ratio distribution has median  1.00, and 95% of the weight in  0.10 -  3.73

### Determining the optimal number of rate classes per branch using a step up procedure

|              Branch               |  Length  |  Rates   |     Max. dN/dS     |    Log(L)     |     AIC-c     |Best AIC-c so far|
|-----------------------------------|----------|----------|--------------------|---------------|---------------|-----------------|
|              Node16               |  90.91   |    2     |    9.00 (50.00%)   |    -580.44    |    1574.55    |     1568.51     |
|              Node10               |  29.67   |    2     |    0.85 (75.00%)   |    -580.44    |    1574.55    |     1568.51     |
|              Node11               |   5.66   |    2     |    0.00 ( 5.00%)   |    -580.44    |    1574.55    |     1568.51     |
|              Node18               |   2.97   |    2     |    0.34 ( 0.00%)   |    -583.39    |    1580.46    |     1568.51     |
|               Node6               |   2.84   |    2     |    1.26 (40.89%)   |    -580.45    |    1574.58    |     1568.51     |
|XM_037204438_1_PREDICTED_Peromys...|   2.57   |    2     |    0.21 (95.25%)   |    -580.41    |    1574.51    |     1568.51     |
|              Node13               |   1.93   |    2     |    0.93 ( 0.00%)   |    -580.44    |    1574.55    |     1568.51     |
|              Node30               |   1.51   |    2     |    0.33 (20.72%)   |    -580.44    |    1574.55    |     1568.51     |
|XM_007497196_2_PREDICTED_Monodel...|   1.18   |    2     |    8.29 (81.23%)   |    -580.32    |    1574.32    |     1568.51     |
|XM_019974522_1_PREDICTED_Bos_ind...|   0.72   |    2     |    0.18 ( 0.00%)   |    -580.49    |    1574.66    |     1568.51     |
|XM_032414183_1_PREDICTED_Phoca_v...|   0.15   |    2     |   1.00 (100.00%)   |    -582.01    |    1577.71    |     1568.51     |
|XM_029555090_1_PREDICTED_Nannosp...|   0.15   |    2     |   1.00 (100.00%)   |    -581.16    |    1576.01    |     1568.51     |
|XM_030333208_1_PREDICTED_Lynx_ca...|   0.13   |    2     |  384.09 ( 8.32%)   |    -579.66    |    1572.99    |     1568.51     |
|              Node76               |   0.12   |    2     |    2.45 (48.17%)   |    -580.42    |    1574.52    |     1568.51     |
|XM_015476449_1_PREDICTED_Marmota...|   0.09   |    2     |    0.78 (22.90%)   |    -580.44    |    1574.55    |     1568.51     |
|              Node24               |   0.07   |    2     |    0.85 (98.00%)   |    -580.44    |    1574.55    |     1568.51     |
|XM_031371313_1_PREDICTED_Mastomy...|   0.07   |    2     |    0.25 (51.00%)   |    -581.06    |    1575.79    |     1568.51     |
|              Node19               |   0.06   |    2     |    0.00 ( 5.00%)   |    -580.44    |    1574.55    |     1568.51     |
|              Node69               |   0.06   |    2     |    0.30 (53.03%)   |    -580.44    |    1574.55    |     1568.51     |
|               Node4               |   0.06   |    2     |    0.32 (54.25%)   |    -580.44    |    1574.55    |     1568.51     |
|XM_009007854_3_PREDICTED_Callith...|   0.05   |    2     |    0.32 (27.66%)   |    -585.12    |    1583.92    |     1568.51     |
|XM_007653166_4_PREDICTED_Cricetu...|   0.05   |    2     |    0.00 ( 5.00%)   |    -580.44    |    1574.55    |     1568.51     |
|              Node71               |   0.04   |    2     |    0.32 (27.66%)   |    -583.33    |    1580.35    |     1568.51     |
|XM_013019592_1_PREDICTED_Dipodom...|   0.03   |    2     |  >1000 (100.00%)   |    -580.44    |    1574.55    |     1568.51     |
|              Node73               |   0.03   |    2     |    0.00 ( 5.00%)   |    -580.44    |    1574.55    |     1568.51     |
|XM_011226480_3_PREDICTED_Ailurop...|   0.03   |    2     |    0.32 (27.66%)   |    -582.93    |    1579.53    |     1568.51     |
|XM_027936596_1_PREDICTED_Marmota...|   0.02   |    2     |    0.25 ( 2.00%)   |    -581.13    |    1575.95    |     1568.51     |
|              Node70               |   0.02   |    2     |    0.39 ( 2.00%)   |    -580.72    |    1575.12    |     1568.51     |
|XM_015114598_2_PREDICTED_Macaca_...|   0.01   |    2     |    0.00 ( 0.00%)   |    -580.44    |    1574.55    |     1568.51     |
|              Node14               |   0.01   |    2     |    0.39 ( 2.00%)   |    -580.47    |    1574.61    |     1568.51     |
|XM_027852578_1_PREDICTED_Vombatu...|   0.00   |    2     |    0.33 (20.72%)   |    -580.44    |    1574.55    |     1568.51     |
|XM_031944159_1_PREDICTED_Sarcoph...|   0.00   |    2     |    0.33 (20.72%)   |    -580.44    |    1574.55    |     1568.51     |
|XM_033764060_1_PREDICTED_Fukomys...|   0.00   |    2     |    0.33 (20.72%)   |    -580.44    |    1574.55    |     1568.51     |
|XM_010831788_1_PREDICTED_Bison_b...|   0.00   |    2     |    0.25 ( 2.00%)   |    -580.44    |    1574.55    |     1568.51     |
|XM_004644113_2_PREDICTED_Octodon...|   0.00   |    2     |    0.30 ( 2.00%)   |    -580.44    |    1574.55    |     1568.51     |
|XM_015544869_1_PREDICTED_Panther...|   0.00   |    2     |    0.33 ( 2.00%)   |    -580.44    |    1574.55    |     1568.51     |
|XM_005890667_2_PREDICTED_Bos_mut...|   0.00   |    2     |    0.30 ( 2.00%)   |    -580.44    |    1574.55    |     1568.51     |
|XM_012096129_4_PREDICTED_Ovis_ar...|   0.00   |    2     |    0.30 ( 2.00%)   |    -580.44    |    1574.55    |     1568.51     |
|XM_038429434_1_PREDICTED_Canis_l...|   0.00   |    2     |    0.25 ( 2.00%)   |    -580.44    |    1574.55    |     1568.51     |
|XM_027577807_1_PREDICTED_Zalophu...|   0.00   |    2     |    0.30 ( 2.00%)   |    -580.44    |    1574.55    |     1568.51     |
|XM_013147262_2_PREDICTED_Cavia_p...|   0.00   |    2     |    0.25 (20.72%)   |    -580.44    |    1574.55    |     1568.51     |
|NM_001009828_1_Felis_catus_brain...|   0.00   |    2     |    0.33 ( 2.00%)   |    -580.44    |    1574.55    |     1568.51     |
|XM_005401751_2_PREDICTED_Chinchi...|   0.00   |    2     |    0.30 ( 2.00%)   |    -580.44    |    1574.55    |     1568.51     |
|NM_001048142_1_Mus_musculus_brai...|   0.00   |    2     |    0.33 ( 2.00%)   |    -580.44    |    1574.55    |     1568.51     |
|XM_004851581_3_PREDICTED_Heteroc...|   0.00   |    2     |    0.25 (20.72%)   |    -580.44    |    1574.55    |     1568.51     |
|XM_040980297_1_PREDICTED_Ochoton...|   0.00   |    2     |    0.25 ( 2.00%)   |    -580.44    |    1574.55    |     1568.51     |
|XM_008686880_2_PREDICTED_Ursus_m...|   0.00   |    2     |    0.30 ( 2.00%)   |    -580.44    |    1574.55    |     1568.51     |
|XM_004660846_2_PREDICTED_Jaculus...|   0.00   |    2     |    0.25 (20.72%)   |    -580.44    |    1574.55    |     1568.51     |
|XM_041730708_1_PREDICTED_Vulpes_...|   0.00   |    2     |    0.33 ( 2.00%)   |    -580.44    |    1574.55    |     1568.51     |
|XM_006068006_2_PREDICTED_Bubalus...|   0.00   |    2     |    0.25 (20.72%)   |    -580.44    |    1574.55    |     1568.51     |
|XM_026018600_1_PREDICTED_Vulpes_...|   0.00   |    2     |    0.33 ( 2.00%)   |    -580.44    |    1574.55    |     1568.51     |
|XM_005216334_4_PREDICTED_Bos_tau...|   0.00   |    2     |    0.25 (20.72%)   |    -580.44    |    1574.55    |     1568.51     |
|XM_004408653_1_PREDICTED_Odobenu...|   0.00   |    2     |    0.25 ( 2.00%)   |    -580.44    |    1574.55    |     1568.51     |
|XM_036109493_1_PREDICTED_Halicho...|   0.00   |    2     |    0.30 ( 2.00%)   |    -580.44    |    1574.55    |     1568.51     |
|NM_001081787_1_Equus_caballus_br...|   0.00   |    2     |    0.25 (20.72%)   |    -580.44    |    1574.55    |     1568.51     |
|XM_039217098_1_PREDICTED_Hyaena_...|   0.00   |    2     |    0.33 ( 2.00%)   |    -580.44    |    1574.55    |     1568.51     |
|XM_035012477_1_PREDICTED_Miroung...|   0.00   |    2     |    0.30 ( 2.00%)   |    -580.44    |    1574.55    |     1568.51     |
|XM_004585440_1_PREDICTED_Ochoton...|   0.00   |    2     |    0.30 ( 2.00%)   |    -580.44    |    1574.55    |     1568.51     |
|XM_020903256_1_PREDICTED_Odocoil...|   0.00   |    2     |    0.33 (20.72%)   |    -580.44    |    1574.55    |     1568.51     |
|XM_031025064_1_PREDICTED_Leptony...|   0.00   |    2     |    0.25 ( 2.00%)   |    -580.44    |    1574.55    |     1568.51     |
|XM_036763631_1_PREDICTED_Trichos...|   0.00   |    2     |    0.25 (20.72%)   |    -580.44    |    1574.55    |     1568.51     |
|XM_028117708_1_PREDICTED_Eumetop...|   0.00   |    2     |    0.33 ( 2.00%)   |    -580.44    |    1574.55    |     1568.51     |
|NM_001709_5_Homo_sapiens_brain_d...|   0.00   |    2     |    0.30 ( 2.00%)   |    -580.44    |    1574.55    |     1568.51     |
|NM_001012441_1_Pan_troglodytes_b...|   0.00   |    2     |    0.30 ( 2.00%)   |    -580.44    |    1574.55    |     1568.51     |
|XM_025879326_1_PREDICTED_Callorh...|   0.00   |    2     |    0.33 (20.72%)   |    -580.44    |    1574.55    |     1568.51     |
|XM_005654684_3_PREDICTED_Sus_scr...|   0.00   |    2     |    0.33 ( 2.00%)   |    -580.44    |    1574.55    |     1568.51     |
|XM_021685880_1_PREDICTED_Neomona...|   0.00   |    2     |    0.30 ( 2.00%)   |    -580.44    |    1574.55    |     1568.51     |
|XM_029957152_1_PREDICTED_Suricat...|   0.00   |    2     |    0.33 (20.72%)   |    -580.44    |    1574.55    |     1568.51     |
|XM_021151236_2_PREDICTED_Mus_car...|   0.00   |    2     |    0.25 ( 2.00%)   |    -580.44    |    1574.55    |     1568.51     |
|XM_026412272_1_PREDICTED_Urocite...|   0.00   |    2     |    0.25 ( 2.00%)   |    -580.44    |    1574.55    |     1568.51     |
|XM_040284582_1_PREDICTED_Ictidom...|   0.00   |    2     |    0.25 ( 2.00%)   |    -580.44    |    1574.55    |     1568.51     |
|XM_020977976_1_PREDICTED_Phascol...|   0.00   |    2     |    0.25 ( 2.00%)   |    -580.44    |    1574.55    |     1568.51     |
|NM_001270630_1_Rattus_norvegicus...|   0.00   |    2     |    0.25 ( 2.00%)   |    -580.44    |    1574.55    |     1568.51     |
|XM_032903861_1_PREDICTED_Rattus_...|   0.00   |    2     |    0.25 ( 2.00%)   |    -580.44    |    1574.55    |     1568.51     |
|XM_021192829_2_PREDICTED_Mus_pah...|   0.00   |    2     |    0.25 ( 2.00%)   |    -580.44    |    1574.55    |     1568.51     |
|XM_020177315_1_PREDICTED_Castor_...|   0.00   |    2     |    0.25 (51.00%)   |    -580.44    |    1574.55    |     1568.51     |

### Rate class analyses summary
*  76 branches with **1** rate classes

### Improving parameter estimates of the adaptive rate class model
* Log(L) =  -580.21, AIC-c =  1568.06 (166 estimated parameters)

### Testing selected branches for selection

|              Branch               |  Rates   |     Max. dN/dS     | Sites @ EBF>=100 |      Test LRT      |Uncorrected p-value |
|-----------------------------------|----------|--------------------|------------------|--------------------|--------------------|
|              Node16               |     1    |   1.11 (100.00%)   |       N/A        |    Not selected    |    for testing     |
|              Node10               |     1    |   0.53 (100.00%)   |       N/A        |    Not selected    |    for testing     |
|              Node11               |     1    |   4.00 (100.00%)   |       N/A        |    Not selected    |    for testing     |
|              Node18               |     1    |  >1000 (100.00%)   |       N/A        |    Not selected    |    for testing     |
|               Node6               |     1    |   1.38 (100.00%)   |       N/A        |    Not selected    |    for testing     |
|XM_037204438_1_PREDICTED_Peromys...|     1    |   0.20 (100.00%)   |       N/A        |    Not selected    |    for testing     |
|              Node13               |     1    |   0.94 (100.00%)   |       N/A        |    Not selected    |    for testing     |
|              Node30               |     1    |   1.01 (100.00%)   |       N/A        |    Not selected    |    for testing     |
|XM_007497196_2_PREDICTED_Monodel...|     1    |   4.20 (100.00%)   |       N/A        |        1.57        |       0.17856      |
|XM_019974522_1_PREDICTED_Bos_ind...|     1    |  >1000 (100.00%)   |       N/A        |    Not selected    |    for testing     |
|XM_032414183_1_PREDICTED_Phoca_v...|     1    |  >1000 (100.00%)   |       N/A        |    Not selected    |    for testing     |
|XM_029555090_1_PREDICTED_Nannosp...|     1    |  >1000 (100.00%)   |       N/A        |        0.57        |       0.31554      |
|XM_030333208_1_PREDICTED_Lynx_ca...|     1    |   0.09 (100.00%)   |       N/A        |    Not selected    |    for testing     |
|              Node76               |     1    |   0.88 (100.00%)   |       N/A        |    Not selected    |    for testing     |
|XM_015476449_1_PREDICTED_Marmota...|     1    |   0.86 (100.00%)   |       N/A        |    Not selected    |    for testing     |
|              Node24               |     1    |   0.69 (100.00%)   |       N/A        |    Not selected    |    for testing     |
|XM_031371313_1_PREDICTED_Mastomy...|     1    |  >1000 (100.00%)   |       N/A        |    Not selected    |    for testing     |
|              Node19               |     1    |   0.02 (100.00%)   |       N/A        |    Not selected    |    for testing     |
|              Node69               |     1    |   0.29 (100.00%)   |       N/A        |    Not selected    |    for testing     |
|               Node4               |     1    |   0.30 (100.00%)   |       N/A        |    Not selected    |    for testing     |
|XM_009007854_3_PREDICTED_Callith...|     1    |  >1000 (100.00%)   |       N/A        |        1.23        |       0.21515      |
|XM_007653166_4_PREDICTED_Cricetu...|     1    |   0.00 (100.00%)   |       N/A        |        0.00        |       1.00000      |
|              Node71               |     1    |  >1000 (100.00%)   |       N/A        |    Not selected    |    for testing     |
|XM_013019592_1_PREDICTED_Dipodom...|     1    |  >1000 (100.00%)   |       N/A        |    Not selected    |    for testing     |
|              Node73               |     1    |   0.00 (100.00%)   |       N/A        |        0.00        |       1.00000      |
|XM_011226480_3_PREDICTED_Ailurop...|     1    |  >1000 (100.00%)   |       N/A        |        0.75        |       0.28301      |
|XM_027936596_1_PREDICTED_Marmota...|     1    |  >1000 (100.00%)   |       N/A        |    Not selected    |    for testing     |
|              Node70               |     1    |  >1000 (100.00%)   |       N/A        |    Not selected    |    for testing     |
|XM_015114598_2_PREDICTED_Macaca_...|     1    |   0.00 (100.00%)   |       N/A        |        0.00        |       1.00000      |
|              Node14               |     1    |  >1000 (100.00%)   |       N/A        |    Not selected    |    for testing     |
|XM_027852578_1_PREDICTED_Vombatu...|     1    |   1.07 (100.00%)   |       N/A        |    Not selected    |    for testing     |
|XM_031944159_1_PREDICTED_Sarcoph...|     1    |   0.94 (100.00%)   |       N/A        |        0.00        |       1.00000      |
|XM_033764060_1_PREDICTED_Fukomys...|     1    |   0.85 (100.00%)   |       N/A        |    Not selected    |    for testing     |
|XM_010831788_1_PREDICTED_Bison_b...|     1    |   0.92 (100.00%)   |       N/A        |    Not selected    |    for testing     |
|XM_004644113_2_PREDICTED_Octodon...|     1    |   0.93 (100.00%)   |       N/A        |    Not selected    |    for testing     |
|XM_015544869_1_PREDICTED_Panther...|     1    |   1.00 (100.00%)   |       N/A        |    Not selected    |    for testing     |
|XM_005890667_2_PREDICTED_Bos_mut...|     1    |   0.97 (100.00%)   |       N/A        |    Not selected    |    for testing     |
|XM_012096129_4_PREDICTED_Ovis_ar...|     1    |   0.98 (100.00%)   |       N/A        |        0.00        |       1.00000      |
|XM_038429434_1_PREDICTED_Canis_l...|     1    |   0.90 (100.00%)   |       N/A        |        0.00        |       1.00000      |
|XM_027577807_1_PREDICTED_Zalophu...|     1    |   1.01 (100.00%)   |       N/A        |    Not selected    |    for testing     |
|XM_013147262_2_PREDICTED_Cavia_p...|     1    |   1.00 (100.00%)   |       N/A        |    Not selected    |    for testing     |
|NM_001009828_1_Felis_catus_brain...|     1    |   1.03 (100.00%)   |       N/A        |       -0.00        |       0.50000      |
|XM_005401751_2_PREDICTED_Chinchi...|     1    |   1.04 (100.00%)   |       N/A        |    Not selected    |    for testing     |
|NM_001048142_1_Mus_musculus_brai...|     1    |   1.04 (100.00%)   |       N/A        |       -0.00        |       0.50000      |
|XM_004851581_3_PREDICTED_Heteroc...|     1    |   1.03 (100.00%)   |       N/A        |    Not selected    |    for testing     |
|XM_040980297_1_PREDICTED_Ochoton...|     1    |   0.92 (100.00%)   |       N/A        |    Not selected    |    for testing     |
|XM_008686880_2_PREDICTED_Ursus_m...|     1    |   0.99 (100.00%)   |       N/A        |    Not selected    |    for testing     |
|XM_004660846_2_PREDICTED_Jaculus...|     1    |   1.00 (100.00%)   |       N/A        |    Not selected    |    for testing     |
|XM_041730708_1_PREDICTED_Vulpes_...|     1    |   1.01 (100.00%)   |       N/A        |    Not selected    |    for testing     |
|XM_006068006_2_PREDICTED_Bubalus...|     1    |   1.00 (100.00%)   |       N/A        |    Not selected    |    for testing     |
|XM_026018600_1_PREDICTED_Vulpes_...|     1    |   1.00 (100.00%)   |       N/A        |    Not selected    |    for testing     |
|XM_005216334_4_PREDICTED_Bos_tau...|     1    |   1.00 (100.00%)   |       N/A        |        0.00        |       1.00000      |
|XM_004408653_1_PREDICTED_Odobenu...|     1    |   1.00 (100.00%)   |       N/A        |    Not selected    |    for testing     |
|XM_036109493_1_PREDICTED_Halicho...|     1    |   1.00 (100.00%)   |       N/A        |    Not selected    |    for testing     |
|NM_001081787_1_Equus_caballus_br...|     1    |   1.00 (100.00%)   |       N/A        |       -0.00        |       0.50000      |
|XM_039217098_1_PREDICTED_Hyaena_...|     1    |   1.03 (100.00%)   |       N/A        |    Not selected    |    for testing     |
|XM_035012477_1_PREDICTED_Miroung...|     1    |   0.97 (100.00%)   |       N/A        |    Not selected    |    for testing     |
|XM_004585440_1_PREDICTED_Ochoton...|     1    |   0.98 (100.00%)   |       N/A        |    Not selected    |    for testing     |
|XM_020903256_1_PREDICTED_Odocoil...|     1    |   1.02 (100.00%)   |       N/A        |    Not selected    |    for testing     |
|XM_031025064_1_PREDICTED_Leptony...|     1    |   1.00 (100.00%)   |       N/A        |    Not selected    |    for testing     |
|XM_036763631_1_PREDICTED_Trichos...|     1    |   0.99 (100.00%)   |       N/A        |        0.00        |       1.00000      |
|XM_028117708_1_PREDICTED_Eumetop...|     1    |   0.99 (100.00%)   |       N/A        |    Not selected    |    for testing     |
|NM_001709_5_Homo_sapiens_brain_d...|     1    |   1.00 (100.00%)   |       N/A        |        0.00        |       1.00000      |
|NM_001012441_1_Pan_troglodytes_b...|     1    |   1.00 (100.00%)   |       N/A        |        0.00        |       1.00000      |
|XM_025879326_1_PREDICTED_Callorh...|     1    |   1.00 (100.00%)   |       N/A        |    Not selected    |    for testing     |
|XM_005654684_3_PREDICTED_Sus_scr...|     1    |   1.00 (100.00%)   |       N/A        |        0.00        |       1.00000      |
|XM_021685880_1_PREDICTED_Neomona...|     1    |   1.00 (100.00%)   |       N/A        |    Not selected    |    for testing     |
|XM_029957152_1_PREDICTED_Suricat...|     1    |   1.00 (100.00%)   |       N/A        |    Not selected    |    for testing     |
|XM_021151236_2_PREDICTED_Mus_car...|     1    |   1.00 (100.00%)   |       N/A        |    Not selected    |    for testing     |
|XM_026412272_1_PREDICTED_Urocite...|     1    |   1.00 (100.00%)   |       N/A        |    Not selected    |    for testing     |
|XM_040284582_1_PREDICTED_Ictidom...|     1    |   1.00 (100.00%)   |       N/A        |    Not selected    |    for testing     |
|XM_020977976_1_PREDICTED_Phascol...|     1    |   1.00 (100.00%)   |       N/A        |        0.00        |       1.00000      |
|NM_001270630_1_Rattus_norvegicus...|     1    |   1.00 (100.00%)   |       N/A        |        0.00        |       1.00000      |
|XM_032903861_1_PREDICTED_Rattus_...|     1    |   1.00 (100.00%)   |       N/A        |    Not selected    |    for testing     |
|XM_021192829_2_PREDICTED_Mus_pah...|     1    |   1.00 (100.00%)   |       N/A        |    Not selected    |    for testing     |
|XM_020177315_1_PREDICTED_Castor_...|     1    |   1.00 (100.00%)   |       N/A        |    Not selected    |    for testing     |
----
### Adaptive branch site random effects likelihood test 
Likelihood ratio test for episodic diversifying positive selection at Holm-Bonferroni corrected _p =   0.0500_ found **0** branches under selection among **20** tested.

