FastTree Version 2.2.0 Double precision
Alignment: results/BDNF-64/gard/segments/BDNF-64.part4.codon.fas
Nucleotide distances: Jukes-Cantor Joins: balanced Support: SH-like 1000
Search: Normal +NNI +SPR (2 rounds range 10) +ML-NNI opt-each=1
TopHits: 1.00*sqrtN close=default refresh=0.80
ML Model: Generalized Time-Reversible, CAT approximation with 20 rate categories
Initial topology in 0.01 seconds
Refining topology: 23 rounds ME-NNIs, 2 rounds ME-SPRs, 12 rounds ML-NNIs
Total branch-length 1.131 after 0.09 sec
      0.10 seconds: ML NNI round 1 of 12, 1 of 54 splits
ML-NNI round 1: LogLk = -5873.417 NNIs 6 max delta 7.12 Time 0.14
      0.20 seconds: Optimizing GTR model, step 7 of 12
GTR Frequencies: 0.2647 0.2443 0.2979 0.1932
GTR rates(ac ag at cg ct gt) 1.1728 3.0593 0.3758 1.2085 5.7580 1.0000
Switched to using 20 rate categories (CAT approximation)
Rate categories were divided by 0.749 so that average rate = 1.0
CAT-based log-likelihoods may not be comparable across runs
Use -gamma for approximate but comparable Gamma(20) log-likelihoods
ML-NNI round 2: LogLk = -4953.671 NNIs 5 max delta 2.21 Time 0.32
      0.32 seconds: ML NNI round 3 of 12, 1 of 54 splits
ML-NNI round 3: LogLk = -4953.191 NNIs 1 max delta 0.27 Time 0.34
ML-NNI round 4: LogLk = -4953.190 NNIs 0 max delta 0.00 Time 0.35
Turning off heuristics for final round of ML NNIs (converged)
ML-NNI round 5: LogLk = -4951.546 NNIs 1 max delta 0.82 Time 0.42 (final)
Optimize all lengths: LogLk = -4951.463 Time 0.43
Total time: 0.53 seconds Unique: 56/60 Bad splits: 0/53
