FastTree Version 2.2.0 Double precision
Alignment: results/BDNF-64/gard/segments/BDNF-64.part2.codon.fas
Nucleotide distances: Jukes-Cantor Joins: balanced Support: SH-like 1000
Search: Normal +NNI +SPR (2 rounds range 10) +ML-NNI opt-each=1
TopHits: 1.00*sqrtN close=default refresh=0.80
ML Model: Generalized Time-Reversible, CAT approximation with 20 rate categories
Initial topology in 0.00 seconds
Refining topology: 17 rounds ME-NNIs, 2 rounds ME-SPRs, 9 rounds ML-NNIs
Total branch-length 12.385 after 0.00 sec
ML-NNI round 1: LogLk = -607.273 NNIs 6 max delta 1.04 Time 0.01
GTR Frequencies: 0.2577 0.2242 0.2702 0.2479
GTR rates(ac ag at cg ct gt) 1.1103 1.1176 0.9638 1.2452 2.6877 1.0000
Switched to using 20 rate categories (CAT approximation)
Rate categories were divided by 0.791 so that average rate = 1.0
CAT-based log-likelihoods may not be comparable across runs
Use -gamma for approximate but comparable Gamma(20) log-likelihoods
ML-NNI round 2: LogLk = -583.898 NNIs 4 max delta 0.13 Time 0.02
ML-NNI round 3: LogLk = -583.828 NNIs 2 max delta 0.00 Time 0.02
Turning off heuristics for final round of ML NNIs (converged)
ML-NNI round 4: LogLk = -583.804 NNIs 1 max delta 0.00 Time 0.03 (final)
Optimize all lengths: LogLk = -583.802 Time 0.03
Total time: 0.03 seconds Unique: 20/60 Bad splits: 0/17
