
Analysis Description
--------------------
FEL (Fixed Effects Likelihood) estimates site-wise synonymous (&alpha;)
and non-synonymous (&beta;) rates, and uses a likelihood ratio test to
determine if beta &neq; alpha at a site. The estimates aggregate
information over all branches, so the signal is derived from pervasive
diversification or conservation. A subset of branches can be selected
for testing as well, in which case an additional (nuisance) parameter
will be inferred -- the non-synonymous rate on branches NOT selected for
testing. Multiple partitions within a NEXUS file are also supported for
recombination - aware analysis. Version 2.5 adds MH support. 

- __Requirements__: in-frame codon alignment and a phylogenetic tree

- __Citation__: Not So Different After All: A Comparison of Methods for Detecting Amino
Acid Sites Under Selection (2005). _Mol Biol Evol_ 22 (5): 1208-1222

- __Written by__: Sergei L Kosakovsky Pond and Simon DW Frost

- __Contact Information__: spond@temple.edu

- __Analysis Version__: 2.5


>code => Universal

-------
>[WARNING]
'/Users/alex/Documents/AOC-develop/results/BDNF-64/gard/segments/BDNF-64.part1.codon.fas'
contains 38 duplicate sequences. Identical sequences do not contribute
any information to the analysis and only slow down computation. Please
consider removing duplicate or 'nearly' duplicate sequences, e.g. using
https://github.com/veg/hyphy-analyses/tree/master/remove-duplicates
prior to running selection analyses
-------
/Users/alex/Documents/AOC-develop/results/BDNF-64/selection/part1/FastTree.labelled.treefile
results/BDNF-64/selection/part1/FastTree.labelled.treefile

>Loaded a multiple sequence alignment with **60** sequences, **123** codons, and **1** partitions from `/Users/alex/Documents/AOC-develop/results/BDNF-64/gard/segments/BDNF-64.part1.codon.fas`

>branches => Test

>srv => Yes

>multiple-hits => None

>Select the p-value threshold to use when testing for selection (permissible range = [0,1], default value = 0.1): 
>pvalue => 0.1

>ci => Yes
Only analyze sites whose 1-based indices match the following list (null to skip) : 
>limit-to-sites => null
For sites whose 1-based indices match the following list, write out likelihood function snapshots (null string to skip) : 
>save-lf-for-sites => null

>[Advanced setting, will result in MUCH SLOWER run time] Perform parametric bootstrap resampling to derive site-level null LRT distributions up to this many replicates per site. Recommended use for small to medium (<30 sequences) datasets (permissible range = [0,1000], default value = 50, integer): 
>resample => 0


### Branches to include in the FEL analysis
Selected 21 branches to include in FEL calculations: `XM_029555090_1_PREDICTED_Nannospalax_galili_brain_derived_neurotrophic_factor_Bdnf_transcript_variant_X1_mRNA, XM_007653166_4_PREDICTED_Cricetulus_griseus_brain_derived_neurotrophic_factor_Bdnf_transcript_variant_X1_mRNA, Node4, NM_001709_5_Homo_sapiens_brain_derived_neurotrophic_factor_BDNF_transcript_variant_4_mRNA, NM_001012441_1_Pan_troglodytes_brain_derived_neurotrophic_factor_BDNF_mRNA, XM_005654684_3_PREDICTED_Sus_scrofa_brain_derived_neurotrophic_factor_BDNF_transcript_variant_X1_mRNA, XM_038429434_1_PREDICTED_Canis_lupus_familiaris_brain_derived_neurotrophic_factor_BDNF_transcript_variant_X1_mRNA, XM_005216334_4_PREDICTED_Bos_taurus_brain_derived_neurotrophic_factor_BDNF_transcript_variant_X1_mRNA, XM_012096129_4_PREDICTED_Ovis_aries_brain_derived_neurotrophic_factor_BDNF_transcript_variant_X2_mRNA, NM_001009828_1_Felis_catus_brain_derived_neurotrophic_factor_BDNF_mRNA, NM_001048142_1_Mus_musculus_brain_derived_neurotrophic_factor_Bdnf_transcript_variant_4_mRNA, NM_001081787_1_Equus_caballus_brain_derived_neurotrophic_factor_BDNF_mRNA, XM_036763631_1_PREDICTED_Trichosurus_vulpecula_brain_derived_neurotrophic_factor_BDNF_mRNA, XM_031944159_1_PREDICTED_Sarcophilus_harrisii_brain_derived_neurotrophic_factor_BDNF_transcript_variant_X1_mRNA, XM_015114598_2_PREDICTED_Macaca_mulatta_brain_derived_neurotrophic_factor_BDNF_transcript_variant_X1_mRNA, NM_001270630_1_Rattus_norvegicus_brain_derived_neurotrophic_factor_Bdnf_transcript_variant_1_mRNA, XM_007497196_2_PREDICTED_Monodelphis_domestica_brain_derived_neurotrophic_factor_BDNF_transcript_variant_X1_mRNA, XM_020977976_1_PREDICTED_Phascolarctos_cinereus_brain_derived_neurotrophic_factor_BDNF_transcript_variant_X1_mRNA, Node61, XM_009007854_3_PREDICTED_Callithrix_jacchus_brain_derived_neurotrophic_factor_BDNF_transcript_variant_X1_mRNA, XM_011226480_3_PREDICTED_Ailuropoda_melanoleuca_brain_derived_neurotrophic_factor_BDNF_mRNA`

>precision => standard


### Obtaining branch lengths and nucleotide substitution biases under the nucleotide GTR model

>kill-zero-lengths => Yes

### Deleted 1 zero-length internal branches: `Node51`
* Log(L) = -2177.70, AIC-c =  4532.12 (88 estimated parameters)
* 1 partition. Total tree length by partition (subs/site) 19.637

### Obtaining the global omega estimate based on relative GTR branch lengths and nucleotide substitution biases
* Log(L) = -2158.88, AIC-c =  4510.26 (95 estimated parameters)
* 1 partition. Total tree length by partition (subs/site) 20.679
* non-synonymous/synonymous rate ratio for *background* =   0.8921
* non-synonymous/synonymous rate ratio for *test* =   1.0254

>full-model => Yes

### Improving branch lengths, nucleotide substitution biases, and global dN/dS ratios under a full codon model
* Log(L) = -2157.90, AIC-c =  4508.31 (95 estimated parameters)
* 1 partition. Total tree length by partition (subs/site) 22.285
* non-synonymous/synonymous rate ratio for *background* =   0.8177
* non-synonymous/synonymous rate ratio for *test* =   2.0870

### For partition 1 these sites are significant at p <=0.1

|     Codon      |   Partition    |     alpha      |      beta      |      LRT       |Selection detected?|dN/dS with confidence intervals|
|:--------------:|:--------------:|:--------------:|:--------------:|:--------------:|:-----------------:|:-----------------------------:|
|       [31m4[0m        |       [31m1[0m        |   [31m     0.411[0m   |   [31m     9.281[0m   |   [31m     3.339[0m   |  [31mPos. p = 0.0677[0m  |   [31m 22.607(   1.18- 171.42)[0m    |
|       [31m10[0m       |       [31m1[0m        |   [31m     0.000[0m   |   [31m    11.492[0m   |   [31m     7.731[0m   |  [31mPos. p = 0.0054[0m  |  [31m10000.000(   0.00-10000.00)[0m  |
|       [31m12[0m       |       [31m1[0m        |   [31m     1.363[0m   |   [31m    54.444[0m   |   [31m     3.542[0m   |  [31mPos. p = 0.0598[0m  |   [31m 39.958(   4.53-10000.00)[0m   |
|       [31m57[0m       |       [31m1[0m        |   [31m     0.000[0m   |   [31m    13.769[0m   |   [31m     7.703[0m   |  [31mPos. p = 0.0055[0m  |  [31m10000.000(   0.00-10000.00)[0m  |
|       [31m61[0m       |       [31m1[0m        |   [31m     0.000[0m   |   [31m     2.703[0m   |   [31m     2.866[0m   |  [31mPos. p = 0.0905[0m  |  [31m10000.000(   0.00-10000.00)[0m  |
|       [32m64[0m       |       [32m1[0m        |   [32m     2.854[0m   |   [32m     0.000[0m   |   [32m     4.195[0m   |  [32mNeg. p = 0.0406[0m  |   [32m  0.000(   0.00-   0.54)[0m    |
|       [31m65[0m       |       [31m1[0m        |   [31m     0.000[0m   |   [31m     8.538[0m   |   [31m     2.932[0m   |  [31mPos. p = 0.0869[0m  |  [31m10000.000(1223.45-10000.00)[0m  |
|       [31m88[0m       |       [31m1[0m        |   [31m     0.208[0m   |   [31m     8.970[0m   |   [31m     3.059[0m   |  [31mPos. p = 0.0803[0m  |   [31m 43.048(   3.95- 255.84)[0m    |
|      [31m107[0m       |       [31m1[0m        |   [31m     2.746[0m   |   [31m    32.166[0m   |   [31m     3.738[0m   |  [31mPos. p = 0.0532[0m  |   [31m 11.714(   1.25- 151.97)[0m    |
|      [32m111[0m       |       [32m1[0m        |   [32m     6.993[0m   |   [32m     0.000[0m   |   [32m    10.767[0m   |  [32mNeg. p = 0.0010[0m  |   [32m  0.000(   0.00-   0.04)[0m    |
|      [32m112[0m       |       [32m1[0m        |   [32m     9.927[0m   |   [32m     0.000[0m   |   [32m    11.745[0m   |  [32mNeg. p = 0.0006[0m  |   [32m  0.000(   0.00-   0.04)[0m    |
|      [31m121[0m       |       [31m1[0m        |   [31m     0.000[0m   |   [31m     1.367[0m   |   [31m     3.055[0m   |  [31mPos. p = 0.0805[0m  |  [31m10000.000(5196.59-10000.00)[0m  |

### ** Found _9_ sites under pervasive positive diversifying and _3_ sites under negative selection at p <= 0.1**
