
Analysis Description
--------------------
FEL (Fixed Effects Likelihood) estimates site-wise synonymous (&alpha;)
and non-synonymous (&beta;) rates, and uses a likelihood ratio test to
determine if beta &neq; alpha at a site. The estimates aggregate
information over all branches, so the signal is derived from pervasive
diversification or conservation. A subset of branches can be selected
for testing as well, in which case an additional (nuisance) parameter
will be inferred -- the non-synonymous rate on branches NOT selected for
testing. Multiple partitions within a NEXUS file are also supported for
recombination - aware analysis. Version 2.5 adds MH support. 

- __Requirements__: in-frame codon alignment and a phylogenetic tree

- __Citation__: Not So Different After All: A Comparison of Methods for Detecting Amino
Acid Sites Under Selection (2005). _Mol Biol Evol_ 22 (5): 1208-1222

- __Written by__: Sergei L Kosakovsky Pond and Simon DW Frost

- __Contact Information__: spond@temple.edu

- __Analysis Version__: 2.5


>code => Universal

-------
>[WARNING]
'/Users/alex/Documents/AOC-develop/results/BDNF-64/gard/segments/BDNF-64.part2.codon.fas'
contains 40 duplicate sequences. Identical sequences do not contribute
any information to the analysis and only slow down computation. Please
consider removing duplicate or 'nearly' duplicate sequences, e.g. using
https://github.com/veg/hyphy-analyses/tree/master/remove-duplicates
prior to running selection analyses
-------
/Users/alex/Documents/AOC-develop/results/BDNF-64/selection/part2/FastTree.labelled.treefile
results/BDNF-64/selection/part2/FastTree.labelled.treefile

>Loaded a multiple sequence alignment with **60** sequences, **15** codons, and **1** partitions from `/Users/alex/Documents/AOC-develop/results/BDNF-64/gard/segments/BDNF-64.part2.codon.fas`

>branches => Test

>srv => Yes

>multiple-hits => None

>Select the p-value threshold to use when testing for selection (permissible range = [0,1], default value = 0.1): 
>pvalue => 0.1

>ci => Yes
Only analyze sites whose 1-based indices match the following list (null to skip) : 
>limit-to-sites => null
For sites whose 1-based indices match the following list, write out likelihood function snapshots (null string to skip) : 
>save-lf-for-sites => null

>[Advanced setting, will result in MUCH SLOWER run time] Perform parametric bootstrap resampling to derive site-level null LRT distributions up to this many replicates per site. Recommended use for small to medium (<30 sequences) datasets (permissible range = [0,1000], default value = 50, integer): 
>resample => 0


### Branches to include in the FEL analysis
Selected 20 branches to include in FEL calculations: `XM_007497196_2_PREDICTED_Monodelphis_domestica_brain_derived_neurotrophic_factor_BDNF_transcript_variant_X1_mRNA, XM_020977976_1_PREDICTED_Phascolarctos_cinereus_brain_derived_neurotrophic_factor_BDNF_transcript_variant_X1_mRNA, NM_001270630_1_Rattus_norvegicus_brain_derived_neurotrophic_factor_Bdnf_transcript_variant_1_mRNA, XM_015114598_2_PREDICTED_Macaca_mulatta_brain_derived_neurotrophic_factor_BDNF_transcript_variant_X1_mRNA, XM_029555090_1_PREDICTED_Nannospalax_galili_brain_derived_neurotrophic_factor_Bdnf_transcript_variant_X1_mRNA, XM_007653166_4_PREDICTED_Cricetulus_griseus_brain_derived_neurotrophic_factor_Bdnf_transcript_variant_X1_mRNA, NM_001709_5_Homo_sapiens_brain_derived_neurotrophic_factor_BDNF_transcript_variant_4_mRNA, NM_001012441_1_Pan_troglodytes_brain_derived_neurotrophic_factor_BDNF_mRNA, XM_005654684_3_PREDICTED_Sus_scrofa_brain_derived_neurotrophic_factor_BDNF_transcript_variant_X1_mRNA, XM_038429434_1_PREDICTED_Canis_lupus_familiaris_brain_derived_neurotrophic_factor_BDNF_transcript_variant_X1_mRNA, XM_005216334_4_PREDICTED_Bos_taurus_brain_derived_neurotrophic_factor_BDNF_transcript_variant_X1_mRNA, XM_012096129_4_PREDICTED_Ovis_aries_brain_derived_neurotrophic_factor_BDNF_transcript_variant_X2_mRNA, NM_001009828_1_Felis_catus_brain_derived_neurotrophic_factor_BDNF_mRNA, NM_001048142_1_Mus_musculus_brain_derived_neurotrophic_factor_Bdnf_transcript_variant_4_mRNA, NM_001081787_1_Equus_caballus_brain_derived_neurotrophic_factor_BDNF_mRNA, XM_036763631_1_PREDICTED_Trichosurus_vulpecula_brain_derived_neurotrophic_factor_BDNF_mRNA, XM_031944159_1_PREDICTED_Sarcophilus_harrisii_brain_derived_neurotrophic_factor_BDNF_transcript_variant_X1_mRNA, XM_011226480_3_PREDICTED_Ailuropoda_melanoleuca_brain_derived_neurotrophic_factor_BDNF_mRNA, XM_009007854_3_PREDICTED_Callithrix_jacchus_brain_derived_neurotrophic_factor_BDNF_transcript_variant_X1_mRNA, Node73`

>precision => standard


### Obtaining branch lengths and nucleotide substitution biases under the nucleotide GTR model

>kill-zero-lengths => Yes

### Deleted 3 zero-length internal branches: `Node12, Node2, Node7`
* Log(L) =  -601.00, AIC-c =  1381.86 (87 estimated parameters)
* 1 partition. Total tree length by partition (subs/site) 214.578

### Obtaining the global omega estimate based on relative GTR branch lengths and nucleotide substitution biases
* Log(L) =  -592.61, AIC-c =  1390.42 (92 estimated parameters)
* 1 partition. Total tree length by partition (subs/site) 207.334
* non-synonymous/synonymous rate ratio for *background* =   0.9850
* non-synonymous/synonymous rate ratio for *test* =   1.1462

>full-model => Yes

### Improving branch lengths, nucleotide substitution biases, and global dN/dS ratios under a full codon model
* Log(L) =  -591.27, AIC-c =  1387.75 (92 estimated parameters)
* 1 partition. Total tree length by partition (subs/site) 202.590
* non-synonymous/synonymous rate ratio for *background* =   0.6957
* non-synonymous/synonymous rate ratio for *test* =   2.6721

### For partition 1 these sites are significant at p <=0.1

|     Codon      |   Partition    |     alpha      |      beta      |      LRT       |Selection detected?|dN/dS with confidence intervals|
|:--------------:|:--------------:|:--------------:|:--------------:|:--------------:|:-----------------:|:-----------------------------:|
|       [31m3[0m        |       [31m1[0m        |   [31m     0.107[0m   |   [31m     3.306[0m   |   [31m     5.196[0m   |  [31mPos. p = 0.0226[0m  |   [31m 30.980(   3.33- 199.55)[0m    |
|       [32m4[0m        |       [32m1[0m        |   [32m    10.738[0m   |   [32m     0.000[0m   |   [32m     8.444[0m   |  [32mNeg. p = 0.0037[0m  |   [32m  0.000(   0.00-   0.19)[0m    |
|       [31m10[0m       |       [31m1[0m        |   [31m     0.453[0m   |   [31m    10.700[0m   |   [31m     4.781[0m   |  [31mPos. p = 0.0288[0m  |   [31m 23.616(   4.73- 127.13)[0m    |
|       [31m12[0m       |       [31m1[0m        |   [31m     0.000[0m   |   [31m     2.449[0m   |   [31m     5.624[0m   |  [31mPos. p = 0.0177[0m  |  [31m10000.000(3662.50-10000.00)[0m  |
|       [31m13[0m       |       [31m1[0m        |   [31m     0.509[0m   |   [31m     6.659[0m   |   [31m     5.113[0m   |  [31mPos. p = 0.0238[0m  |   [31m 13.077(   2.63-  63.75)[0m    |
|       [31m14[0m       |       [31m1[0m        |   [31m     0.160[0m   |   [31m    11.473[0m   |   [31m     8.613[0m   |  [31mPos. p = 0.0033[0m  |   [31m 71.770(  10.80- 339.77)[0m    |

### ** Found _5_ sites under pervasive positive diversifying and _1_ sites under negative selection at p <= 0.1**
