multiple-files: No

Analysis Description
--------------------
RELAX (a random effects test of selection relaxation) uses a random
effects branch-site model framework to test whether a set of 'Test'
branches evolves under relaxed selection relative to a set of
'Reference' branches (R), as measured by the relaxation parameter (K).
Version 2.1 adds a check for stability in K estimates to try to mitigate
convergence problems. Version 3 provides support for >2 branch sets.
Version 3.1 adds LHC + Nedler-Mead initial fit phase and keyword
support. Version 3.1.1 adds some bug fixes for better convergence.
Version 4.0 adds support for synonymous rate variation. Version 4.1 adds
further support for multiple hit models. Version 4.1.1 adds reporting
for convergence diagnostics. Version 4.5 adds support for multiple
datasets for joint testing.

- __Requirements__: in-frame codon alignment and a phylogenetic tree, with at least two
groups of branches defined using the {} notation (one group can be
defined as all unlabeled branches)

- __Citation__: RELAX: Detecting Relaxed Selection in a Phylogenetic Framework (2015).
Mol Biol Evol 32 (3): 820-832

- __Written by__: Sergei L Kosakovsky Pond, Ben Murrell, Steven Weaver and Temple iGEM /
UCSD viral evolution g

- __Contact Information__: spond@temple.edu

- __Analysis Version__: 4.5


>code => Universal

-------
>[WARNING]
'/Users/alex/Documents/AOC-develop/results/BDNF-64/gard/segments/BDNF-64.part4.codon.fas'
contains 4 duplicate sequences. Identical sequences do not contribute
any information to the analysis and only slow down computation. Please
consider removing duplicate or 'nearly' duplicate sequences, e.g. using
https://github.com/veg/hyphy-analyses/tree/master/remove-duplicates
prior to running selection analyses
-------
/Users/alex/Documents/AOC-develop/results/BDNF-64/selection/part4/FastTree.labelled.treefile
results/BDNF-64/selection/part4/FastTree.labelled.treefile

>Loaded a multiple sequence alignment with **60** sequences, **234** codons, and **1** partitions from `/Users/alex/Documents/AOC-develop/results/BDNF-64/gard/segments/BDNF-64.part4.codon.fas`

>test => Test
The number of points in the initial distributional guess for likelihood fitting (permissible range = [1,10000], default value = 250, integer): 
>grid-size => 250
The number of initial random guesses to 'seed' rate values optimization (permissible range = [1,25], default value = 1, integer): 
>starting-points => 1


### Branch sets for RELAX analysis

>multiple-hits => None

* Selected 94 branches as the _Reference_ set: `Node1, Node10, Node102, Node104, Node106, Node109, Node112, Node114, Node12, Node15, Node17, Node19, Node2, Node21, Node23, Node25, Node29, Node3, Node30, Node31, Node32, Node33, Node35, Node37, Node40, Node43, Node44, Node46, Node47, Node48, Node51, Node53, Node55, Node58, Node6, Node61, Node62, Node64, Node66, Node68, Node7, Node71, Node73, Node74, Node77, Node79, Node82, Node83, Node9, Node93, Node95, Node97, Node99, XM_004408653_1_PREDICTED_Odobenus_rosmarus_divergens_brain_derived_neurotrophic_factor_BDNF_transcript_variant_X1_mRNA, XM_004585440_1_PREDICTED_Ochotona_princeps_brain_derived_neurotrophic_factor_BDNF_transcript_variant_X1_mRNA, XM_004644113_2_PREDICTED_Octodon_degus_brain_derived_neurotrophic_factor_Bdnf_transcript_variant_X1_mRNA, XM_004660846_2_PREDICTED_Jaculus_jaculus_brain_derived_neurotrophic_factor_Bdnf_transcript_variant_X1_mRNA, XM_004851581_3_PREDICTED_Heterocephalus_glaber_brain_derived_neurotrophic_factor_Bdnf_transcript_variant_X1_mRNA, XM_005401751_2_PREDICTED_Chinchilla_lanigera_brain_derived_neurotrophic_factor_Bdnf_transcript_variant_X1_mRNA, XM_005890667_2_PREDICTED_Bos_mutus_brain_derived_neurotrophic_factor_BDNF_transcript_variant_X1_mRNA, XM_006068006_2_PREDICTED_Bubalus_bubalis_brain_derived_neurotrophic_factor_BDNF_transcript_variant_X2_mRNA, XM_008686880_2_PREDICTED_Ursus_maritimus_brain_derived_neurotrophic_factor_BDNF_mRNA, XM_010831788_1_PREDICTED_Bison_bison_bison_brain_derived_neurotrophic_factor_BDNF_transcript_variant_X1_mRNA, XM_013019592_1_PREDICTED_Dipodomys_ordii_brain_derived_neurotrophic_factor_Bdnf_transcript_variant_X1_mRNA, XM_013147262_2_PREDICTED_Cavia_porcellus_brain_derived_neurotrophic_factor_Bdnf_transcript_variant_X1_mRNA, XM_015476449_1_PREDICTED_Marmota_marmota_marmota_brain_derived_neurotrophic_factor_Bdnf_transcript_variant_X1_mRNA, XM_015544869_1_PREDICTED_Panthera_tigris_altaica_brain_derived_neurotrophic_factor_BDNF_mRNA, XM_019974522_1_PREDICTED_Bos_indicus_brain_derived_neurotrophic_factor_BDNF_mRNA, XM_020177315_1_PREDICTED_Castor_canadensis_brain_derived_neurotrophic_factor_Bdnf_mRNA, XM_020903256_1_PREDICTED_Odocoileus_virginianus_texanus_brain_derived_neurotrophic_factor_BDNF_transcript_variant_X1_mRNA, XM_021151236_2_PREDICTED_Mus_caroli_brain_derived_neurotrophic_factor_Bdnf_mRNA, XM_021192829_2_PREDICTED_Mus_pahari_brain_derived_neurotrophic_factor_Bdnf_mRNA, XM_021685880_1_PREDICTED_Neomonachus_schauinslandi_brain_derived_neurotrophic_factor_BDNF_transcript_variant_X1_mRNA, XM_025879326_1_PREDICTED_Callorhinus_ursinus_brain_derived_neurotrophic_factor_BDNF_mRNA, XM_026018600_1_PREDICTED_Vulpes_vulpes_brain_derived_neurotrophic_factor_BDNF_transcript_variant_X1_mRNA, XM_026412272_1_PREDICTED_Urocitellus_parryii_brain_derived_neurotrophic_factor_Bdnf_transcript_variant_X1_mRNA, XM_027577807_1_PREDICTED_Zalophus_californianus_brain_derived_neurotrophic_factor_BDNF_transcript_variant_X1_mRNA, XM_027852578_1_PREDICTED_Vombatus_ursinus_brain_derived_neurotrophic_factor_BDNF_transcript_variant_X1_mRNA, XM_027936596_1_PREDICTED_Marmota_flaviventris_brain_derived_neurotrophic_factor_Bdnf_transcript_variant_X1_mRNA, XM_028117708_1_PREDICTED_Eumetopias_jubatus_brain_derived_neurotrophic_factor_BDNF_transcript_variant_X1_mRNA, XM_029957152_1_PREDICTED_Suricata_suricatta_brain_derived_neurotrophic_factor_BDNF_transcript_variant_X1_mRNA, XM_030333208_1_PREDICTED_Lynx_canadensis_brain_derived_neurotrophic_factor_BDNF_mRNA, XM_031025064_1_PREDICTED_Leptonychotes_weddellii_brain_derived_neurotrophic_factor_BDNF_transcript_variant_X1_mRNA, XM_031371313_1_PREDICTED_Mastomys_coucha_brain_derived_neurotrophic_factor_Bdnf_transcript_variant_X1_mRNA, XM_032414183_1_PREDICTED_Phoca_vitulina_brain_derived_neurotrophic_factor_BDNF_transcript_variant_X6_mRNA, XM_032903861_1_PREDICTED_Rattus_rattus_brain_derived_neurotrophic_factor_Bdnf_transcript_variant_X1_mRNA, XM_033764060_1_PREDICTED_Fukomys_damarensis_brain_derived_neurotrophic_factor_Bdnf_mRNA, XM_035012477_1_PREDICTED_Mirounga_leonina_brain_derived_neurotrophic_factor_BDNF_mRNA, XM_036109493_1_PREDICTED_Halichoerus_grypus_brain_derived_neurotrophic_factor_BDNF_transcript_variant_X1_mRNA, XM_037204438_1_PREDICTED_Peromyscus_leucopus_brain_derived_neurotrophic_factor_Bdnf_mRNA, XM_039217098_1_PREDICTED_Hyaena_hyaena_brain_derived_neurotrophic_factor_BDNF_mRNA, XM_040284582_1_PREDICTED_Ictidomys_tridecemlineatus_brain_derived_neurotrophic_factor_Bdnf_transcript_variant_X1_mRNA, XM_040980297_1_PREDICTED_Ochotona_curzoniae_brain_derived_neurotrophic_factor_BDNF_transcript_variant_X1_mRNA, XM_041730708_1_PREDICTED_Vulpes_lagopus_brain_derived_neurotrophic_factor_BDNF_transcript_variant_X1_mRNA`

* Selected 22 branches as the _Test_ set: `NM_001009828_1_Felis_catus_brain_derived_neurotrophic_factor_BDNF_mRNA, NM_001012441_1_Pan_troglodytes_brain_derived_neurotrophic_factor_BDNF_mRNA, NM_001048142_1_Mus_musculus_brain_derived_neurotrophic_factor_Bdnf_transcript_variant_4_mRNA, NM_001081787_1_Equus_caballus_brain_derived_neurotrophic_factor_BDNF_mRNA, NM_001270630_1_Rattus_norvegicus_brain_derived_neurotrophic_factor_Bdnf_transcript_variant_1_mRNA, NM_001709_5_Homo_sapiens_brain_derived_neurotrophic_factor_BDNF_transcript_variant_4_mRNA, Node86, Node88, Node90, XM_005216334_4_PREDICTED_Bos_taurus_brain_derived_neurotrophic_factor_BDNF_transcript_variant_X1_mRNA, XM_005654684_3_PREDICTED_Sus_scrofa_brain_derived_neurotrophic_factor_BDNF_transcript_variant_X1_mRNA, XM_007497196_2_PREDICTED_Monodelphis_domestica_brain_derived_neurotrophic_factor_BDNF_transcript_variant_X1_mRNA, XM_007653166_4_PREDICTED_Cricetulus_griseus_brain_derived_neurotrophic_factor_Bdnf_transcript_variant_X1_mRNA, XM_009007854_3_PREDICTED_Callithrix_jacchus_brain_derived_neurotrophic_factor_BDNF_transcript_variant_X1_mRNA, XM_011226480_3_PREDICTED_Ailuropoda_melanoleuca_brain_derived_neurotrophic_factor_BDNF_mRNA, XM_012096129_4_PREDICTED_Ovis_aries_brain_derived_neurotrophic_factor_BDNF_transcript_variant_X2_mRNA, XM_015114598_2_PREDICTED_Macaca_mulatta_brain_derived_neurotrophic_factor_BDNF_transcript_variant_X1_mRNA, XM_020977976_1_PREDICTED_Phascolarctos_cinereus_brain_derived_neurotrophic_factor_BDNF_transcript_variant_X1_mRNA, XM_029555090_1_PREDICTED_Nannospalax_galili_brain_derived_neurotrophic_factor_Bdnf_transcript_variant_X1_mRNA, XM_031944159_1_PREDICTED_Sarcophilus_harrisii_brain_derived_neurotrophic_factor_BDNF_transcript_variant_X1_mRNA, XM_036763631_1_PREDICTED_Trichosurus_vulpecula_brain_derived_neurotrophic_factor_BDNF_mRNA, XM_038429434_1_PREDICTED_Canis_lupus_familiaris_brain_derived_neurotrophic_factor_BDNF_transcript_variant_X1_mRNA`
The number omega rate classes to include in the model (permissible range = [2,10], default value = 3, integer): 
>rates => 3

>models => All

>srv => No


### Obtaining branch lengths and nucleotide substitution biases under the nucleotide GTR model

>kill-zero-lengths => Yes

### Deleted 4 zero-length internal branches: `Node112, Node21, Node25, Node95`
* Log(L) = -5594.91, AIC-c = 11438.57 (124 estimated parameters)
* 1 partition. Total tree length by partition (subs/site)  1.302

### Obtaining the global omega estimate based on relative GTR branch lengths and nucleotide substitution biases
* Log(L) = -4912.52, AIC-c = 10083.41 (128 estimated parameters)
* 1 partition. Total tree length by partition (subs/site)  1.403
* non-synonymous/synonymous rate ratio for *Reference* =   0.0607
* non-synonymous/synonymous rate ratio for *Test* =   0.0542

### Improving branch lengths, nucleotide substitution biases, and global dN/dS ratios under a full codon model
* Log(L) = -4872.01, AIC-c = 10002.40 (128 estimated parameters)
* 1 partition. Total tree length by partition (subs/site)  1.409
* non-synonymous/synonymous rate ratio for *Reference* =   0.0512
* non-synonymous/synonymous rate ratio for *Test* =   0.0466

### Fitting the general descriptive (separate k per branch) model

### * Log(L) = -4818.86, AIC-c = 10132.32 (243 estimated parameters)
* The following baseline rate distribution for branch-site combinations was inferred

|          Selection mode           |     dN/dS     |Proportion, %|               Notes               |
|-----------------------------------|---------------|-------------|-----------------------------------|
|        Negative selection         |     0.000     |   98.250    |                                   |
|        Negative selection         |     0.851     |    1.741    |                                   |
|      Diversifying selection       |   11060.676   |    0.009    |       Not supported by data       |

* Branch-level relaxation or intensification parameter distribution has mean  1.17, median  0.21, and 95% of the weight in  0.08 - 50.00

### Fitting the alternative model to test K != 1
* Log(L) = -4872.01, AIC-c = 10010.55 (132 estimated parameters)
* Relaxation/intensification parameter (K) =     1.03
* The following rate distribution was inferred for **test** branches

|          Selection mode           |     dN/dS     |Proportion, %|               Notes               |
|-----------------------------------|---------------|-------------|-----------------------------------|
|        Negative selection         |     0.047     |   100.000   |                                   |
|        Negative selection         |     0.984     |    0.000    |       Not supported by data       |
|      Diversifying selection       |   14185.933   |    0.000    |       Not supported by data       |

* The following rate distribution was inferred for **reference** branches

|          Selection mode           |     dN/dS     |Proportion, %|               Notes               |
|-----------------------------------|---------------|-------------|-----------------------------------|
|        Negative selection         |     0.051     |   100.000   |                                   |
|        Negative selection         |     0.984     |    0.000    |       Not supported by data       |
|      Diversifying selection       |   10609.276   |    0.000    |       Not supported by data       |


### * Potential convergence issues due to flat likelihood surfaces; checking to see whether K > 1 or K < 1 is robustly inferred

### * Attempt to fit an alternative direction of K
* Log(L) = -4872.08, AIC-c = 10010.68 (132 estimated parameters)
* Relaxation/intensification parameter (K) =     1.00
* The following rate distribution was inferred for **test** branches

|          Selection mode           |     dN/dS     |Proportion, %|               Notes               |
|-----------------------------------|---------------|-------------|-----------------------------------|
|        Negative selection         |     0.050     |   100.000   |                                   |
|        Negative selection         |     0.944     |    0.000    |       Not supported by data       |
|      Diversifying selection       |    490.640    |    0.000    |       Not supported by data       |

* The following rate distribution was inferred for **reference** branches

|          Selection mode           |     dN/dS     |Proportion, %|               Notes               |
|-----------------------------------|---------------|-------------|-----------------------------------|
|        Negative selection         |     0.050     |   100.000   |                                   |
|        Negative selection         |     0.944     |    0.000    |       Not supported by data       |
|      Diversifying selection       |    490.640    |    0.000    |       Not supported by data       |


### Fitting the null (K := 1) model
* Log(L) = -4872.08, AIC-c = 10008.64 (131 estimated parameters)
* The following rate distribution for test/reference branches was inferred

|          Selection mode           |     dN/dS     |Proportion, %|               Notes               |
|-----------------------------------|---------------|-------------|-----------------------------------|
|        Negative selection         |     0.050     |   100.000   |                                   |
|        Negative selection         |     0.944     |    0.000    |       Not supported by data       |
|      Diversifying selection       |    490.640    |    0.000    |       Not supported by data       |

----
## Test for relaxation (or intensification) of selection [RELAX]
Likelihood ratio test **p =   0.7169**.
>No significant evidence for relaxation (or intensification) of selection among **test** branches _relative_ to the **reference** branches at P<=0.05
----


### Fitting the partitioned descriptive model (completely separate rate distributions for branch sets)
* Log(L) = -4869.54, AIC-c = 10013.76 (136 estimated parameters)
* The following rate distribution was inferred for *test* branches 

|          Selection mode           |     dN/dS     |Proportion, %|               Notes               |
|-----------------------------------|---------------|-------------|-----------------------------------|
|        Negative selection         |     0.037     |   99.842    |                                   |
|         Neutral evolution         |     1.000     |    0.000    |       Not supported by data       |
|      Diversifying selection       |    12.675     |    0.158    |                                   |

* The following rate distribution was inferred for *reference* branches 

|          Selection mode           |     dN/dS     |Proportion, %|               Notes               |
|-----------------------------------|---------------|-------------|-----------------------------------|
|        Negative selection         |     0.051     |   100.000   |                                   |
|        Negative selection         |     0.900     |    0.000    |       Not supported by data       |
|      Diversifying selection       |    108.265    |    0.000    |       Not supported by data       |

END
END
END
END
