Read 60 sequences from input file 
Will perform approximately 1770 pairwise distance calculations
Progress: 
Created 40 clusters
Read 40 sequences from input file 
Will perform approximately 780 pairwise distance calculations
Progress: 
Created 38 clusters
Read 38 sequences from input file 
Will perform approximately 703 pairwise distance calculations
Progress: 
Created 35 clusters
Read 35 sequences from input file 
Will perform approximately 595 pairwise distance calculations
Progress: 
Created 33 clusters
Read 33 sequences from input file 
Will perform approximately 528 pairwise distance calculations
Progress: 
Created 32 clusters
Read 32 sequences from input file 
Will perform approximately 496 pairwise distance calculations
Progress: 
Created 29 clusters
Read 29 sequences from input file 
Will perform approximately 406 pairwise distance calculations
Progress: 
Created 28 clusters
Read 28 sequences from input file 
Will perform approximately 378 pairwise distance calculations
Progress: 
Created 26 clusters
Read 26 sequences from input file 
Will perform approximately 325 pairwise distance calculations
Progress: 
Created 22 clusters
Read 22 sequences from input file 
Will perform approximately 231 pairwise distance calculations
Progress: 
Created 16 clusters
tn93-cluster -f -o results/BDNF-64/BDNF-64.RD.SA.codons.cln.fa.cluster.json -t 0.01 results/BDNF-64/BDNF-64.RD.SA.codons.cln.fa
# Saving to fasta: results/BDNF-64/BDNF-64.RD.SA.codons.cln.fa.cluster.fasta
# Current number of sequences 40
tn93-cluster -f -o results/BDNF-64/BDNF-64.RD.SA.codons.cln.fa.cluster.json -t 0.0125 results/BDNF-64/BDNF-64.RD.SA.codons.cln.fa.cluster.fasta
# Saving to fasta: results/BDNF-64/BDNF-64.RD.SA.codons.cln.fa.cluster.fasta
# Current number of sequences 38
tn93-cluster -f -o results/BDNF-64/BDNF-64.RD.SA.codons.cln.fa.cluster.json -t 0.015625 results/BDNF-64/BDNF-64.RD.SA.codons.cln.fa.cluster.fasta
# Saving to fasta: results/BDNF-64/BDNF-64.RD.SA.codons.cln.fa.cluster.fasta
# Current number of sequences 35
tn93-cluster -f -o results/BDNF-64/BDNF-64.RD.SA.codons.cln.fa.cluster.json -t 0.0195312 results/BDNF-64/BDNF-64.RD.SA.codons.cln.fa.cluster.fasta
# Saving to fasta: results/BDNF-64/BDNF-64.RD.SA.codons.cln.fa.cluster.fasta
# Current number of sequences 33
tn93-cluster -f -o results/BDNF-64/BDNF-64.RD.SA.codons.cln.fa.cluster.json -t 0.0244141 results/BDNF-64/BDNF-64.RD.SA.codons.cln.fa.cluster.fasta
# Saving to fasta: results/BDNF-64/BDNF-64.RD.SA.codons.cln.fa.cluster.fasta
# Current number of sequences 32
tn93-cluster -f -o results/BDNF-64/BDNF-64.RD.SA.codons.cln.fa.cluster.json -t 0.0305176 results/BDNF-64/BDNF-64.RD.SA.codons.cln.fa.cluster.fasta
# Saving to fasta: results/BDNF-64/BDNF-64.RD.SA.codons.cln.fa.cluster.fasta
# Current number of sequences 29
tn93-cluster -f -o results/BDNF-64/BDNF-64.RD.SA.codons.cln.fa.cluster.json -t 0.038147 results/BDNF-64/BDNF-64.RD.SA.codons.cln.fa.cluster.fasta
# Saving to fasta: results/BDNF-64/BDNF-64.RD.SA.codons.cln.fa.cluster.fasta
# Current number of sequences 28
tn93-cluster -f -o results/BDNF-64/BDNF-64.RD.SA.codons.cln.fa.cluster.json -t 0.0476837 results/BDNF-64/BDNF-64.RD.SA.codons.cln.fa.cluster.fasta
# Saving to fasta: results/BDNF-64/BDNF-64.RD.SA.codons.cln.fa.cluster.fasta
# Current number of sequences 26
tn93-cluster -f -o results/BDNF-64/BDNF-64.RD.SA.codons.cln.fa.cluster.json -t 0.0596046 results/BDNF-64/BDNF-64.RD.SA.codons.cln.fa.cluster.fasta
# Saving to fasta: results/BDNF-64/BDNF-64.RD.SA.codons.cln.fa.cluster.fasta
# Current number of sequences 22
tn93-cluster -f -o results/BDNF-64/BDNF-64.RD.SA.codons.cln.fa.cluster.json -t 0.0745058 results/BDNF-64/BDNF-64.RD.SA.codons.cln.fa.cluster.fasta
# Saving to fasta: results/BDNF-64/BDNF-64.RD.SA.codons.cln.fa.cluster.fasta
# Current number of sequences 16
