Config file config/config.yaml is extended by additional config specified via the command line.
Assuming unrestricted shared filesystem usage.
host: Alexs-MacBook-Pro-2.local
Building DAG of jobs...
Using shell: /bin/bash
Provided cores: 10
Rules claiming more threads will be scaled down.
Job stats:
job                               count
------------------------------  -------
MergeABSRELCSVs                       1
MergeBUSTEDS_MH_CSVs                  1
MergeCFELCSVs                         1
MergeFELCSVs                          1
MergeMEMECSVs                         1
MergeRELAXCSVs                        1
PlotFELMerge                          1
PlotMEMEMerge                         1
SelectionOverviewTable                1
all                                   1
build_header_map_and_test_list        1
cln                                   1
macse                                 1
parse_gard                            1
recombination                         1
remove_duplicates_msa                 1
run_selection_all_partitions          1
strike_ambigs_msa                     1
tn93_cluster                          1
total                                19

Select jobs to execute...
Failed to solve scheduling problem with ILP solver, falling back to greedy scheduler. You likely have to fix your ILP solver installation. Error message: PULP_CBC_CMD: Not Available (check permissions on cbc)
Execute 2 jobs...
[Fri Mar 20 20:09:48 2026]
localrule build_header_map_and_test_list:
    input: /Users/alex/Documents/AOC-develop-new-snakemake/data/BDNF/BDNF-64.sequence_labels.csv
    output: results/BDNF-64/BDNF-64.sequence_header_map.csv, results/BDNF-64/BDNF-64.test_sequences.txt
    log: results/logs/build_header_map_and_test_list.BDNF-64.log
    jobid: 9
    reason: Missing output files: results/BDNF-64/BDNF-64.test_sequences.txt, results/BDNF-64/BDNF-64.sequence_header_map.csv
    wildcards: sample=BDNF-64
    resources: tmpdir=/var/folders/3l/76gtv9qd0v3_8hn3cb7hfbs40000gn/T
Shell command: None
[Fri Mar 20 20:09:48 2026]
localrule macse:
    input: /Users/alex/Documents/AOC-develop-new-snakemake/data/BDNF/BDNF-64.fasta
    output: results/BDNF-64/BDNF-64.codons.fa, results/BDNF-64/BDNF-64.aa.fa
    log: results/logs/macse.BDNF-64.log
    jobid: 4
    reason: Missing output files: results/BDNF-64/BDNF-64.codons.fa
    wildcards: sample=BDNF-64
    resources: tmpdir=/var/folders/3l/76gtv9qd0v3_8hn3cb7hfbs40000gn/T, mem_mb=2048, mem_mib=1954
Shell command: 
        mkdir -p results/BDNF-64
        bash "scripts/run_macse_with_heap.sh" \
          --macse-bin "macse" \
          --xms-mb 512 \
          --xmx-mb 2048 \
          -- \
          -prog alignSequences \
          -seq "/Users/alex/Documents/AOC-develop-new-snakemake/data/BDNF/BDNF-64.fasta" \
          -out_NT "results/BDNF-64/BDNF-64.codons.fa" \
          -out_AA "results/BDNF-64/BDNF-64.aa.fa" \
          -max_refine_iter 3 \
          -local_realign_init 0.3 \
          -local_realign_dec 0.2 \
          > results/logs/macse.BDNF-64.log 2>&1
        
[Fri Mar 20 20:09:51 2026]
Finished jobid: 9 (Rule: build_header_map_and_test_list)
1 of 19 steps (5%) done
[Fri Mar 20 20:10:07 2026]
Finished jobid: 4 (Rule: macse)
2 of 19 steps (11%) done
Select jobs to execute...
Execute 1 jobs...
[Fri Mar 20 20:10:07 2026]
localrule cln:
    input: results/BDNF-64/BDNF-64.codons.fa
    output: results/BDNF-64/BDNF-64.codons.cln.fa
    log: results/logs/cln.BDNF-64.log
    jobid: 3
    reason: Missing output files: results/BDNF-64/BDNF-64.codons.cln.fa; Input files updated by another job: results/BDNF-64/BDNF-64.codons.fa
    wildcards: sample=BDNF-64
    resources: tmpdir=/var/folders/3l/76gtv9qd0v3_8hn3cb7hfbs40000gn/T
Shell command: 
        hyphy CLN Universal results/BDNF-64/BDNF-64.codons.fa 'No/No' results/BDNF-64/BDNF-64.codons.cln.fa > results/logs/cln.BDNF-64.log 2>&1
        
[Fri Mar 20 20:10:07 2026]
Finished jobid: 3 (Rule: cln)
3 of 19 steps (16%) done
Select jobs to execute...
Execute 1 jobs...
[Fri Mar 20 20:10:07 2026]
localrule strike_ambigs_msa:
    input: results/BDNF-64/BDNF-64.codons.cln.fa
    output: results/BDNF-64/BDNF-64.SA.codons.cln.fa
    log: results/logs/strike_ambigs_msa.BDNF-64.log
    jobid: 2
    reason: Missing output files: results/BDNF-64/BDNF-64.SA.codons.cln.fa; Input files updated by another job: results/BDNF-64/BDNF-64.codons.cln.fa
    wildcards: sample=BDNF-64
    resources: tmpdir=/var/folders/3l/76gtv9qd0v3_8hn3cb7hfbs40000gn/T
Shell command: 
        hyphy scripts/strike-ambigs.bf --alignment results/BDNF-64/BDNF-64.codons.cln.fa --output results/BDNF-64/BDNF-64.SA.codons.cln.fa > results/logs/strike_ambigs_msa.BDNF-64.log 2>&1
        
[Fri Mar 20 20:10:07 2026]
Finished jobid: 2 (Rule: strike_ambigs_msa)
4 of 19 steps (21%) done
Select jobs to execute...
Execute 1 jobs...
[Fri Mar 20 20:10:07 2026]
localrule remove_duplicates_msa:
    input: results/BDNF-64/BDNF-64.SA.codons.cln.fa
    output: results/BDNF-64/BDNF-64.RD.SA.codons.cln.fa
    log: results/logs/remove_duplicates_msa.BDNF-64.log
    jobid: 1
    reason: Missing output files: results/BDNF-64/BDNF-64.RD.SA.codons.cln.fa; Input files updated by another job: results/BDNF-64/BDNF-64.SA.codons.cln.fa
    wildcards: sample=BDNF-64
    resources: tmpdir=/var/folders/3l/76gtv9qd0v3_8hn3cb7hfbs40000gn/T
Shell command: 
        hyphy software/remove-duplicates/remove-duplicates.bf --msa results/BDNF-64/BDNF-64.SA.codons.cln.fa --output results/BDNF-64/BDNF-64.RD.SA.codons.cln.fa ENV='DATA_FILE_PRINT_FORMAT=9' > results/logs/remove_duplicates_msa.BDNF-64.log 2>&1
        
[Fri Mar 20 20:10:07 2026]
Finished jobid: 1 (Rule: remove_duplicates_msa)
5 of 19 steps (26%) done
Select jobs to execute...
Execute 1 jobs...
[Fri Mar 20 20:10:07 2026]
localrule tn93_cluster:
    input: results/BDNF-64/BDNF-64.RD.SA.codons.cln.fa
    output: results/BDNF-64/BDNF-64.RD.SA.codons.cln.fa.cluster.json, results/BDNF-64/BDNF-64.RD.SA.codons.cln.fa.cluster.fasta
    log: results/logs/tn93_cluster.BDNF-64.log
    jobid: 6
    reason: Missing output files: results/BDNF-64/BDNF-64.RD.SA.codons.cln.fa.cluster.fasta; Input files updated by another job: results/BDNF-64/BDNF-64.RD.SA.codons.cln.fa
    wildcards: sample=BDNF-64
    resources: tmpdir=/var/folders/3l/76gtv9qd0v3_8hn3cb7hfbs40000gn/T
Shell command: 
        python scripts/tn93_cluster.py \
          --input results/BDNF-64/BDNF-64.RD.SA.codons.cln.fa \
          --output_fasta results/BDNF-64/BDNF-64.RD.SA.codons.cln.fa.cluster.fasta \
          --output_json results/BDNF-64/BDNF-64.RD.SA.codons.cln.fa.cluster.json \
          --threshold 0.01 \
          --max_retain 20 \
          > results/logs/tn93_cluster.BDNF-64.log 2>&1
        
[Fri Mar 20 20:10:07 2026]
Finished jobid: 6 (Rule: tn93_cluster)
6 of 19 steps (32%) done
Select jobs to execute...
Execute 1 jobs...
[Fri Mar 20 20:10:07 2026]
localrule recombination:
    input: results/BDNF-64/BDNF-64.RD.SA.codons.cln.fa.cluster.fasta
    output: results/BDNF-64/BDNF-64.RD.SA.codons.cln.fa.cluster.fasta.GARD.json, results/BDNF-64/BDNF-64.RD.SA.codons.cln.fa.cluster.fasta.best-gard
    log: results/logs/recombination.BDNF-64.log
    jobid: 5
    reason: Missing output files: results/BDNF-64/BDNF-64.RD.SA.codons.cln.fa.cluster.fasta.best-gard; Input files updated by another job: results/BDNF-64/BDNF-64.RD.SA.codons.cln.fa.cluster.fasta
    wildcards: sample=BDNF-64
    threads: 8
    resources: tmpdir=/var/folders/3l/76gtv9qd0v3_8hn3cb7hfbs40000gn/T
Shell command: None
[Fri Mar 20 20:22:05 2026]
Finished jobid: 5 (Rule: recombination)
7 of 19 steps (37%) done
Select jobs to execute...
Execute 1 jobs...
[Fri Mar 20 20:22:05 2026]
localcheckpoint parse_gard:
    input: results/BDNF-64/BDNF-64.RD.SA.codons.cln.fa.cluster.fasta.best-gard, results/BDNF-64/BDNF-64.RD.SA.codons.cln.fa.cluster.fasta
    output: results/BDNF-64/gard/segments.json, results/BDNF-64/gard/segments, results/BDNF-64/BDNF-64.gard.log
    jobid: 8
    reason: Missing output files: <TBD>; Input files updated by another job: results/BDNF-64/BDNF-64.RD.SA.codons.cln.fa.cluster.fasta.best-gard, results/BDNF-64/BDNF-64.RD.SA.codons.cln.fa.cluster.fasta
    wildcards: sample=BDNF-64
    resources: tmpdir=/var/folders/3l/76gtv9qd0v3_8hn3cb7hfbs40000gn/T
Shell command: None
DAG of jobs will be updated after completion.
[Fri Mar 20 20:22:08 2026]
Finished jobid: 8 (Rule: parse_gard)
8 of 19 steps (42%) done
Updating checkpoint dependencies.
Select jobs to execute...
Execute 4 jobs...
[Fri Mar 20 20:22:08 2026]
localrule iqtree_partition:
    input: results/BDNF-64/gard/segments/BDNF-64.part4.codon.fas
    output: results/BDNF-64/selection/part4/IQ-TREE.treefile
    log: results/logs/iqtree_partition.BDNF-64.part4.log
    jobid: 61
    reason: Missing output files: results/BDNF-64/selection/part4/IQ-TREE.treefile
    wildcards: sample=BDNF-64, part=4
    resources: tmpdir=/var/folders/3l/76gtv9qd0v3_8hn3cb7hfbs40000gn/T
Shell command: 
        mkdir -p results/BDNF-64/selection/part4
        iqtree \
          -s results/BDNF-64/gard/segments/BDNF-64.part4.codon.fas \
          -st DNA \
          -m GTR+G \
          -nt AUTO \
          --prefix results/BDNF-64/selection/part4/IQ-TREE \
          --redo \
          > results/logs/iqtree_partition.BDNF-64.part4.log 2>&1
        
[Fri Mar 20 20:22:08 2026]
localrule iqtree_partition:
    input: results/BDNF-64/gard/segments/BDNF-64.part3.codon.fas
    output: results/BDNF-64/selection/part3/IQ-TREE.treefile
    log: results/logs/iqtree_partition.BDNF-64.part3.log
    jobid: 53
    reason: Missing output files: results/BDNF-64/selection/part3/IQ-TREE.treefile
    wildcards: sample=BDNF-64, part=3
    resources: tmpdir=/var/folders/3l/76gtv9qd0v3_8hn3cb7hfbs40000gn/T
Shell command: 
        mkdir -p results/BDNF-64/selection/part3
        iqtree \
          -s results/BDNF-64/gard/segments/BDNF-64.part3.codon.fas \
          -st DNA \
          -m GTR+G \
          -nt AUTO \
          --prefix results/BDNF-64/selection/part3/IQ-TREE \
          --redo \
          > results/logs/iqtree_partition.BDNF-64.part3.log 2>&1
        
[Fri Mar 20 20:22:08 2026]
localrule iqtree_partition:
    input: results/BDNF-64/gard/segments/BDNF-64.part2.codon.fas
    output: results/BDNF-64/selection/part2/IQ-TREE.treefile
    log: results/logs/iqtree_partition.BDNF-64.part2.log
    jobid: 45
    reason: Missing output files: results/BDNF-64/selection/part2/IQ-TREE.treefile
    wildcards: sample=BDNF-64, part=2
    resources: tmpdir=/var/folders/3l/76gtv9qd0v3_8hn3cb7hfbs40000gn/T
Shell command: 
        mkdir -p results/BDNF-64/selection/part2
        iqtree \
          -s results/BDNF-64/gard/segments/BDNF-64.part2.codon.fas \
          -st DNA \
          -m GTR+G \
          -nt AUTO \
          --prefix results/BDNF-64/selection/part2/IQ-TREE \
          --redo \
          > results/logs/iqtree_partition.BDNF-64.part2.log 2>&1
        
[Fri Mar 20 20:22:08 2026]
localrule iqtree_partition:
    input: results/BDNF-64/gard/segments/BDNF-64.part1.codon.fas
    output: results/BDNF-64/selection/part1/IQ-TREE.treefile
    log: results/logs/iqtree_partition.BDNF-64.part1.log
    jobid: 37
    reason: Missing output files: results/BDNF-64/selection/part1/IQ-TREE.treefile
    wildcards: sample=BDNF-64, part=1
    resources: tmpdir=/var/folders/3l/76gtv9qd0v3_8hn3cb7hfbs40000gn/T
Shell command: 
        mkdir -p results/BDNF-64/selection/part1
        iqtree \
          -s results/BDNF-64/gard/segments/BDNF-64.part1.codon.fas \
          -st DNA \
          -m GTR+G \
          -nt AUTO \
          --prefix results/BDNF-64/selection/part1/IQ-TREE \
          --redo \
          > results/logs/iqtree_partition.BDNF-64.part1.log 2>&1
        
RuleException:
CalledProcessError in file "/Users/alex/Documents/AOC-develop-new-snakemake/workflow/rules/selection.smk", line 22:
Command 'set -euo pipefail;  
        mkdir -p results/BDNF-64/selection/part2
        iqtree \
          -s results/BDNF-64/gard/segments/BDNF-64.part2.codon.fas \
          -st DNA \
          -m GTR+G \
          -nt AUTO \
          --prefix results/BDNF-64/selection/part2/IQ-TREE \
          --redo \
          > results/logs/iqtree_partition.BDNF-64.part2.log 2>&1' returned non-zero exit status 2.
[Fri Mar 20 20:22:08 2026]
Error in rule iqtree_partition:
    message: None
    jobid: 45
    input: results/BDNF-64/gard/segments/BDNF-64.part2.codon.fas
    output: results/BDNF-64/selection/part2/IQ-TREE.treefile
    log: results/logs/iqtree_partition.BDNF-64.part2.log (check log file(s) for error details)
    shell:
        
        mkdir -p results/BDNF-64/selection/part2
        iqtree \
          -s results/BDNF-64/gard/segments/BDNF-64.part2.codon.fas \
          -st DNA \
          -m GTR+G \
          -nt AUTO \
          --prefix results/BDNF-64/selection/part2/IQ-TREE \
          --redo \
          > results/logs/iqtree_partition.BDNF-64.part2.log 2>&1
        
        (command exited with non-zero exit code)
RuleException:
CalledProcessError in file "/Users/alex/Documents/AOC-develop-new-snakemake/workflow/rules/selection.smk", line 22:
Command 'set -euo pipefail;  
        mkdir -p results/BDNF-64/selection/part1
        iqtree \
          -s results/BDNF-64/gard/segments/BDNF-64.part1.codon.fas \
          -st DNA \
          -m GTR+G \
          -nt AUTO \
          --prefix results/BDNF-64/selection/part1/IQ-TREE \
          --redo \
          > results/logs/iqtree_partition.BDNF-64.part1.log 2>&1' returned non-zero exit status 2.
[Fri Mar 20 20:22:08 2026]
Error in rule iqtree_partition:
    message: None
    jobid: 37
    input: results/BDNF-64/gard/segments/BDNF-64.part1.codon.fas
    output: results/BDNF-64/selection/part1/IQ-TREE.treefile
    log: results/logs/iqtree_partition.BDNF-64.part1.log (check log file(s) for error details)
    shell:
        
        mkdir -p results/BDNF-64/selection/part1
        iqtree \
          -s results/BDNF-64/gard/segments/BDNF-64.part1.codon.fas \
          -st DNA \
          -m GTR+G \
          -nt AUTO \
          --prefix results/BDNF-64/selection/part1/IQ-TREE \
          --redo \
          > results/logs/iqtree_partition.BDNF-64.part1.log 2>&1
        
        (command exited with non-zero exit code)
[Fri Mar 20 20:22:42 2026]
Finished jobid: 61 (Rule: iqtree_partition)
9 of 75 steps (12%) done
Select jobs to execute...
Execute 1 jobs...
[Fri Mar 20 20:22:42 2026]
localrule label_tree_TestForeground_partition:
    input: results/BDNF-64/selection/part4/IQ-TREE.treefile, results/BDNF-64/BDNF-64.test_sequences.txt
    output: results/BDNF-64/selection/part4/IQ-TREE.labelled.treefile
    log: results/logs/label_tree_TestForeground_partition.BDNF-64.part4.log
    jobid: 60
    reason: Missing output files: results/BDNF-64/selection/part4/IQ-TREE.labelled.treefile; Input files updated by another job: results/BDNF-64/selection/part4/IQ-TREE.treefile
    wildcards: sample=BDNF-64, part=4
    resources: tmpdir=/var/folders/3l/76gtv9qd0v3_8hn3cb7hfbs40000gn/T
Shell command: None
[Fri Mar 20 20:22:46 2026]
Finished jobid: 60 (Rule: label_tree_TestForeground_partition)
10 of 75 steps (13%) done
Select jobs to execute...
Execute 6 jobs...
[Fri Mar 20 20:22:46 2026]
localrule ABSREL_partition:
    input: results/BDNF-64/gard/segments/BDNF-64.part4.codon.fas, results/BDNF-64/selection/part4/IQ-TREE.labelled.treefile
    output: results/BDNF-64/selection/part4/ABSREL.json
    log: results/logs/ABSREL_partition.BDNF-64.part4.log
    jobid: 63
    reason: Missing output files: results/BDNF-64/selection/part4/ABSREL.json; Input files updated by another job: results/BDNF-64/selection/part4/IQ-TREE.labelled.treefile
    wildcards: sample=BDNF-64, part=4
    resources: tmpdir=/var/folders/3l/76gtv9qd0v3_8hn3cb7hfbs40000gn/T
Shell command: 
        mkdir -p results/BDNF-64/selection/part4
        hyphy ABSREL --alignment results/BDNF-64/gard/segments/BDNF-64.part4.codon.fas --tree results/BDNF-64/selection/part4/IQ-TREE.labelled.treefile --output results/BDNF-64/selection/part4/ABSREL.json --branches Test > results/logs/ABSREL_partition.BDNF-64.part4.log 2>&1
        
[Fri Mar 20 20:22:46 2026]
localrule RELAX_partition:
    input: results/BDNF-64/gard/segments/BDNF-64.part4.codon.fas, results/BDNF-64/selection/part4/IQ-TREE.labelled.treefile, results/BDNF-64/BDNF-64.test_sequences.txt
    output: results/BDNF-64/selection/part4/RELAX.json
    log: results/logs/RELAX_partition.BDNF-64.part4.log
    jobid: 65
    reason: Missing output files: results/BDNF-64/selection/part4/RELAX.json; Input files updated by another job: results/BDNF-64/selection/part4/IQ-TREE.labelled.treefile
    wildcards: sample=BDNF-64, part=4
    resources: tmpdir=/var/folders/3l/76gtv9qd0v3_8hn3cb7hfbs40000gn/T
Shell command: None
[Fri Mar 20 20:22:46 2026]
localrule MEME_partition:
    input: results/BDNF-64/gard/segments/BDNF-64.part4.codon.fas, results/BDNF-64/selection/part4/IQ-TREE.labelled.treefile
    output: results/BDNF-64/selection/part4/MEME.json
    log: results/logs/MEME_partition.BDNF-64.part4.log
    jobid: 62
    reason: Missing output files: results/BDNF-64/selection/part4/MEME.json; Input files updated by another job: results/BDNF-64/selection/part4/IQ-TREE.labelled.treefile
    wildcards: sample=BDNF-64, part=4
    resources: tmpdir=/var/folders/3l/76gtv9qd0v3_8hn3cb7hfbs40000gn/T
Shell command: 
        mkdir -p results/BDNF-64/selection/part4
        hyphy MEME --alignment results/BDNF-64/gard/segments/BDNF-64.part4.codon.fas --tree results/BDNF-64/selection/part4/IQ-TREE.labelled.treefile --output results/BDNF-64/selection/part4/MEME.json \
          --branches Test ENV=TOLERATE_NUMERICAL_ERRORS=1 > results/logs/MEME_partition.BDNF-64.part4.log 2>&1
        
[Fri Mar 20 20:22:46 2026]
localrule BUSTEDS_MH_partition:
    input: results/BDNF-64/gard/segments/BDNF-64.part4.codon.fas, results/BDNF-64/selection/part4/IQ-TREE.labelled.treefile
    output: results/BDNF-64/selection/part4/BUSTEDS-MH.json
    log: results/logs/BUSTEDS_MH_partition.BDNF-64.part4.log
    jobid: 64
    reason: Missing output files: results/BDNF-64/selection/part4/BUSTEDS-MH.json; Input files updated by another job: results/BDNF-64/selection/part4/IQ-TREE.labelled.treefile
    wildcards: sample=BDNF-64, part=4
    resources: tmpdir=/var/folders/3l/76gtv9qd0v3_8hn3cb7hfbs40000gn/T
Shell command: 
        mkdir -p results/BDNF-64/selection/part4
        hyphy BUSTED \
          --alignment results/BDNF-64/gard/segments/BDNF-64.part4.codon.fas \
          --tree results/BDNF-64/selection/part4/IQ-TREE.labelled.treefile \
          --output results/BDNF-64/selection/part4/BUSTEDS-MH.json \
          --srv Yes \
          --multiple-hits Double+Triple \
          --branches Test \
          > results/logs/BUSTEDS_MH_partition.BDNF-64.part4.log 2>&1
        
[Fri Mar 20 20:22:46 2026]
localrule CFEL_partition:
    input: results/BDNF-64/gard/segments/BDNF-64.part4.codon.fas, results/BDNF-64/selection/part4/IQ-TREE.labelled.treefile, results/BDNF-64/BDNF-64.test_sequences.txt
    output: results/BDNF-64/selection/part4/CFEL.json
    log: results/logs/CFEL_partition.BDNF-64.part4.log
    jobid: 66
    reason: Missing output files: results/BDNF-64/selection/part4/CFEL.json; Input files updated by another job: results/BDNF-64/selection/part4/IQ-TREE.labelled.treefile
    wildcards: sample=BDNF-64, part=4
    resources: tmpdir=/var/folders/3l/76gtv9qd0v3_8hn3cb7hfbs40000gn/T
Shell command: None
[Fri Mar 20 20:22:46 2026]
localrule FEL_partition:
    input: results/BDNF-64/gard/segments/BDNF-64.part4.codon.fas, results/BDNF-64/selection/part4/IQ-TREE.labelled.treefile
    output: results/BDNF-64/selection/part4/FEL.json
    log: results/logs/FEL_partition.BDNF-64.part4.log
    jobid: 59
    reason: Missing output files: results/BDNF-64/selection/part4/FEL.json; Input files updated by another job: results/BDNF-64/selection/part4/IQ-TREE.labelled.treefile
    wildcards: sample=BDNF-64, part=4
    resources: tmpdir=/var/folders/3l/76gtv9qd0v3_8hn3cb7hfbs40000gn/T
Shell command: 
        mkdir -p results/BDNF-64/selection/part4
        hyphy FEL --alignment results/BDNF-64/gard/segments/BDNF-64.part4.codon.fas --tree results/BDNF-64/selection/part4/IQ-TREE.labelled.treefile --output results/BDNF-64/selection/part4/FEL.json --ci Yes --branches Test > results/logs/FEL_partition.BDNF-64.part4.log 2>&1
        
[Fri Mar 20 20:23:12 2026]
Finished jobid: 53 (Rule: iqtree_partition)
11 of 75 steps (15%) done
Select jobs to execute...
Execute 1 jobs...
[Fri Mar 20 20:23:12 2026]
localrule label_tree_TestForeground_partition:
    input: results/BDNF-64/selection/part3/IQ-TREE.treefile, results/BDNF-64/BDNF-64.test_sequences.txt
    output: results/BDNF-64/selection/part3/IQ-TREE.labelled.treefile
    log: results/logs/label_tree_TestForeground_partition.BDNF-64.part3.log
    jobid: 52
    reason: Missing output files: results/BDNF-64/selection/part3/IQ-TREE.labelled.treefile; Input files updated by another job: results/BDNF-64/selection/part3/IQ-TREE.treefile
    wildcards: sample=BDNF-64, part=3
    resources: tmpdir=/var/folders/3l/76gtv9qd0v3_8hn3cb7hfbs40000gn/T
Shell command: None
[Fri Mar 20 20:23:16 2026]
Finished jobid: 52 (Rule: label_tree_TestForeground_partition)
12 of 75 steps (16%) done
Select jobs to execute...
Execute 6 jobs...
[Fri Mar 20 20:23:16 2026]
localrule MEME_partition:
    input: results/BDNF-64/gard/segments/BDNF-64.part3.codon.fas, results/BDNF-64/selection/part3/IQ-TREE.labelled.treefile
    output: results/BDNF-64/selection/part3/MEME.json
    log: results/logs/MEME_partition.BDNF-64.part3.log
    jobid: 54
    reason: Missing output files: results/BDNF-64/selection/part3/MEME.json; Input files updated by another job: results/BDNF-64/selection/part3/IQ-TREE.labelled.treefile
    wildcards: sample=BDNF-64, part=3
    resources: tmpdir=/var/folders/3l/76gtv9qd0v3_8hn3cb7hfbs40000gn/T
Shell command: 
        mkdir -p results/BDNF-64/selection/part3
        hyphy MEME --alignment results/BDNF-64/gard/segments/BDNF-64.part3.codon.fas --tree results/BDNF-64/selection/part3/IQ-TREE.labelled.treefile --output results/BDNF-64/selection/part3/MEME.json \
          --branches Test ENV=TOLERATE_NUMERICAL_ERRORS=1 > results/logs/MEME_partition.BDNF-64.part3.log 2>&1
        
[Fri Mar 20 20:23:16 2026]
localrule BUSTEDS_MH_partition:
    input: results/BDNF-64/gard/segments/BDNF-64.part3.codon.fas, results/BDNF-64/selection/part3/IQ-TREE.labelled.treefile
    output: results/BDNF-64/selection/part3/BUSTEDS-MH.json
    log: results/logs/BUSTEDS_MH_partition.BDNF-64.part3.log
    jobid: 56
    reason: Missing output files: results/BDNF-64/selection/part3/BUSTEDS-MH.json; Input files updated by another job: results/BDNF-64/selection/part3/IQ-TREE.labelled.treefile
    wildcards: sample=BDNF-64, part=3
    resources: tmpdir=/var/folders/3l/76gtv9qd0v3_8hn3cb7hfbs40000gn/T
Shell command: 
        mkdir -p results/BDNF-64/selection/part3
        hyphy BUSTED \
          --alignment results/BDNF-64/gard/segments/BDNF-64.part3.codon.fas \
          --tree results/BDNF-64/selection/part3/IQ-TREE.labelled.treefile \
          --output results/BDNF-64/selection/part3/BUSTEDS-MH.json \
          --srv Yes \
          --multiple-hits Double+Triple \
          --branches Test \
          > results/logs/BUSTEDS_MH_partition.BDNF-64.part3.log 2>&1
        
[Fri Mar 20 20:23:16 2026]
localrule CFEL_partition:
    input: results/BDNF-64/gard/segments/BDNF-64.part3.codon.fas, results/BDNF-64/selection/part3/IQ-TREE.labelled.treefile, results/BDNF-64/BDNF-64.test_sequences.txt
    output: results/BDNF-64/selection/part3/CFEL.json
    log: results/logs/CFEL_partition.BDNF-64.part3.log
    jobid: 58
    reason: Missing output files: results/BDNF-64/selection/part3/CFEL.json; Input files updated by another job: results/BDNF-64/selection/part3/IQ-TREE.labelled.treefile
    wildcards: sample=BDNF-64, part=3
    resources: tmpdir=/var/folders/3l/76gtv9qd0v3_8hn3cb7hfbs40000gn/T
Shell command: None
[Fri Mar 20 20:23:16 2026]
localrule FEL_partition:
    input: results/BDNF-64/gard/segments/BDNF-64.part3.codon.fas, results/BDNF-64/selection/part3/IQ-TREE.labelled.treefile
    output: results/BDNF-64/selection/part3/FEL.json
    log: results/logs/FEL_partition.BDNF-64.part3.log
    jobid: 51
    reason: Missing output files: results/BDNF-64/selection/part3/FEL.json; Input files updated by another job: results/BDNF-64/selection/part3/IQ-TREE.labelled.treefile
    wildcards: sample=BDNF-64, part=3
    resources: tmpdir=/var/folders/3l/76gtv9qd0v3_8hn3cb7hfbs40000gn/T
Shell command: 
        mkdir -p results/BDNF-64/selection/part3
        hyphy FEL --alignment results/BDNF-64/gard/segments/BDNF-64.part3.codon.fas --tree results/BDNF-64/selection/part3/IQ-TREE.labelled.treefile --output results/BDNF-64/selection/part3/FEL.json --ci Yes --branches Test > results/logs/FEL_partition.BDNF-64.part3.log 2>&1
        
[Fri Mar 20 20:23:16 2026]
localrule ABSREL_partition:
    input: results/BDNF-64/gard/segments/BDNF-64.part3.codon.fas, results/BDNF-64/selection/part3/IQ-TREE.labelled.treefile
    output: results/BDNF-64/selection/part3/ABSREL.json
    log: results/logs/ABSREL_partition.BDNF-64.part3.log
    jobid: 55
    reason: Missing output files: results/BDNF-64/selection/part3/ABSREL.json; Input files updated by another job: results/BDNF-64/selection/part3/IQ-TREE.labelled.treefile
    wildcards: sample=BDNF-64, part=3
    resources: tmpdir=/var/folders/3l/76gtv9qd0v3_8hn3cb7hfbs40000gn/T
Shell command: 
        mkdir -p results/BDNF-64/selection/part3
        hyphy ABSREL --alignment results/BDNF-64/gard/segments/BDNF-64.part3.codon.fas --tree results/BDNF-64/selection/part3/IQ-TREE.labelled.treefile --output results/BDNF-64/selection/part3/ABSREL.json --branches Test > results/logs/ABSREL_partition.BDNF-64.part3.log 2>&1
        
[Fri Mar 20 20:23:16 2026]
localrule RELAX_partition:
    input: results/BDNF-64/gard/segments/BDNF-64.part3.codon.fas, results/BDNF-64/selection/part3/IQ-TREE.labelled.treefile, results/BDNF-64/BDNF-64.test_sequences.txt
    output: results/BDNF-64/selection/part3/RELAX.json
    log: results/logs/RELAX_partition.BDNF-64.part3.log
    jobid: 57
    reason: Missing output files: results/BDNF-64/selection/part3/RELAX.json; Input files updated by another job: results/BDNF-64/selection/part3/IQ-TREE.labelled.treefile
    wildcards: sample=BDNF-64, part=3
    resources: tmpdir=/var/folders/3l/76gtv9qd0v3_8hn3cb7hfbs40000gn/T
Shell command: None
[Fri Mar 20 20:23:21 2026]
Finished jobid: 63 (Rule: ABSREL_partition)
13 of 75 steps (17%) done
Select jobs to execute...
Execute 1 jobs...
[Fri Mar 20 20:23:21 2026]
localrule TableABSREL_partition:
    input: results/BDNF-64/selection/part4/ABSREL.json
    output: results/BDNF-64/tables/part4/BDNF-64.part4.AOC.ABSREL_Results.csv
    log: results/logs/TableABSREL_partition.BDNF-64.part4.log
    jobid: 78
    reason: Missing output files: results/BDNF-64/tables/part4/BDNF-64.part4.AOC.ABSREL_Results.csv; Input files updated by another job: results/BDNF-64/selection/part4/ABSREL.json
    wildcards: sample=BDNF-64, part=4
    resources: tmpdir=/var/folders/3l/76gtv9qd0v3_8hn3cb7hfbs40000gn/T
Shell command: None
[Fri Mar 20 20:23:24 2026]
Finished jobid: 51 (Rule: FEL_partition)
14 of 75 steps (19%) done
Select jobs to execute...
Execute 1 jobs...
[Fri Mar 20 20:23:24 2026]
localrule PlotFEL_partition:
    input: results/BDNF-64/selection/part3/FEL.json
    output: results/BDNF-64/tables/part3/BDNF-64.part3.AOC.FEL_Results.csv, results/BDNF-64/visualizations/part3/BDNF-64.part3.FEL.png, results/BDNF-64/visualizations/part3/BDNF-64.part3.FEL.svg, results/BDNF-64/visualizations/part3/BDNF-64.part3.FEL.figure_legend.txt
    log: results/logs/PlotFEL_partition.BDNF-64.part3.log
    jobid: 69
    reason: Missing output files: results/BDNF-64/tables/part3/BDNF-64.part3.AOC.FEL_Results.csv; Input files updated by another job: results/BDNF-64/selection/part3/FEL.json
    wildcards: sample=BDNF-64, part=3
    resources: tmpdir=/var/folders/3l/76gtv9qd0v3_8hn3cb7hfbs40000gn/T
Shell command: None
[Fri Mar 20 20:23:25 2026]
Finished jobid: 54 (Rule: MEME_partition)
15 of 75 steps (20%) done
Select jobs to execute...
Execute 1 jobs...
[Fri Mar 20 20:23:25 2026]
localrule PlotMEME_partition:
    input: results/BDNF-64/selection/part3/MEME.json
    output: results/BDNF-64/tables/part3/BDNF-64.part3.AOC.MEME_Results.csv, results/BDNF-64/visualizations/part3/BDNF-64.part3.MEME.png, results/BDNF-64/visualizations/part3/BDNF-64.part3.MEME.svg, results/BDNF-64/visualizations/part3/BDNF-64.part3.MEME.figure_legend.txt
    log: results/logs/PlotMEME_partition.BDNF-64.part3.log
    jobid: 73
    reason: Missing output files: results/BDNF-64/tables/part3/BDNF-64.part3.AOC.MEME_Results.csv; Input files updated by another job: results/BDNF-64/selection/part3/MEME.json
    wildcards: sample=BDNF-64, part=3
    resources: tmpdir=/var/folders/3l/76gtv9qd0v3_8hn3cb7hfbs40000gn/T
Shell command: None
[Fri Mar 20 20:23:28 2026]
Finished jobid: 55 (Rule: ABSREL_partition)
16 of 75 steps (21%) done
Select jobs to execute...
Execute 1 jobs...
[Fri Mar 20 20:23:28 2026]
localrule TableABSREL_partition:
    input: results/BDNF-64/selection/part3/ABSREL.json
    output: results/BDNF-64/tables/part3/BDNF-64.part3.AOC.ABSREL_Results.csv
    log: results/logs/TableABSREL_partition.BDNF-64.part3.log
    jobid: 77
    reason: Missing output files: results/BDNF-64/tables/part3/BDNF-64.part3.AOC.ABSREL_Results.csv; Input files updated by another job: results/BDNF-64/selection/part3/ABSREL.json
    wildcards: sample=BDNF-64, part=3
    resources: tmpdir=/var/folders/3l/76gtv9qd0v3_8hn3cb7hfbs40000gn/T
Shell command: None
[Fri Mar 20 20:23:28 2026]
Finished jobid: 78 (Rule: TableABSREL_partition)
17 of 75 steps (23%) done
[Fri Mar 20 20:23:32 2026]
Finished jobid: 69 (Rule: PlotFEL_partition)
18 of 75 steps (24%) done
[Fri Mar 20 20:23:33 2026]
Finished jobid: 58 (Rule: CFEL_partition)
19 of 75 steps (25%) done
Select jobs to execute...
Execute 1 jobs...
[Fri Mar 20 20:23:33 2026]
localrule TableCFEL_partition:
    input: results/BDNF-64/selection/part3/CFEL.json
    output: results/BDNF-64/tables/part3/BDNF-64.part3.AOC.CFEL_Results.csv
    log: results/logs/TableCFEL_partition.BDNF-64.part3.log
    jobid: 89
    reason: Missing output files: results/BDNF-64/tables/part3/BDNF-64.part3.AOC.CFEL_Results.csv; Input files updated by another job: results/BDNF-64/selection/part3/CFEL.json
    wildcards: sample=BDNF-64, part=3
    resources: tmpdir=/var/folders/3l/76gtv9qd0v3_8hn3cb7hfbs40000gn/T
Shell command: None
[Fri Mar 20 20:23:33 2026]
Finished jobid: 73 (Rule: PlotMEME_partition)
20 of 75 steps (27%) done
[Fri Mar 20 20:23:35 2026]
Finished jobid: 77 (Rule: TableABSREL_partition)
21 of 75 steps (28%) done
[Fri Mar 20 20:23:36 2026]
Finished jobid: 89 (Rule: TableCFEL_partition)
22 of 75 steps (29%) done
[Fri Mar 20 20:24:12 2026]
Finished jobid: 66 (Rule: CFEL_partition)
23 of 75 steps (31%) done
Select jobs to execute...
Execute 1 jobs...
[Fri Mar 20 20:24:12 2026]
localrule TableCFEL_partition:
    input: results/BDNF-64/selection/part4/CFEL.json
    output: results/BDNF-64/tables/part4/BDNF-64.part4.AOC.CFEL_Results.csv
    log: results/logs/TableCFEL_partition.BDNF-64.part4.log
    jobid: 90
    reason: Missing output files: results/BDNF-64/tables/part4/BDNF-64.part4.AOC.CFEL_Results.csv; Input files updated by another job: results/BDNF-64/selection/part4/CFEL.json
    wildcards: sample=BDNF-64, part=4
    resources: tmpdir=/var/folders/3l/76gtv9qd0v3_8hn3cb7hfbs40000gn/T
Shell command: None
[Fri Mar 20 20:24:16 2026]
Finished jobid: 90 (Rule: TableCFEL_partition)
24 of 75 steps (32%) done
[Fri Mar 20 20:24:28 2026]
Finished jobid: 62 (Rule: MEME_partition)
25 of 75 steps (33%) done
Select jobs to execute...
Execute 1 jobs...
[Fri Mar 20 20:24:28 2026]
localrule PlotMEME_partition:
    input: results/BDNF-64/selection/part4/MEME.json
    output: results/BDNF-64/tables/part4/BDNF-64.part4.AOC.MEME_Results.csv, results/BDNF-64/visualizations/part4/BDNF-64.part4.MEME.png, results/BDNF-64/visualizations/part4/BDNF-64.part4.MEME.svg, results/BDNF-64/visualizations/part4/BDNF-64.part4.MEME.figure_legend.txt
    log: results/logs/PlotMEME_partition.BDNF-64.part4.log
    jobid: 74
    reason: Missing output files: results/BDNF-64/tables/part4/BDNF-64.part4.AOC.MEME_Results.csv; Input files updated by another job: results/BDNF-64/selection/part4/MEME.json
    wildcards: sample=BDNF-64, part=4
    resources: tmpdir=/var/folders/3l/76gtv9qd0v3_8hn3cb7hfbs40000gn/T
Shell command: None
[Fri Mar 20 20:24:31 2026]
Finished jobid: 74 (Rule: PlotMEME_partition)
26 of 75 steps (35%) done
[Fri Mar 20 20:24:33 2026]
Finished jobid: 59 (Rule: FEL_partition)
27 of 75 steps (36%) done
Select jobs to execute...
Execute 1 jobs...
[Fri Mar 20 20:24:33 2026]
localrule PlotFEL_partition:
    input: results/BDNF-64/selection/part4/FEL.json
    output: results/BDNF-64/tables/part4/BDNF-64.part4.AOC.FEL_Results.csv, results/BDNF-64/visualizations/part4/BDNF-64.part4.FEL.png, results/BDNF-64/visualizations/part4/BDNF-64.part4.FEL.svg, results/BDNF-64/visualizations/part4/BDNF-64.part4.FEL.figure_legend.txt
    log: results/logs/PlotFEL_partition.BDNF-64.part4.log
    jobid: 70
    reason: Missing output files: results/BDNF-64/tables/part4/BDNF-64.part4.AOC.FEL_Results.csv; Input files updated by another job: results/BDNF-64/selection/part4/FEL.json
    wildcards: sample=BDNF-64, part=4
    resources: tmpdir=/var/folders/3l/76gtv9qd0v3_8hn3cb7hfbs40000gn/T
Shell command: None
[Fri Mar 20 20:24:36 2026]
Finished jobid: 70 (Rule: PlotFEL_partition)
28 of 75 steps (37%) done
[Fri Mar 20 20:24:54 2026]
Finished jobid: 57 (Rule: RELAX_partition)
29 of 75 steps (39%) done
Select jobs to execute...
Execute 1 jobs...
[Fri Mar 20 20:24:54 2026]
localrule TableRELAX_partition:
    input: results/BDNF-64/selection/part3/RELAX.json
    output: results/BDNF-64/tables/part3/BDNF-64.part3.AOC.RELAX_Results.csv
    log: results/logs/TableRELAX_partition.BDNF-64.part3.log
    jobid: 85
    reason: Missing output files: results/BDNF-64/tables/part3/BDNF-64.part3.AOC.RELAX_Results.csv; Input files updated by another job: results/BDNF-64/selection/part3/RELAX.json
    wildcards: sample=BDNF-64, part=3
    resources: tmpdir=/var/folders/3l/76gtv9qd0v3_8hn3cb7hfbs40000gn/T
Shell command: None
[Fri Mar 20 20:24:57 2026]
Finished jobid: 85 (Rule: TableRELAX_partition)
30 of 75 steps (40%) done
[Fri Mar 20 20:25:40 2026]
Finished jobid: 65 (Rule: RELAX_partition)
31 of 75 steps (41%) done
Select jobs to execute...
Execute 1 jobs...
[Fri Mar 20 20:25:40 2026]
localrule TableRELAX_partition:
    input: results/BDNF-64/selection/part4/RELAX.json
    output: results/BDNF-64/tables/part4/BDNF-64.part4.AOC.RELAX_Results.csv
    log: results/logs/TableRELAX_partition.BDNF-64.part4.log
    jobid: 86
    reason: Missing output files: results/BDNF-64/tables/part4/BDNF-64.part4.AOC.RELAX_Results.csv; Input files updated by another job: results/BDNF-64/selection/part4/RELAX.json
    wildcards: sample=BDNF-64, part=4
    resources: tmpdir=/var/folders/3l/76gtv9qd0v3_8hn3cb7hfbs40000gn/T
Shell command: None
[Fri Mar 20 20:25:43 2026]
Finished jobid: 86 (Rule: TableRELAX_partition)
32 of 75 steps (43%) done
[Fri Mar 20 20:34:03 2026]
Finished jobid: 56 (Rule: BUSTEDS_MH_partition)
33 of 75 steps (44%) done
Select jobs to execute...
Execute 1 jobs...
[Fri Mar 20 20:34:03 2026]
localrule TableBUSTEDS_MH_partition:
    input: results/BDNF-64/selection/part3/BUSTEDS-MH.json
    output: results/BDNF-64/tables/part3/BDNF-64.part3.AOC.BUSTEDS-MH_Results.csv
    log: results/logs/TableBUSTEDS_MH_partition.BDNF-64.part3.log
    jobid: 81
    reason: Missing output files: results/BDNF-64/tables/part3/BDNF-64.part3.AOC.BUSTEDS-MH_Results.csv; Input files updated by another job: results/BDNF-64/selection/part3/BUSTEDS-MH.json
    wildcards: sample=BDNF-64, part=3
    resources: tmpdir=/var/folders/3l/76gtv9qd0v3_8hn3cb7hfbs40000gn/T
Shell command: None
[Fri Mar 20 20:34:06 2026]
Finished jobid: 81 (Rule: TableBUSTEDS_MH_partition)
34 of 75 steps (45%) done
[Fri Mar 20 20:34:59 2026]
Finished jobid: 64 (Rule: BUSTEDS_MH_partition)
35 of 75 steps (47%) done
Select jobs to execute...
Execute 1 jobs...
[Fri Mar 20 20:34:59 2026]
localrule TableBUSTEDS_MH_partition:
    input: results/BDNF-64/selection/part4/BUSTEDS-MH.json
    output: results/BDNF-64/tables/part4/BDNF-64.part4.AOC.BUSTEDS-MH_Results.csv
    log: results/logs/TableBUSTEDS_MH_partition.BDNF-64.part4.log
    jobid: 82
    reason: Missing output files: results/BDNF-64/tables/part4/BDNF-64.part4.AOC.BUSTEDS-MH_Results.csv; Input files updated by another job: results/BDNF-64/selection/part4/BUSTEDS-MH.json
    wildcards: sample=BDNF-64, part=4
    resources: tmpdir=/var/folders/3l/76gtv9qd0v3_8hn3cb7hfbs40000gn/T
Shell command: None
[Fri Mar 20 20:35:02 2026]
Finished jobid: 82 (Rule: TableBUSTEDS_MH_partition)
36 of 75 steps (48%) done
Exiting because a job execution failed. Look below for error messages
[Fri Mar 20 20:35:02 2026]
Error in rule iqtree_partition:
    message: None
    jobid: 37
    input: results/BDNF-64/gard/segments/BDNF-64.part1.codon.fas
    output: results/BDNF-64/selection/part1/IQ-TREE.treefile
    log: results/logs/iqtree_partition.BDNF-64.part1.log (check log file(s) for error details)
    shell:
        
        mkdir -p results/BDNF-64/selection/part1
        iqtree \
          -s results/BDNF-64/gard/segments/BDNF-64.part1.codon.fas \
          -st DNA \
          -m GTR+G \
          -nt AUTO \
          --prefix results/BDNF-64/selection/part1/IQ-TREE \
          --redo \
          > results/logs/iqtree_partition.BDNF-64.part1.log 2>&1
        
        (command exited with non-zero exit code)
[Fri Mar 20 20:35:02 2026]
Error in rule iqtree_partition:
    message: None
    jobid: 45
    input: results/BDNF-64/gard/segments/BDNF-64.part2.codon.fas
    output: results/BDNF-64/selection/part2/IQ-TREE.treefile
    log: results/logs/iqtree_partition.BDNF-64.part2.log (check log file(s) for error details)
    shell:
        
        mkdir -p results/BDNF-64/selection/part2
        iqtree \
          -s results/BDNF-64/gard/segments/BDNF-64.part2.codon.fas \
          -st DNA \
          -m GTR+G \
          -nt AUTO \
          --prefix results/BDNF-64/selection/part2/IQ-TREE \
          --redo \
          > results/logs/iqtree_partition.BDNF-64.part2.log 2>&1
        
        (command exited with non-zero exit code)
Complete log(s): /Users/alex/Documents/AOC-develop-new-snakemake/.snakemake/log/2026-03-20T200947.226227.snakemake.log
WorkflowError:
At least one job did not complete successfully.
