Config file config/config.yaml is extended by additional config specified via the command line.
Building DAG of jobs...
Using shell: /bin/bash
Provided cores: 10
Rules claiming more threads will be scaled down.
Job stats:
job              count
-------------  -------
MergeFELCSVs         2
MergeMEMECSVs        2
PlotFEL              5
PlotFELMerge         2
PlotMEME             5
all                  1
total               17

Select jobs to execute...

[Sun Mar  1 08:00:59 2026]
rule PlotMEME:
    input: /Users/alex/Documents/AOC-develop/results/BDNF/BDNF.1.codon.fas.MEME.json
    output: /Users/alex/Documents/AOC-develop/results/BDNF/Tables/BDNF.1.codon.fas.MEME.json.MEME.csv, /Users/alex/Documents/AOC-develop/results/BDNF/Visualizations/BDNF.1.codon.fas.MEME.json.MEME.png, /Users/alex/Documents/AOC-develop/results/BDNF/Visualizations/BDNF.1.codon.fas.MEME.json.MEME.svg, /Users/alex/Documents/AOC-develop/results/BDNF/Visualizations/BDNF.1.codon.fas.MEME.json.MEME.figureLegend
    jobid: 3
    reason: Missing output files: /Users/alex/Documents/AOC-develop/results/BDNF/Visualizations/BDNF.1.codon.fas.MEME.json.MEME.svg, /Users/alex/Documents/AOC-develop/results/BDNF/Tables/BDNF.1.codon.fas.MEME.json.MEME.csv, /Users/alex/Documents/AOC-develop/results/BDNF/Visualizations/BDNF.1.codon.fas.MEME.json.MEME.png, /Users/alex/Documents/AOC-develop/results/BDNF/Visualizations/BDNF.1.codon.fas.MEME.json.MEME.figureLegend
    wildcards: label=BDNF, sample=BDNF.1.codon.fas.MEME.json
    resources: tmpdir=/var/folders/3l/76gtv9qd0v3_8hn3cb7hfbs40000gn/T

[Sun Mar  1 08:00:59 2026]
rule MergeFELCSVs:
    output: /Users/alex/Documents/AOC-develop/results/BDNF-annot/Tables/BDNF-annot.AOC.merged_FEL_Results.csv
    jobid: 14
    reason: Missing output files: /Users/alex/Documents/AOC-develop/results/BDNF-annot/Tables/BDNF-annot.AOC.merged_FEL_Results.csv
    wildcards: label=BDNF-annot
    resources: tmpdir=/var/folders/3l/76gtv9qd0v3_8hn3cb7hfbs40000gn/T

[Sun Mar  1 08:00:59 2026]
rule MergeMEMECSVs:
    output: /Users/alex/Documents/AOC-develop/results/BDNF-annot/Tables/BDNF-annot.AOC.merged_MEME_Results.csv
    jobid: 15
    reason: Missing output files: /Users/alex/Documents/AOC-develop/results/BDNF-annot/Tables/BDNF-annot.AOC.merged_MEME_Results.csv
    wildcards: label=BDNF-annot
    resources: tmpdir=/var/folders/3l/76gtv9qd0v3_8hn3cb7hfbs40000gn/T

[Sun Mar  1 08:00:59 2026]
rule PlotMEME:
    input: /Users/alex/Documents/AOC-develop/results/BDNF-annot/BDNF-annot.2.codon.fas.MEME.json
    output: /Users/alex/Documents/AOC-develop/results/BDNF-annot/Tables/BDNF-annot.2.codon.fas.MEME.json.MEME.csv, /Users/alex/Documents/AOC-develop/results/BDNF-annot/Visualizations/BDNF-annot.2.codon.fas.MEME.json.MEME.png, /Users/alex/Documents/AOC-develop/results/BDNF-annot/Visualizations/BDNF-annot.2.codon.fas.MEME.json.MEME.svg, /Users/alex/Documents/AOC-develop/results/BDNF-annot/Visualizations/BDNF-annot.2.codon.fas.MEME.json.MEME.figureLegend
    jobid: 12
    reason: Missing output files: /Users/alex/Documents/AOC-develop/results/BDNF-annot/Tables/BDNF-annot.2.codon.fas.MEME.json.MEME.csv, /Users/alex/Documents/AOC-develop/results/BDNF-annot/Visualizations/BDNF-annot.2.codon.fas.MEME.json.MEME.figureLegend, /Users/alex/Documents/AOC-develop/results/BDNF-annot/Visualizations/BDNF-annot.2.codon.fas.MEME.json.MEME.png, /Users/alex/Documents/AOC-develop/results/BDNF-annot/Visualizations/BDNF-annot.2.codon.fas.MEME.json.MEME.svg
    wildcards: label=BDNF-annot, sample=BDNF-annot.2.codon.fas.MEME.json
    resources: tmpdir=/var/folders/3l/76gtv9qd0v3_8hn3cb7hfbs40000gn/T

[Sun Mar  1 08:00:59 2026]
rule PlotFEL:
    input: /Users/alex/Documents/AOC-develop/results/BDNF/BDNF.1.codon.fas.FEL.json
    output: /Users/alex/Documents/AOC-develop/results/BDNF/Tables/BDNF.1.codon.fas.FEL.json.FEL.csv, /Users/alex/Documents/AOC-develop/results/BDNF/Visualizations/BDNF.1.codon.fas.FEL.json.FEL.png, /Users/alex/Documents/AOC-develop/results/BDNF/Visualizations/BDNF.1.codon.fas.FEL.json.FEL.svg, /Users/alex/Documents/AOC-develop/results/BDNF/Visualizations/BDNF.1.codon.fas.FEL.json.FEL.figureLegend
    jobid: 1
    reason: Missing output files: /Users/alex/Documents/AOC-develop/results/BDNF/Visualizations/BDNF.1.codon.fas.FEL.json.FEL.png, /Users/alex/Documents/AOC-develop/results/BDNF/Visualizations/BDNF.1.codon.fas.FEL.json.FEL.svg, /Users/alex/Documents/AOC-develop/results/BDNF/Tables/BDNF.1.codon.fas.FEL.json.FEL.csv, /Users/alex/Documents/AOC-develop/results/BDNF/Visualizations/BDNF.1.codon.fas.FEL.json.FEL.figureLegend
    wildcards: label=BDNF, sample=BDNF.1.codon.fas.FEL.json
    resources: tmpdir=/var/folders/3l/76gtv9qd0v3_8hn3cb7hfbs40000gn/T

[Sun Mar  1 08:00:59 2026]
rule PlotFEL:
    input: /Users/alex/Documents/AOC-develop/results/BDNF/BDNF.2.codon.fas.FEL.json
    output: /Users/alex/Documents/AOC-develop/results/BDNF/Tables/BDNF.2.codon.fas.FEL.json.FEL.csv, /Users/alex/Documents/AOC-develop/results/BDNF/Visualizations/BDNF.2.codon.fas.FEL.json.FEL.png, /Users/alex/Documents/AOC-develop/results/BDNF/Visualizations/BDNF.2.codon.fas.FEL.json.FEL.svg, /Users/alex/Documents/AOC-develop/results/BDNF/Visualizations/BDNF.2.codon.fas.FEL.json.FEL.figureLegend
    jobid: 2
    reason: Missing output files: /Users/alex/Documents/AOC-develop/results/BDNF/Visualizations/BDNF.2.codon.fas.FEL.json.FEL.png, /Users/alex/Documents/AOC-develop/results/BDNF/Visualizations/BDNF.2.codon.fas.FEL.json.FEL.figureLegend, /Users/alex/Documents/AOC-develop/results/BDNF/Tables/BDNF.2.codon.fas.FEL.json.FEL.csv, /Users/alex/Documents/AOC-develop/results/BDNF/Visualizations/BDNF.2.codon.fas.FEL.json.FEL.svg
    wildcards: label=BDNF, sample=BDNF.2.codon.fas.FEL.json
    resources: tmpdir=/var/folders/3l/76gtv9qd0v3_8hn3cb7hfbs40000gn/T

[Sun Mar  1 08:00:59 2026]
rule PlotMEME:
    input: /Users/alex/Documents/AOC-develop/results/BDNF/BDNF.2.codon.fas.MEME.json
    output: /Users/alex/Documents/AOC-develop/results/BDNF/Tables/BDNF.2.codon.fas.MEME.json.MEME.csv, /Users/alex/Documents/AOC-develop/results/BDNF/Visualizations/BDNF.2.codon.fas.MEME.json.MEME.png, /Users/alex/Documents/AOC-develop/results/BDNF/Visualizations/BDNF.2.codon.fas.MEME.json.MEME.svg, /Users/alex/Documents/AOC-develop/results/BDNF/Visualizations/BDNF.2.codon.fas.MEME.json.MEME.figureLegend
    jobid: 4
    reason: Missing output files: /Users/alex/Documents/AOC-develop/results/BDNF/Visualizations/BDNF.2.codon.fas.MEME.json.MEME.svg, /Users/alex/Documents/AOC-develop/results/BDNF/Visualizations/BDNF.2.codon.fas.MEME.json.MEME.png, /Users/alex/Documents/AOC-develop/results/BDNF/Tables/BDNF.2.codon.fas.MEME.json.MEME.csv, /Users/alex/Documents/AOC-develop/results/BDNF/Visualizations/BDNF.2.codon.fas.MEME.json.MEME.figureLegend
    wildcards: label=BDNF, sample=BDNF.2.codon.fas.MEME.json
    resources: tmpdir=/var/folders/3l/76gtv9qd0v3_8hn3cb7hfbs40000gn/T

[Sun Mar  1 08:00:59 2026]
rule MergeMEMECSVs:
    output: /Users/alex/Documents/AOC-develop/results/BDNF/Tables/BDNF.AOC.merged_MEME_Results.csv
    jobid: 6
    reason: Missing output files: /Users/alex/Documents/AOC-develop/results/BDNF/Tables/BDNF.AOC.merged_MEME_Results.csv
    wildcards: label=BDNF
    resources: tmpdir=/var/folders/3l/76gtv9qd0v3_8hn3cb7hfbs40000gn/T

[Sun Mar  1 08:01:00 2026]
rule PlotMEME:
    input: /Users/alex/Documents/AOC-develop/results/BDNF-annot/BDNF-annot.1.codon.fas.MEME.json
    output: /Users/alex/Documents/AOC-develop/results/BDNF-annot/Tables/BDNF-annot.1.codon.fas.MEME.json.MEME.csv, /Users/alex/Documents/AOC-develop/results/BDNF-annot/Visualizations/BDNF-annot.1.codon.fas.MEME.json.MEME.png, /Users/alex/Documents/AOC-develop/results/BDNF-annot/Visualizations/BDNF-annot.1.codon.fas.MEME.json.MEME.svg, /Users/alex/Documents/AOC-develop/results/BDNF-annot/Visualizations/BDNF-annot.1.codon.fas.MEME.json.MEME.figureLegend
    jobid: 11
    reason: Missing output files: /Users/alex/Documents/AOC-develop/results/BDNF-annot/Visualizations/BDNF-annot.1.codon.fas.MEME.json.MEME.figureLegend, /Users/alex/Documents/AOC-develop/results/BDNF-annot/Visualizations/BDNF-annot.1.codon.fas.MEME.json.MEME.svg, /Users/alex/Documents/AOC-develop/results/BDNF-annot/Visualizations/BDNF-annot.1.codon.fas.MEME.json.MEME.png, /Users/alex/Documents/AOC-develop/results/BDNF-annot/Tables/BDNF-annot.1.codon.fas.MEME.json.MEME.csv
    wildcards: label=BDNF-annot, sample=BDNF-annot.1.codon.fas.MEME.json
    resources: tmpdir=/var/folders/3l/76gtv9qd0v3_8hn3cb7hfbs40000gn/T

[Sun Mar  1 08:01:00 2026]
rule PlotFEL:
    input: /Users/alex/Documents/AOC-develop/results/BDNF-annot/BDNF-annot.1.codon.fas.FEL.json
    output: /Users/alex/Documents/AOC-develop/results/BDNF-annot/Tables/BDNF-annot.1.codon.fas.FEL.json.FEL.csv, /Users/alex/Documents/AOC-develop/results/BDNF-annot/Visualizations/BDNF-annot.1.codon.fas.FEL.json.FEL.png, /Users/alex/Documents/AOC-develop/results/BDNF-annot/Visualizations/BDNF-annot.1.codon.fas.FEL.json.FEL.svg, /Users/alex/Documents/AOC-develop/results/BDNF-annot/Visualizations/BDNF-annot.1.codon.fas.FEL.json.FEL.figureLegend
    jobid: 8
    reason: Missing output files: /Users/alex/Documents/AOC-develop/results/BDNF-annot/Visualizations/BDNF-annot.1.codon.fas.FEL.json.FEL.svg, /Users/alex/Documents/AOC-develop/results/BDNF-annot/Visualizations/BDNF-annot.1.codon.fas.FEL.json.FEL.figureLegend, /Users/alex/Documents/AOC-develop/results/BDNF-annot/Tables/BDNF-annot.1.codon.fas.FEL.json.FEL.csv, /Users/alex/Documents/AOC-develop/results/BDNF-annot/Visualizations/BDNF-annot.1.codon.fas.FEL.json.FEL.png
    wildcards: label=BDNF-annot, sample=BDNF-annot.1.codon.fas.FEL.json
    resources: tmpdir=/var/folders/3l/76gtv9qd0v3_8hn3cb7hfbs40000gn/T

Select jobs to execute...

[Sun Mar  1 08:01:04 2026]
rule MergeFELCSVs:
    output: /Users/alex/Documents/AOC-develop/results/BDNF/Tables/BDNF.AOC.merged_FEL_Results.csv
    jobid: 5
    reason: Missing output files: /Users/alex/Documents/AOC-develop/results/BDNF/Tables/BDNF.AOC.merged_FEL_Results.csv
    wildcards: label=BDNF
    resources: tmpdir=/var/folders/3l/76gtv9qd0v3_8hn3cb7hfbs40000gn/T

[Sun Mar  1 08:01:04 2026]
Finished job 15.
1 of 17 steps (6%) done
[Sun Mar  1 08:01:04 2026]
Finished job 6.
2 of 17 steps (12%) done
[Sun Mar  1 08:01:04 2026]
Finished job 14.
3 of 17 steps (18%) done
Select jobs to execute...

[Sun Mar  1 08:01:04 2026]
rule PlotFEL:
    input: /Users/alex/Documents/AOC-develop/results/BDNF-annot/BDNF-annot.3.codon.fas.FEL.json
    output: /Users/alex/Documents/AOC-develop/results/BDNF-annot/Tables/BDNF-annot.3.codon.fas.FEL.json.FEL.csv, /Users/alex/Documents/AOC-develop/results/BDNF-annot/Visualizations/BDNF-annot.3.codon.fas.FEL.json.FEL.png, /Users/alex/Documents/AOC-develop/results/BDNF-annot/Visualizations/BDNF-annot.3.codon.fas.FEL.json.FEL.svg, /Users/alex/Documents/AOC-develop/results/BDNF-annot/Visualizations/BDNF-annot.3.codon.fas.FEL.json.FEL.figureLegend
    jobid: 10
    reason: Missing output files: /Users/alex/Documents/AOC-develop/results/BDNF-annot/Visualizations/BDNF-annot.3.codon.fas.FEL.json.FEL.png, /Users/alex/Documents/AOC-develop/results/BDNF-annot/Tables/BDNF-annot.3.codon.fas.FEL.json.FEL.csv, /Users/alex/Documents/AOC-develop/results/BDNF-annot/Visualizations/BDNF-annot.3.codon.fas.FEL.json.FEL.svg, /Users/alex/Documents/AOC-develop/results/BDNF-annot/Visualizations/BDNF-annot.3.codon.fas.FEL.json.FEL.figureLegend
    wildcards: label=BDNF-annot, sample=BDNF-annot.3.codon.fas.FEL.json
    resources: tmpdir=/var/folders/3l/76gtv9qd0v3_8hn3cb7hfbs40000gn/T

[Sun Mar  1 08:01:04 2026]
rule PlotMEME:
    input: /Users/alex/Documents/AOC-develop/results/BDNF-annot/BDNF-annot.3.codon.fas.MEME.json
    output: /Users/alex/Documents/AOC-develop/results/BDNF-annot/Tables/BDNF-annot.3.codon.fas.MEME.json.MEME.csv, /Users/alex/Documents/AOC-develop/results/BDNF-annot/Visualizations/BDNF-annot.3.codon.fas.MEME.json.MEME.png, /Users/alex/Documents/AOC-develop/results/BDNF-annot/Visualizations/BDNF-annot.3.codon.fas.MEME.json.MEME.svg, /Users/alex/Documents/AOC-develop/results/BDNF-annot/Visualizations/BDNF-annot.3.codon.fas.MEME.json.MEME.figureLegend
    jobid: 13
    reason: Missing output files: /Users/alex/Documents/AOC-develop/results/BDNF-annot/Tables/BDNF-annot.3.codon.fas.MEME.json.MEME.csv, /Users/alex/Documents/AOC-develop/results/BDNF-annot/Visualizations/BDNF-annot.3.codon.fas.MEME.json.MEME.svg, /Users/alex/Documents/AOC-develop/results/BDNF-annot/Visualizations/BDNF-annot.3.codon.fas.MEME.json.MEME.figureLegend, /Users/alex/Documents/AOC-develop/results/BDNF-annot/Visualizations/BDNF-annot.3.codon.fas.MEME.json.MEME.png
    wildcards: label=BDNF-annot, sample=BDNF-annot.3.codon.fas.MEME.json
    resources: tmpdir=/var/folders/3l/76gtv9qd0v3_8hn3cb7hfbs40000gn/T

[Sun Mar  1 08:01:04 2026]
rule PlotFEL:
    input: /Users/alex/Documents/AOC-develop/results/BDNF-annot/BDNF-annot.2.codon.fas.FEL.json
    output: /Users/alex/Documents/AOC-develop/results/BDNF-annot/Tables/BDNF-annot.2.codon.fas.FEL.json.FEL.csv, /Users/alex/Documents/AOC-develop/results/BDNF-annot/Visualizations/BDNF-annot.2.codon.fas.FEL.json.FEL.png, /Users/alex/Documents/AOC-develop/results/BDNF-annot/Visualizations/BDNF-annot.2.codon.fas.FEL.json.FEL.svg, /Users/alex/Documents/AOC-develop/results/BDNF-annot/Visualizations/BDNF-annot.2.codon.fas.FEL.json.FEL.figureLegend
    jobid: 9
    reason: Missing output files: /Users/alex/Documents/AOC-develop/results/BDNF-annot/Visualizations/BDNF-annot.2.codon.fas.FEL.json.FEL.png, /Users/alex/Documents/AOC-develop/results/BDNF-annot/Tables/BDNF-annot.2.codon.fas.FEL.json.FEL.csv, /Users/alex/Documents/AOC-develop/results/BDNF-annot/Visualizations/BDNF-annot.2.codon.fas.FEL.json.FEL.figureLegend, /Users/alex/Documents/AOC-develop/results/BDNF-annot/Visualizations/BDNF-annot.2.codon.fas.FEL.json.FEL.svg
    wildcards: label=BDNF-annot, sample=BDNF-annot.2.codon.fas.FEL.json
    resources: tmpdir=/var/folders/3l/76gtv9qd0v3_8hn3cb7hfbs40000gn/T

[Sun Mar  1 08:01:04 2026]
rule PlotFELMerge:
    input: /Users/alex/Documents/AOC-develop/results/BDNF-annot/Tables/BDNF-annot.AOC.merged_FEL_Results.csv
    output: /Users/alex/Documents/AOC-develop/results/BDNF-annot/Visualizations/BDNF-annot.FEL.merged.png, /Users/alex/Documents/AOC-develop/results/BDNF-annot/Visualizations/BDNF-annot.FEL.merged.svg
    jobid: 16
    reason: Missing output files: /Users/alex/Documents/AOC-develop/results/BDNF-annot/Visualizations/BDNF-annot.FEL.merged.png, /Users/alex/Documents/AOC-develop/results/BDNF-annot/Visualizations/BDNF-annot.FEL.merged.svg; Input files updated by another job: /Users/alex/Documents/AOC-develop/results/BDNF-annot/Tables/BDNF-annot.AOC.merged_FEL_Results.csv
    wildcards: label=BDNF-annot
    resources: tmpdir=/var/folders/3l/76gtv9qd0v3_8hn3cb7hfbs40000gn/T

[Sun Mar  1 08:01:08 2026]
Finished job 5.
4 of 17 steps (24%) done
Select jobs to execute...

[Sun Mar  1 08:01:08 2026]
rule PlotFELMerge:
    input: /Users/alex/Documents/AOC-develop/results/BDNF/Tables/BDNF.AOC.merged_FEL_Results.csv
    output: /Users/alex/Documents/AOC-develop/results/BDNF/Visualizations/BDNF.FEL.merged.png, /Users/alex/Documents/AOC-develop/results/BDNF/Visualizations/BDNF.FEL.merged.svg
    jobid: 7
    reason: Missing output files: /Users/alex/Documents/AOC-develop/results/BDNF/Visualizations/BDNF.FEL.merged.svg, /Users/alex/Documents/AOC-develop/results/BDNF/Visualizations/BDNF.FEL.merged.png; Input files updated by another job: /Users/alex/Documents/AOC-develop/results/BDNF/Tables/BDNF.AOC.merged_FEL_Results.csv
    wildcards: label=BDNF
    resources: tmpdir=/var/folders/3l/76gtv9qd0v3_8hn3cb7hfbs40000gn/T

Exiting because a job execution failed. Look above for error message
Complete log: .snakemake/log/2026-03-01T080050.701925.snakemake.log
