Config file config/config.yaml is extended by additional config specified via the command line.
Building DAG of jobs...
Using shell: /bin/bash
Provided cores: 10
Rules claiming more threads will be scaled down.
Job stats:
job                                    count
-----------------------------------  -------
ABSREL_partition                           4
BUSTEDS_MH_partition                       4
CFEL_partition                             4
FEL_partition                              4
MEME_partition                             4
MergeABSRELCSVs                            1
MergeBUSTEDS_MH_CSVs                       1
MergeCFELCSVs                              1
MergeFELCSVs                               1
MergeMEMECSVs                              1
MergeRELAXCSVs                             1
PlotFELMerge                               1
PlotFEL_partition                          4
PlotMEMEMerge                              1
PlotMEME_partition                         4
RELAX_partition                            4
SelectionOverviewTable                     1
TableABSREL_partition                      4
TableBUSTEDS_MH_partition                  4
TableCFEL_partition                        4
TableRELAX_partition                       4
all                                        1
build_header_map_and_test_list             1
label_tree_TestForeground_partition        4
run_selection_all_partitions               1
total                                     64

Select jobs to execute...

[Wed Mar 11 05:22:00 2026]
rule build_header_map_and_test_list:
    input: /Users/alex/Documents/AOC-develop/data/BDNF/BDNF-64.sequence_labels.csv
    output: results/BDNF-64/BDNF-64.sequence_header_map.csv, results/BDNF-64/BDNF-64.test_sequences.txt
    log: results/logs/build_header_map_and_test_list.BDNF-64.log
    jobid: 9
    reason: Code has changed since last execution
    wildcards: sample=BDNF-64
    resources: tmpdir=/var/folders/3l/76gtv9qd0v3_8hn3cb7hfbs40000gn/T

[Wed Mar 11 05:22:04 2026]
Finished job 9.
1 of 64 steps (2%) done
Select jobs to execute...

[Wed Mar 11 05:22:04 2026]
rule label_tree_TestForeground_partition:
    input: results/BDNF-64/selection/part2/FastTree.treefile, results/BDNF-64/BDNF-64.test_sequences.txt
    output: results/BDNF-64/selection/part2/FastTree.labelled.treefile
    log: results/logs/label_tree_TestForeground_partition.BDNF-64.part2.log
    jobid: 36
    reason: Input files updated by another job: results/BDNF-64/BDNF-64.test_sequences.txt
    wildcards: sample=BDNF-64, part=2
    resources: tmpdir=/var/folders/3l/76gtv9qd0v3_8hn3cb7hfbs40000gn/T

[Wed Mar 11 05:22:04 2026]
rule label_tree_TestForeground_partition:
    input: results/BDNF-64/selection/part4/FastTree.treefile, results/BDNF-64/BDNF-64.test_sequences.txt
    output: results/BDNF-64/selection/part4/FastTree.labelled.treefile
    log: results/logs/label_tree_TestForeground_partition.BDNF-64.part4.log
    jobid: 52
    reason: Input files updated by another job: results/BDNF-64/BDNF-64.test_sequences.txt
    wildcards: sample=BDNF-64, part=4
    resources: tmpdir=/var/folders/3l/76gtv9qd0v3_8hn3cb7hfbs40000gn/T

[Wed Mar 11 05:22:04 2026]
rule label_tree_TestForeground_partition:
    input: results/BDNF-64/selection/part3/FastTree.treefile, results/BDNF-64/BDNF-64.test_sequences.txt
    output: results/BDNF-64/selection/part3/FastTree.labelled.treefile
    log: results/logs/label_tree_TestForeground_partition.BDNF-64.part3.log
    jobid: 44
    reason: Input files updated by another job: results/BDNF-64/BDNF-64.test_sequences.txt
    wildcards: sample=BDNF-64, part=3
    resources: tmpdir=/var/folders/3l/76gtv9qd0v3_8hn3cb7hfbs40000gn/T

[Wed Mar 11 05:22:04 2026]
rule label_tree_TestForeground_partition:
    input: results/BDNF-64/selection/part1/FastTree.treefile, results/BDNF-64/BDNF-64.test_sequences.txt
    output: results/BDNF-64/selection/part1/FastTree.labelled.treefile
    log: results/logs/label_tree_TestForeground_partition.BDNF-64.part1.log
    jobid: 28
    reason: Input files updated by another job: results/BDNF-64/BDNF-64.test_sequences.txt
    wildcards: sample=BDNF-64, part=1
    resources: tmpdir=/var/folders/3l/76gtv9qd0v3_8hn3cb7hfbs40000gn/T

[Wed Mar 11 05:22:09 2026]
Finished job 44.
2 of 64 steps (3%) done
[Wed Mar 11 05:22:09 2026]
Finished job 52.
3 of 64 steps (5%) done
[Wed Mar 11 05:22:09 2026]
Finished job 36.
4 of 64 steps (6%) done
Select jobs to execute...

[Wed Mar 11 05:22:09 2026]
rule FEL_partition:
    input: results/BDNF-64/gard/segments/BDNF-64.part3.codon.fas, results/BDNF-64/selection/part3/FastTree.labelled.treefile
    output: results/BDNF-64/selection/part3/FEL.json
    log: results/logs/FEL_partition.BDNF-64.part3.log
    jobid: 43
    reason: Input files updated by another job: results/BDNF-64/selection/part3/FastTree.labelled.treefile
    wildcards: sample=BDNF-64, part=3
    resources: tmpdir=/var/folders/3l/76gtv9qd0v3_8hn3cb7hfbs40000gn/T


        mkdir -p results/BDNF-64/selection/part3
        hyphy FEL --alignment results/BDNF-64/gard/segments/BDNF-64.part3.codon.fas --tree results/BDNF-64/selection/part3/FastTree.labelled.treefile --output results/BDNF-64/selection/part3/FEL.json --ci Yes --branches Test > results/logs/FEL_partition.BDNF-64.part3.log 2>&1
        

[Wed Mar 11 05:22:09 2026]
rule FEL_partition:
    input: results/BDNF-64/gard/segments/BDNF-64.part4.codon.fas, results/BDNF-64/selection/part4/FastTree.labelled.treefile
    output: results/BDNF-64/selection/part4/FEL.json
    log: results/logs/FEL_partition.BDNF-64.part4.log
    jobid: 51
    reason: Input files updated by another job: results/BDNF-64/selection/part4/FastTree.labelled.treefile
    wildcards: sample=BDNF-64, part=4
    resources: tmpdir=/var/folders/3l/76gtv9qd0v3_8hn3cb7hfbs40000gn/T


        mkdir -p results/BDNF-64/selection/part4
        hyphy FEL --alignment results/BDNF-64/gard/segments/BDNF-64.part4.codon.fas --tree results/BDNF-64/selection/part4/FastTree.labelled.treefile --output results/BDNF-64/selection/part4/FEL.json --ci Yes --branches Test > results/logs/FEL_partition.BDNF-64.part4.log 2>&1
        

[Wed Mar 11 05:22:09 2026]
rule BUSTEDS_MH_partition:
    input: results/BDNF-64/gard/segments/BDNF-64.part2.codon.fas, results/BDNF-64/selection/part2/FastTree.labelled.treefile
    output: results/BDNF-64/selection/part2/BUSTEDS-MH.json
    log: results/logs/BUSTEDS_MH_partition.BDNF-64.part2.log
    jobid: 40
    reason: Input files updated by another job: results/BDNF-64/selection/part2/FastTree.labelled.treefile
    wildcards: sample=BDNF-64, part=2
    resources: tmpdir=/var/folders/3l/76gtv9qd0v3_8hn3cb7hfbs40000gn/T


        mkdir -p results/BDNF-64/selection/part2
        hyphy BUSTED \
          --alignment results/BDNF-64/gard/segments/BDNF-64.part2.codon.fas \
          --tree results/BDNF-64/selection/part2/FastTree.labelled.treefile \
          --output results/BDNF-64/selection/part2/BUSTEDS-MH.json \
          --srv Yes \
          --multiple-hits Double+Triple \
          --branches Test \
          > results/logs/BUSTEDS_MH_partition.BDNF-64.part2.log 2>&1
        

[Wed Mar 11 05:22:09 2026]
rule ABSREL_partition:
    input: results/BDNF-64/gard/segments/BDNF-64.part4.codon.fas, results/BDNF-64/selection/part4/FastTree.labelled.treefile
    output: results/BDNF-64/selection/part4/ABSREL.json
    log: results/logs/ABSREL_partition.BDNF-64.part4.log
    jobid: 55
    reason: Input files updated by another job: results/BDNF-64/selection/part4/FastTree.labelled.treefile
    wildcards: sample=BDNF-64, part=4
    resources: tmpdir=/var/folders/3l/76gtv9qd0v3_8hn3cb7hfbs40000gn/T


        mkdir -p results/BDNF-64/selection/part4
        hyphy ABSREL --alignment results/BDNF-64/gard/segments/BDNF-64.part4.codon.fas --tree results/BDNF-64/selection/part4/FastTree.labelled.treefile --output results/BDNF-64/selection/part4/ABSREL.json --branches Test > results/logs/ABSREL_partition.BDNF-64.part4.log 2>&1
        

[Wed Mar 11 05:22:09 2026]
rule ABSREL_partition:
    input: results/BDNF-64/gard/segments/BDNF-64.part2.codon.fas, results/BDNF-64/selection/part2/FastTree.labelled.treefile
    output: results/BDNF-64/selection/part2/ABSREL.json
    log: results/logs/ABSREL_partition.BDNF-64.part2.log
    jobid: 39
    reason: Input files updated by another job: results/BDNF-64/selection/part2/FastTree.labelled.treefile
    wildcards: sample=BDNF-64, part=2
    resources: tmpdir=/var/folders/3l/76gtv9qd0v3_8hn3cb7hfbs40000gn/T


        mkdir -p results/BDNF-64/selection/part2
        hyphy ABSREL --alignment results/BDNF-64/gard/segments/BDNF-64.part2.codon.fas --tree results/BDNF-64/selection/part2/FastTree.labelled.treefile --output results/BDNF-64/selection/part2/ABSREL.json --branches Test > results/logs/ABSREL_partition.BDNF-64.part2.log 2>&1
        

[Wed Mar 11 05:22:09 2026]
rule ABSREL_partition:
    input: results/BDNF-64/gard/segments/BDNF-64.part3.codon.fas, results/BDNF-64/selection/part3/FastTree.labelled.treefile
    output: results/BDNF-64/selection/part3/ABSREL.json
    log: results/logs/ABSREL_partition.BDNF-64.part3.log
    jobid: 47
    reason: Input files updated by another job: results/BDNF-64/selection/part3/FastTree.labelled.treefile
    wildcards: sample=BDNF-64, part=3
    resources: tmpdir=/var/folders/3l/76gtv9qd0v3_8hn3cb7hfbs40000gn/T


        mkdir -p results/BDNF-64/selection/part3
        hyphy ABSREL --alignment results/BDNF-64/gard/segments/BDNF-64.part3.codon.fas --tree results/BDNF-64/selection/part3/FastTree.labelled.treefile --output results/BDNF-64/selection/part3/ABSREL.json --branches Test > results/logs/ABSREL_partition.BDNF-64.part3.log 2>&1
        

[Wed Mar 11 05:22:09 2026]
rule BUSTEDS_MH_partition:
    input: results/BDNF-64/gard/segments/BDNF-64.part4.codon.fas, results/BDNF-64/selection/part4/FastTree.labelled.treefile
    output: results/BDNF-64/selection/part4/BUSTEDS-MH.json
    log: results/logs/BUSTEDS_MH_partition.BDNF-64.part4.log
    jobid: 56
    reason: Input files updated by another job: results/BDNF-64/selection/part4/FastTree.labelled.treefile
    wildcards: sample=BDNF-64, part=4
    resources: tmpdir=/var/folders/3l/76gtv9qd0v3_8hn3cb7hfbs40000gn/T


        mkdir -p results/BDNF-64/selection/part4
        hyphy BUSTED \
          --alignment results/BDNF-64/gard/segments/BDNF-64.part4.codon.fas \
          --tree results/BDNF-64/selection/part4/FastTree.labelled.treefile \
          --output results/BDNF-64/selection/part4/BUSTEDS-MH.json \
          --srv Yes \
          --multiple-hits Double+Triple \
          --branches Test \
          > results/logs/BUSTEDS_MH_partition.BDNF-64.part4.log 2>&1
        

[Wed Mar 11 05:22:09 2026]
rule BUSTEDS_MH_partition:
    input: results/BDNF-64/gard/segments/BDNF-64.part3.codon.fas, results/BDNF-64/selection/part3/FastTree.labelled.treefile
    output: results/BDNF-64/selection/part3/BUSTEDS-MH.json
    log: results/logs/BUSTEDS_MH_partition.BDNF-64.part3.log
    jobid: 48
    reason: Input files updated by another job: results/BDNF-64/selection/part3/FastTree.labelled.treefile
    wildcards: sample=BDNF-64, part=3
    resources: tmpdir=/var/folders/3l/76gtv9qd0v3_8hn3cb7hfbs40000gn/T


        mkdir -p results/BDNF-64/selection/part3
        hyphy BUSTED \
          --alignment results/BDNF-64/gard/segments/BDNF-64.part3.codon.fas \
          --tree results/BDNF-64/selection/part3/FastTree.labelled.treefile \
          --output results/BDNF-64/selection/part3/BUSTEDS-MH.json \
          --srv Yes \
          --multiple-hits Double+Triple \
          --branches Test \
          > results/logs/BUSTEDS_MH_partition.BDNF-64.part3.log 2>&1
        

[Wed Mar 11 05:22:09 2026]
rule CFEL_partition:
    input: results/BDNF-64/gard/segments/BDNF-64.part2.codon.fas, results/BDNF-64/selection/part2/FastTree.labelled.treefile, results/BDNF-64/BDNF-64.test_sequences.txt
    output: results/BDNF-64/selection/part2/CFEL.json
    log: results/logs/CFEL_partition.BDNF-64.part2.log
    jobid: 42
    reason: Input files updated by another job: results/BDNF-64/selection/part2/FastTree.labelled.treefile, results/BDNF-64/BDNF-64.test_sequences.txt
    wildcards: sample=BDNF-64, part=2
    resources: tmpdir=/var/folders/3l/76gtv9qd0v3_8hn3cb7hfbs40000gn/T

[Wed Mar 11 05:22:09 2026]
Finished job 28.
5 of 64 steps (8%) done
Select jobs to execute...

[Wed Mar 11 05:22:09 2026]
rule BUSTEDS_MH_partition:
    input: results/BDNF-64/gard/segments/BDNF-64.part1.codon.fas, results/BDNF-64/selection/part1/FastTree.labelled.treefile
    output: results/BDNF-64/selection/part1/BUSTEDS-MH.json
    log: results/logs/BUSTEDS_MH_partition.BDNF-64.part1.log
    jobid: 32
    reason: Input files updated by another job: results/BDNF-64/selection/part1/FastTree.labelled.treefile
    wildcards: sample=BDNF-64, part=1
    resources: tmpdir=/var/folders/3l/76gtv9qd0v3_8hn3cb7hfbs40000gn/T


        mkdir -p results/BDNF-64/selection/part1
        hyphy BUSTED \
          --alignment results/BDNF-64/gard/segments/BDNF-64.part1.codon.fas \
          --tree results/BDNF-64/selection/part1/FastTree.labelled.treefile \
          --output results/BDNF-64/selection/part1/BUSTEDS-MH.json \
          --srv Yes \
          --multiple-hits Double+Triple \
          --branches Test \
          > results/logs/BUSTEDS_MH_partition.BDNF-64.part1.log 2>&1
        
Select jobs to execute...
[Wed Mar 11 05:23:06 2026]
Finished job 43.
6 of 64 steps (9%) done

[Wed Mar 11 05:23:07 2026]
rule MEME_partition:
    input: results/BDNF-64/gard/segments/BDNF-64.part3.codon.fas, results/BDNF-64/selection/part3/FastTree.labelled.treefile
    output: results/BDNF-64/selection/part3/MEME.json
    log: results/logs/MEME_partition.BDNF-64.part3.log
    jobid: 46
    reason: Input files updated by another job: results/BDNF-64/selection/part3/FastTree.labelled.treefile
    wildcards: sample=BDNF-64, part=3
    resources: tmpdir=/var/folders/3l/76gtv9qd0v3_8hn3cb7hfbs40000gn/T


        mkdir -p results/BDNF-64/selection/part3
        hyphy MEME --alignment results/BDNF-64/gard/segments/BDNF-64.part3.codon.fas --tree results/BDNF-64/selection/part3/FastTree.labelled.treefile --output results/BDNF-64/selection/part3/MEME.json --branches Test ENV=TOLERATE_NUMERICAL_ERRORS=1; > results/logs/MEME_partition.BDNF-64.part3.log 2>&1
        
[Wed Mar 11 05:23:27 2026]
Finished job 42.
7 of 64 steps (11%) done
Select jobs to execute...

[Wed Mar 11 05:23:27 2026]
rule MEME_partition:
    input: results/BDNF-64/gard/segments/BDNF-64.part2.codon.fas, results/BDNF-64/selection/part2/FastTree.labelled.treefile
    output: results/BDNF-64/selection/part2/MEME.json
    log: results/logs/MEME_partition.BDNF-64.part2.log
    jobid: 38
    reason: Input files updated by another job: results/BDNF-64/selection/part2/FastTree.labelled.treefile
    wildcards: sample=BDNF-64, part=2
    resources: tmpdir=/var/folders/3l/76gtv9qd0v3_8hn3cb7hfbs40000gn/T


        mkdir -p results/BDNF-64/selection/part2
        hyphy MEME --alignment results/BDNF-64/gard/segments/BDNF-64.part2.codon.fas --tree results/BDNF-64/selection/part2/FastTree.labelled.treefile --output results/BDNF-64/selection/part2/MEME.json --branches Test ENV=TOLERATE_NUMERICAL_ERRORS=1; > results/logs/MEME_partition.BDNF-64.part2.log 2>&1
        
[Wed Mar 11 05:23:31 2026]
Finished job 47.
8 of 64 steps (12%) done
Select jobs to execute...

[Wed Mar 11 05:23:31 2026]
rule RELAX_partition:
    input: results/BDNF-64/gard/segments/BDNF-64.part1.codon.fas, results/BDNF-64/selection/part1/FastTree.labelled.treefile, results/BDNF-64/BDNF-64.test_sequences.txt
    output: results/BDNF-64/selection/part1/RELAX.json
    log: results/logs/RELAX_partition.BDNF-64.part1.log
    jobid: 33
    reason: Input files updated by another job: results/BDNF-64/selection/part1/FastTree.labelled.treefile, results/BDNF-64/BDNF-64.test_sequences.txt
    wildcards: sample=BDNF-64, part=1
    resources: tmpdir=/var/folders/3l/76gtv9qd0v3_8hn3cb7hfbs40000gn/T

[Wed Mar 11 05:23:44 2026]
Finished job 39.
9 of 64 steps (14%) done
Select jobs to execute...

[Wed Mar 11 05:23:44 2026]
rule CFEL_partition:
    input: results/BDNF-64/gard/segments/BDNF-64.part4.codon.fas, results/BDNF-64/selection/part4/FastTree.labelled.treefile, results/BDNF-64/BDNF-64.test_sequences.txt
    output: results/BDNF-64/selection/part4/CFEL.json
    log: results/logs/CFEL_partition.BDNF-64.part4.log
    jobid: 58
    reason: Input files updated by another job: results/BDNF-64/BDNF-64.test_sequences.txt, results/BDNF-64/selection/part4/FastTree.labelled.treefile
    wildcards: sample=BDNF-64, part=4
    resources: tmpdir=/var/folders/3l/76gtv9qd0v3_8hn3cb7hfbs40000gn/T

[Wed Mar 11 05:23:46 2026]
Finished job 46.
10 of 64 steps (16%) done
Select jobs to execute...

[Wed Mar 11 05:23:46 2026]
rule MEME_partition:
    input: results/BDNF-64/gard/segments/BDNF-64.part4.codon.fas, results/BDNF-64/selection/part4/FastTree.labelled.treefile
    output: results/BDNF-64/selection/part4/MEME.json
    log: results/logs/MEME_partition.BDNF-64.part4.log
    jobid: 54
    reason: Input files updated by another job: results/BDNF-64/selection/part4/FastTree.labelled.treefile
    wildcards: sample=BDNF-64, part=4
    resources: tmpdir=/var/folders/3l/76gtv9qd0v3_8hn3cb7hfbs40000gn/T


        mkdir -p results/BDNF-64/selection/part4
        hyphy MEME --alignment results/BDNF-64/gard/segments/BDNF-64.part4.codon.fas --tree results/BDNF-64/selection/part4/FastTree.labelled.treefile --output results/BDNF-64/selection/part4/MEME.json --branches Test ENV=TOLERATE_NUMERICAL_ERRORS=1; > results/logs/MEME_partition.BDNF-64.part4.log 2>&1
        
[Wed Mar 11 05:24:24 2026]
Finished job 38.
11 of 64 steps (17%) done
Select jobs to execute...

[Wed Mar 11 05:24:24 2026]
rule TableABSREL_partition:
    input: results/BDNF-64/selection/part2/ABSREL.json
    output: results/BDNF-64/tables/part2/BDNF-64.part2.AOC.ABSREL_Results.csv
    log: results/logs/TableABSREL_partition.BDNF-64.part2.log
    jobid: 68
    reason: Input files updated by another job: results/BDNF-64/selection/part2/ABSREL.json
    wildcards: sample=BDNF-64, part=2
    resources: tmpdir=/var/folders/3l/76gtv9qd0v3_8hn3cb7hfbs40000gn/T

[Wed Mar 11 05:24:45 2026]
Finished job 68.
12 of 64 steps (19%) done
Select jobs to execute...

[Wed Mar 11 05:24:45 2026]
rule ABSREL_partition:
    input: results/BDNF-64/gard/segments/BDNF-64.part1.codon.fas, results/BDNF-64/selection/part1/FastTree.labelled.treefile
    output: results/BDNF-64/selection/part1/ABSREL.json
    log: results/logs/ABSREL_partition.BDNF-64.part1.log
    jobid: 31
    reason: Input files updated by another job: results/BDNF-64/selection/part1/FastTree.labelled.treefile
    wildcards: sample=BDNF-64, part=1
    resources: tmpdir=/var/folders/3l/76gtv9qd0v3_8hn3cb7hfbs40000gn/T


        mkdir -p results/BDNF-64/selection/part1
        hyphy ABSREL --alignment results/BDNF-64/gard/segments/BDNF-64.part1.codon.fas --tree results/BDNF-64/selection/part1/FastTree.labelled.treefile --output results/BDNF-64/selection/part1/ABSREL.json --branches Test > results/logs/ABSREL_partition.BDNF-64.part1.log 2>&1
        
[Wed Mar 11 05:27:16 2026]
Finished job 55.
13 of 64 steps (20%) done
Select jobs to execute...

[Wed Mar 11 05:27:16 2026]
rule TableABSREL_partition:
    input: results/BDNF-64/selection/part4/ABSREL.json
    output: results/BDNF-64/tables/part4/BDNF-64.part4.AOC.ABSREL_Results.csv
    log: results/logs/TableABSREL_partition.BDNF-64.part4.log
    jobid: 70
    reason: Input files updated by another job: results/BDNF-64/selection/part4/ABSREL.json
    wildcards: sample=BDNF-64, part=4
    resources: tmpdir=/var/folders/3l/76gtv9qd0v3_8hn3cb7hfbs40000gn/T

[Wed Mar 11 05:27:19 2026]
Finished job 31.
14 of 64 steps (22%) done
Select jobs to execute...

[Wed Mar 11 05:27:19 2026]
rule TableABSREL_partition:
    input: results/BDNF-64/selection/part1/ABSREL.json
    output: results/BDNF-64/tables/part1/BDNF-64.part1.AOC.ABSREL_Results.csv
    log: results/logs/TableABSREL_partition.BDNF-64.part1.log
    jobid: 67
    reason: Input files updated by another job: results/BDNF-64/selection/part1/ABSREL.json
    wildcards: sample=BDNF-64, part=1
    resources: tmpdir=/var/folders/3l/76gtv9qd0v3_8hn3cb7hfbs40000gn/T

[Wed Mar 11 05:27:23 2026]
Finished job 70.
15 of 64 steps (23%) done
Select jobs to execute...

[Wed Mar 11 05:27:23 2026]
rule PlotFEL_partition:
    input: results/BDNF-64/selection/part3/FEL.json
    output: results/BDNF-64/tables/part3/BDNF-64.part3.AOC.FEL_Results.csv, results/BDNF-64/visualizations/part3/BDNF-64.part3.FEL.png, results/BDNF-64/visualizations/part3/BDNF-64.part3.FEL.svg, results/BDNF-64/visualizations/part3/BDNF-64.part3.FEL.figure_legend.txt
    log: results/logs/PlotFEL_partition.BDNF-64.part3.log
    jobid: 61
    reason: Input files updated by another job: results/BDNF-64/selection/part3/FEL.json
    wildcards: sample=BDNF-64, part=3
    resources: tmpdir=/var/folders/3l/76gtv9qd0v3_8hn3cb7hfbs40000gn/T

[Wed Mar 11 05:27:28 2026]
Finished job 67.
16 of 64 steps (25%) done
Select jobs to execute...

[Wed Mar 11 05:27:28 2026]
rule RELAX_partition:
    input: results/BDNF-64/gard/segments/BDNF-64.part4.codon.fas, results/BDNF-64/selection/part4/FastTree.labelled.treefile, results/BDNF-64/BDNF-64.test_sequences.txt
    output: results/BDNF-64/selection/part4/RELAX.json
    log: results/logs/RELAX_partition.BDNF-64.part4.log
    jobid: 57
    reason: Input files updated by another job: results/BDNF-64/BDNF-64.test_sequences.txt, results/BDNF-64/selection/part4/FastTree.labelled.treefile
    wildcards: sample=BDNF-64, part=4
    resources: tmpdir=/var/folders/3l/76gtv9qd0v3_8hn3cb7hfbs40000gn/T

[Wed Mar 11 05:27:37 2026]
Finished job 61.
17 of 64 steps (27%) done
Select jobs to execute...

[Wed Mar 11 05:27:37 2026]
rule TableABSREL_partition:
    input: results/BDNF-64/selection/part3/ABSREL.json
    output: results/BDNF-64/tables/part3/BDNF-64.part3.AOC.ABSREL_Results.csv
    log: results/logs/TableABSREL_partition.BDNF-64.part3.log
    jobid: 69
    reason: Missing output files: results/BDNF-64/tables/part3/BDNF-64.part3.AOC.ABSREL_Results.csv; Input files updated by another job: results/BDNF-64/selection/part3/ABSREL.json
    wildcards: sample=BDNF-64, part=3
    resources: tmpdir=/var/folders/3l/76gtv9qd0v3_8hn3cb7hfbs40000gn/T

[Wed Mar 11 05:27:47 2026]
Finished job 69.
18 of 64 steps (28%) done
Select jobs to execute...

[Wed Mar 11 05:27:47 2026]
rule CFEL_partition:
    input: results/BDNF-64/gard/segments/BDNF-64.part3.codon.fas, results/BDNF-64/selection/part3/FastTree.labelled.treefile, results/BDNF-64/BDNF-64.test_sequences.txt
    output: results/BDNF-64/selection/part3/CFEL.json
    log: results/logs/CFEL_partition.BDNF-64.part3.log
    jobid: 50
    reason: Input files updated by another job: results/BDNF-64/selection/part3/FastTree.labelled.treefile, results/BDNF-64/BDNF-64.test_sequences.txt
    wildcards: sample=BDNF-64, part=3
    resources: tmpdir=/var/folders/3l/76gtv9qd0v3_8hn3cb7hfbs40000gn/T

[Wed Mar 11 05:28:29 2026]
Finished job 50.
19 of 64 steps (30%) done
Select jobs to execute...

[Wed Mar 11 05:28:30 2026]
rule FEL_partition:
    input: results/BDNF-64/gard/segments/BDNF-64.part2.codon.fas, results/BDNF-64/selection/part2/FastTree.labelled.treefile
    output: results/BDNF-64/selection/part2/FEL.json
    log: results/logs/FEL_partition.BDNF-64.part2.log
    jobid: 35
    reason: Input files updated by another job: results/BDNF-64/selection/part2/FastTree.labelled.treefile
    wildcards: sample=BDNF-64, part=2
    resources: tmpdir=/var/folders/3l/76gtv9qd0v3_8hn3cb7hfbs40000gn/T


        mkdir -p results/BDNF-64/selection/part2
        hyphy FEL --alignment results/BDNF-64/gard/segments/BDNF-64.part2.codon.fas --tree results/BDNF-64/selection/part2/FastTree.labelled.treefile --output results/BDNF-64/selection/part2/FEL.json --ci Yes --branches Test > results/logs/FEL_partition.BDNF-64.part2.log 2>&1
        
[Wed Mar 11 05:29:16 2026]
Finished job 35.
20 of 64 steps (31%) done
Select jobs to execute...

[Wed Mar 11 05:29:16 2026]
rule TableCFEL_partition:
    input: results/BDNF-64/selection/part3/CFEL.json
    output: results/BDNF-64/tables/part3/BDNF-64.part3.AOC.CFEL_Results.csv
    log: results/logs/TableCFEL_partition.BDNF-64.part3.log
    jobid: 81
    reason: Input files updated by another job: results/BDNF-64/selection/part3/CFEL.json
    wildcards: sample=BDNF-64, part=3
    resources: tmpdir=/var/folders/3l/76gtv9qd0v3_8hn3cb7hfbs40000gn/T

[Wed Mar 11 05:29:22 2026]
Finished job 81.
21 of 64 steps (33%) done
Select jobs to execute...

[Wed Mar 11 05:29:22 2026]
rule RELAX_partition:
    input: results/BDNF-64/gard/segments/BDNF-64.part2.codon.fas, results/BDNF-64/selection/part2/FastTree.labelled.treefile, results/BDNF-64/BDNF-64.test_sequences.txt
    output: results/BDNF-64/selection/part2/RELAX.json
    log: results/logs/RELAX_partition.BDNF-64.part2.log
    jobid: 41
    reason: Input files updated by another job: results/BDNF-64/selection/part2/FastTree.labelled.treefile, results/BDNF-64/BDNF-64.test_sequences.txt
    wildcards: sample=BDNF-64, part=2
    resources: tmpdir=/var/folders/3l/76gtv9qd0v3_8hn3cb7hfbs40000gn/T

[Wed Mar 11 05:32:11 2026]
Finished job 58.
22 of 64 steps (34%) done
Select jobs to execute...

[Wed Mar 11 05:32:11 2026]
rule TableCFEL_partition:
    input: results/BDNF-64/selection/part4/CFEL.json
    output: results/BDNF-64/tables/part4/BDNF-64.part4.AOC.CFEL_Results.csv
    log: results/logs/TableCFEL_partition.BDNF-64.part4.log
    jobid: 82
    reason: Input files updated by another job: results/BDNF-64/selection/part4/CFEL.json
    wildcards: sample=BDNF-64, part=4
    resources: tmpdir=/var/folders/3l/76gtv9qd0v3_8hn3cb7hfbs40000gn/T

[Wed Mar 11 05:32:18 2026]
Finished job 82.
23 of 64 steps (36%) done
Select jobs to execute...

[Wed Mar 11 05:32:18 2026]
rule RELAX_partition:
    input: results/BDNF-64/gard/segments/BDNF-64.part3.codon.fas, results/BDNF-64/selection/part3/FastTree.labelled.treefile, results/BDNF-64/BDNF-64.test_sequences.txt
    output: results/BDNF-64/selection/part3/RELAX.json
    log: results/logs/RELAX_partition.BDNF-64.part3.log
    jobid: 49
    reason: Input files updated by another job: results/BDNF-64/selection/part3/FastTree.labelled.treefile, results/BDNF-64/BDNF-64.test_sequences.txt
    wildcards: sample=BDNF-64, part=3
    resources: tmpdir=/var/folders/3l/76gtv9qd0v3_8hn3cb7hfbs40000gn/T

[Wed Mar 11 05:33:18 2026]
Finished job 51.
24 of 64 steps (38%) done
Select jobs to execute...

[Wed Mar 11 05:33:18 2026]
rule PlotFEL_partition:
    input: results/BDNF-64/selection/part4/FEL.json
    output: results/BDNF-64/tables/part4/BDNF-64.part4.AOC.FEL_Results.csv, results/BDNF-64/visualizations/part4/BDNF-64.part4.FEL.png, results/BDNF-64/visualizations/part4/BDNF-64.part4.FEL.svg, results/BDNF-64/visualizations/part4/BDNF-64.part4.FEL.figure_legend.txt
    log: results/logs/PlotFEL_partition.BDNF-64.part4.log
    jobid: 62
    reason: Input files updated by another job: results/BDNF-64/selection/part4/FEL.json
    wildcards: sample=BDNF-64, part=4
    resources: tmpdir=/var/folders/3l/76gtv9qd0v3_8hn3cb7hfbs40000gn/T

[Wed Mar 11 05:33:28 2026]
Finished job 62.
25 of 64 steps (39%) done
Select jobs to execute...

[Wed Mar 11 05:33:28 2026]
rule PlotFEL_partition:
    input: results/BDNF-64/selection/part2/FEL.json
    output: results/BDNF-64/tables/part2/BDNF-64.part2.AOC.FEL_Results.csv, results/BDNF-64/visualizations/part2/BDNF-64.part2.FEL.png, results/BDNF-64/visualizations/part2/BDNF-64.part2.FEL.svg, results/BDNF-64/visualizations/part2/BDNF-64.part2.FEL.figure_legend.txt
    log: results/logs/PlotFEL_partition.BDNF-64.part2.log
    jobid: 60
    reason: Input files updated by another job: results/BDNF-64/selection/part2/FEL.json
    wildcards: sample=BDNF-64, part=2
    resources: tmpdir=/var/folders/3l/76gtv9qd0v3_8hn3cb7hfbs40000gn/T

[Wed Mar 11 05:33:38 2026]
Finished job 60.
26 of 64 steps (41%) done
Select jobs to execute...

[Wed Mar 11 05:33:38 2026]
rule FEL_partition:
    input: results/BDNF-64/gard/segments/BDNF-64.part1.codon.fas, results/BDNF-64/selection/part1/FastTree.labelled.treefile
    output: results/BDNF-64/selection/part1/FEL.json
    log: results/logs/FEL_partition.BDNF-64.part1.log
    jobid: 27
    reason: Input files updated by another job: results/BDNF-64/selection/part1/FastTree.labelled.treefile
    wildcards: sample=BDNF-64, part=1
    resources: tmpdir=/var/folders/3l/76gtv9qd0v3_8hn3cb7hfbs40000gn/T


        mkdir -p results/BDNF-64/selection/part1
        hyphy FEL --alignment results/BDNF-64/gard/segments/BDNF-64.part1.codon.fas --tree results/BDNF-64/selection/part1/FastTree.labelled.treefile --output results/BDNF-64/selection/part1/FEL.json --ci Yes --branches Test > results/logs/FEL_partition.BDNF-64.part1.log 2>&1
        
[Wed Mar 11 05:35:11 2026]
Finished job 54.
27 of 64 steps (42%) done
Select jobs to execute...

[Wed Mar 11 05:35:11 2026]
rule PlotMEME_partition:
    input: results/BDNF-64/selection/part4/MEME.json
    output: results/BDNF-64/tables/part4/BDNF-64.part4.AOC.MEME_Results.csv, results/BDNF-64/visualizations/part4/BDNF-64.part4.MEME.png, results/BDNF-64/visualizations/part4/BDNF-64.part4.MEME.svg, results/BDNF-64/visualizations/part4/BDNF-64.part4.MEME.figure_legend.txt
    log: results/logs/PlotMEME_partition.BDNF-64.part4.log
    jobid: 66
    reason: Missing output files: results/BDNF-64/tables/part4/BDNF-64.part4.AOC.MEME_Results.csv; Input files updated by another job: results/BDNF-64/selection/part4/MEME.json
    wildcards: sample=BDNF-64, part=4
    resources: tmpdir=/var/folders/3l/76gtv9qd0v3_8hn3cb7hfbs40000gn/T

[Wed Mar 11 05:35:22 2026]
Finished job 66.
28 of 64 steps (44%) done
Select jobs to execute...

[Wed Mar 11 05:35:22 2026]
rule TableCFEL_partition:
    input: results/BDNF-64/selection/part2/CFEL.json
    output: results/BDNF-64/tables/part2/BDNF-64.part2.AOC.CFEL_Results.csv
    log: results/logs/TableCFEL_partition.BDNF-64.part2.log
    jobid: 80
    reason: Input files updated by another job: results/BDNF-64/selection/part2/CFEL.json
    wildcards: sample=BDNF-64, part=2
    resources: tmpdir=/var/folders/3l/76gtv9qd0v3_8hn3cb7hfbs40000gn/T

[Wed Mar 11 05:35:28 2026]
Finished job 80.
29 of 64 steps (45%) done
Select jobs to execute...

[Wed Mar 11 05:35:28 2026]
rule PlotMEME_partition:
    input: results/BDNF-64/selection/part3/MEME.json
    output: results/BDNF-64/tables/part3/BDNF-64.part3.AOC.MEME_Results.csv, results/BDNF-64/visualizations/part3/BDNF-64.part3.MEME.png, results/BDNF-64/visualizations/part3/BDNF-64.part3.MEME.svg, results/BDNF-64/visualizations/part3/BDNF-64.part3.MEME.figure_legend.txt
    log: results/logs/PlotMEME_partition.BDNF-64.part3.log
    jobid: 65
    reason: Input files updated by another job: results/BDNF-64/selection/part3/MEME.json
    wildcards: sample=BDNF-64, part=3
    resources: tmpdir=/var/folders/3l/76gtv9qd0v3_8hn3cb7hfbs40000gn/T

[Wed Mar 11 05:35:37 2026]
Finished job 65.
30 of 64 steps (47%) done
Select jobs to execute...

[Wed Mar 11 05:35:37 2026]
rule PlotMEME_partition:
    input: results/BDNF-64/selection/part2/MEME.json
    output: results/BDNF-64/tables/part2/BDNF-64.part2.AOC.MEME_Results.csv, results/BDNF-64/visualizations/part2/BDNF-64.part2.MEME.png, results/BDNF-64/visualizations/part2/BDNF-64.part2.MEME.svg, results/BDNF-64/visualizations/part2/BDNF-64.part2.MEME.figure_legend.txt
    log: results/logs/PlotMEME_partition.BDNF-64.part2.log
    jobid: 64
    reason: Input files updated by another job: results/BDNF-64/selection/part2/MEME.json
    wildcards: sample=BDNF-64, part=2
    resources: tmpdir=/var/folders/3l/76gtv9qd0v3_8hn3cb7hfbs40000gn/T

[Wed Mar 11 05:35:48 2026]
Finished job 64.
31 of 64 steps (48%) done
Select jobs to execute...

[Wed Mar 11 05:35:48 2026]
rule CFEL_partition:
    input: results/BDNF-64/gard/segments/BDNF-64.part1.codon.fas, results/BDNF-64/selection/part1/FastTree.labelled.treefile, results/BDNF-64/BDNF-64.test_sequences.txt
    output: results/BDNF-64/selection/part1/CFEL.json
    log: results/logs/CFEL_partition.BDNF-64.part1.log
    jobid: 34
    reason: Input files updated by another job: results/BDNF-64/selection/part1/FastTree.labelled.treefile, results/BDNF-64/BDNF-64.test_sequences.txt
    wildcards: sample=BDNF-64, part=1
    resources: tmpdir=/var/folders/3l/76gtv9qd0v3_8hn3cb7hfbs40000gn/T

[Wed Mar 11 05:36:25 2026]
Finished job 27.
32 of 64 steps (50%) done
Select jobs to execute...

[Wed Mar 11 05:36:25 2026]
rule MEME_partition:
    input: results/BDNF-64/gard/segments/BDNF-64.part1.codon.fas, results/BDNF-64/selection/part1/FastTree.labelled.treefile
    output: results/BDNF-64/selection/part1/MEME.json
    log: results/logs/MEME_partition.BDNF-64.part1.log
    jobid: 30
    reason: Input files updated by another job: results/BDNF-64/selection/part1/FastTree.labelled.treefile
    wildcards: sample=BDNF-64, part=1
    resources: tmpdir=/var/folders/3l/76gtv9qd0v3_8hn3cb7hfbs40000gn/T


        mkdir -p results/BDNF-64/selection/part1
        hyphy MEME --alignment results/BDNF-64/gard/segments/BDNF-64.part1.codon.fas --tree results/BDNF-64/selection/part1/FastTree.labelled.treefile --output results/BDNF-64/selection/part1/MEME.json --branches Test ENV=TOLERATE_NUMERICAL_ERRORS=1; > results/logs/MEME_partition.BDNF-64.part1.log 2>&1
        
[Wed Mar 11 05:37:36 2026]
Finished job 48.
33 of 64 steps (52%) done
Select jobs to execute...

[Wed Mar 11 05:37:36 2026]
rule TableBUSTEDS_MH_partition:
    input: results/BDNF-64/selection/part3/BUSTEDS-MH.json
    output: results/BDNF-64/tables/part3/BDNF-64.part3.AOC.BUSTEDS-MH_Results.csv
    log: results/logs/TableBUSTEDS_MH_partition.BDNF-64.part3.log
    jobid: 73
    reason: Input files updated by another job: results/BDNF-64/selection/part3/BUSTEDS-MH.json
    wildcards: sample=BDNF-64, part=3
    resources: tmpdir=/var/folders/3l/76gtv9qd0v3_8hn3cb7hfbs40000gn/T

[Wed Mar 11 05:37:43 2026]
Finished job 73.
34 of 64 steps (53%) done
Select jobs to execute...

[Wed Mar 11 05:37:43 2026]
rule PlotFEL_partition:
    input: results/BDNF-64/selection/part1/FEL.json
    output: results/BDNF-64/tables/part1/BDNF-64.part1.AOC.FEL_Results.csv, results/BDNF-64/visualizations/part1/BDNF-64.part1.FEL.png, results/BDNF-64/visualizations/part1/BDNF-64.part1.FEL.svg, results/BDNF-64/visualizations/part1/BDNF-64.part1.FEL.figure_legend.txt
    log: results/logs/PlotFEL_partition.BDNF-64.part1.log
    jobid: 59
    reason: Input files updated by another job: results/BDNF-64/selection/part1/FEL.json
    wildcards: sample=BDNF-64, part=1
    resources: tmpdir=/var/folders/3l/76gtv9qd0v3_8hn3cb7hfbs40000gn/T

[Wed Mar 11 05:37:53 2026]
Finished job 59.
35 of 64 steps (55%) done
[Wed Mar 11 05:39:35 2026]
Finished job 30.
36 of 64 steps (56%) done
Select jobs to execute...

[Wed Mar 11 05:39:35 2026]
rule PlotMEME_partition:
    input: results/BDNF-64/selection/part1/MEME.json
    output: results/BDNF-64/tables/part1/BDNF-64.part1.AOC.MEME_Results.csv, results/BDNF-64/visualizations/part1/BDNF-64.part1.MEME.png, results/BDNF-64/visualizations/part1/BDNF-64.part1.MEME.svg, results/BDNF-64/visualizations/part1/BDNF-64.part1.MEME.figure_legend.txt
    log: results/logs/PlotMEME_partition.BDNF-64.part1.log
    jobid: 63
    reason: Input files updated by another job: results/BDNF-64/selection/part1/MEME.json
    wildcards: sample=BDNF-64, part=1
    resources: tmpdir=/var/folders/3l/76gtv9qd0v3_8hn3cb7hfbs40000gn/T

[Wed Mar 11 05:39:43 2026]
Finished job 63.
37 of 64 steps (58%) done
[Wed Mar 11 05:39:45 2026]
Finished job 34.
38 of 64 steps (59%) done
Select jobs to execute...

[Wed Mar 11 05:39:45 2026]
rule TableCFEL_partition:
    input: results/BDNF-64/selection/part1/CFEL.json
    output: results/BDNF-64/tables/part1/BDNF-64.part1.AOC.CFEL_Results.csv
    log: results/logs/TableCFEL_partition.BDNF-64.part1.log
    jobid: 79
    reason: Missing output files: results/BDNF-64/tables/part1/BDNF-64.part1.AOC.CFEL_Results.csv; Input files updated by another job: results/BDNF-64/selection/part1/CFEL.json
    wildcards: sample=BDNF-64, part=1
    resources: tmpdir=/var/folders/3l/76gtv9qd0v3_8hn3cb7hfbs40000gn/T

[Wed Mar 11 05:39:50 2026]
Finished job 79.
39 of 64 steps (61%) done
[Wed Mar 11 05:39:52 2026]
Finished job 49.
40 of 64 steps (62%) done
Select jobs to execute...

[Wed Mar 11 05:39:52 2026]
rule TableRELAX_partition:
    input: results/BDNF-64/selection/part3/RELAX.json
    output: results/BDNF-64/tables/part3/BDNF-64.part3.AOC.RELAX_Results.csv
    log: results/logs/TableRELAX_partition.BDNF-64.part3.log
    jobid: 77
    reason: Input files updated by another job: results/BDNF-64/selection/part3/RELAX.json
    wildcards: sample=BDNF-64, part=3
    resources: tmpdir=/var/folders/3l/76gtv9qd0v3_8hn3cb7hfbs40000gn/T

[Wed Mar 11 05:39:55 2026]
Finished job 77.
41 of 64 steps (64%) done
[Wed Mar 11 05:44:50 2026]
Finished job 57.
42 of 64 steps (66%) done
Select jobs to execute...

[Wed Mar 11 05:44:50 2026]
rule TableRELAX_partition:
    input: results/BDNF-64/selection/part4/RELAX.json
    output: results/BDNF-64/tables/part4/BDNF-64.part4.AOC.RELAX_Results.csv
    log: results/logs/TableRELAX_partition.BDNF-64.part4.log
    jobid: 78
    reason: Input files updated by another job: results/BDNF-64/selection/part4/RELAX.json
    wildcards: sample=BDNF-64, part=4
    resources: tmpdir=/var/folders/3l/76gtv9qd0v3_8hn3cb7hfbs40000gn/T

[Wed Mar 11 05:44:54 2026]
Finished job 78.
43 of 64 steps (67%) done
[Wed Mar 11 05:46:24 2026]
Finished job 41.
44 of 64 steps (69%) done
Select jobs to execute...

[Wed Mar 11 05:46:24 2026]
rule TableRELAX_partition:
    input: results/BDNF-64/selection/part2/RELAX.json
    output: results/BDNF-64/tables/part2/BDNF-64.part2.AOC.RELAX_Results.csv
    log: results/logs/TableRELAX_partition.BDNF-64.part2.log
    jobid: 76
    reason: Input files updated by another job: results/BDNF-64/selection/part2/RELAX.json
    wildcards: sample=BDNF-64, part=2
    resources: tmpdir=/var/folders/3l/76gtv9qd0v3_8hn3cb7hfbs40000gn/T

[Wed Mar 11 05:46:28 2026]
Finished job 76.
45 of 64 steps (70%) done
[Wed Mar 11 05:48:26 2026]
Finished job 33.
46 of 64 steps (72%) done
Select jobs to execute...

[Wed Mar 11 05:48:26 2026]
rule TableRELAX_partition:
    input: results/BDNF-64/selection/part1/RELAX.json
    output: results/BDNF-64/tables/part1/BDNF-64.part1.AOC.RELAX_Results.csv
    log: results/logs/TableRELAX_partition.BDNF-64.part1.log
    jobid: 75
    reason: Input files updated by another job: results/BDNF-64/selection/part1/RELAX.json
    wildcards: sample=BDNF-64, part=1
    resources: tmpdir=/var/folders/3l/76gtv9qd0v3_8hn3cb7hfbs40000gn/T

[Wed Mar 11 05:48:30 2026]
Finished job 75.
47 of 64 steps (73%) done
[Wed Mar 11 05:54:00 2026]
Finished job 40.
48 of 64 steps (75%) done
Select jobs to execute...

[Wed Mar 11 05:54:00 2026]
rule TableBUSTEDS_MH_partition:
    input: results/BDNF-64/selection/part2/BUSTEDS-MH.json
    output: results/BDNF-64/tables/part2/BDNF-64.part2.AOC.BUSTEDS-MH_Results.csv
    log: results/logs/TableBUSTEDS_MH_partition.BDNF-64.part2.log
    jobid: 72
    reason: Input files updated by another job: results/BDNF-64/selection/part2/BUSTEDS-MH.json
    wildcards: sample=BDNF-64, part=2
    resources: tmpdir=/var/folders/3l/76gtv9qd0v3_8hn3cb7hfbs40000gn/T

[Wed Mar 11 05:54:03 2026]
Finished job 72.
49 of 64 steps (77%) done
[Wed Mar 11 06:20:52 2026]
Finished job 56.
50 of 64 steps (78%) done
Select jobs to execute...

[Wed Mar 11 06:20:52 2026]
rule TableBUSTEDS_MH_partition:
    input: results/BDNF-64/selection/part4/BUSTEDS-MH.json
    output: results/BDNF-64/tables/part4/BDNF-64.part4.AOC.BUSTEDS-MH_Results.csv
    log: results/logs/TableBUSTEDS_MH_partition.BDNF-64.part4.log
    jobid: 74
    reason: Input files updated by another job: results/BDNF-64/selection/part4/BUSTEDS-MH.json
    wildcards: sample=BDNF-64, part=4
    resources: tmpdir=/var/folders/3l/76gtv9qd0v3_8hn3cb7hfbs40000gn/T

[Wed Mar 11 06:20:55 2026]
Finished job 74.
51 of 64 steps (80%) done
[Wed Mar 11 06:24:35 2026]
Finished job 32.
52 of 64 steps (81%) done
Select jobs to execute...

[Wed Mar 11 06:24:35 2026]
rule run_selection_all_partitions:
    input: results/BDNF-64/selection/part1/FEL.json, results/BDNF-64/selection/part1/MEME.json, results/BDNF-64/selection/part1/ABSREL.json, results/BDNF-64/selection/part1/BUSTEDS-MH.json, results/BDNF-64/selection/part1/RELAX.json, results/BDNF-64/selection/part1/CFEL.json, results/BDNF-64/selection/part2/FEL.json, results/BDNF-64/selection/part2/MEME.json, results/BDNF-64/selection/part2/ABSREL.json, results/BDNF-64/selection/part2/BUSTEDS-MH.json, results/BDNF-64/selection/part2/RELAX.json, results/BDNF-64/selection/part2/CFEL.json, results/BDNF-64/selection/part3/FEL.json, results/BDNF-64/selection/part3/MEME.json, results/BDNF-64/selection/part3/ABSREL.json, results/BDNF-64/selection/part3/BUSTEDS-MH.json, results/BDNF-64/selection/part3/RELAX.json, results/BDNF-64/selection/part3/CFEL.json, results/BDNF-64/selection/part4/FEL.json, results/BDNF-64/selection/part4/MEME.json, results/BDNF-64/selection/part4/ABSREL.json, results/BDNF-64/selection/part4/BUSTEDS-MH.json, results/BDNF-64/selection/part4/RELAX.json, results/BDNF-64/selection/part4/CFEL.json
    output: results/BDNF-64/selection/ALL_PARTITIONS.done
    log: results/logs/run_selection_all_partitions.BDNF-64.log
    jobid: 7
    reason: Input files updated by another job: results/BDNF-64/selection/part4/FEL.json, results/BDNF-64/selection/part2/ABSREL.json, results/BDNF-64/selection/part1/ABSREL.json, results/BDNF-64/selection/part4/MEME.json, results/BDNF-64/selection/part3/ABSREL.json, results/BDNF-64/selection/part2/MEME.json, results/BDNF-64/selection/part2/FEL.json, results/BDNF-64/selection/part4/CFEL.json, results/BDNF-64/selection/part3/BUSTEDS-MH.json, results/BDNF-64/selection/part1/FEL.json, results/BDNF-64/selection/part1/RELAX.json, results/BDNF-64/selection/part2/BUSTEDS-MH.json, results/BDNF-64/selection/part4/RELAX.json, results/BDNF-64/selection/part3/RELAX.json, results/BDNF-64/selection/part1/BUSTEDS-MH.json, results/BDNF-64/selection/part3/CFEL.json, results/BDNF-64/selection/part3/MEME.json, results/BDNF-64/selection/part2/RELAX.json, results/BDNF-64/selection/part4/BUSTEDS-MH.json, results/BDNF-64/selection/part2/CFEL.json, results/BDNF-64/selection/part4/ABSREL.json, results/BDNF-64/selection/part1/CFEL.json, results/BDNF-64/selection/part1/MEME.json, results/BDNF-64/selection/part3/FEL.json
    wildcards: sample=BDNF-64
    resources: tmpdir=/var/folders/3l/76gtv9qd0v3_8hn3cb7hfbs40000gn/T

[Wed Mar 11 06:24:35 2026]
rule TableBUSTEDS_MH_partition:
    input: results/BDNF-64/selection/part1/BUSTEDS-MH.json
    output: results/BDNF-64/tables/part1/BDNF-64.part1.AOC.BUSTEDS-MH_Results.csv
    log: results/logs/TableBUSTEDS_MH_partition.BDNF-64.part1.log
    jobid: 71
    reason: Input files updated by another job: results/BDNF-64/selection/part1/BUSTEDS-MH.json
    wildcards: sample=BDNF-64, part=1
    resources: tmpdir=/var/folders/3l/76gtv9qd0v3_8hn3cb7hfbs40000gn/T

[Wed Mar 11 06:24:38 2026]
Finished job 71.
53 of 64 steps (83%) done
[Wed Mar 11 07:28:13 2026]
Finished job 7.
54 of 64 steps (84%) done
Select jobs to execute...

[Wed Mar 11 07:28:14 2026]
rule MergeFELCSVs:
    input: results/BDNF-64/selection/ALL_PARTITIONS.done, results/BDNF-64/tables/part1/BDNF-64.part1.AOC.FEL_Results.csv, results/BDNF-64/tables/part2/BDNF-64.part2.AOC.FEL_Results.csv, results/BDNF-64/tables/part3/BDNF-64.part3.AOC.FEL_Results.csv, results/BDNF-64/tables/part4/BDNF-64.part4.AOC.FEL_Results.csv
    output: results/BDNF-64/tables/BDNF-64.AOC.merged_FEL_Results.csv
    log: results/logs/MergeFELCSVs.BDNF-64.log
    jobid: 10
    reason: Input files updated by another job: results/BDNF-64/selection/ALL_PARTITIONS.done, results/BDNF-64/tables/part1/BDNF-64.part1.AOC.FEL_Results.csv, results/BDNF-64/tables/part4/BDNF-64.part4.AOC.FEL_Results.csv, results/BDNF-64/tables/part2/BDNF-64.part2.AOC.FEL_Results.csv, results/BDNF-64/tables/part3/BDNF-64.part3.AOC.FEL_Results.csv
    wildcards: sample=BDNF-64
    resources: tmpdir=/var/folders/3l/76gtv9qd0v3_8hn3cb7hfbs40000gn/T

[Wed Mar 11 07:28:14 2026]
rule MergeABSRELCSVs:
    input: results/BDNF-64/selection/ALL_PARTITIONS.done, results/BDNF-64/tables/part1/BDNF-64.part1.AOC.ABSREL_Results.csv, results/BDNF-64/tables/part2/BDNF-64.part2.AOC.ABSREL_Results.csv, results/BDNF-64/tables/part3/BDNF-64.part3.AOC.ABSREL_Results.csv, results/BDNF-64/tables/part4/BDNF-64.part4.AOC.ABSREL_Results.csv
    output: results/BDNF-64/tables/BDNF-64.AOC.merged_ABSREL_Results.csv
    log: results/logs/MergeABSRELCSVs.BDNF-64.log
    jobid: 12
    reason: Missing output files: results/BDNF-64/tables/BDNF-64.AOC.merged_ABSREL_Results.csv; Input files updated by another job: results/BDNF-64/tables/part1/BDNF-64.part1.AOC.ABSREL_Results.csv, results/BDNF-64/selection/ALL_PARTITIONS.done, results/BDNF-64/tables/part4/BDNF-64.part4.AOC.ABSREL_Results.csv, results/BDNF-64/tables/part2/BDNF-64.part2.AOC.ABSREL_Results.csv, results/BDNF-64/tables/part3/BDNF-64.part3.AOC.ABSREL_Results.csv
    wildcards: sample=BDNF-64
    resources: tmpdir=/var/folders/3l/76gtv9qd0v3_8hn3cb7hfbs40000gn/T

[Wed Mar 11 07:28:14 2026]
rule MergeRELAXCSVs:
    input: results/BDNF-64/selection/ALL_PARTITIONS.done, results/BDNF-64/tables/part1/BDNF-64.part1.AOC.RELAX_Results.csv, results/BDNF-64/tables/part2/BDNF-64.part2.AOC.RELAX_Results.csv, results/BDNF-64/tables/part3/BDNF-64.part3.AOC.RELAX_Results.csv, results/BDNF-64/tables/part4/BDNF-64.part4.AOC.RELAX_Results.csv
    output: results/BDNF-64/tables/BDNF-64.AOC.merged_RELAX_Results.csv
    log: results/logs/MergeRELAXCSVs.BDNF-64.log
    jobid: 14
    reason: Input files updated by another job: results/BDNF-64/tables/part3/BDNF-64.part3.AOC.RELAX_Results.csv, results/BDNF-64/selection/ALL_PARTITIONS.done, results/BDNF-64/tables/part2/BDNF-64.part2.AOC.RELAX_Results.csv, results/BDNF-64/tables/part4/BDNF-64.part4.AOC.RELAX_Results.csv, results/BDNF-64/tables/part1/BDNF-64.part1.AOC.RELAX_Results.csv
    wildcards: sample=BDNF-64
    resources: tmpdir=/var/folders/3l/76gtv9qd0v3_8hn3cb7hfbs40000gn/T

[Wed Mar 11 07:28:14 2026]
rule MergeCFELCSVs:
    input: results/BDNF-64/selection/ALL_PARTITIONS.done, results/BDNF-64/tables/part1/BDNF-64.part1.AOC.CFEL_Results.csv, results/BDNF-64/tables/part2/BDNF-64.part2.AOC.CFEL_Results.csv, results/BDNF-64/tables/part3/BDNF-64.part3.AOC.CFEL_Results.csv, results/BDNF-64/tables/part4/BDNF-64.part4.AOC.CFEL_Results.csv
    output: results/BDNF-64/tables/BDNF-64.AOC.merged_CFEL_Results.csv
    log: results/logs/MergeCFELCSVs.BDNF-64.log
    jobid: 15
    reason: Missing output files: results/BDNF-64/tables/BDNF-64.AOC.merged_CFEL_Results.csv; Input files updated by another job: results/BDNF-64/tables/part1/BDNF-64.part1.AOC.CFEL_Results.csv, results/BDNF-64/selection/ALL_PARTITIONS.done, results/BDNF-64/tables/part4/BDNF-64.part4.AOC.CFEL_Results.csv, results/BDNF-64/tables/part3/BDNF-64.part3.AOC.CFEL_Results.csv, results/BDNF-64/tables/part2/BDNF-64.part2.AOC.CFEL_Results.csv
    wildcards: sample=BDNF-64
    resources: tmpdir=/var/folders/3l/76gtv9qd0v3_8hn3cb7hfbs40000gn/T

[Wed Mar 11 07:28:14 2026]
rule MergeMEMECSVs:
    input: results/BDNF-64/selection/ALL_PARTITIONS.done, results/BDNF-64/tables/part1/BDNF-64.part1.AOC.MEME_Results.csv, results/BDNF-64/tables/part2/BDNF-64.part2.AOC.MEME_Results.csv, results/BDNF-64/tables/part3/BDNF-64.part3.AOC.MEME_Results.csv, results/BDNF-64/tables/part4/BDNF-64.part4.AOC.MEME_Results.csv
    output: results/BDNF-64/tables/BDNF-64.AOC.merged_MEME_Results.csv
    log: results/logs/MergeMEMECSVs.BDNF-64.log
    jobid: 11
    reason: Missing output files: results/BDNF-64/tables/BDNF-64.AOC.merged_MEME_Results.csv; Input files updated by another job: results/BDNF-64/tables/part2/BDNF-64.part2.AOC.MEME_Results.csv, results/BDNF-64/selection/ALL_PARTITIONS.done, results/BDNF-64/tables/part4/BDNF-64.part4.AOC.MEME_Results.csv, results/BDNF-64/tables/part1/BDNF-64.part1.AOC.MEME_Results.csv, results/BDNF-64/tables/part3/BDNF-64.part3.AOC.MEME_Results.csv
    wildcards: sample=BDNF-64
    resources: tmpdir=/var/folders/3l/76gtv9qd0v3_8hn3cb7hfbs40000gn/T

[Wed Mar 11 07:28:15 2026]
rule MergeBUSTEDS_MH_CSVs:
    input: results/BDNF-64/selection/ALL_PARTITIONS.done, results/BDNF-64/tables/part1/BDNF-64.part1.AOC.BUSTEDS-MH_Results.csv, results/BDNF-64/tables/part2/BDNF-64.part2.AOC.BUSTEDS-MH_Results.csv, results/BDNF-64/tables/part3/BDNF-64.part3.AOC.BUSTEDS-MH_Results.csv, results/BDNF-64/tables/part4/BDNF-64.part4.AOC.BUSTEDS-MH_Results.csv
    output: results/BDNF-64/tables/BDNF-64.AOC.merged_BUSTEDS-MH_Results.csv
    log: results/logs/MergeBUSTEDS_MH_CSVs.BDNF-64.log
    jobid: 13
    reason: Input files updated by another job: results/BDNF-64/tables/part1/BDNF-64.part1.AOC.BUSTEDS-MH_Results.csv, results/BDNF-64/selection/ALL_PARTITIONS.done, results/BDNF-64/tables/part3/BDNF-64.part3.AOC.BUSTEDS-MH_Results.csv, results/BDNF-64/tables/part4/BDNF-64.part4.AOC.BUSTEDS-MH_Results.csv, results/BDNF-64/tables/part2/BDNF-64.part2.AOC.BUSTEDS-MH_Results.csv
    wildcards: sample=BDNF-64
    resources: tmpdir=/var/folders/3l/76gtv9qd0v3_8hn3cb7hfbs40000gn/T

[Wed Mar 11 10:28:19 2026]
Finished job 12.
55 of 64 steps (86%) done
[Wed Mar 11 11:14:07 2026]
Finished job 14.
56 of 64 steps (88%) done
[Wed Mar 11 11:27:30 2026]
Finished job 10.
57 of 64 steps (89%) done
Select jobs to execute...

[Wed Mar 11 11:27:30 2026]
rule PlotFELMerge:
    input: results/BDNF-64/tables/BDNF-64.AOC.merged_FEL_Results.csv
    output: results/BDNF-64/visualizations/BDNF-64.FEL.merged.png, results/BDNF-64/visualizations/BDNF-64.FEL.merged.svg
    log: results/logs/PlotFELMerge.BDNF-64.log
    jobid: 17
    reason: Input files updated by another job: results/BDNF-64/tables/BDNF-64.AOC.merged_FEL_Results.csv
    wildcards: sample=BDNF-64
    resources: tmpdir=/var/folders/3l/76gtv9qd0v3_8hn3cb7hfbs40000gn/T

[Wed Mar 11 11:27:38 2026]
Finished job 17.
58 of 64 steps (91%) done
[Wed Mar 11 11:37:38 2026]
Finished job 13.
59 of 64 steps (92%) done
[Wed Mar 11 12:23:37 2026]
Finished job 15.
60 of 64 steps (94%) done
Exiting because a job execution failed. Look above for error message
Complete log: .snakemake/log/2026-03-11T052149.580953.snakemake.log
