Config file config/config.yaml is extended by additional config specified via the command line.
Assuming unrestricted shared filesystem usage.
host: Alexs-MacBook-Pro-2.local
Building DAG of jobs...
Using shell: /bin/bash
Provided cores: 10
Rules claiming more threads will be scaled down.
Job stats:
job                               count
------------------------------  -------
MergeABSRELCSVs                       1
MergeBUSTEDS_MH_CSVs                  1
MergeCFELCSVs                         1
MergeFELCSVs                          1
MergeMEMECSVs                         1
MergeRELAXCSVs                        1
PlotFELMerge                          1
PlotMEMEMerge                         1
SelectionOverviewTable                1
all                                   1
build_header_map_and_test_list        1
cln                                   1
macse                                 1
parse_gard                            1
remove_duplicates_msa                 1
run_selection_all_partitions          1
strike_ambigs_msa                     1
tn93_cluster                          1
total                                18

Select jobs to execute...
Failed to solve scheduling problem with ILP solver, falling back to greedy scheduler. You likely have to fix your ILP solver installation. Error message: PULP_CBC_CMD: Not Available (check permissions on cbc)
Execute 2 jobs...
[Fri Mar 20 19:32:29 2026]
localrule build_header_map_and_test_list:
    input: /Users/alex/Documents/AOC-develop-new-snakemake/data/BDNF/BDNF-64.sequence_labels.csv
    output: results/BDNF-64/BDNF-64.sequence_header_map.csv, results/BDNF-64/BDNF-64.test_sequences.txt
    log: results/logs/build_header_map_and_test_list.BDNF-64.log
    jobid: 8
    reason: Missing output files: results/BDNF-64/BDNF-64.test_sequences.txt, results/BDNF-64/BDNF-64.sequence_header_map.csv
    wildcards: sample=BDNF-64
    resources: tmpdir=/var/folders/3l/76gtv9qd0v3_8hn3cb7hfbs40000gn/T
Shell command: None
[Fri Mar 20 19:32:29 2026]
localrule macse:
    input: /Users/alex/Documents/AOC-develop-new-snakemake/data/BDNF/BDNF-64.fasta
    output: results/BDNF-64/BDNF-64.codons.fa, results/BDNF-64/BDNF-64.aa.fa
    log: results/logs/macse.BDNF-64.log
    jobid: 4
    reason: Missing output files: results/BDNF-64/BDNF-64.codons.fa
    wildcards: sample=BDNF-64
    resources: tmpdir=/var/folders/3l/76gtv9qd0v3_8hn3cb7hfbs40000gn/T, mem_mb=2048, mem_mib=1954
Shell command: 
        mkdir -p results/BDNF-64
        bash "scripts/run_macse_with_heap.sh" \
          --macse-bin "macse" \
          --xms-mb 512 \
          --xmx-mb 2048 \
          -- \
          -prog alignSequences \
          -seq "/Users/alex/Documents/AOC-develop-new-snakemake/data/BDNF/BDNF-64.fasta" \
          -out_NT "results/BDNF-64/BDNF-64.codons.fa" \
          -out_AA "results/BDNF-64/BDNF-64.aa.fa" \
          -max_refine_iter 3 \
          -local_realign_init 0.3 \
          -local_realign_dec 0.2 \
          > results/logs/macse.BDNF-64.log 2>&1
        
[Fri Mar 20 19:32:31 2026]
Finished jobid: 8 (Rule: build_header_map_and_test_list)
1 of 18 steps (6%) done
[Fri Mar 20 19:32:47 2026]
Finished jobid: 4 (Rule: macse)
2 of 18 steps (11%) done
Select jobs to execute...
Execute 1 jobs...
[Fri Mar 20 19:32:47 2026]
localrule cln:
    input: results/BDNF-64/BDNF-64.codons.fa
    output: results/BDNF-64/BDNF-64.codons.cln.fa
    log: results/logs/cln.BDNF-64.log
    jobid: 3
    reason: Missing output files: results/BDNF-64/BDNF-64.codons.cln.fa; Input files updated by another job: results/BDNF-64/BDNF-64.codons.fa
    wildcards: sample=BDNF-64
    resources: tmpdir=/var/folders/3l/76gtv9qd0v3_8hn3cb7hfbs40000gn/T
Shell command: 
        hyphy CLN Universal results/BDNF-64/BDNF-64.codons.fa 'No/No' results/BDNF-64/BDNF-64.codons.cln.fa > results/logs/cln.BDNF-64.log 2>&1
        
[Fri Mar 20 19:32:47 2026]
Finished jobid: 3 (Rule: cln)
3 of 18 steps (17%) done
Select jobs to execute...
Execute 1 jobs...
[Fri Mar 20 19:32:47 2026]
localrule strike_ambigs_msa:
    input: results/BDNF-64/BDNF-64.codons.cln.fa
    output: results/BDNF-64/BDNF-64.SA.codons.cln.fa
    log: results/logs/strike_ambigs_msa.BDNF-64.log
    jobid: 2
    reason: Missing output files: results/BDNF-64/BDNF-64.SA.codons.cln.fa; Input files updated by another job: results/BDNF-64/BDNF-64.codons.cln.fa
    wildcards: sample=BDNF-64
    resources: tmpdir=/var/folders/3l/76gtv9qd0v3_8hn3cb7hfbs40000gn/T
Shell command: 
        hyphy scripts/strike-ambigs.bf --alignment results/BDNF-64/BDNF-64.codons.cln.fa --output results/BDNF-64/BDNF-64.SA.codons.cln.fa > results/logs/strike_ambigs_msa.BDNF-64.log 2>&1
        
[Fri Mar 20 19:32:47 2026]
Finished jobid: 2 (Rule: strike_ambigs_msa)
4 of 18 steps (22%) done
Select jobs to execute...
Execute 1 jobs...
[Fri Mar 20 19:32:47 2026]
localrule remove_duplicates_msa:
    input: results/BDNF-64/BDNF-64.SA.codons.cln.fa
    output: results/BDNF-64/BDNF-64.RD.SA.codons.cln.fa
    log: results/logs/remove_duplicates_msa.BDNF-64.log
    jobid: 1
    reason: Missing output files: results/BDNF-64/BDNF-64.RD.SA.codons.cln.fa; Input files updated by another job: results/BDNF-64/BDNF-64.SA.codons.cln.fa
    wildcards: sample=BDNF-64
    resources: tmpdir=/var/folders/3l/76gtv9qd0v3_8hn3cb7hfbs40000gn/T
Shell command: 
        hyphy software/remove-duplicates/remove-duplicates.bf --msa results/BDNF-64/BDNF-64.SA.codons.cln.fa --output results/BDNF-64/BDNF-64.RD.SA.codons.cln.fa ENV='DATA_FILE_PRINT_FORMAT=9' > results/logs/remove_duplicates_msa.BDNF-64.log 2>&1
        
[Fri Mar 20 19:32:47 2026]
Finished jobid: 1 (Rule: remove_duplicates_msa)
5 of 18 steps (28%) done
Select jobs to execute...
Execute 1 jobs...
[Fri Mar 20 19:32:47 2026]
localrule tn93_cluster:
    input: results/BDNF-64/BDNF-64.RD.SA.codons.cln.fa
    output: results/BDNF-64/BDNF-64.RD.SA.codons.cln.fa.cluster.json, results/BDNF-64/BDNF-64.RD.SA.codons.cln.fa.cluster.fasta
    log: results/logs/tn93_cluster.BDNF-64.log
    jobid: 7
    reason: Missing output files: results/BDNF-64/BDNF-64.RD.SA.codons.cln.fa.cluster.fasta; Input files updated by another job: results/BDNF-64/BDNF-64.RD.SA.codons.cln.fa
    wildcards: sample=BDNF-64
    resources: tmpdir=/var/folders/3l/76gtv9qd0v3_8hn3cb7hfbs40000gn/T
Shell command: 
        python scripts/tn93_cluster.py \
          --input results/BDNF-64/BDNF-64.RD.SA.codons.cln.fa \
          --output_fasta results/BDNF-64/BDNF-64.RD.SA.codons.cln.fa.cluster.fasta \
          --output_json results/BDNF-64/BDNF-64.RD.SA.codons.cln.fa.cluster.json \
          --threshold 0.01 \
          --max_retain 20 \
          > results/logs/tn93_cluster.BDNF-64.log 2>&1
        
[Fri Mar 20 19:32:47 2026]
Finished jobid: 7 (Rule: tn93_cluster)
6 of 18 steps (33%) done
Select jobs to execute...
Execute 1 jobs...
[Fri Mar 20 19:32:47 2026]
localcheckpoint parse_gard:
    input: results/BDNF-64/BDNF-64.RD.SA.codons.cln.fa.cluster.fasta
    output: results/BDNF-64/gard/segments.json, results/BDNF-64/gard/segments, results/BDNF-64/BDNF-64.gard.log
    jobid: 6
    reason: Missing output files: <TBD>; Input files updated by another job: results/BDNF-64/BDNF-64.RD.SA.codons.cln.fa.cluster.fasta
    wildcards: sample=BDNF-64
    resources: tmpdir=/var/folders/3l/76gtv9qd0v3_8hn3cb7hfbs40000gn/T
Shell command: None
DAG of jobs will be updated after completion.
[Fri Mar 20 19:32:51 2026]
Finished jobid: 6 (Rule: parse_gard)
7 of 18 steps (39%) done
Updating checkpoint dependencies.
Select jobs to execute...
Execute 1 jobs...
[Fri Mar 20 19:32:51 2026]
localrule iqtree_partition:
    input: results/BDNF-64/gard/segments/BDNF-64.part1.codon.fas
    output: results/BDNF-64/selection/part1/IQ-TREE.treefile
    log: results/logs/iqtree_partition.BDNF-64.part1.log
    jobid: 36
    reason: Missing output files: results/BDNF-64/selection/part1/IQ-TREE.treefile
    wildcards: sample=BDNF-64, part=1
    resources: tmpdir=/var/folders/3l/76gtv9qd0v3_8hn3cb7hfbs40000gn/T
Shell command: 
        mkdir -p results/BDNF-64/selection/part1
        iqtree \
          -s results/BDNF-64/gard/segments/BDNF-64.part1.codon.fas \
          -st DNA \
          -m GTR+G \
          -nt AUTO \
          --prefix results/BDNF-64/selection/part1/IQ-TREE \
          --redo \
          > results/logs/iqtree_partition.BDNF-64.part1.log 2>&1
        
[Fri Mar 20 19:33:17 2026]
Finished jobid: 36 (Rule: iqtree_partition)
8 of 32 steps (25%) done
Select jobs to execute...
Execute 1 jobs...
[Fri Mar 20 19:33:17 2026]
localrule label_tree_TestForeground_partition:
    input: results/BDNF-64/selection/part1/IQ-TREE.treefile, results/BDNF-64/BDNF-64.test_sequences.txt
    output: results/BDNF-64/selection/part1/IQ-TREE.labelled.treefile
    log: results/logs/label_tree_TestForeground_partition.BDNF-64.part1.log
    jobid: 35
    reason: Missing output files: results/BDNF-64/selection/part1/IQ-TREE.labelled.treefile; Input files updated by another job: results/BDNF-64/selection/part1/IQ-TREE.treefile
    wildcards: sample=BDNF-64, part=1
    resources: tmpdir=/var/folders/3l/76gtv9qd0v3_8hn3cb7hfbs40000gn/T
Shell command: None
[Fri Mar 20 19:33:20 2026]
Finished jobid: 35 (Rule: label_tree_TestForeground_partition)
9 of 32 steps (28%) done
Select jobs to execute...
Execute 6 jobs...
[Fri Mar 20 19:33:20 2026]
localrule RELAX_partition:
    input: results/BDNF-64/gard/segments/BDNF-64.part1.codon.fas, results/BDNF-64/selection/part1/IQ-TREE.labelled.treefile, results/BDNF-64/BDNF-64.test_sequences.txt
    output: results/BDNF-64/selection/part1/RELAX.json
    log: results/logs/RELAX_partition.BDNF-64.part1.log
    jobid: 40
    reason: Missing output files: results/BDNF-64/selection/part1/RELAX.json; Input files updated by another job: results/BDNF-64/selection/part1/IQ-TREE.labelled.treefile
    wildcards: sample=BDNF-64, part=1
    resources: tmpdir=/var/folders/3l/76gtv9qd0v3_8hn3cb7hfbs40000gn/T
Shell command: None
[Fri Mar 20 19:33:20 2026]
localrule FEL_partition:
    input: results/BDNF-64/gard/segments/BDNF-64.part1.codon.fas, results/BDNF-64/selection/part1/IQ-TREE.labelled.treefile
    output: results/BDNF-64/selection/part1/FEL.json
    log: results/logs/FEL_partition.BDNF-64.part1.log
    jobid: 34
    reason: Missing output files: results/BDNF-64/selection/part1/FEL.json; Input files updated by another job: results/BDNF-64/selection/part1/IQ-TREE.labelled.treefile
    wildcards: sample=BDNF-64, part=1
    resources: tmpdir=/var/folders/3l/76gtv9qd0v3_8hn3cb7hfbs40000gn/T
Shell command: 
        mkdir -p results/BDNF-64/selection/part1
        hyphy FEL --alignment results/BDNF-64/gard/segments/BDNF-64.part1.codon.fas --tree results/BDNF-64/selection/part1/IQ-TREE.labelled.treefile --output results/BDNF-64/selection/part1/FEL.json --ci Yes --branches Test > results/logs/FEL_partition.BDNF-64.part1.log 2>&1
        
[Fri Mar 20 19:33:20 2026]
localrule CFEL_partition:
    input: results/BDNF-64/gard/segments/BDNF-64.part1.codon.fas, results/BDNF-64/selection/part1/IQ-TREE.labelled.treefile, results/BDNF-64/BDNF-64.test_sequences.txt
    output: results/BDNF-64/selection/part1/CFEL.json
    log: results/logs/CFEL_partition.BDNF-64.part1.log
    jobid: 41
    reason: Missing output files: results/BDNF-64/selection/part1/CFEL.json; Input files updated by another job: results/BDNF-64/selection/part1/IQ-TREE.labelled.treefile
    wildcards: sample=BDNF-64, part=1
    resources: tmpdir=/var/folders/3l/76gtv9qd0v3_8hn3cb7hfbs40000gn/T
Shell command: None
[Fri Mar 20 19:33:20 2026]
localrule BUSTEDS_MH_partition:
    input: results/BDNF-64/gard/segments/BDNF-64.part1.codon.fas, results/BDNF-64/selection/part1/IQ-TREE.labelled.treefile
    output: results/BDNF-64/selection/part1/BUSTEDS-MH.json
    log: results/logs/BUSTEDS_MH_partition.BDNF-64.part1.log
    jobid: 39
    reason: Missing output files: results/BDNF-64/selection/part1/BUSTEDS-MH.json; Input files updated by another job: results/BDNF-64/selection/part1/IQ-TREE.labelled.treefile
    wildcards: sample=BDNF-64, part=1
    resources: tmpdir=/var/folders/3l/76gtv9qd0v3_8hn3cb7hfbs40000gn/T
Shell command: 
        mkdir -p results/BDNF-64/selection/part1
        hyphy BUSTED \
          --alignment results/BDNF-64/gard/segments/BDNF-64.part1.codon.fas \
          --tree results/BDNF-64/selection/part1/IQ-TREE.labelled.treefile \
          --output results/BDNF-64/selection/part1/BUSTEDS-MH.json \
          --srv Yes \
          --multiple-hits Double+Triple \
          --branches Test \
          > results/logs/BUSTEDS_MH_partition.BDNF-64.part1.log 2>&1
        
[Fri Mar 20 19:33:20 2026]
localrule MEME_partition:
    input: results/BDNF-64/gard/segments/BDNF-64.part1.codon.fas, results/BDNF-64/selection/part1/IQ-TREE.labelled.treefile
    output: results/BDNF-64/selection/part1/MEME.json
    log: results/logs/MEME_partition.BDNF-64.part1.log
    jobid: 37
    reason: Missing output files: results/BDNF-64/selection/part1/MEME.json; Input files updated by another job: results/BDNF-64/selection/part1/IQ-TREE.labelled.treefile
    wildcards: sample=BDNF-64, part=1
    resources: tmpdir=/var/folders/3l/76gtv9qd0v3_8hn3cb7hfbs40000gn/T
Shell command: 
        mkdir -p results/BDNF-64/selection/part1
        hyphy MEME --alignment results/BDNF-64/gard/segments/BDNF-64.part1.codon.fas --tree results/BDNF-64/selection/part1/IQ-TREE.labelled.treefile --output results/BDNF-64/selection/part1/MEME.json \
          --branches Test ENV=TOLERATE_NUMERICAL_ERRORS=1 > results/logs/MEME_partition.BDNF-64.part1.log 2>&1
        
[Fri Mar 20 19:33:20 2026]
localrule ABSREL_partition:
    input: results/BDNF-64/gard/segments/BDNF-64.part1.codon.fas, results/BDNF-64/selection/part1/IQ-TREE.labelled.treefile
    output: results/BDNF-64/selection/part1/ABSREL.json
    log: results/logs/ABSREL_partition.BDNF-64.part1.log
    jobid: 38
    reason: Missing output files: results/BDNF-64/selection/part1/ABSREL.json; Input files updated by another job: results/BDNF-64/selection/part1/IQ-TREE.labelled.treefile
    wildcards: sample=BDNF-64, part=1
    resources: tmpdir=/var/folders/3l/76gtv9qd0v3_8hn3cb7hfbs40000gn/T
Shell command: 
        mkdir -p results/BDNF-64/selection/part1
        hyphy ABSREL --alignment results/BDNF-64/gard/segments/BDNF-64.part1.codon.fas --tree results/BDNF-64/selection/part1/IQ-TREE.labelled.treefile --output results/BDNF-64/selection/part1/ABSREL.json --branches Test > results/logs/ABSREL_partition.BDNF-64.part1.log 2>&1
        
[Fri Mar 20 19:34:41 2026]
Finished jobid: 38 (Rule: ABSREL_partition)
10 of 32 steps (31%) done
Select jobs to execute...
Execute 1 jobs...
[Fri Mar 20 19:34:41 2026]
localrule TableABSREL_partition:
    input: results/BDNF-64/selection/part1/ABSREL.json
    output: results/BDNF-64/tables/part1/BDNF-64.part1.AOC.ABSREL_Results.csv
    log: results/logs/TableABSREL_partition.BDNF-64.part1.log
    jobid: 44
    reason: Missing output files: results/BDNF-64/tables/part1/BDNF-64.part1.AOC.ABSREL_Results.csv; Input files updated by another job: results/BDNF-64/selection/part1/ABSREL.json
    wildcards: sample=BDNF-64, part=1
    resources: tmpdir=/var/folders/3l/76gtv9qd0v3_8hn3cb7hfbs40000gn/T
Shell command: None
[Fri Mar 20 19:34:44 2026]
Finished jobid: 44 (Rule: TableABSREL_partition)
11 of 32 steps (34%) done
[Fri Mar 20 19:35:33 2026]
Finished jobid: 41 (Rule: CFEL_partition)
12 of 32 steps (38%) done
Select jobs to execute...
Execute 1 jobs...
[Fri Mar 20 19:35:33 2026]
localrule TableCFEL_partition:
    input: results/BDNF-64/selection/part1/CFEL.json
    output: results/BDNF-64/tables/part1/BDNF-64.part1.AOC.CFEL_Results.csv
    log: results/logs/TableCFEL_partition.BDNF-64.part1.log
    jobid: 47
    reason: Missing output files: results/BDNF-64/tables/part1/BDNF-64.part1.AOC.CFEL_Results.csv; Input files updated by another job: results/BDNF-64/selection/part1/CFEL.json
    wildcards: sample=BDNF-64, part=1
    resources: tmpdir=/var/folders/3l/76gtv9qd0v3_8hn3cb7hfbs40000gn/T
Shell command: None
[Fri Mar 20 19:35:37 2026]
Finished jobid: 47 (Rule: TableCFEL_partition)
13 of 32 steps (41%) done
[Fri Mar 20 19:36:11 2026]
Finished jobid: 34 (Rule: FEL_partition)
14 of 32 steps (44%) done
Select jobs to execute...
Execute 1 jobs...
[Fri Mar 20 19:36:11 2026]
localrule PlotFEL_partition:
    input: results/BDNF-64/selection/part1/FEL.json
    output: results/BDNF-64/tables/part1/BDNF-64.part1.AOC.FEL_Results.csv, results/BDNF-64/visualizations/part1/BDNF-64.part1.FEL.png, results/BDNF-64/visualizations/part1/BDNF-64.part1.FEL.svg, results/BDNF-64/visualizations/part1/BDNF-64.part1.FEL.figure_legend.txt
    log: results/logs/PlotFEL_partition.BDNF-64.part1.log
    jobid: 42
    reason: Missing output files: results/BDNF-64/tables/part1/BDNF-64.part1.AOC.FEL_Results.csv; Input files updated by another job: results/BDNF-64/selection/part1/FEL.json
    wildcards: sample=BDNF-64, part=1
    resources: tmpdir=/var/folders/3l/76gtv9qd0v3_8hn3cb7hfbs40000gn/T
Shell command: None
[Fri Mar 20 19:36:17 2026]
Finished jobid: 42 (Rule: PlotFEL_partition)
15 of 32 steps (47%) done
[Fri Mar 20 19:36:52 2026]
Finished jobid: 37 (Rule: MEME_partition)
16 of 32 steps (50%) done
Select jobs to execute...
Execute 1 jobs...
[Fri Mar 20 19:36:52 2026]
localrule PlotMEME_partition:
    input: results/BDNF-64/selection/part1/MEME.json
    output: results/BDNF-64/tables/part1/BDNF-64.part1.AOC.MEME_Results.csv, results/BDNF-64/visualizations/part1/BDNF-64.part1.MEME.png, results/BDNF-64/visualizations/part1/BDNF-64.part1.MEME.svg, results/BDNF-64/visualizations/part1/BDNF-64.part1.MEME.figure_legend.txt
    log: results/logs/PlotMEME_partition.BDNF-64.part1.log
    jobid: 43
    reason: Missing output files: results/BDNF-64/tables/part1/BDNF-64.part1.AOC.MEME_Results.csv; Input files updated by another job: results/BDNF-64/selection/part1/MEME.json
    wildcards: sample=BDNF-64, part=1
    resources: tmpdir=/var/folders/3l/76gtv9qd0v3_8hn3cb7hfbs40000gn/T
Shell command: None
[Fri Mar 20 19:36:56 2026]
Finished jobid: 43 (Rule: PlotMEME_partition)
17 of 32 steps (53%) done
[Fri Mar 20 19:39:00 2026]
Finished jobid: 40 (Rule: RELAX_partition)
18 of 32 steps (56%) done
Select jobs to execute...
Execute 1 jobs...
[Fri Mar 20 19:39:00 2026]
localrule TableRELAX_partition:
    input: results/BDNF-64/selection/part1/RELAX.json
    output: results/BDNF-64/tables/part1/BDNF-64.part1.AOC.RELAX_Results.csv
    log: results/logs/TableRELAX_partition.BDNF-64.part1.log
    jobid: 46
    reason: Missing output files: results/BDNF-64/tables/part1/BDNF-64.part1.AOC.RELAX_Results.csv; Input files updated by another job: results/BDNF-64/selection/part1/RELAX.json
    wildcards: sample=BDNF-64, part=1
    resources: tmpdir=/var/folders/3l/76gtv9qd0v3_8hn3cb7hfbs40000gn/T
Shell command: None
[Fri Mar 20 19:39:03 2026]
Finished jobid: 46 (Rule: TableRELAX_partition)
19 of 32 steps (59%) done
[Fri Mar 20 19:41:11 2026]
Finished jobid: 39 (Rule: BUSTEDS_MH_partition)
20 of 32 steps (62%) done
Select jobs to execute...
Execute 2 jobs...
[Fri Mar 20 19:41:11 2026]
localrule run_selection_all_partitions:
    input: results/BDNF-64/selection/part1/FEL.json, results/BDNF-64/selection/part1/MEME.json, results/BDNF-64/selection/part1/ABSREL.json, results/BDNF-64/selection/part1/BUSTEDS-MH.json, results/BDNF-64/selection/part1/RELAX.json, results/BDNF-64/selection/part1/CFEL.json
    output: results/BDNF-64/selection/ALL_PARTITIONS.done
    log: results/logs/run_selection_all_partitions.BDNF-64.log
    jobid: 5
    reason: Missing output files: results/BDNF-64/selection/ALL_PARTITIONS.done; Input files updated by another job: results/BDNF-64/selection/part1/ABSREL.json, results/BDNF-64/selection/part1/RELAX.json, results/BDNF-64/selection/part1/MEME.json, results/BDNF-64/selection/part1/FEL.json, results/BDNF-64/selection/part1/BUSTEDS-MH.json, results/BDNF-64/selection/part1/CFEL.json
    wildcards: sample=BDNF-64
    resources: tmpdir=/var/folders/3l/76gtv9qd0v3_8hn3cb7hfbs40000gn/T
Shell command: None
[Fri Mar 20 19:41:11 2026]
localrule TableBUSTEDS_MH_partition:
    input: results/BDNF-64/selection/part1/BUSTEDS-MH.json
    output: results/BDNF-64/tables/part1/BDNF-64.part1.AOC.BUSTEDS-MH_Results.csv
    log: results/logs/TableBUSTEDS_MH_partition.BDNF-64.part1.log
    jobid: 45
    reason: Missing output files: results/BDNF-64/tables/part1/BDNF-64.part1.AOC.BUSTEDS-MH_Results.csv; Input files updated by another job: results/BDNF-64/selection/part1/BUSTEDS-MH.json
    wildcards: sample=BDNF-64, part=1
    resources: tmpdir=/var/folders/3l/76gtv9qd0v3_8hn3cb7hfbs40000gn/T
Shell command: None
[Fri Mar 20 19:41:14 2026]
Finished jobid: 45 (Rule: TableBUSTEDS_MH_partition)
21 of 32 steps (66%) done
[Fri Mar 20 19:41:14 2026]
Finished jobid: 5 (Rule: run_selection_all_partitions)
22 of 32 steps (69%) done
Select jobs to execute...
Execute 6 jobs...
[Fri Mar 20 19:41:14 2026]
localrule MergeMEMECSVs:
    input: results/BDNF-64/selection/ALL_PARTITIONS.done, results/BDNF-64/tables/part1/BDNF-64.part1.AOC.MEME_Results.csv
    output: results/BDNF-64/tables/BDNF-64.AOC.merged_MEME_Results.csv
    log: results/logs/MergeMEMECSVs.BDNF-64.log
    jobid: 10
    reason: Missing output files: results/BDNF-64/tables/BDNF-64.AOC.merged_MEME_Results.csv; Input files updated by another job: results/BDNF-64/tables/part1/BDNF-64.part1.AOC.MEME_Results.csv, results/BDNF-64/selection/ALL_PARTITIONS.done
    wildcards: sample=BDNF-64
    resources: tmpdir=/var/folders/3l/76gtv9qd0v3_8hn3cb7hfbs40000gn/T
Shell command: None
[Fri Mar 20 19:41:14 2026]
localrule MergeABSRELCSVs:
    input: results/BDNF-64/selection/ALL_PARTITIONS.done, results/BDNF-64/tables/part1/BDNF-64.part1.AOC.ABSREL_Results.csv
    output: results/BDNF-64/tables/BDNF-64.AOC.merged_ABSREL_Results.csv
    log: results/logs/MergeABSRELCSVs.BDNF-64.log
    jobid: 11
    reason: Missing output files: results/BDNF-64/tables/BDNF-64.AOC.merged_ABSREL_Results.csv; Input files updated by another job: results/BDNF-64/tables/part1/BDNF-64.part1.AOC.ABSREL_Results.csv, results/BDNF-64/selection/ALL_PARTITIONS.done
    wildcards: sample=BDNF-64
    resources: tmpdir=/var/folders/3l/76gtv9qd0v3_8hn3cb7hfbs40000gn/T
Shell command: None
[Fri Mar 20 19:41:14 2026]
localrule MergeBUSTEDS_MH_CSVs:
    input: results/BDNF-64/selection/ALL_PARTITIONS.done, results/BDNF-64/tables/part1/BDNF-64.part1.AOC.BUSTEDS-MH_Results.csv
    output: results/BDNF-64/tables/BDNF-64.AOC.merged_BUSTEDS-MH_Results.csv
    log: results/logs/MergeBUSTEDS_MH_CSVs.BDNF-64.log
    jobid: 12
    reason: Missing output files: results/BDNF-64/tables/BDNF-64.AOC.merged_BUSTEDS-MH_Results.csv; Input files updated by another job: results/BDNF-64/tables/part1/BDNF-64.part1.AOC.BUSTEDS-MH_Results.csv, results/BDNF-64/selection/ALL_PARTITIONS.done
    wildcards: sample=BDNF-64
    resources: tmpdir=/var/folders/3l/76gtv9qd0v3_8hn3cb7hfbs40000gn/T
Shell command: None
[Fri Mar 20 19:41:14 2026]
localrule MergeRELAXCSVs:
    input: results/BDNF-64/selection/ALL_PARTITIONS.done, results/BDNF-64/tables/part1/BDNF-64.part1.AOC.RELAX_Results.csv
    output: results/BDNF-64/tables/BDNF-64.AOC.merged_RELAX_Results.csv
    log: results/logs/MergeRELAXCSVs.BDNF-64.log
    jobid: 13
    reason: Missing output files: results/BDNF-64/tables/BDNF-64.AOC.merged_RELAX_Results.csv; Input files updated by another job: results/BDNF-64/tables/part1/BDNF-64.part1.AOC.RELAX_Results.csv, results/BDNF-64/selection/ALL_PARTITIONS.done
    wildcards: sample=BDNF-64
    resources: tmpdir=/var/folders/3l/76gtv9qd0v3_8hn3cb7hfbs40000gn/T
Shell command: None
[Fri Mar 20 19:41:14 2026]
localrule MergeCFELCSVs:
    input: results/BDNF-64/selection/ALL_PARTITIONS.done, results/BDNF-64/tables/part1/BDNF-64.part1.AOC.CFEL_Results.csv
    output: results/BDNF-64/tables/BDNF-64.AOC.merged_CFEL_Results.csv
    log: results/logs/MergeCFELCSVs.BDNF-64.log
    jobid: 14
    reason: Missing output files: results/BDNF-64/tables/BDNF-64.AOC.merged_CFEL_Results.csv; Input files updated by another job: results/BDNF-64/tables/part1/BDNF-64.part1.AOC.CFEL_Results.csv, results/BDNF-64/selection/ALL_PARTITIONS.done
    wildcards: sample=BDNF-64
    resources: tmpdir=/var/folders/3l/76gtv9qd0v3_8hn3cb7hfbs40000gn/T
Shell command: None
[Fri Mar 20 19:41:14 2026]
localrule MergeFELCSVs:
    input: results/BDNF-64/selection/ALL_PARTITIONS.done, results/BDNF-64/tables/part1/BDNF-64.part1.AOC.FEL_Results.csv
    output: results/BDNF-64/tables/BDNF-64.AOC.merged_FEL_Results.csv
    log: results/logs/MergeFELCSVs.BDNF-64.log
    jobid: 9
    reason: Missing output files: results/BDNF-64/tables/BDNF-64.AOC.merged_FEL_Results.csv; Input files updated by another job: results/BDNF-64/tables/part1/BDNF-64.part1.AOC.FEL_Results.csv, results/BDNF-64/selection/ALL_PARTITIONS.done
    wildcards: sample=BDNF-64
    resources: tmpdir=/var/folders/3l/76gtv9qd0v3_8hn3cb7hfbs40000gn/T
Shell command: None
[Fri Mar 20 19:41:18 2026]
Finished jobid: 10 (Rule: MergeMEMECSVs)
23 of 32 steps (72%) done
[Fri Mar 20 19:41:18 2026]
Finished jobid: 13 (Rule: MergeRELAXCSVs)
24 of 32 steps (75%) done
[Fri Mar 20 19:41:18 2026]
Finished jobid: 11 (Rule: MergeABSRELCSVs)
25 of 32 steps (78%) done
[Fri Mar 20 19:41:18 2026]
Finished jobid: 14 (Rule: MergeCFELCSVs)
26 of 32 steps (81%) done
[Fri Mar 20 19:41:18 2026]
Finished jobid: 12 (Rule: MergeBUSTEDS_MH_CSVs)
27 of 32 steps (84%) done
Select jobs to execute...
Execute 1 jobs...
[Fri Mar 20 19:41:18 2026]
localrule PlotMEMEMerge:
    input: results/BDNF-64/tables/BDNF-64.AOC.merged_MEME_Results.csv
    output: results/BDNF-64/visualizations/BDNF-64.MEME.merged.png, results/BDNF-64/visualizations/BDNF-64.MEME.merged.svg
    log: results/logs/PlotMEMEMerge.BDNF-64.log
    jobid: 17
    reason: Missing output files: results/BDNF-64/visualizations/BDNF-64.MEME.merged.png; Input files updated by another job: results/BDNF-64/tables/BDNF-64.AOC.merged_MEME_Results.csv
    wildcards: sample=BDNF-64
    resources: tmpdir=/var/folders/3l/76gtv9qd0v3_8hn3cb7hfbs40000gn/T
Shell command: None
[Fri Mar 20 19:41:18 2026]
Finished jobid: 9 (Rule: MergeFELCSVs)
28 of 32 steps (88%) done
Select jobs to execute...
Execute 2 jobs...
[Fri Mar 20 19:41:18 2026]
localrule SelectionOverviewTable:
    input: results/BDNF-64/tables/BDNF-64.AOC.merged_FEL_Results.csv, results/BDNF-64/tables/BDNF-64.AOC.merged_MEME_Results.csv, results/BDNF-64/selection/part1/ABSREL.json, results/BDNF-64/selection/part1/BUSTEDS-MH.json, results/BDNF-64/selection/part1/RELAX.json, results/BDNF-64/selection/part1/CFEL.json
    output: results/BDNF-64/tables/BDNF-64.selection_overview.csv
    log: results/logs/SelectionOverviewTable.BDNF-64.log
    jobid: 15
    reason: Missing output files: results/BDNF-64/tables/BDNF-64.selection_overview.csv; Input files updated by another job: results/BDNF-64/tables/BDNF-64.AOC.merged_MEME_Results.csv, results/BDNF-64/tables/BDNF-64.AOC.merged_FEL_Results.csv, results/BDNF-64/selection/part1/ABSREL.json, results/BDNF-64/selection/part1/RELAX.json, results/BDNF-64/selection/part1/BUSTEDS-MH.json, results/BDNF-64/selection/part1/CFEL.json
    wildcards: sample=BDNF-64
    resources: tmpdir=/var/folders/3l/76gtv9qd0v3_8hn3cb7hfbs40000gn/T
Shell command: None
[Fri Mar 20 19:41:18 2026]
localrule PlotFELMerge:
    input: results/BDNF-64/tables/BDNF-64.AOC.merged_FEL_Results.csv
    output: results/BDNF-64/visualizations/BDNF-64.FEL.merged.png, results/BDNF-64/visualizations/BDNF-64.FEL.merged.svg
    log: results/logs/PlotFELMerge.BDNF-64.log
    jobid: 16
    reason: Missing output files: results/BDNF-64/visualizations/BDNF-64.FEL.merged.png; Input files updated by another job: results/BDNF-64/tables/BDNF-64.AOC.merged_FEL_Results.csv
    wildcards: sample=BDNF-64
    resources: tmpdir=/var/folders/3l/76gtv9qd0v3_8hn3cb7hfbs40000gn/T
Shell command: None
[Fri Mar 20 19:41:21 2026]
Finished jobid: 17 (Rule: PlotMEMEMerge)
29 of 32 steps (91%) done
[Fri Mar 20 19:41:21 2026]
Finished jobid: 15 (Rule: SelectionOverviewTable)
30 of 32 steps (94%) done
[Fri Mar 20 19:41:21 2026]
Finished jobid: 16 (Rule: PlotFELMerge)
31 of 32 steps (97%) done
Select jobs to execute...
Execute 1 jobs...
[Fri Mar 20 19:41:21 2026]
localrule all:
    input: results/BDNF-64/BDNF-64.RD.SA.codons.cln.fa, results/BDNF-64/selection/ALL_PARTITIONS.done, results/BDNF-64/BDNF-64.test_sequences.txt, results/BDNF-64/BDNF-64.sequence_header_map.csv, results/BDNF-64/tables/BDNF-64.AOC.merged_FEL_Results.csv, results/BDNF-64/tables/BDNF-64.AOC.merged_MEME_Results.csv, results/BDNF-64/tables/BDNF-64.AOC.merged_ABSREL_Results.csv, results/BDNF-64/tables/BDNF-64.AOC.merged_BUSTEDS-MH_Results.csv, results/BDNF-64/tables/BDNF-64.AOC.merged_RELAX_Results.csv, results/BDNF-64/tables/BDNF-64.AOC.merged_CFEL_Results.csv, results/BDNF-64/tables/BDNF-64.selection_overview.csv, results/BDNF-64/visualizations/BDNF-64.FEL.merged.png, results/BDNF-64/visualizations/BDNF-64.MEME.merged.png
    jobid: 0
    reason: Input files updated by another job: results/BDNF-64/tables/BDNF-64.AOC.merged_MEME_Results.csv, results/BDNF-64/tables/BDNF-64.AOC.merged_FEL_Results.csv, results/BDNF-64/visualizations/BDNF-64.FEL.merged.png, results/BDNF-64/tables/BDNF-64.selection_overview.csv, results/BDNF-64/tables/BDNF-64.AOC.merged_CFEL_Results.csv, results/BDNF-64/BDNF-64.RD.SA.codons.cln.fa, results/BDNF-64/selection/ALL_PARTITIONS.done, results/BDNF-64/tables/BDNF-64.AOC.merged_ABSREL_Results.csv, results/BDNF-64/tables/BDNF-64.AOC.merged_BUSTEDS-MH_Results.csv, results/BDNF-64/BDNF-64.test_sequences.txt, results/BDNF-64/visualizations/BDNF-64.MEME.merged.png, results/BDNF-64/tables/BDNF-64.AOC.merged_RELAX_Results.csv, results/BDNF-64/BDNF-64.sequence_header_map.csv
    resources: tmpdir=/var/folders/3l/76gtv9qd0v3_8hn3cb7hfbs40000gn/T
Shell command: None
[Fri Mar 20 19:41:21 2026]
Finished jobid: 0 (Rule: all)
32 of 32 steps (100%) done
Complete log(s): /Users/alex/Documents/AOC-develop-new-snakemake/.snakemake/log/2026-03-20T193227.786188.snakemake.log
