Config file config/config.yaml is extended by additional config specified via the command line.
Assuming unrestricted shared filesystem usage.
host: Alexs-MacBook-Pro-2.local
Building DAG of jobs...
Updating checkpoint dependencies.
Using shell: /bin/bash
Provided cores: 10
Rules claiming more threads will be scaled down.
Job stats:
job                           count
--------------------------  -------
PlotABSRELMerge                   1
PlotBUSTEDSMHMerge                1
PlotCFELMerge                     1
PlotFELMerge                      1
PlotMEMEMerge                     1
PlotRELAXMerge                    1
PlotSelectionDashboard            1
PlotSelectionMethodHeatmap        1
all                               1
total                             9

Select jobs to execute...
Failed to solve scheduling problem with ILP solver, falling back to greedy scheduler. You likely have to fix your ILP solver installation. Error message: PULP_CBC_CMD: Not Available (check permissions on cbc)
Execute 4 jobs...
[Fri Mar 20 21:53:51 2026]
localrule PlotSelectionMethodHeatmap:
    input: results/BDNF-64/tables/BDNF-64.selection_overview.csv
    output: results/BDNF-64/visualizations/BDNF-64.selection.method_heatmap.png, results/BDNF-64/visualizations/BDNF-64.selection.method_heatmap.svg
    log: results/logs/PlotSelectionMethodHeatmap.BDNF-64.log
    jobid: 20
    reason: Missing output files: results/BDNF-64/visualizations/BDNF-64.selection.method_heatmap.png
    wildcards: sample=BDNF-64
    resources: tmpdir=/var/folders/3l/76gtv9qd0v3_8hn3cb7hfbs40000gn/T
Shell command: None
[Fri Mar 20 21:53:52 2026]
localrule PlotABSRELMerge:
    input: results/BDNF-64/tables/BDNF-64.AOC.merged_ABSREL_Results.csv
    output: results/BDNF-64/visualizations/BDNF-64.ABSREL.merged.png, results/BDNF-64/visualizations/BDNF-64.ABSREL.merged.svg
    log: results/logs/PlotABSRELMerge.BDNF-64.log
    jobid: 16
    reason: Missing output files: results/BDNF-64/visualizations/BDNF-64.ABSREL.merged.png
    wildcards: sample=BDNF-64
    resources: tmpdir=/var/folders/3l/76gtv9qd0v3_8hn3cb7hfbs40000gn/T
Shell command: None
[Fri Mar 20 21:53:52 2026]
localrule PlotMEMEMerge:
    input: results/BDNF-64/tables/BDNF-64.AOC.merged_MEME_Results.csv
    output: results/BDNF-64/visualizations/BDNF-64.MEME.merged.png, results/BDNF-64/visualizations/BDNF-64.MEME.merged.svg, results/BDNF-64/visualizations/BDNF-64.MEME.marginals.png, results/BDNF-64/visualizations/BDNF-64.MEME.marginals.svg
    log: results/logs/PlotMEMEMerge.BDNF-64.log
    jobid: 15
    reason: Missing output files: results/BDNF-64/visualizations/BDNF-64.MEME.marginals.png, results/BDNF-64/visualizations/BDNF-64.MEME.merged.png
    wildcards: sample=BDNF-64
    resources: tmpdir=/var/folders/3l/76gtv9qd0v3_8hn3cb7hfbs40000gn/T
Shell command: None
[Fri Mar 20 21:53:52 2026]
localrule PlotFELMerge:
    input: results/BDNF-64/tables/BDNF-64.AOC.merged_FEL_Results.csv
    output: results/BDNF-64/visualizations/BDNF-64.FEL.merged.png, results/BDNF-64/visualizations/BDNF-64.FEL.merged.svg, results/BDNF-64/visualizations/BDNF-64.FEL.marginals.png, results/BDNF-64/visualizations/BDNF-64.FEL.marginals.svg
    log: results/logs/PlotFELMerge.BDNF-64.log
    jobid: 14
    reason: Missing output files: results/BDNF-64/visualizations/BDNF-64.FEL.marginals.png, results/BDNF-64/visualizations/BDNF-64.FEL.merged.png
    wildcards: sample=BDNF-64
    resources: tmpdir=/var/folders/3l/76gtv9qd0v3_8hn3cb7hfbs40000gn/T
Shell command: None
Select jobs to execute...
[Fri Mar 20 21:53:55 2026]
Finished jobid: 20 (Rule: PlotSelectionMethodHeatmap)
1 of 9 steps (11%) done
Execute 1 jobs...
[Fri Mar 20 21:53:55 2026]
localrule PlotSelectionDashboard:
    input: results/BDNF-64/tables/BDNF-64.selection_overview.csv
    output: results/BDNF-64/visualizations/BDNF-64.selection.dashboard.png, results/BDNF-64/visualizations/BDNF-64.selection.dashboard.svg
    log: results/logs/PlotSelectionDashboard.BDNF-64.log
    jobid: 21
    reason: Missing output files: results/BDNF-64/visualizations/BDNF-64.selection.dashboard.png
    wildcards: sample=BDNF-64
    resources: tmpdir=/var/folders/3l/76gtv9qd0v3_8hn3cb7hfbs40000gn/T
Shell command: None
[Fri Mar 20 21:53:55 2026]
Finished jobid: 16 (Rule: PlotABSRELMerge)
2 of 9 steps (22%) done
Select jobs to execute...
Execute 1 jobs...
[Fri Mar 20 21:53:55 2026]
localrule PlotBUSTEDSMHMerge:
    input: results/BDNF-64/tables/BDNF-64.AOC.merged_BUSTEDS-MH_Results.csv
    output: results/BDNF-64/visualizations/BDNF-64.BUSTEDS-MH.merged.png, results/BDNF-64/visualizations/BDNF-64.BUSTEDS-MH.merged.svg
    log: results/logs/PlotBUSTEDSMHMerge.BDNF-64.log
    jobid: 17
    reason: Missing output files: results/BDNF-64/visualizations/BDNF-64.BUSTEDS-MH.merged.png
    wildcards: sample=BDNF-64
    resources: tmpdir=/var/folders/3l/76gtv9qd0v3_8hn3cb7hfbs40000gn/T
Shell command: None
[Fri Mar 20 21:53:55 2026]
Finished jobid: 15 (Rule: PlotMEMEMerge)
3 of 9 steps (33%) done
Select jobs to execute...
Execute 1 jobs...
[Fri Mar 20 21:53:55 2026]
localrule PlotRELAXMerge:
    input: results/BDNF-64/tables/BDNF-64.AOC.merged_RELAX_Results.csv
    output: results/BDNF-64/visualizations/BDNF-64.RELAX.merged.png, results/BDNF-64/visualizations/BDNF-64.RELAX.merged.svg
    log: results/logs/PlotRELAXMerge.BDNF-64.log
    jobid: 18
    reason: Missing output files: results/BDNF-64/visualizations/BDNF-64.RELAX.merged.png
    wildcards: sample=BDNF-64
    resources: tmpdir=/var/folders/3l/76gtv9qd0v3_8hn3cb7hfbs40000gn/T
Shell command: None
[Fri Mar 20 21:53:55 2026]
Finished jobid: 14 (Rule: PlotFELMerge)
4 of 9 steps (44%) done
Select jobs to execute...
Execute 1 jobs...
[Fri Mar 20 21:53:55 2026]
localrule PlotCFELMerge:
    input: results/BDNF-64/tables/BDNF-64.AOC.merged_CFEL_Results.csv
    output: results/BDNF-64/visualizations/BDNF-64.CFEL.merged.png, results/BDNF-64/visualizations/BDNF-64.CFEL.merged.svg
    log: results/logs/PlotCFELMerge.BDNF-64.log
    jobid: 19
    reason: Missing output files: results/BDNF-64/visualizations/BDNF-64.CFEL.merged.png
    wildcards: sample=BDNF-64
    resources: tmpdir=/var/folders/3l/76gtv9qd0v3_8hn3cb7hfbs40000gn/T
Shell command: None
[Fri Mar 20 21:53:58 2026]
Finished jobid: 17 (Rule: PlotBUSTEDSMHMerge)
5 of 9 steps (56%) done
[Fri Mar 20 21:53:58 2026]
Finished jobid: 21 (Rule: PlotSelectionDashboard)
6 of 9 steps (67%) done
[Fri Mar 20 21:53:58 2026]
Finished jobid: 19 (Rule: PlotCFELMerge)
7 of 9 steps (78%) done
[Fri Mar 20 21:53:58 2026]
Finished jobid: 18 (Rule: PlotRELAXMerge)
8 of 9 steps (89%) done
Select jobs to execute...
Execute 1 jobs...
[Fri Mar 20 21:53:58 2026]
localrule all:
    input: results/BDNF-64/BDNF-64.RD.SA.codons.cln.fa, results/BDNF-64/selection/ALL_PARTITIONS.done, results/BDNF-64/tables/BDNF-64.AOC.merged_FEL_Results.csv, results/BDNF-64/tables/BDNF-64.AOC.merged_MEME_Results.csv, results/BDNF-64/tables/BDNF-64.AOC.merged_ABSREL_Results.csv, results/BDNF-64/tables/BDNF-64.AOC.merged_BUSTEDS-MH_Results.csv, results/BDNF-64/tables/BDNF-64.AOC.merged_RELAX_Results.csv, results/BDNF-64/tables/BDNF-64.AOC.merged_CFEL_Results.csv, results/BDNF-64/tables/BDNF-64.selection_overview.csv, results/BDNF-64/visualizations/BDNF-64.FEL.merged.png, results/BDNF-64/visualizations/BDNF-64.FEL.marginals.png, results/BDNF-64/visualizations/BDNF-64.MEME.merged.png, results/BDNF-64/visualizations/BDNF-64.MEME.marginals.png, results/BDNF-64/visualizations/BDNF-64.ABSREL.merged.png, results/BDNF-64/visualizations/BDNF-64.BUSTEDS-MH.merged.png, results/BDNF-64/visualizations/BDNF-64.RELAX.merged.png, results/BDNF-64/visualizations/BDNF-64.CFEL.merged.png, results/BDNF-64/visualizations/BDNF-64.selection.method_heatmap.png, results/BDNF-64/visualizations/BDNF-64.selection.dashboard.png
    jobid: 0
    reason: Input files updated by another job: results/BDNF-64/visualizations/BDNF-64.BUSTEDS-MH.merged.png, results/BDNF-64/visualizations/BDNF-64.FEL.marginals.png, results/BDNF-64/visualizations/BDNF-64.CFEL.merged.png, results/BDNF-64/visualizations/BDNF-64.selection.method_heatmap.png, results/BDNF-64/visualizations/BDNF-64.ABSREL.merged.png, results/BDNF-64/visualizations/BDNF-64.MEME.marginals.png, results/BDNF-64/visualizations/BDNF-64.MEME.merged.png, results/BDNF-64/visualizations/BDNF-64.FEL.merged.png, results/BDNF-64/visualizations/BDNF-64.RELAX.merged.png, results/BDNF-64/visualizations/BDNF-64.selection.dashboard.png
    resources: tmpdir=/var/folders/3l/76gtv9qd0v3_8hn3cb7hfbs40000gn/T
Shell command: None
[Fri Mar 20 21:53:58 2026]
Finished jobid: 0 (Rule: all)
9 of 9 steps (100%) done
Complete log(s): /Users/alex/Documents/AOC-develop-new-snakemake/.snakemake/log/2026-03-20T215350.720679.snakemake.log
