Config file config/config.yaml is extended by additional config specified via the command line.
Assuming unrestricted shared filesystem usage.
host: Alexs-MacBook-Pro-2.local
Building DAG of jobs...
Updating checkpoint dependencies.
Using shell: /bin/bash
Provided cores: 10
Rules claiming more threads will be scaled down.
Job stats:
job                           count
--------------------------  -------
PlotABSRELMerge                   1
PlotBUSTEDSMHMerge                1
PlotCFELMerge                     1
PlotFELMerge                      1
PlotMEMEMerge                     1
PlotRELAXMerge                    1
PlotSelectionConcordance          1
PlotSelectionDashboard            1
PlotSelectionMethodHeatmap        1
all                               1
total                            10

Select jobs to execute...
Failed to solve scheduling problem with ILP solver, falling back to greedy scheduler. You likely have to fix your ILP solver installation. Error message: PULP_CBC_CMD: Not Available (check permissions on cbc)
Execute 4 jobs...
[Fri Mar 20 22:06:05 2026]
localrule PlotSelectionMethodHeatmap:
    input: results/BDNF-64/tables/BDNF-64.selection_overview.csv
    output: results/BDNF-64/visualizations/BDNF-64.selection.method_heatmap.png, results/BDNF-64/visualizations/BDNF-64.selection.method_heatmap.svg
    log: results/logs/PlotSelectionMethodHeatmap.BDNF-64.log
    jobid: 20
    reason: Missing output files: results/BDNF-64/visualizations/BDNF-64.selection.method_heatmap.png
    wildcards: sample=BDNF-64
    resources: tmpdir=/var/folders/3l/76gtv9qd0v3_8hn3cb7hfbs40000gn/T
Shell command: None
[Fri Mar 20 22:06:05 2026]
localrule PlotABSRELMerge:
    input: results/BDNF-64/tables/BDNF-64.AOC.merged_ABSREL_Results.csv
    output: results/BDNF-64/visualizations/BDNF-64.ABSREL.merged.png, results/BDNF-64/visualizations/BDNF-64.ABSREL.merged.svg
    log: results/logs/PlotABSRELMerge.BDNF-64.log
    jobid: 16
    reason: Missing output files: results/BDNF-64/visualizations/BDNF-64.ABSREL.merged.png
    wildcards: sample=BDNF-64
    resources: tmpdir=/var/folders/3l/76gtv9qd0v3_8hn3cb7hfbs40000gn/T
Shell command: None
[Fri Mar 20 22:06:05 2026]
localrule PlotMEMEMerge:
    input: results/BDNF-64/tables/BDNF-64.AOC.merged_MEME_Results.csv
    output: results/BDNF-64/visualizations/BDNF-64.MEME.merged.png, results/BDNF-64/visualizations/BDNF-64.MEME.merged.svg, results/BDNF-64/visualizations/BDNF-64.MEME.marginals.png, results/BDNF-64/visualizations/BDNF-64.MEME.marginals.svg
    log: results/logs/PlotMEMEMerge.BDNF-64.log
    jobid: 15
    reason: Missing output files: results/BDNF-64/visualizations/BDNF-64.MEME.merged.png, results/BDNF-64/visualizations/BDNF-64.MEME.marginals.png
    wildcards: sample=BDNF-64
    resources: tmpdir=/var/folders/3l/76gtv9qd0v3_8hn3cb7hfbs40000gn/T
Shell command: None
[Fri Mar 20 22:06:05 2026]
localrule PlotFELMerge:
    input: results/BDNF-64/tables/BDNF-64.AOC.merged_FEL_Results.csv
    output: results/BDNF-64/visualizations/BDNF-64.FEL.merged.png, results/BDNF-64/visualizations/BDNF-64.FEL.merged.svg, results/BDNF-64/visualizations/BDNF-64.FEL.marginals.png, results/BDNF-64/visualizations/BDNF-64.FEL.marginals.svg
    log: results/logs/PlotFELMerge.BDNF-64.log
    jobid: 14
    reason: Missing output files: results/BDNF-64/visualizations/BDNF-64.FEL.marginals.png, results/BDNF-64/visualizations/BDNF-64.FEL.merged.png
    wildcards: sample=BDNF-64
    resources: tmpdir=/var/folders/3l/76gtv9qd0v3_8hn3cb7hfbs40000gn/T
Shell command: None
Select jobs to execute...
[Fri Mar 20 22:06:09 2026]
Finished jobid: 16 (Rule: PlotABSRELMerge)
1 of 10 steps (10%) done
Execute 1 jobs...
[Fri Mar 20 22:06:09 2026]
localrule PlotSelectionDashboard:
    input: results/BDNF-64/tables/BDNF-64.selection_overview.csv
    output: results/BDNF-64/visualizations/BDNF-64.selection.dashboard.png, results/BDNF-64/visualizations/BDNF-64.selection.dashboard.svg
    log: results/logs/PlotSelectionDashboard.BDNF-64.log
    jobid: 22
    reason: Missing output files: results/BDNF-64/visualizations/BDNF-64.selection.dashboard.png
    wildcards: sample=BDNF-64
    resources: tmpdir=/var/folders/3l/76gtv9qd0v3_8hn3cb7hfbs40000gn/T
Shell command: None
[Fri Mar 20 22:06:09 2026]
Finished jobid: 20 (Rule: PlotSelectionMethodHeatmap)
2 of 10 steps (20%) done
Select jobs to execute...
Execute 1 jobs...
[Fri Mar 20 22:06:09 2026]
localrule PlotSelectionConcordance:
    input: results/BDNF-64/tables/BDNF-64.selection_overview.csv
    output: results/BDNF-64/visualizations/BDNF-64.selection.concordance.png, results/BDNF-64/visualizations/BDNF-64.selection.concordance.svg
    log: results/logs/PlotSelectionConcordance.BDNF-64.log
    jobid: 21
    reason: Missing output files: results/BDNF-64/visualizations/BDNF-64.selection.concordance.png
    wildcards: sample=BDNF-64
    resources: tmpdir=/var/folders/3l/76gtv9qd0v3_8hn3cb7hfbs40000gn/T
Shell command: None
[Fri Mar 20 22:06:09 2026]
Finished jobid: 15 (Rule: PlotMEMEMerge)
3 of 10 steps (30%) done
Select jobs to execute...
Execute 1 jobs...
[Fri Mar 20 22:06:09 2026]
localrule PlotBUSTEDSMHMerge:
    input: results/BDNF-64/tables/BDNF-64.AOC.merged_BUSTEDS-MH_Results.csv
    output: results/BDNF-64/visualizations/BDNF-64.BUSTEDS-MH.merged.png, results/BDNF-64/visualizations/BDNF-64.BUSTEDS-MH.merged.svg
    log: results/logs/PlotBUSTEDSMHMerge.BDNF-64.log
    jobid: 17
    reason: Missing output files: results/BDNF-64/visualizations/BDNF-64.BUSTEDS-MH.merged.png
    wildcards: sample=BDNF-64
    resources: tmpdir=/var/folders/3l/76gtv9qd0v3_8hn3cb7hfbs40000gn/T
Shell command: None
[Fri Mar 20 22:06:09 2026]
Finished jobid: 14 (Rule: PlotFELMerge)
4 of 10 steps (40%) done
Select jobs to execute...
Execute 1 jobs...
[Fri Mar 20 22:06:09 2026]
localrule PlotRELAXMerge:
    input: results/BDNF-64/tables/BDNF-64.AOC.merged_RELAX_Results.csv
    output: results/BDNF-64/visualizations/BDNF-64.RELAX.merged.png, results/BDNF-64/visualizations/BDNF-64.RELAX.merged.svg
    log: results/logs/PlotRELAXMerge.BDNF-64.log
    jobid: 18
    reason: Missing output files: results/BDNF-64/visualizations/BDNF-64.RELAX.merged.png
    wildcards: sample=BDNF-64
    resources: tmpdir=/var/folders/3l/76gtv9qd0v3_8hn3cb7hfbs40000gn/T
Shell command: None
Select jobs to execute...
[Fri Mar 20 22:06:12 2026]
Finished jobid: 22 (Rule: PlotSelectionDashboard)
5 of 10 steps (50%) done
[Fri Mar 20 22:06:12 2026]
Finished jobid: 21 (Rule: PlotSelectionConcordance)
6 of 10 steps (60%) done
Execute 1 jobs...
[Fri Mar 20 22:06:12 2026]
localrule PlotCFELMerge:
    input: results/BDNF-64/tables/BDNF-64.AOC.merged_CFEL_Results.csv
    output: results/BDNF-64/visualizations/BDNF-64.CFEL.merged.png, results/BDNF-64/visualizations/BDNF-64.CFEL.merged.svg
    log: results/logs/PlotCFELMerge.BDNF-64.log
    jobid: 19
    reason: Missing output files: results/BDNF-64/visualizations/BDNF-64.CFEL.merged.png
    wildcards: sample=BDNF-64
    resources: tmpdir=/var/folders/3l/76gtv9qd0v3_8hn3cb7hfbs40000gn/T
Shell command: None
[Fri Mar 20 22:06:12 2026]
Finished jobid: 18 (Rule: PlotRELAXMerge)
7 of 10 steps (70%) done
[Fri Mar 20 22:06:12 2026]
Finished jobid: 17 (Rule: PlotBUSTEDSMHMerge)
8 of 10 steps (80%) done
[Fri Mar 20 22:06:15 2026]
Finished jobid: 19 (Rule: PlotCFELMerge)
9 of 10 steps (90%) done
Select jobs to execute...
Execute 1 jobs...
[Fri Mar 20 22:06:15 2026]
localrule all:
    input: results/BDNF-64/BDNF-64.RD.SA.codons.cln.fa, results/BDNF-64/selection/ALL_PARTITIONS.done, results/BDNF-64/tables/BDNF-64.AOC.merged_FEL_Results.csv, results/BDNF-64/tables/BDNF-64.AOC.merged_MEME_Results.csv, results/BDNF-64/tables/BDNF-64.AOC.merged_ABSREL_Results.csv, results/BDNF-64/tables/BDNF-64.AOC.merged_BUSTEDS-MH_Results.csv, results/BDNF-64/tables/BDNF-64.AOC.merged_RELAX_Results.csv, results/BDNF-64/tables/BDNF-64.AOC.merged_CFEL_Results.csv, results/BDNF-64/tables/BDNF-64.selection_overview.csv, results/BDNF-64/visualizations/BDNF-64.FEL.merged.png, results/BDNF-64/visualizations/BDNF-64.FEL.marginals.png, results/BDNF-64/visualizations/BDNF-64.MEME.merged.png, results/BDNF-64/visualizations/BDNF-64.MEME.marginals.png, results/BDNF-64/visualizations/BDNF-64.ABSREL.merged.png, results/BDNF-64/visualizations/BDNF-64.BUSTEDS-MH.merged.png, results/BDNF-64/visualizations/BDNF-64.RELAX.merged.png, results/BDNF-64/visualizations/BDNF-64.CFEL.merged.png, results/BDNF-64/visualizations/BDNF-64.selection.method_heatmap.png, results/BDNF-64/visualizations/BDNF-64.selection.concordance.png, results/BDNF-64/visualizations/BDNF-64.selection.dashboard.png
    jobid: 0
    reason: Input files updated by another job: results/BDNF-64/visualizations/BDNF-64.ABSREL.merged.png, results/BDNF-64/visualizations/BDNF-64.selection.method_heatmap.png, results/BDNF-64/visualizations/BDNF-64.selection.concordance.png, results/BDNF-64/visualizations/BDNF-64.selection.dashboard.png, results/BDNF-64/visualizations/BDNF-64.FEL.marginals.png, results/BDNF-64/visualizations/BDNF-64.CFEL.merged.png, results/BDNF-64/visualizations/BDNF-64.RELAX.merged.png, results/BDNF-64/visualizations/BDNF-64.MEME.merged.png, results/BDNF-64/visualizations/BDNF-64.MEME.marginals.png, results/BDNF-64/visualizations/BDNF-64.FEL.merged.png, results/BDNF-64/visualizations/BDNF-64.BUSTEDS-MH.merged.png
    resources: tmpdir=/var/folders/3l/76gtv9qd0v3_8hn3cb7hfbs40000gn/T
Shell command: None
[Fri Mar 20 22:06:15 2026]
Finished jobid: 0 (Rule: all)
10 of 10 steps (100%) done
Complete log(s): /Users/alex/Documents/AOC-develop-new-snakemake/.snakemake/log/2026-03-20T220604.397793.snakemake.log
