Config file config/config.yaml is extended by additional config specified via the command line.
Building DAG of jobs...
Using shell: /bin/bash
Provided cores: 10
Rules claiming more threads will be scaled down.
Job stats:
job                          count
-------------------------  -------
MergeABSRELCSVs                  1
MergeBUSTEDS_MH_CSVs             1
MergeCFELCSVs                    1
MergeFELCSVs                     1
MergeMEMECSVs                    1
MergeRELAXCSVs                   1
PlotFELMerge                     1
PlotFEL_partition                2
PlotMEMEMerge                    1
PlotMEME_partition               4
SelectionOverviewTable           1
TableABSREL_partition            2
TableBUSTEDS_MH_partition        2
TableCFEL_partition              1
TableRELAX_partition             2
all                              1
total                           23

Select jobs to execute...

[Wed Mar 11 15:16:59 2026]
rule TableRELAX_partition:
    input: results/BDNF-64/selection/part1/RELAX.json
    output: results/BDNF-64/tables/part1/BDNF-64.part1.AOC.RELAX_Results.csv
    log: results/logs/TableRELAX_partition.BDNF-64.part1.log
    jobid: 75
    reason: Updated input files: results/BDNF-64/selection/part1/RELAX.json
    wildcards: sample=BDNF-64, part=1
    resources: tmpdir=/var/folders/3l/76gtv9qd0v3_8hn3cb7hfbs40000gn/T

[Wed Mar 11 15:16:59 2026]
rule TableRELAX_partition:
    input: results/BDNF-64/selection/part3/RELAX.json
    output: results/BDNF-64/tables/part3/BDNF-64.part3.AOC.RELAX_Results.csv
    log: results/logs/TableRELAX_partition.BDNF-64.part3.log
    jobid: 77
    reason: Updated input files: results/BDNF-64/selection/part3/RELAX.json
    wildcards: sample=BDNF-64, part=3
    resources: tmpdir=/var/folders/3l/76gtv9qd0v3_8hn3cb7hfbs40000gn/T

[Wed Mar 11 15:16:59 2026]
rule PlotMEME_partition:
    input: results/BDNF-64/selection/part2/MEME.json
    output: results/BDNF-64/tables/part2/BDNF-64.part2.AOC.MEME_Results.csv, results/BDNF-64/visualizations/part2/BDNF-64.part2.MEME.png, results/BDNF-64/visualizations/part2/BDNF-64.part2.MEME.svg, results/BDNF-64/visualizations/part2/BDNF-64.part2.MEME.figure_legend.txt
    log: results/logs/PlotMEME_partition.BDNF-64.part2.log
    jobid: 64
    reason: Updated input files: results/BDNF-64/selection/part2/MEME.json
    wildcards: sample=BDNF-64, part=2
    resources: tmpdir=/var/folders/3l/76gtv9qd0v3_8hn3cb7hfbs40000gn/T

[Wed Mar 11 15:16:59 2026]
rule TableBUSTEDS_MH_partition:
    input: results/BDNF-64/selection/part2/BUSTEDS-MH.json
    output: results/BDNF-64/tables/part2/BDNF-64.part2.AOC.BUSTEDS-MH_Results.csv
    log: results/logs/TableBUSTEDS_MH_partition.BDNF-64.part2.log
    jobid: 72
    reason: Updated input files: results/BDNF-64/selection/part2/BUSTEDS-MH.json
    wildcards: sample=BDNF-64, part=2
    resources: tmpdir=/var/folders/3l/76gtv9qd0v3_8hn3cb7hfbs40000gn/T

[Wed Mar 11 15:16:59 2026]
rule PlotMEME_partition:
    input: results/BDNF-64/selection/part4/MEME.json
    output: results/BDNF-64/tables/part4/BDNF-64.part4.AOC.MEME_Results.csv, results/BDNF-64/visualizations/part4/BDNF-64.part4.MEME.png, results/BDNF-64/visualizations/part4/BDNF-64.part4.MEME.svg, results/BDNF-64/visualizations/part4/BDNF-64.part4.MEME.figure_legend.txt
    log: results/logs/PlotMEME_partition.BDNF-64.part4.log
    jobid: 66
    reason: Updated input files: results/BDNF-64/selection/part4/MEME.json
    wildcards: sample=BDNF-64, part=4
    resources: tmpdir=/var/folders/3l/76gtv9qd0v3_8hn3cb7hfbs40000gn/T

[Wed Mar 11 15:16:59 2026]
rule PlotFEL_partition:
    input: results/BDNF-64/selection/part2/FEL.json
    output: results/BDNF-64/tables/part2/BDNF-64.part2.AOC.FEL_Results.csv, results/BDNF-64/visualizations/part2/BDNF-64.part2.FEL.png, results/BDNF-64/visualizations/part2/BDNF-64.part2.FEL.svg, results/BDNF-64/visualizations/part2/BDNF-64.part2.FEL.figure_legend.txt
    log: results/logs/PlotFEL_partition.BDNF-64.part2.log
    jobid: 60
    reason: Updated input files: results/BDNF-64/selection/part2/FEL.json
    wildcards: sample=BDNF-64, part=2
    resources: tmpdir=/var/folders/3l/76gtv9qd0v3_8hn3cb7hfbs40000gn/T

[Wed Mar 11 15:16:59 2026]
rule TableABSREL_partition:
    input: results/BDNF-64/selection/part1/ABSREL.json
    output: results/BDNF-64/tables/part1/BDNF-64.part1.AOC.ABSREL_Results.csv
    log: results/logs/TableABSREL_partition.BDNF-64.part1.log
    jobid: 67
    reason: Updated input files: results/BDNF-64/selection/part1/ABSREL.json
    wildcards: sample=BDNF-64, part=1
    resources: tmpdir=/var/folders/3l/76gtv9qd0v3_8hn3cb7hfbs40000gn/T

[Wed Mar 11 15:16:59 2026]
rule PlotMEME_partition:
    input: results/BDNF-64/selection/part1/MEME.json
    output: results/BDNF-64/tables/part1/BDNF-64.part1.AOC.MEME_Results.csv, results/BDNF-64/visualizations/part1/BDNF-64.part1.MEME.png, results/BDNF-64/visualizations/part1/BDNF-64.part1.MEME.svg, results/BDNF-64/visualizations/part1/BDNF-64.part1.MEME.figure_legend.txt
    log: results/logs/PlotMEME_partition.BDNF-64.part1.log
    jobid: 63
    reason: Updated input files: results/BDNF-64/selection/part1/MEME.json
    wildcards: sample=BDNF-64, part=1
    resources: tmpdir=/var/folders/3l/76gtv9qd0v3_8hn3cb7hfbs40000gn/T

[Wed Mar 11 15:16:59 2026]
rule PlotMEME_partition:
    input: results/BDNF-64/selection/part3/MEME.json
    output: results/BDNF-64/tables/part3/BDNF-64.part3.AOC.MEME_Results.csv, results/BDNF-64/visualizations/part3/BDNF-64.part3.MEME.png, results/BDNF-64/visualizations/part3/BDNF-64.part3.MEME.svg, results/BDNF-64/visualizations/part3/BDNF-64.part3.MEME.figure_legend.txt
    log: results/logs/PlotMEME_partition.BDNF-64.part3.log
    jobid: 65
    reason: Updated input files: results/BDNF-64/selection/part3/MEME.json
    wildcards: sample=BDNF-64, part=3
    resources: tmpdir=/var/folders/3l/76gtv9qd0v3_8hn3cb7hfbs40000gn/T

[Wed Mar 11 15:16:59 2026]
rule PlotFEL_partition:
    input: results/BDNF-64/selection/part1/FEL.json
    output: results/BDNF-64/tables/part1/BDNF-64.part1.AOC.FEL_Results.csv, results/BDNF-64/visualizations/part1/BDNF-64.part1.FEL.png, results/BDNF-64/visualizations/part1/BDNF-64.part1.FEL.svg, results/BDNF-64/visualizations/part1/BDNF-64.part1.FEL.figure_legend.txt
    log: results/logs/PlotFEL_partition.BDNF-64.part1.log
    jobid: 59
    reason: Updated input files: results/BDNF-64/selection/part1/FEL.json
    wildcards: sample=BDNF-64, part=1
    resources: tmpdir=/var/folders/3l/76gtv9qd0v3_8hn3cb7hfbs40000gn/T

[Wed Mar 11 15:17:03 2026]
Finished job 75.
1 of 23 steps (4%) done
[Wed Mar 11 15:17:03 2026]
Finished job 67.
2 of 23 steps (9%) done
[Wed Mar 11 15:17:03 2026]
Finished job 72.
3 of 23 steps (13%) done
Select jobs to execute...

[Wed Mar 11 15:17:03 2026]
rule TableBUSTEDS_MH_partition:
    input: results/BDNF-64/selection/part4/BUSTEDS-MH.json
    output: results/BDNF-64/tables/part4/BDNF-64.part4.AOC.BUSTEDS-MH_Results.csv
    log: results/logs/TableBUSTEDS_MH_partition.BDNF-64.part4.log
    jobid: 74
    reason: Updated input files: results/BDNF-64/selection/part4/BUSTEDS-MH.json
    wildcards: sample=BDNF-64, part=4
    resources: tmpdir=/var/folders/3l/76gtv9qd0v3_8hn3cb7hfbs40000gn/T

[Wed Mar 11 15:17:03 2026]
rule TableCFEL_partition:
    input: results/BDNF-64/selection/part4/CFEL.json
    output: results/BDNF-64/tables/part4/BDNF-64.part4.AOC.CFEL_Results.csv
    log: results/logs/TableCFEL_partition.BDNF-64.part4.log
    jobid: 82
    reason: Updated input files: results/BDNF-64/selection/part4/CFEL.json
    wildcards: sample=BDNF-64, part=4
    resources: tmpdir=/var/folders/3l/76gtv9qd0v3_8hn3cb7hfbs40000gn/T

[Wed Mar 11 15:17:03 2026]
rule TableABSREL_partition:
    input: results/BDNF-64/selection/part4/ABSREL.json
    output: results/BDNF-64/tables/part4/BDNF-64.part4.AOC.ABSREL_Results.csv
    log: results/logs/TableABSREL_partition.BDNF-64.part4.log
    jobid: 70
    reason: Updated input files: results/BDNF-64/selection/part4/ABSREL.json
    wildcards: sample=BDNF-64, part=4
    resources: tmpdir=/var/folders/3l/76gtv9qd0v3_8hn3cb7hfbs40000gn/T

[Wed Mar 11 15:17:03 2026]
Finished job 77.
4 of 23 steps (17%) done
Select jobs to execute...

[Wed Mar 11 15:17:03 2026]
rule MergeRELAXCSVs:
    input: results/BDNF-64/selection/ALL_PARTITIONS.done, results/BDNF-64/tables/part1/BDNF-64.part1.AOC.RELAX_Results.csv, results/BDNF-64/tables/part2/BDNF-64.part2.AOC.RELAX_Results.csv, results/BDNF-64/tables/part3/BDNF-64.part3.AOC.RELAX_Results.csv, results/BDNF-64/tables/part4/BDNF-64.part4.AOC.RELAX_Results.csv
    output: results/BDNF-64/tables/BDNF-64.AOC.merged_RELAX_Results.csv
    log: results/logs/MergeRELAXCSVs.BDNF-64.log
    jobid: 14
    reason: Input files updated by another job: results/BDNF-64/tables/part1/BDNF-64.part1.AOC.RELAX_Results.csv, results/BDNF-64/tables/part3/BDNF-64.part3.AOC.RELAX_Results.csv
    wildcards: sample=BDNF-64
    resources: tmpdir=/var/folders/3l/76gtv9qd0v3_8hn3cb7hfbs40000gn/T

[Wed Mar 11 15:17:05 2026]
Finished job 65.
5 of 23 steps (22%) done
[Wed Mar 11 15:17:05 2026]
Finished job 64.
6 of 23 steps (26%) done
[Wed Mar 11 15:17:06 2026]
Finished job 63.
7 of 23 steps (30%) done
[Wed Mar 11 15:17:06 2026]
Finished job 66.
8 of 23 steps (35%) done
Select jobs to execute...

[Wed Mar 11 15:17:06 2026]
rule MergeMEMECSVs:
    input: results/BDNF-64/selection/ALL_PARTITIONS.done, results/BDNF-64/tables/part1/BDNF-64.part1.AOC.MEME_Results.csv, results/BDNF-64/tables/part2/BDNF-64.part2.AOC.MEME_Results.csv, results/BDNF-64/tables/part3/BDNF-64.part3.AOC.MEME_Results.csv, results/BDNF-64/tables/part4/BDNF-64.part4.AOC.MEME_Results.csv
    output: results/BDNF-64/tables/BDNF-64.AOC.merged_MEME_Results.csv
    log: results/logs/MergeMEMECSVs.BDNF-64.log
    jobid: 11
    reason: Missing output files: results/BDNF-64/tables/BDNF-64.AOC.merged_MEME_Results.csv; Input files updated by another job: results/BDNF-64/tables/part4/BDNF-64.part4.AOC.MEME_Results.csv, results/BDNF-64/tables/part3/BDNF-64.part3.AOC.MEME_Results.csv, results/BDNF-64/tables/part1/BDNF-64.part1.AOC.MEME_Results.csv, results/BDNF-64/tables/part2/BDNF-64.part2.AOC.MEME_Results.csv
    wildcards: sample=BDNF-64
    resources: tmpdir=/var/folders/3l/76gtv9qd0v3_8hn3cb7hfbs40000gn/T

[Wed Mar 11 15:17:06 2026]
Finished job 60.
9 of 23 steps (39%) done
[Wed Mar 11 15:17:06 2026]
Finished job 59.
10 of 23 steps (43%) done
Select jobs to execute...

[Wed Mar 11 15:17:06 2026]
rule MergeFELCSVs:
    input: results/BDNF-64/selection/ALL_PARTITIONS.done, results/BDNF-64/tables/part1/BDNF-64.part1.AOC.FEL_Results.csv, results/BDNF-64/tables/part2/BDNF-64.part2.AOC.FEL_Results.csv, results/BDNF-64/tables/part3/BDNF-64.part3.AOC.FEL_Results.csv, results/BDNF-64/tables/part4/BDNF-64.part4.AOC.FEL_Results.csv
    output: results/BDNF-64/tables/BDNF-64.AOC.merged_FEL_Results.csv
    log: results/logs/MergeFELCSVs.BDNF-64.log
    jobid: 10
    reason: Input files updated by another job: results/BDNF-64/tables/part2/BDNF-64.part2.AOC.FEL_Results.csv, results/BDNF-64/tables/part1/BDNF-64.part1.AOC.FEL_Results.csv
    wildcards: sample=BDNF-64
    resources: tmpdir=/var/folders/3l/76gtv9qd0v3_8hn3cb7hfbs40000gn/T

[Wed Mar 11 15:17:08 2026]
Finished job 14.
11 of 23 steps (48%) done
[Wed Mar 11 15:17:08 2026]
Finished job 70.
12 of 23 steps (52%) done
[Wed Mar 11 15:17:08 2026]
Finished job 82.
13 of 23 steps (57%) done
Select jobs to execute...

[Wed Mar 11 15:17:08 2026]
rule MergeABSRELCSVs:
    input: results/BDNF-64/selection/ALL_PARTITIONS.done, results/BDNF-64/tables/part1/BDNF-64.part1.AOC.ABSREL_Results.csv, results/BDNF-64/tables/part2/BDNF-64.part2.AOC.ABSREL_Results.csv, results/BDNF-64/tables/part3/BDNF-64.part3.AOC.ABSREL_Results.csv, results/BDNF-64/tables/part4/BDNF-64.part4.AOC.ABSREL_Results.csv
    output: results/BDNF-64/tables/BDNF-64.AOC.merged_ABSREL_Results.csv
    log: results/logs/MergeABSRELCSVs.BDNF-64.log
    jobid: 12
    reason: Input files updated by another job: results/BDNF-64/tables/part4/BDNF-64.part4.AOC.ABSREL_Results.csv, results/BDNF-64/tables/part1/BDNF-64.part1.AOC.ABSREL_Results.csv
    wildcards: sample=BDNF-64
    resources: tmpdir=/var/folders/3l/76gtv9qd0v3_8hn3cb7hfbs40000gn/T

[Wed Mar 11 15:17:08 2026]
rule MergeCFELCSVs:
    input: results/BDNF-64/selection/ALL_PARTITIONS.done, results/BDNF-64/tables/part1/BDNF-64.part1.AOC.CFEL_Results.csv, results/BDNF-64/tables/part2/BDNF-64.part2.AOC.CFEL_Results.csv, results/BDNF-64/tables/part3/BDNF-64.part3.AOC.CFEL_Results.csv, results/BDNF-64/tables/part4/BDNF-64.part4.AOC.CFEL_Results.csv
    output: results/BDNF-64/tables/BDNF-64.AOC.merged_CFEL_Results.csv
    log: results/logs/MergeCFELCSVs.BDNF-64.log
    jobid: 15
    reason: Input files updated by another job: results/BDNF-64/tables/part4/BDNF-64.part4.AOC.CFEL_Results.csv
    wildcards: sample=BDNF-64
    resources: tmpdir=/var/folders/3l/76gtv9qd0v3_8hn3cb7hfbs40000gn/T

[Wed Mar 11 15:17:08 2026]
Finished job 74.
14 of 23 steps (61%) done
Select jobs to execute...

[Wed Mar 11 15:17:08 2026]
rule MergeBUSTEDS_MH_CSVs:
    input: results/BDNF-64/selection/ALL_PARTITIONS.done, results/BDNF-64/tables/part1/BDNF-64.part1.AOC.BUSTEDS-MH_Results.csv, results/BDNF-64/tables/part2/BDNF-64.part2.AOC.BUSTEDS-MH_Results.csv, results/BDNF-64/tables/part3/BDNF-64.part3.AOC.BUSTEDS-MH_Results.csv, results/BDNF-64/tables/part4/BDNF-64.part4.AOC.BUSTEDS-MH_Results.csv
    output: results/BDNF-64/tables/BDNF-64.AOC.merged_BUSTEDS-MH_Results.csv
    log: results/logs/MergeBUSTEDS_MH_CSVs.BDNF-64.log
    jobid: 13
    reason: Input files updated by another job: results/BDNF-64/tables/part2/BDNF-64.part2.AOC.BUSTEDS-MH_Results.csv, results/BDNF-64/tables/part4/BDNF-64.part4.AOC.BUSTEDS-MH_Results.csv
    wildcards: sample=BDNF-64
    resources: tmpdir=/var/folders/3l/76gtv9qd0v3_8hn3cb7hfbs40000gn/T

[Wed Mar 11 15:17:09 2026]
Finished job 11.
15 of 23 steps (65%) done
Select jobs to execute...

[Wed Mar 11 15:17:09 2026]
rule PlotMEMEMerge:
    input: results/BDNF-64/tables/BDNF-64.AOC.merged_MEME_Results.csv
    output: results/BDNF-64/visualizations/BDNF-64.MEME.merged.png, results/BDNF-64/visualizations/BDNF-64.MEME.merged.svg
    log: results/logs/PlotMEMEMerge.BDNF-64.log
    jobid: 18
    reason: Missing output files: results/BDNF-64/visualizations/BDNF-64.MEME.merged.png; Input files updated by another job: results/BDNF-64/tables/BDNF-64.AOC.merged_MEME_Results.csv
    wildcards: sample=BDNF-64
    resources: tmpdir=/var/folders/3l/76gtv9qd0v3_8hn3cb7hfbs40000gn/T

[Wed Mar 11 15:17:09 2026]
Finished job 10.
16 of 23 steps (70%) done
Select jobs to execute...

[Wed Mar 11 15:17:09 2026]
rule SelectionOverviewTable:
    input: results/BDNF-64/tables/BDNF-64.AOC.merged_FEL_Results.csv, results/BDNF-64/tables/BDNF-64.AOC.merged_MEME_Results.csv, results/BDNF-64/selection/part1/ABSREL.json, results/BDNF-64/selection/part1/BUSTEDS-MH.json, results/BDNF-64/selection/part1/RELAX.json, results/BDNF-64/selection/part1/CFEL.json, results/BDNF-64/selection/part2/ABSREL.json, results/BDNF-64/selection/part2/BUSTEDS-MH.json, results/BDNF-64/selection/part2/RELAX.json, results/BDNF-64/selection/part2/CFEL.json, results/BDNF-64/selection/part3/ABSREL.json, results/BDNF-64/selection/part3/BUSTEDS-MH.json, results/BDNF-64/selection/part3/RELAX.json, results/BDNF-64/selection/part3/CFEL.json, results/BDNF-64/selection/part4/ABSREL.json, results/BDNF-64/selection/part4/BUSTEDS-MH.json, results/BDNF-64/selection/part4/RELAX.json, results/BDNF-64/selection/part4/CFEL.json
    output: results/BDNF-64/tables/BDNF-64.selection_overview.csv
    log: results/logs/SelectionOverviewTable.BDNF-64.log
    jobid: 16
    reason: Missing output files: results/BDNF-64/tables/BDNF-64.selection_overview.csv; Input files updated by another job: results/BDNF-64/tables/BDNF-64.AOC.merged_MEME_Results.csv, results/BDNF-64/tables/BDNF-64.AOC.merged_FEL_Results.csv
    wildcards: sample=BDNF-64
    resources: tmpdir=/var/folders/3l/76gtv9qd0v3_8hn3cb7hfbs40000gn/T

[Wed Mar 11 15:17:09 2026]
rule PlotFELMerge:
    input: results/BDNF-64/tables/BDNF-64.AOC.merged_FEL_Results.csv
    output: results/BDNF-64/visualizations/BDNF-64.FEL.merged.png, results/BDNF-64/visualizations/BDNF-64.FEL.merged.svg
    log: results/logs/PlotFELMerge.BDNF-64.log
    jobid: 17
    reason: Input files updated by another job: results/BDNF-64/tables/BDNF-64.AOC.merged_FEL_Results.csv
    wildcards: sample=BDNF-64
    resources: tmpdir=/var/folders/3l/76gtv9qd0v3_8hn3cb7hfbs40000gn/T

[Wed Mar 11 15:17:11 2026]
Finished job 13.
17 of 23 steps (74%) done
[Wed Mar 11 15:17:11 2026]
Finished job 12.
18 of 23 steps (78%) done
[Wed Mar 11 15:17:11 2026]
Finished job 15.
19 of 23 steps (83%) done
[Wed Mar 11 15:17:13 2026]
Finished job 16.
20 of 23 steps (87%) done
[Wed Mar 11 15:17:14 2026]
Finished job 17.
21 of 23 steps (91%) done
[Wed Mar 11 15:17:14 2026]
Finished job 18.
22 of 23 steps (96%) done
Select jobs to execute...

[Wed Mar 11 15:17:14 2026]
localrule all:
    input: results/BDNF-64/BDNF-64.RD.SA.codons.cln.fa, results/BDNF-64/BDNF-64.RD.SA.codons.cln.fa.cluster.fasta.best-gard, results/BDNF-64/selection/ALL_PARTITIONS.done, results/BDNF-64/BDNF-64.test_sequences.txt, results/BDNF-64/BDNF-64.sequence_header_map.csv, results/BDNF-64/tables/BDNF-64.AOC.merged_FEL_Results.csv, results/BDNF-64/tables/BDNF-64.AOC.merged_MEME_Results.csv, results/BDNF-64/tables/BDNF-64.AOC.merged_ABSREL_Results.csv, results/BDNF-64/tables/BDNF-64.AOC.merged_BUSTEDS-MH_Results.csv, results/BDNF-64/tables/BDNF-64.AOC.merged_RELAX_Results.csv, results/BDNF-64/tables/BDNF-64.AOC.merged_CFEL_Results.csv, results/BDNF-64/tables/BDNF-64.selection_overview.csv, results/BDNF-64/visualizations/BDNF-64.FEL.merged.png, results/BDNF-64/visualizations/BDNF-64.MEME.merged.png
    jobid: 0
    reason: Input files updated by another job: results/BDNF-64/tables/BDNF-64.AOC.merged_RELAX_Results.csv, results/BDNF-64/tables/BDNF-64.AOC.merged_CFEL_Results.csv, results/BDNF-64/tables/BDNF-64.selection_overview.csv, results/BDNF-64/tables/BDNF-64.AOC.merged_MEME_Results.csv, results/BDNF-64/tables/BDNF-64.AOC.merged_ABSREL_Results.csv, results/BDNF-64/visualizations/BDNF-64.FEL.merged.png, results/BDNF-64/tables/BDNF-64.AOC.merged_BUSTEDS-MH_Results.csv, results/BDNF-64/visualizations/BDNF-64.MEME.merged.png, results/BDNF-64/tables/BDNF-64.AOC.merged_FEL_Results.csv
    resources: tmpdir=/var/folders/3l/76gtv9qd0v3_8hn3cb7hfbs40000gn/T

[Wed Mar 11 15:17:14 2026]
Finished job 0.
23 of 23 steps (100%) done
Complete log: .snakemake/log/2026-03-11T151655.958172.snakemake.log
