Config file config/config.yaml is extended by additional config specified via the command line.
Building DAG of jobs...
Using shell: /bin/bash
Provided cores: 10
Rules claiming more threads will be scaled down.
Job stats:
job                          count
-------------------------  -------
MergeBUSTEDS_MH_CSVs             1
TableBUSTEDS_MH_partition        4
all                              1
total                            6

Select jobs to execute...

[Fri Mar  6 11:50:50 2026]
rule TableBUSTEDS_MH_partition:
    input: results/BDNF-64/selection/part4/BUSTEDS-MH.json
    output: results/BDNF-64/tables/part4/BDNF-64.part4.AOC.BUSTEDS-MH_Results.csv
    log: results/logs/TableBUSTEDS_MH_partition.BDNF-64.part4.log
    jobid: 74
    reason: Missing output files: results/BDNF-64/tables/part4/BDNF-64.part4.AOC.BUSTEDS-MH_Results.csv
    wildcards: sample=BDNF-64, part=4
    resources: tmpdir=/var/folders/3l/76gtv9qd0v3_8hn3cb7hfbs40000gn/T

[Fri Mar  6 11:50:51 2026]
rule TableBUSTEDS_MH_partition:
    input: results/BDNF-64/selection/part1/BUSTEDS-MH.json
    output: results/BDNF-64/tables/part1/BDNF-64.part1.AOC.BUSTEDS-MH_Results.csv
    log: results/logs/TableBUSTEDS_MH_partition.BDNF-64.part1.log
    jobid: 71
    reason: Missing output files: results/BDNF-64/tables/part1/BDNF-64.part1.AOC.BUSTEDS-MH_Results.csv
    wildcards: sample=BDNF-64, part=1
    resources: tmpdir=/var/folders/3l/76gtv9qd0v3_8hn3cb7hfbs40000gn/T

[Fri Mar  6 11:50:51 2026]
rule TableBUSTEDS_MH_partition:
    input: results/BDNF-64/selection/part2/BUSTEDS-MH.json
    output: results/BDNF-64/tables/part2/BDNF-64.part2.AOC.BUSTEDS-MH_Results.csv
    log: results/logs/TableBUSTEDS_MH_partition.BDNF-64.part2.log
    jobid: 72
    reason: Missing output files: results/BDNF-64/tables/part2/BDNF-64.part2.AOC.BUSTEDS-MH_Results.csv
    wildcards: sample=BDNF-64, part=2
    resources: tmpdir=/var/folders/3l/76gtv9qd0v3_8hn3cb7hfbs40000gn/T

[Fri Mar  6 11:50:51 2026]
rule TableBUSTEDS_MH_partition:
    input: results/BDNF-64/selection/part3/BUSTEDS-MH.json
    output: results/BDNF-64/tables/part3/BDNF-64.part3.AOC.BUSTEDS-MH_Results.csv
    log: results/logs/TableBUSTEDS_MH_partition.BDNF-64.part3.log
    jobid: 73
    reason: Missing output files: results/BDNF-64/tables/part3/BDNF-64.part3.AOC.BUSTEDS-MH_Results.csv
    wildcards: sample=BDNF-64, part=3
    resources: tmpdir=/var/folders/3l/76gtv9qd0v3_8hn3cb7hfbs40000gn/T

[Fri Mar  6 11:50:53 2026]
Finished job 72.
1 of 6 steps (17%) done
[Fri Mar  6 11:50:53 2026]
Finished job 73.
2 of 6 steps (33%) done
[Fri Mar  6 11:50:53 2026]
Finished job 74.
3 of 6 steps (50%) done
[Fri Mar  6 11:50:53 2026]
Finished job 71.
4 of 6 steps (67%) done
Select jobs to execute...

[Fri Mar  6 11:50:53 2026]
rule MergeBUSTEDS_MH_CSVs:
    input: results/BDNF-64/selection/ALL_PARTITIONS.done, results/BDNF-64/tables/part1/BDNF-64.part1.AOC.BUSTEDS-MH_Results.csv, results/BDNF-64/tables/part2/BDNF-64.part2.AOC.BUSTEDS-MH_Results.csv, results/BDNF-64/tables/part3/BDNF-64.part3.AOC.BUSTEDS-MH_Results.csv, results/BDNF-64/tables/part4/BDNF-64.part4.AOC.BUSTEDS-MH_Results.csv
    output: results/BDNF-64/tables/BDNF-64.AOC.merged_BUSTEDS-MH_Results.csv
    log: results/logs/MergeBUSTEDS_MH_CSVs.BDNF-64.log
    jobid: 13
    reason: Missing output files: results/BDNF-64/tables/BDNF-64.AOC.merged_BUSTEDS-MH_Results.csv; Input files updated by another job: results/BDNF-64/tables/part1/BDNF-64.part1.AOC.BUSTEDS-MH_Results.csv, results/BDNF-64/tables/part4/BDNF-64.part4.AOC.BUSTEDS-MH_Results.csv, results/BDNF-64/tables/part2/BDNF-64.part2.AOC.BUSTEDS-MH_Results.csv, results/BDNF-64/tables/part3/BDNF-64.part3.AOC.BUSTEDS-MH_Results.csv
    wildcards: sample=BDNF-64
    resources: tmpdir=/var/folders/3l/76gtv9qd0v3_8hn3cb7hfbs40000gn/T

[Fri Mar  6 11:50:56 2026]
Finished job 13.
5 of 6 steps (83%) done
Select jobs to execute...

[Fri Mar  6 11:50:56 2026]
localrule all:
    input: results/BDNF-64/BDNF-64.RD.SA.codons.cln.fa, results/BDNF-64/BDNF-64.RD.SA.codons.cln.fa.cluster.fasta.best-gard, results/BDNF-64/selection/ALL_PARTITIONS.done, results/BDNF-64/BDNF-64.test_sequences.txt, results/BDNF-64/BDNF-64.sequence_header_map.csv, results/BDNF-64/tables/BDNF-64.AOC.merged_FEL_Results.csv, results/BDNF-64/tables/BDNF-64.AOC.merged_MEME_Results.csv, results/BDNF-64/tables/BDNF-64.AOC.merged_ABSREL_Results.csv, results/BDNF-64/tables/BDNF-64.AOC.merged_BUSTEDS-MH_Results.csv, results/BDNF-64/tables/BDNF-64.AOC.merged_RELAX_Results.csv, results/BDNF-64/tables/BDNF-64.AOC.merged_CFEL_Results.csv, results/BDNF-64/tables/BDNF-64.selection_overview.csv, results/BDNF-64/visualizations/BDNF-64.FEL.merged.png, results/BDNF-64/visualizations/BDNF-64.MEME.merged.png
    jobid: 0
    reason: Input files updated by another job: results/BDNF-64/tables/BDNF-64.AOC.merged_BUSTEDS-MH_Results.csv
    resources: tmpdir=/var/folders/3l/76gtv9qd0v3_8hn3cb7hfbs40000gn/T

[Fri Mar  6 11:50:56 2026]
Finished job 0.
6 of 6 steps (100%) done
Complete log: .snakemake/log/2026-03-06T115048.489198.snakemake.log
