Config file config/config.yaml is extended by additional config specified via the command line.
Building DAG of jobs...
Using shell: /bin/bash
Provided cores: 10
Rules claiming more threads will be scaled down.
Job stats:
job                       count
----------------------  -------
MergeMEMECSVs                 1
PlotMEMEMerge                 1
PlotMEME_partition            4
SelectionOverviewTable        1
all                           1
executive_summary             1
total                         9

Select jobs to execute...

[Fri Mar  6 11:23:24 2026]
rule PlotMEME_partition:
    input: results/BDNF-64/selection/part3/MEME.json
    output: results/BDNF-64/tables/part3/BDNF-64.part3.AOC.MEME_Results.csv, results/BDNF-64/visualizations/part3/BDNF-64.part3.MEME.png, results/BDNF-64/visualizations/part3/BDNF-64.part3.MEME.svg, results/BDNF-64/visualizations/part3/BDNF-64.part3.MEME.figure_legend.txt
    log: results/logs/PlotMEME_partition.BDNF-64.part3.log
    jobid: 58
    reason: Missing output files: results/BDNF-64/tables/part3/BDNF-64.part3.AOC.MEME_Results.csv
    wildcards: sample=BDNF-64, part=3
    resources: tmpdir=/var/folders/3l/76gtv9qd0v3_8hn3cb7hfbs40000gn/T

[Fri Mar  6 11:23:24 2026]
rule PlotMEME_partition:
    input: results/BDNF-64/selection/part4/MEME.json
    output: results/BDNF-64/tables/part4/BDNF-64.part4.AOC.MEME_Results.csv, results/BDNF-64/visualizations/part4/BDNF-64.part4.MEME.png, results/BDNF-64/visualizations/part4/BDNF-64.part4.MEME.svg, results/BDNF-64/visualizations/part4/BDNF-64.part4.MEME.figure_legend.txt
    log: results/logs/PlotMEME_partition.BDNF-64.part4.log
    jobid: 59
    reason: Missing output files: results/BDNF-64/tables/part4/BDNF-64.part4.AOC.MEME_Results.csv
    wildcards: sample=BDNF-64, part=4
    resources: tmpdir=/var/folders/3l/76gtv9qd0v3_8hn3cb7hfbs40000gn/T

[Fri Mar  6 11:23:24 2026]
rule PlotMEME_partition:
    input: results/BDNF-64/selection/part1/MEME.json
    output: results/BDNF-64/tables/part1/BDNF-64.part1.AOC.MEME_Results.csv, results/BDNF-64/visualizations/part1/BDNF-64.part1.MEME.png, results/BDNF-64/visualizations/part1/BDNF-64.part1.MEME.svg, results/BDNF-64/visualizations/part1/BDNF-64.part1.MEME.figure_legend.txt
    log: results/logs/PlotMEME_partition.BDNF-64.part1.log
    jobid: 56
    reason: Missing output files: results/BDNF-64/tables/part1/BDNF-64.part1.AOC.MEME_Results.csv
    wildcards: sample=BDNF-64, part=1
    resources: tmpdir=/var/folders/3l/76gtv9qd0v3_8hn3cb7hfbs40000gn/T

[Fri Mar  6 11:23:24 2026]
rule PlotMEME_partition:
    input: results/BDNF-64/selection/part2/MEME.json
    output: results/BDNF-64/tables/part2/BDNF-64.part2.AOC.MEME_Results.csv, results/BDNF-64/visualizations/part2/BDNF-64.part2.MEME.png, results/BDNF-64/visualizations/part2/BDNF-64.part2.MEME.svg, results/BDNF-64/visualizations/part2/BDNF-64.part2.MEME.figure_legend.txt
    log: results/logs/PlotMEME_partition.BDNF-64.part2.log
    jobid: 57
    reason: Missing output files: results/BDNF-64/tables/part2/BDNF-64.part2.AOC.MEME_Results.csv
    wildcards: sample=BDNF-64, part=2
    resources: tmpdir=/var/folders/3l/76gtv9qd0v3_8hn3cb7hfbs40000gn/T

[Fri Mar  6 11:23:29 2026]
Finished job 58.
1 of 9 steps (11%) done
[Fri Mar  6 11:23:29 2026]
Finished job 57.
2 of 9 steps (22%) done
[Fri Mar  6 11:23:29 2026]
Finished job 56.
3 of 9 steps (33%) done
[Fri Mar  6 11:23:29 2026]
Finished job 59.
4 of 9 steps (44%) done
Select jobs to execute...

[Fri Mar  6 11:23:29 2026]
rule MergeMEMECSVs:
    input: results/BDNF-64/selection/ALL_PARTITIONS.done, results/BDNF-64/tables/part1/BDNF-64.part1.AOC.MEME_Results.csv, results/BDNF-64/tables/part2/BDNF-64.part2.AOC.MEME_Results.csv, results/BDNF-64/tables/part3/BDNF-64.part3.AOC.MEME_Results.csv, results/BDNF-64/tables/part4/BDNF-64.part4.AOC.MEME_Results.csv
    output: results/BDNF-64/tables/BDNF-64.AOC.merged_MEME_Results.csv
    log: results/logs/MergeMEMECSVs.BDNF-64.log
    jobid: 11
    reason: Input files updated by another job: results/BDNF-64/tables/part4/BDNF-64.part4.AOC.MEME_Results.csv, results/BDNF-64/tables/part3/BDNF-64.part3.AOC.MEME_Results.csv, results/BDNF-64/tables/part1/BDNF-64.part1.AOC.MEME_Results.csv, results/BDNF-64/tables/part2/BDNF-64.part2.AOC.MEME_Results.csv; Set of input files has changed since last execution; Code has changed since last execution
    wildcards: sample=BDNF-64
    resources: tmpdir=/var/folders/3l/76gtv9qd0v3_8hn3cb7hfbs40000gn/T

[Fri Mar  6 11:23:32 2026]
Finished job 11.
5 of 9 steps (56%) done
Select jobs to execute...

[Fri Mar  6 11:23:32 2026]
rule SelectionOverviewTable:
    input: results/BDNF-64/tables/BDNF-64.AOC.merged_FEL_Results.csv, results/BDNF-64/tables/BDNF-64.AOC.merged_MEME_Results.csv, results/BDNF-64/selection/part1/ABSREL.json, results/BDNF-64/selection/part1/BUSTEDS-MH.json, results/BDNF-64/selection/part1/RELAX.json, results/BDNF-64/selection/part1/CFEL.json, results/BDNF-64/selection/part2/ABSREL.json, results/BDNF-64/selection/part2/BUSTEDS-MH.json, results/BDNF-64/selection/part2/RELAX.json, results/BDNF-64/selection/part2/CFEL.json, results/BDNF-64/selection/part3/ABSREL.json, results/BDNF-64/selection/part3/BUSTEDS-MH.json, results/BDNF-64/selection/part3/RELAX.json, results/BDNF-64/selection/part3/CFEL.json, results/BDNF-64/selection/part4/ABSREL.json, results/BDNF-64/selection/part4/BUSTEDS-MH.json, results/BDNF-64/selection/part4/RELAX.json, results/BDNF-64/selection/part4/CFEL.json
    output: results/BDNF-64/tables/BDNF-64.selection_overview.csv
    log: results/logs/SelectionOverviewTable.BDNF-64.log
    jobid: 12
    reason: Missing output files: results/BDNF-64/tables/BDNF-64.selection_overview.csv; Input files updated by another job: results/BDNF-64/tables/BDNF-64.AOC.merged_MEME_Results.csv
    wildcards: sample=BDNF-64
    resources: tmpdir=/var/folders/3l/76gtv9qd0v3_8hn3cb7hfbs40000gn/T

[Fri Mar  6 11:23:32 2026]
rule PlotMEMEMerge:
    input: results/BDNF-64/tables/BDNF-64.AOC.merged_MEME_Results.csv
    output: results/BDNF-64/visualizations/BDNF-64.MEME.merged.png, results/BDNF-64/visualizations/BDNF-64.MEME.merged.svg
    log: results/logs/PlotMEMEMerge.BDNF-64.log
    jobid: 14
    reason: Missing output files: results/BDNF-64/visualizations/BDNF-64.MEME.merged.png; Input files updated by another job: results/BDNF-64/tables/BDNF-64.AOC.merged_MEME_Results.csv
    wildcards: sample=BDNF-64
    resources: tmpdir=/var/folders/3l/76gtv9qd0v3_8hn3cb7hfbs40000gn/T

[Fri Mar  6 11:23:36 2026]
Finished job 14.
6 of 9 steps (67%) done
Exiting because a job execution failed. Look above for error message
Complete log: .snakemake/log/2026-03-06T112321.514166.snakemake.log
