Config file config/config.yaml is extended by additional config specified via the command line.
Building DAG of jobs...
Using shell: /bin/bash
Provided cores: 10
Rules claiming more threads will be scaled down.
Job stats:
job                               count
------------------------------  -------
all                                   1
build_header_map_and_test_list        1
cln                                   2
macse                                 2
parse_gard_alternative                2
recombination                         2
remove_duplicates_msa                 2
strike_ambigs_msa                     2
tn93_cluster                          2
total                                16

Select jobs to execute...

[Sat Feb 28 20:41:25 2026]
rule build_header_map_and_test_list:
    input: /Users/alex/Documents/AOC-develop/data/BDNF/BDNF.small.sequence_labels.csv
    output: results/BDNF-annot/BDNF-annot.sequence_header_map.csv, results/BDNF-annot/BDNF-annot.test_sequences.txt
    jobid: 15
    reason: Missing output files: results/BDNF-annot/BDNF-annot.test_sequences.txt, results/BDNF-annot/BDNF-annot.sequence_header_map.csv
    wildcards: sample=BDNF-annot
    resources: tmpdir=/var/folders/3l/76gtv9qd0v3_8hn3cb7hfbs40000gn/T


        mkdir -p $(dirname results/BDNF-annot/BDNF-annot.sequence_header_map.csv)
        python scripts/make_sequence_header_map_and_test_list_NO_FASTA.py \
          --labels-csv /Users/alex/Documents/AOC-develop/data/BDNF/BDNF.small.sequence_labels.csv \
          --out-map results/BDNF-annot/BDNF-annot.sequence_header_map.csv \
          --out-test results/BDNF-annot/BDNF-annot.test_sequences.txt
        

[Sat Feb 28 20:41:25 2026]
rule macse:
    input: /Users/alex/Documents/AOC-develop/data/BDNF/BDNF.small.fasta
    output: /Users/alex/Documents/AOC-develop/results/BDNF/BDNF.codons.fa, /Users/alex/Documents/AOC-develop/results/BDNF/BDNF.aa.fa
    jobid: 1
    reason: Missing output files: /Users/alex/Documents/AOC-develop/results/BDNF/BDNF.codons.fa, /Users/alex/Documents/AOC-develop/results/BDNF/BDNF.aa.fa
    wildcards: sample=BDNF
    resources: tmpdir=/var/folders/3l/76gtv9qd0v3_8hn3cb7hfbs40000gn/T

macse -prog alignSequences -seq /Users/alex/Documents/AOC-develop/data/BDNF/BDNF.small.fasta -out_NT /Users/alex/Documents/AOC-develop/results/BDNF/BDNF.codons.fa -out_AA /Users/alex/Documents/AOC-develop/results/BDNF/BDNF.aa.fa -max_refine_iter 3 -local_realign_init 0.3 -local_realign_dec 0.2

[Sat Feb 28 20:41:25 2026]
rule macse:
    input: /Users/alex/Documents/AOC-develop/data/BDNF/BDNF.small.fasta
    output: /Users/alex/Documents/AOC-develop/results/BDNF-annot/BDNF-annot.codons.fa, /Users/alex/Documents/AOC-develop/results/BDNF-annot/BDNF-annot.aa.fa
    jobid: 2
    reason: Missing output files: /Users/alex/Documents/AOC-develop/results/BDNF-annot/BDNF-annot.aa.fa, /Users/alex/Documents/AOC-develop/results/BDNF-annot/BDNF-annot.codons.fa
    wildcards: sample=BDNF-annot
    resources: tmpdir=/var/folders/3l/76gtv9qd0v3_8hn3cb7hfbs40000gn/T

macse -prog alignSequences -seq /Users/alex/Documents/AOC-develop/data/BDNF/BDNF.small.fasta -out_NT /Users/alex/Documents/AOC-develop/results/BDNF-annot/BDNF-annot.codons.fa -out_AA /Users/alex/Documents/AOC-develop/results/BDNF-annot/BDNF-annot.aa.fa -max_refine_iter 3 -local_realign_init 0.3 -local_realign_dec 0.2
[Sat Feb 28 20:41:25 2026]
Finished job 15.
1 of 16 steps (6%) done
[Sat Feb 28 20:41:30 2026]
Finished job 1.
2 of 16 steps (12%) done
Select jobs to execute...

[Sat Feb 28 20:41:30 2026]
rule cln:
    input: /Users/alex/Documents/AOC-develop/results/BDNF/BDNF.codons.fa
    output: /Users/alex/Documents/AOC-develop/results/BDNF/BDNF.codons.cln.fa
    jobid: 3
    reason: Missing output files: /Users/alex/Documents/AOC-develop/results/BDNF/BDNF.codons.cln.fa; Input files updated by another job: /Users/alex/Documents/AOC-develop/results/BDNF/BDNF.codons.fa
    wildcards: sample=BDNF
    resources: tmpdir=/var/folders/3l/76gtv9qd0v3_8hn3cb7hfbs40000gn/T

hyphy CLN Universal /Users/alex/Documents/AOC-develop/results/BDNF/BDNF.codons.fa 'No/No' /Users/alex/Documents/AOC-develop/results/BDNF/BDNF.codons.cln.fa
[Sat Feb 28 20:41:30 2026]
Finished job 2.
3 of 16 steps (19%) done
Select jobs to execute...

[Sat Feb 28 20:41:30 2026]
rule cln:
    input: /Users/alex/Documents/AOC-develop/results/BDNF-annot/BDNF-annot.codons.fa
    output: /Users/alex/Documents/AOC-develop/results/BDNF-annot/BDNF-annot.codons.cln.fa
    jobid: 4
    reason: Missing output files: /Users/alex/Documents/AOC-develop/results/BDNF-annot/BDNF-annot.codons.cln.fa; Input files updated by another job: /Users/alex/Documents/AOC-develop/results/BDNF-annot/BDNF-annot.codons.fa
    wildcards: sample=BDNF-annot
    resources: tmpdir=/var/folders/3l/76gtv9qd0v3_8hn3cb7hfbs40000gn/T

hyphy CLN Universal /Users/alex/Documents/AOC-develop/results/BDNF-annot/BDNF-annot.codons.fa 'No/No' /Users/alex/Documents/AOC-develop/results/BDNF-annot/BDNF-annot.codons.cln.fa
[Sat Feb 28 20:41:30 2026]
Finished job 3.
4 of 16 steps (25%) done
Select jobs to execute...

[Sat Feb 28 20:41:30 2026]
rule strike_ambigs_msa:
    input: /Users/alex/Documents/AOC-develop/results/BDNF/BDNF.codons.cln.fa
    output: /Users/alex/Documents/AOC-develop/results/BDNF/BDNF.SA.codons.cln.fa
    jobid: 5
    reason: Missing output files: /Users/alex/Documents/AOC-develop/results/BDNF/BDNF.SA.codons.cln.fa; Input files updated by another job: /Users/alex/Documents/AOC-develop/results/BDNF/BDNF.codons.cln.fa
    wildcards: sample=BDNF
    resources: tmpdir=/var/folders/3l/76gtv9qd0v3_8hn3cb7hfbs40000gn/T

hyphy scripts/strike-ambigs.bf --alignment /Users/alex/Documents/AOC-develop/results/BDNF/BDNF.codons.cln.fa --output /Users/alex/Documents/AOC-develop/results/BDNF/BDNF.SA.codons.cln.fa
[Sat Feb 28 20:41:31 2026]
Finished job 4.
5 of 16 steps (31%) done
Select jobs to execute...

[Sat Feb 28 20:41:31 2026]
rule strike_ambigs_msa:
    input: /Users/alex/Documents/AOC-develop/results/BDNF-annot/BDNF-annot.codons.cln.fa
    output: /Users/alex/Documents/AOC-develop/results/BDNF-annot/BDNF-annot.SA.codons.cln.fa
    jobid: 6
    reason: Missing output files: /Users/alex/Documents/AOC-develop/results/BDNF-annot/BDNF-annot.SA.codons.cln.fa; Input files updated by another job: /Users/alex/Documents/AOC-develop/results/BDNF-annot/BDNF-annot.codons.cln.fa
    wildcards: sample=BDNF-annot
    resources: tmpdir=/var/folders/3l/76gtv9qd0v3_8hn3cb7hfbs40000gn/T

hyphy scripts/strike-ambigs.bf --alignment /Users/alex/Documents/AOC-develop/results/BDNF-annot/BDNF-annot.codons.cln.fa --output /Users/alex/Documents/AOC-develop/results/BDNF-annot/BDNF-annot.SA.codons.cln.fa
[Sat Feb 28 20:41:31 2026]
Finished job 5.
6 of 16 steps (38%) done
Select jobs to execute...

[Sat Feb 28 20:41:31 2026]
rule remove_duplicates_msa:
    input: /Users/alex/Documents/AOC-develop/results/BDNF/BDNF.SA.codons.cln.fa
    output: /Users/alex/Documents/AOC-develop/results/BDNF/BDNF.RD.SA.codons.cln.fa
    jobid: 7
    reason: Missing output files: /Users/alex/Documents/AOC-develop/results/BDNF/BDNF.RD.SA.codons.cln.fa; Input files updated by another job: /Users/alex/Documents/AOC-develop/results/BDNF/BDNF.SA.codons.cln.fa
    wildcards: sample=BDNF
    resources: tmpdir=/var/folders/3l/76gtv9qd0v3_8hn3cb7hfbs40000gn/T

hyphy software/remove-duplicates/remove-duplicates.bf --msa /Users/alex/Documents/AOC-develop/results/BDNF/BDNF.SA.codons.cln.fa --output /Users/alex/Documents/AOC-develop/results/BDNF/BDNF.RD.SA.codons.cln.fa ENV='DATA_FILE_PRINT_FORMAT=9'
[Sat Feb 28 20:41:31 2026]
Finished job 6.
7 of 16 steps (44%) done
Select jobs to execute...

[Sat Feb 28 20:41:31 2026]
rule remove_duplicates_msa:
    input: /Users/alex/Documents/AOC-develop/results/BDNF-annot/BDNF-annot.SA.codons.cln.fa
    output: /Users/alex/Documents/AOC-develop/results/BDNF-annot/BDNF-annot.RD.SA.codons.cln.fa
    jobid: 8
    reason: Missing output files: /Users/alex/Documents/AOC-develop/results/BDNF-annot/BDNF-annot.RD.SA.codons.cln.fa; Input files updated by another job: /Users/alex/Documents/AOC-develop/results/BDNF-annot/BDNF-annot.SA.codons.cln.fa
    wildcards: sample=BDNF-annot
    resources: tmpdir=/var/folders/3l/76gtv9qd0v3_8hn3cb7hfbs40000gn/T

hyphy software/remove-duplicates/remove-duplicates.bf --msa /Users/alex/Documents/AOC-develop/results/BDNF-annot/BDNF-annot.SA.codons.cln.fa --output /Users/alex/Documents/AOC-develop/results/BDNF-annot/BDNF-annot.RD.SA.codons.cln.fa ENV='DATA_FILE_PRINT_FORMAT=9'
[Sat Feb 28 20:41:31 2026]
Finished job 7.
8 of 16 steps (50%) done
Select jobs to execute...

[Sat Feb 28 20:41:31 2026]
rule tn93_cluster:
    input: /Users/alex/Documents/AOC-develop/results/BDNF/BDNF.RD.SA.codons.cln.fa
    output: /Users/alex/Documents/AOC-develop/results/BDNF/BDNF.RD.SA.codons.cln.fa.cluster.json, /Users/alex/Documents/AOC-develop/results/BDNF/BDNF.RD.SA.codons.cln.fa.cluster.fasta
    jobid: 9
    reason: Missing output files: /Users/alex/Documents/AOC-develop/results/BDNF/BDNF.RD.SA.codons.cln.fa.cluster.json, /Users/alex/Documents/AOC-develop/results/BDNF/BDNF.RD.SA.codons.cln.fa.cluster.fasta; Input files updated by another job: /Users/alex/Documents/AOC-develop/results/BDNF/BDNF.RD.SA.codons.cln.fa
    wildcards: sample=BDNF
    resources: tmpdir=/var/folders/3l/76gtv9qd0v3_8hn3cb7hfbs40000gn/T

python3 scripts/tn93_cluster.py --input /Users/alex/Documents/AOC-develop/results/BDNF/BDNF.RD.SA.codons.cln.fa --output_fasta /Users/alex/Documents/AOC-develop/results/BDNF/BDNF.RD.SA.codons.cln.fa.cluster.fasta --output_json /Users/alex/Documents/AOC-develop/results/BDNF/BDNF.RD.SA.codons.cln.fa.cluster.json --threshold 0.01 --max_retain 20
[Sat Feb 28 20:41:31 2026]
Finished job 8.
9 of 16 steps (56%) done
Select jobs to execute...

[Sat Feb 28 20:41:31 2026]
rule tn93_cluster:
    input: /Users/alex/Documents/AOC-develop/results/BDNF-annot/BDNF-annot.RD.SA.codons.cln.fa
    output: /Users/alex/Documents/AOC-develop/results/BDNF-annot/BDNF-annot.RD.SA.codons.cln.fa.cluster.json, /Users/alex/Documents/AOC-develop/results/BDNF-annot/BDNF-annot.RD.SA.codons.cln.fa.cluster.fasta
    jobid: 10
    reason: Missing output files: /Users/alex/Documents/AOC-develop/results/BDNF-annot/BDNF-annot.RD.SA.codons.cln.fa.cluster.json, /Users/alex/Documents/AOC-develop/results/BDNF-annot/BDNF-annot.RD.SA.codons.cln.fa.cluster.fasta; Input files updated by another job: /Users/alex/Documents/AOC-develop/results/BDNF-annot/BDNF-annot.RD.SA.codons.cln.fa
    wildcards: sample=BDNF-annot
    resources: tmpdir=/var/folders/3l/76gtv9qd0v3_8hn3cb7hfbs40000gn/T

python3 scripts/tn93_cluster.py --input /Users/alex/Documents/AOC-develop/results/BDNF-annot/BDNF-annot.RD.SA.codons.cln.fa --output_fasta /Users/alex/Documents/AOC-develop/results/BDNF-annot/BDNF-annot.RD.SA.codons.cln.fa.cluster.fasta --output_json /Users/alex/Documents/AOC-develop/results/BDNF-annot/BDNF-annot.RD.SA.codons.cln.fa.cluster.json --threshold 0.01 --max_retain 20
[Sat Feb 28 20:41:31 2026]
Finished job 9.
10 of 16 steps (62%) done
Select jobs to execute...

[Sat Feb 28 20:41:31 2026]
rule recombination:
    input: /Users/alex/Documents/AOC-develop/results/BDNF/BDNF.RD.SA.codons.cln.fa.cluster.fasta
    output: /Users/alex/Documents/AOC-develop/results/BDNF/BDNF.RD.SA.codons.cln.fa.cluster.fasta.GARD.json, /Users/alex/Documents/AOC-develop/results/BDNF/BDNF.RD.SA.codons.cln.fa.cluster.fasta.best-gard
    jobid: 11
    reason: Missing output files: /Users/alex/Documents/AOC-develop/results/BDNF/BDNF.RD.SA.codons.cln.fa.cluster.fasta.GARD.json, /Users/alex/Documents/AOC-develop/results/BDNF/BDNF.RD.SA.codons.cln.fa.cluster.fasta.best-gard; Input files updated by another job: /Users/alex/Documents/AOC-develop/results/BDNF/BDNF.RD.SA.codons.cln.fa.cluster.fasta
    wildcards: sample=BDNF
    resources: tmpdir=/var/folders/3l/76gtv9qd0v3_8hn3cb7hfbs40000gn/T

hyphy GARD --alignment /Users/alex/Documents/AOC-develop/results/BDNF/BDNF.RD.SA.codons.cln.fa.cluster.fasta --rv GDD --output /Users/alex/Documents/AOC-develop/results/BDNF/BDNF.RD.SA.codons.cln.fa.cluster.fasta.GARD.json --mode Faster ENV=TOLERATE_NUMERICAL_ERRORS=1;
[Sat Feb 28 20:41:31 2026]
Finished job 10.
11 of 16 steps (69%) done
Select jobs to execute...

[Sat Feb 28 20:41:31 2026]
rule recombination:
    input: /Users/alex/Documents/AOC-develop/results/BDNF-annot/BDNF-annot.RD.SA.codons.cln.fa.cluster.fasta
    output: /Users/alex/Documents/AOC-develop/results/BDNF-annot/BDNF-annot.RD.SA.codons.cln.fa.cluster.fasta.GARD.json, /Users/alex/Documents/AOC-develop/results/BDNF-annot/BDNF-annot.RD.SA.codons.cln.fa.cluster.fasta.best-gard
    jobid: 12
    reason: Missing output files: /Users/alex/Documents/AOC-develop/results/BDNF-annot/BDNF-annot.RD.SA.codons.cln.fa.cluster.fasta.GARD.json, /Users/alex/Documents/AOC-develop/results/BDNF-annot/BDNF-annot.RD.SA.codons.cln.fa.cluster.fasta.best-gard; Input files updated by another job: /Users/alex/Documents/AOC-develop/results/BDNF-annot/BDNF-annot.RD.SA.codons.cln.fa.cluster.fasta
    wildcards: sample=BDNF-annot
    resources: tmpdir=/var/folders/3l/76gtv9qd0v3_8hn3cb7hfbs40000gn/T

hyphy GARD --alignment /Users/alex/Documents/AOC-develop/results/BDNF-annot/BDNF-annot.RD.SA.codons.cln.fa.cluster.fasta --rv GDD --output /Users/alex/Documents/AOC-develop/results/BDNF-annot/BDNF-annot.RD.SA.codons.cln.fa.cluster.fasta.GARD.json --mode Faster ENV=TOLERATE_NUMERICAL_ERRORS=1;
[Sat Feb 28 21:10:14 2026]
Finished job 11.
12 of 16 steps (75%) done
Select jobs to execute...

[Sat Feb 28 21:10:14 2026]
rule parse_gard_alternative:
    input: /Users/alex/Documents/AOC-develop/results/BDNF/BDNF.RD.SA.codons.cln.fa.cluster.fasta.best-gard, /Users/alex/Documents/AOC-develop/results/BDNF/BDNF.RD.SA.codons.cln.fa
    output: /Users/alex/Documents/AOC-develop/results/BDNF/BDNF.1.codon.fas, /Users/alex/Documents/AOC-develop/results/BDNF/BDNF.gard.log
    jobid: 13
    reason: Missing output files: /Users/alex/Documents/AOC-develop/results/BDNF/BDNF.gard.log, /Users/alex/Documents/AOC-develop/results/BDNF/BDNF.1.codon.fas; Input files updated by another job: /Users/alex/Documents/AOC-develop/results/BDNF/BDNF.RD.SA.codons.cln.fa, /Users/alex/Documents/AOC-develop/results/BDNF/BDNF.RD.SA.codons.cln.fa.cluster.fasta.best-gard
    wildcards: sample=BDNF
    resources: tmpdir=/var/folders/3l/76gtv9qd0v3_8hn3cb7hfbs40000gn/T

[Sat Feb 28 21:10:17 2026]
Finished job 13.
13 of 16 steps (81%) done
[Sat Feb 28 21:27:23 2026]
Finished job 12.
14 of 16 steps (88%) done
Select jobs to execute...

[Sat Feb 28 21:27:23 2026]
rule parse_gard_alternative:
    input: /Users/alex/Documents/AOC-develop/results/BDNF-annot/BDNF-annot.RD.SA.codons.cln.fa.cluster.fasta.best-gard, /Users/alex/Documents/AOC-develop/results/BDNF-annot/BDNF-annot.RD.SA.codons.cln.fa
    output: /Users/alex/Documents/AOC-develop/results/BDNF-annot/BDNF-annot.1.codon.fas, /Users/alex/Documents/AOC-develop/results/BDNF-annot/BDNF-annot.gard.log
    jobid: 14
    reason: Missing output files: /Users/alex/Documents/AOC-develop/results/BDNF-annot/BDNF-annot.1.codon.fas, /Users/alex/Documents/AOC-develop/results/BDNF-annot/BDNF-annot.gard.log; Input files updated by another job: /Users/alex/Documents/AOC-develop/results/BDNF-annot/BDNF-annot.RD.SA.codons.cln.fa, /Users/alex/Documents/AOC-develop/results/BDNF-annot/BDNF-annot.RD.SA.codons.cln.fa.cluster.fasta.best-gard
    wildcards: sample=BDNF-annot
    resources: tmpdir=/var/folders/3l/76gtv9qd0v3_8hn3cb7hfbs40000gn/T

[Sat Feb 28 21:27:25 2026]
Finished job 14.
15 of 16 steps (94%) done
Select jobs to execute...

[Sat Feb 28 21:27:25 2026]
localrule all:
    input: /Users/alex/Documents/AOC-develop/results/BDNF/BDNF.codons.fa, /Users/alex/Documents/AOC-develop/results/BDNF-annot/BDNF-annot.codons.fa, /Users/alex/Documents/AOC-develop/results/BDNF/BDNF.aa.fa, /Users/alex/Documents/AOC-develop/results/BDNF-annot/BDNF-annot.aa.fa, /Users/alex/Documents/AOC-develop/results/BDNF/BDNF.codons.cln.fa, /Users/alex/Documents/AOC-develop/results/BDNF-annot/BDNF-annot.codons.cln.fa, /Users/alex/Documents/AOC-develop/results/BDNF/BDNF.SA.codons.cln.fa, /Users/alex/Documents/AOC-develop/results/BDNF-annot/BDNF-annot.SA.codons.cln.fa, /Users/alex/Documents/AOC-develop/results/BDNF/BDNF.RD.SA.codons.cln.fa, /Users/alex/Documents/AOC-develop/results/BDNF-annot/BDNF-annot.RD.SA.codons.cln.fa, /Users/alex/Documents/AOC-develop/results/BDNF/BDNF.RD.SA.codons.cln.fa.cluster.json, /Users/alex/Documents/AOC-develop/results/BDNF-annot/BDNF-annot.RD.SA.codons.cln.fa.cluster.json, /Users/alex/Documents/AOC-develop/results/BDNF/BDNF.RD.SA.codons.cln.fa.cluster.fasta, /Users/alex/Documents/AOC-develop/results/BDNF-annot/BDNF-annot.RD.SA.codons.cln.fa.cluster.fasta, /Users/alex/Documents/AOC-develop/results/BDNF/BDNF.RD.SA.codons.cln.fa.cluster.fasta.GARD.json, /Users/alex/Documents/AOC-develop/results/BDNF-annot/BDNF-annot.RD.SA.codons.cln.fa.cluster.fasta.GARD.json, /Users/alex/Documents/AOC-develop/results/BDNF/BDNF.RD.SA.codons.cln.fa.cluster.fasta.best-gard, /Users/alex/Documents/AOC-develop/results/BDNF-annot/BDNF-annot.RD.SA.codons.cln.fa.cluster.fasta.best-gard, /Users/alex/Documents/AOC-develop/results/BDNF/BDNF.1.codon.fas, /Users/alex/Documents/AOC-develop/results/BDNF-annot/BDNF-annot.1.codon.fas, /Users/alex/Documents/AOC-develop/results/BDNF/BDNF.gard.log, /Users/alex/Documents/AOC-develop/results/BDNF-annot/BDNF-annot.gard.log, results/BDNF-annot/BDNF-annot.sequence_header_map.csv, results/BDNF-annot/BDNF-annot.test_sequences.txt
    jobid: 0
    reason: Input files updated by another job: results/BDNF-annot/BDNF-annot.sequence_header_map.csv, /Users/alex/Documents/AOC-develop/results/BDNF-annot/BDNF-annot.RD.SA.codons.cln.fa.cluster.fasta.best-gard, /Users/alex/Documents/AOC-develop/results/BDNF/BDNF.RD.SA.codons.cln.fa.cluster.fasta.GARD.json, /Users/alex/Documents/AOC-develop/results/BDNF/BDNF.RD.SA.codons.cln.fa, /Users/alex/Documents/AOC-develop/results/BDNF-annot/BDNF-annot.RD.SA.codons.cln.fa.cluster.json, /Users/alex/Documents/AOC-develop/results/BDNF-annot/BDNF-annot.codons.cln.fa, /Users/alex/Documents/AOC-develop/results/BDNF-annot/BDNF-annot.codons.fa, results/BDNF-annot/BDNF-annot.test_sequences.txt, /Users/alex/Documents/AOC-develop/results/BDNF/BDNF.aa.fa, /Users/alex/Documents/AOC-develop/results/BDNF/BDNF.RD.SA.codons.cln.fa.cluster.json, /Users/alex/Documents/AOC-develop/results/BDNF/BDNF.1.codon.fas, /Users/alex/Documents/AOC-develop/results/BDNF-annot/BDNF-annot.gard.log, /Users/alex/Documents/AOC-develop/results/BDNF-annot/BDNF-annot.RD.SA.codons.cln.fa, /Users/alex/Documents/AOC-develop/results/BDNF/BDNF.gard.log, /Users/alex/Documents/AOC-develop/results/BDNF/BDNF.RD.SA.codons.cln.fa.cluster.fasta.best-gard, /Users/alex/Documents/AOC-develop/results/BDNF/BDNF.codons.fa, /Users/alex/Documents/AOC-develop/results/BDNF-annot/BDNF-annot.RD.SA.codons.cln.fa.cluster.fasta.GARD.json, /Users/alex/Documents/AOC-develop/results/BDNF-annot/BDNF-annot.aa.fa, /Users/alex/Documents/AOC-develop/results/BDNF/BDNF.RD.SA.codons.cln.fa.cluster.fasta, /Users/alex/Documents/AOC-develop/results/BDNF/BDNF.codons.cln.fa, /Users/alex/Documents/AOC-develop/results/BDNF-annot/BDNF-annot.1.codon.fas, /Users/alex/Documents/AOC-develop/results/BDNF/BDNF.SA.codons.cln.fa, /Users/alex/Documents/AOC-develop/results/BDNF-annot/BDNF-annot.RD.SA.codons.cln.fa.cluster.fasta, /Users/alex/Documents/AOC-develop/results/BDNF-annot/BDNF-annot.SA.codons.cln.fa
    resources: tmpdir=/var/folders/3l/76gtv9qd0v3_8hn3cb7hfbs40000gn/T

[Sat Feb 28 21:27:25 2026]
Finished job 0.
16 of 16 steps (100%) done
Complete log: .snakemake/log/2026-02-28T204123.644520.snakemake.log
