IQ-TREE version 3.0.1 for MacOS ARM 64-bit built Jul  9 2025
Developed by Bui Quang Minh, Thomas Wong, Nhan Ly-Trong, Huaiyan Ren
Contributed by Lam-Tung Nguyen, Dominik Schrempf, Chris Bielow,
Olga Chernomor, Michael Woodhams, Diep Thi Hoang, Heiko Schmidt

Host:    Alexs-MacBook-Pro-2.local (SSE4.2, 16 GB RAM)
Command: iqtree -s results/ADAP1/ADAP1.RD.SA.codons.cln.fa -T AUTO -B 1000 --redo-tree
Seed:    130819 (Using SPRNG - Scalable Parallel Random Number Generator)
Time:    Mon Dec 29 09:15:47 2025
Kernel:  SSE2 - auto-detect threads (10 CPU cores detected)

Reading alignment file results/ADAP1/ADAP1.RD.SA.codons.cln.fa ... Fasta format detected
Reading fasta file: done in 0.0281019 secs using 89.19% CPU
Alignment most likely contains DNA/RNA sequences
Constructing alignment: done in 0.012074 secs using 86.62% CPU
WARNING: 12 sites contain only gaps or ambiguous characters.
Alignment has 463 sequences with 5745 columns, 2046 distinct patterns
1031 parsimony-informative, 1001 singleton sites, 3713 constant sites
                                Gap/Ambiguity  Composition  p-value
Analyzing sequences: done in 0.00183082 secs using 94.77% CPU
   1  XP_019493019_1_XM_01963_936400   83.66%    failed      0.05%
   2  XP_010136317_1_XM_01013_0a0244   84.28%    failed      0.18%
   3  XP_019675876_1_XM_01982_a0d289   81.67%    failed      0.06%
   4  XP_011812315_1_XM_01195_da2644   79.90%    failed      3.20%
   5  XP_020737984_1_XM_02088_28aeaa   80.78%    failed      0.00%
   6  NP_001271237_2_NM_00128_28427a   79.90%    failed      0.98%
   7  XP_012614566_2_XM_01275_945ab4   81.36%    failed      0.74%
   8  XP_053411257_1_XM_05355_506de2   80.47%    passed     12.96%
   9  XP_058013656_1_XM_05815_f590d2   80.10%    failed      0.04%
  10  XP_014390755_1_XM_01453_56b13e   75.67%    failed      0.00%
  11  XP_040311563_1_XM_04045_58f190   80.57%    failed      0.00%
  12  XP_060505665_1_XM_06064_415ed3   83.81%    failed      0.01%
  13  XP_058141664_1_XM_05828_5cc19a   80.21%    failed      0.00%
  14  XP_030434599_1_XM_03057_115ba5   80.42%    failed      0.00%
  15  XP_072692766_1_XM_07283_b561fc   79.84%    failed      0.00%
  16  XP_059934497_1_XM_06007_ef191f   78.28%    failed      0.00%
  17  XP_059754313_1_XM_05989_f58d2f   80.47%    failed      0.00%
  18  XP_043771440_1_XM_04391_f45f5a   80.47%    failed      0.00%
  19  XP_024619315_1_XM_02476_27b9a4   81.36%    failed      0.00%
  20  XP_061258398_1_XM_06140_548f8a   84.28%    failed      0.00%
  21  XP_025130879_2_XM_02527_b99c58   82.04%    failed      0.00%
  22  XP_004688400_1_XM_00468_fab3f6   84.23%    passed     10.54%
  23  XP_040086726_1_XM_04023_833d44   84.23%    failed      0.00%
  24  XP_029075621_1_XM_02921_88cd2e   75.46%    failed      0.00%
  25  XP_060539985_1_XM_06068_908adc   83.66%    failed      0.01%
  26  XP_009947137_1_XM_00994_a65091   84.23%    failed      0.02%
  27  XP_064449518_1_XM_06459_aca8e4   84.23%    failed      0.95%
  28  XP_040490573_1_XM_04063_449f2a   79.27%    failed      0.01%
  29  XP_055195757_1_XM_05533_b8bd5d   80.47%    failed      0.01%
  30  XP_059009817_1_XM_05915_ce14c9   80.47%    failed      0.01%
  31  XP_054430040_1_XM_05457_e2a57f   80.42%    failed      0.00%
  32  XP_028384004_1_XM_02852_08db50   80.47%    failed      0.00%
  33  XP_033050324_1_XM_03319_92c572   80.47%    failed      0.00%
  34  XP_023510839_1_XM_02365_477cb8   80.47%    failed      0.00%
  35  XP_036993758_2_XM_03713_83d290   80.47%    failed      0.00%
  36  XP_066129670_1_XM_06627_66ae6a   80.47%    failed      0.00%
  37  XP_070270340_1_XM_07041_03f645   84.23%    failed      0.00%
  38  XP_019397701_1_XM_01954_259d1b   81.04%    failed      0.00%
  39  XP_011832971_1_XM_01197_5b04c0   76.87%    failed      0.00%
  40  XP_033696867_1_XM_03384_f89262   80.26%    failed      0.00%
  41  XP_032053197_1_XM_03219_70e223   80.42%    failed      0.05%
  42  XP_061329263_1_XM_06147_cf5500   80.42%    failed      0.19%
  43  XP_062041590_1_XM_06218_d11611   74.88%    failed      0.00%
  44  XP_025939132_1_XM_02608_6aec63   83.45%    failed      0.04%
  45  XP_009696747_1_XM_00969_473ac4   93.21%    passed     38.44%
  46  XP_039587847_1_XM_03973_709927   80.42%    passed     20.52%
  47  XP_072205814_1_XM_07234_4678bd   80.42%    failed      2.77%
  48  XP_041893090_1_XM_04203_865ce4   80.42%    failed      4.60%
  49  XP_048817445_1_XM_04896_fb45cd   80.42%    failed      0.65%
  50  XP_031982110_1_XM_03212_232742   80.42%    failed      3.75%
  51  XP_051637964_1_XM_05178_84c5ae   80.42%    failed      1.26%
  52  XP_030338426_1_XM_03048_d87091   80.42%    failed      0.07%
  53  XP_052628889_1_XM_05277_dbc62f   80.42%    failed      0.19%
  54  XP_027539392_1_XM_02768_0e493e   80.42%    failed      0.99%
  55  XP_032559846_1_XM_03270_f6c965   80.42%    failed      1.54%
  56  XP_017668941_1_XM_01781_0e4a49   80.42%    failed      1.17%
  57  XP_072734044_1_XM_07287_212d3a   78.43%    failed      0.38%
  58  XP_063270577_1_XM_06341_8df52a   80.42%    passed     10.01%
  59  XP_071427462_1_XM_07157_b32d63   80.42%    failed      0.16%
  60  XP_075293022_1_XM_07543_70a263   80.42%    failed      0.17%
  61  XP_014466176_1_XM_01461_9a0dc6   80.42%    failed      0.00%
  62  XP_060116513_1_XM_06026_27c50c   80.42%    failed      0.08%
  63  XP_039216462_1_XM_03936_711786   77.13%    passed      7.73%
  64  XP_061456454_1_XM_06160_2d3e8c   79.53%    failed      0.00%
  65  XP_020664389_2_XM_02080_a469fd   79.27%    passed     14.51%
  66  XP_038618606_1_XM_03876_ffc701   80.42%    passed     10.64%
  67  XP_028913568_1_XM_02905_45e6a3   80.42%    passed      9.52%
  68  XP_032115772_1_XM_03225_1a870d   79.48%    failed      0.08%
  69  XP_069920368_1_XM_07006_ee238a   80.42%    failed      0.00%
  70  XP_044516027_1_XM_04466_534866   80.47%    failed      0.69%
  71  XP_056660296_1_XM_05680_edeae8   80.47%    failed      2.25%
  72  XP_039082052_1_XM_03922_36c64d   80.47%    failed      0.01%
  73  XP_046522226_1_XM_04666_d87870   77.18%    failed      0.00%
  74  NP_999391_1_NM_214226_1_3e728d   80.47%    failed      0.00%
  75  XP_067561369_1_XM_06770_e3e642   80.47%    failed      0.00%
  76  XP_058894514_1_XM_05903_02c238   80.47%    failed      0.00%
  77  XP_061064343_1_XM_06120_ded7ef   80.47%    failed      0.00%
  78  XP_057384401_1_XM_05752_17074e   80.47%    failed      0.00%
  79  XP_007467132_1_XM_00746_9a5015   80.47%    failed      0.00%
  80  XP_028355683_1_XM_02849_fd6fb3   75.77%    failed      0.00%
  81  XP_054573033_1_XM_05471_82d3cf   80.52%    failed      0.00%
  82  XP_055266467_1_XM_05541_ffa06d   72.11%    failed      0.00%
  83  XP_023378145_1_XM_02352_1d120a   62.56%    failed      0.00%
  84  XP_058425428_1_XM_05856_644167   82.66%    failed      0.01%
  85  XP_068100688_1_XM_06824_779ba0   80.31%    failed      0.01%
  86  XP_057604317_1_XM_05774_360ca6   78.90%    failed      0.00%
  87  XP_025779022_1_XM_02592_c23dfb   83.34%    failed      0.00%
  88  XP_051017094_1_XM_05116_5aebe1   80.47%    passed      6.41%
  89  XP_052024088_1_XM_05216_5622ce   74.62%    failed      0.50%
  90  XP_047635334_1_XM_04777_92b87e   75.40%    failed      0.00%
  91  XP_036680864_1_XM_03682_6cbb45   80.47%    failed      0.00%
  92  XP_068380534_1_XM_06852_0dd51c   80.47%    failed      0.00%
  93  XP_036028580_1_XM_03617_f778bb   80.47%    failed      3.05%
  94  XP_074201580_1_XM_07434_0ca5f5   80.47%    failed      0.00%
  95  XP_059717703_1_XM_05986_29abf8   79.90%    passed     27.39%
  96  XP_058671927_1_XM_05881_94e450   80.42%    passed     15.69%
  97  XP_019842931_2_XM_01998_4bfb31   84.28%    failed      0.00%
  98  XP_021395387_1_XM_02153_5082b3   84.23%    failed      0.01%
  99  XP_005054543_1_XM_00505_816e41   79.58%    failed      2.90%
 100  XP_043310793_1_XM_04345_201161   80.47%    failed      0.00%
 101  XP_059888576_1_XM_06003_6a98f0   80.47%    failed      0.00%
 102  XP_027817058_1_XM_02796_5ee938   80.47%    failed      0.00%
 103  XP_055418344_1_XM_05556_f1b2fe   80.16%    failed      0.00%
 104  XP_022419183_1_XM_02256_dfe738   84.28%    failed      0.00%
 105  XP_065748097_1_XM_06589_91aa2e   80.47%    failed      0.00%
 106  XP_019368456_1_XM_01951_ccb1d9   86.37%    failed      0.00%
 107  XP_007440189_1_XM_00744_81c502   83.66%    failed      0.00%
 108  XP_044289189_1_XM_04443_05a007   80.31%    passed      6.06%
 109  XP_005339898_2_XM_00533_ebf7c5   84.23%    failed      3.75%
 110  XP_053782776_1_XM_05392_264bf4   85.33%    failed      0.00%
 111  XP_059555446_1_XM_05969_f3f9fd   80.52%    failed      0.00%
 112  XP_010212995_1_XM_01021_9a1bcd   84.23%    failed      0.53%
 113  XP_005289208_2_XM_00528_385d76   80.42%    failed      0.00%
 114  XP_009466046_1_XM_00946_acf972   84.23%    failed      0.00%
 115  XP_050822311_1_XM_05096_543b1e   80.42%    failed      0.00%
 116  XP_009284655_1_XM_00928_4d14a0   84.23%    failed      0.00%
 117  XP_016068447_1_XM_01621_6f63bd   84.23%    failed      0.02%
 118  XP_036171356_1_XM_03631_651b0b   80.52%    failed      0.00%
 119  XP_029432494_1_XM_02957_2a6d08   77.65%    passed     61.59%
 120  XP_030067722_1_XM_03021_39189e   80.47%    failed      0.00%
 121  XP_009640115_2_XM_00964_0eba13   84.23%    failed      0.00%
 122  XP_074137207_1_XM_07428_019c63   80.47%    failed      0.05%
 123  XP_072453880_1_XM_07259_658691   80.47%    failed      1.13%
 124  XP_001084174_2_XM_00108_63d438   80.47%    failed      0.00%
 125  XP_039326137_1_XM_03947_a4c052   80.47%    failed      0.05%
 126  XP_076695857_1_XM_07683_af7a39   80.47%    failed      0.12%
 127  XP_047389165_1_XM_04753_611e77   80.47%    failed      1.17%
 128  XP_042542906_1_XM_04268_6f0231   80.47%    failed      0.01%
 129  NP_598251_1_NM_133567_2_e40852   80.47%    passed     31.90%
 130  XP_021496393_1_XM_02164_8d7801   80.47%    failed      1.62%
 131  XP_021078365_1_XM_02122_c718f1   80.47%    passed      9.12%
 132  XP_048292896_1_XM_04843_559079   84.23%    passed     67.34%
 133  XP_008849659_1_XM_00885_cfe47e   84.23%    passed     34.56%
 134  XP_076779571_1_XM_07692_75cc8e   80.47%    passed     51.66%
 135  XP_075384315_1_XM_07552_f8a2f6   80.47%    failed      0.00%
 136  XP_031797302_1_XM_03194_a6ae83   80.47%    failed      0.02%
 137  XP_068940973_1_XM_06908_56946e   80.47%    failed      0.93%
 138  XP_027382473_1_XM_02752_129304   79.95%    failed      0.00%
 139  XP_059981207_1_XM_06012_20c38b   80.26%    failed      0.00%
 140  XP_048722982_1_XM_04886_3da4d8   80.42%    failed      0.00%
 141  XP_061213050_1_XM_06135_a59e09   80.42%    failed      0.37%
 142  XP_020834339_1_XM_02097_ffe8f7   80.47%    failed      1.55%
 143  XP_033770807_1_XM_03391_5813ab   80.42%    failed      0.03%
 144  XP_039349222_1_XM_03949_e706cd   80.42%    failed      0.00%
 145  XP_067406998_1_XM_06755_e44515   80.42%    failed      0.00%
 146  XP_014801718_1_XM_01494_dbba1e   84.23%    failed      1.03%
 147  XP_034640302_1_XM_03478_d98092   80.42%    failed      0.00%
 148  XP_051488584_1_XM_05163_d5f37d   84.23%    failed      0.01%
 149  XP_025719430_1_XM_02586_cce633   83.81%    failed      0.13%
 150  XP_049494990_1_XM_04963_950907   84.23%    failed      0.10%
 151  XP_054352982_1_XM_05449_233884   80.47%    failed      0.00%
 152  XP_011885129_1_XM_01202_53ecb0   80.47%    failed      0.00%
 153  XP_035146051_1_XM_03529_9a17ab   80.47%    failed      0.25%
 154  XP_021524496_1_XM_02166_668537   80.47%    failed      0.27%
 155  XP_062947585_1_XM_06309_03f3dd   80.47%    failed      0.24%
 156  XP_008562397_1_XM_00856_dc1921   80.47%    failed      0.15%
 157  XP_027778597_1_XM_02792_702417   80.47%    failed      0.05%
 158  XP_026261473_1_XM_02640_8f64c7   80.47%    failed      0.03%
 159  XP_073931549_1_XM_07407_179db7   80.47%    failed      0.00%
 160  XP_069889487_1_XM_07003_7b0c26   80.47%    failed      0.01%
 161  XP_059105260_1_XM_05924_a15e8a   84.23%    passed     41.00%
 162  XP_055454594_1_XM_05559_11f5e3   84.23%    passed     39.45%
 163  XP_021018433_2_XM_02116_348380   80.47%    passed     23.62%
 164  XP_005367155_1_XM_00536_d08166   80.47%    failed      4.63%
 165  XP_010633845_1_XM_01063_a86da7   84.23%    passed      5.02%
 166  XP_006889665_1_XM_00688_00d697   84.23%    failed      0.76%
 167  XP_006859860_1_XM_00685_9b122f   80.47%    failed      0.05%
 168  XP_003416676_1_XM_00341_dc86a3   80.47%    failed      0.02%
 169  XP_049759763_1_XM_04990_ffaf48   80.47%    failed      0.01%
 170  XP_069341965_1_XM_06948_0050ab   80.47%    failed      0.00%
 171  XP_021565723_1_XM_02171_7aea02   89.82%    failed      0.90%
 172  XP_058536421_1_XM_05868_2cd141   80.47%    failed      0.00%
 173  XP_040846001_1_XM_04099_3f5c24   80.47%    failed      0.00%
 174  XP_047693572_1_XM_04783_5dcfcf   80.47%    failed      0.00%
 175  XP_053898610_1_XM_05404_3d0573   80.42%    failed      0.00%
 176  XP_012433366_1_XM_01257_ccab10   84.23%    failed      0.00%
 177  XP_026714908_1_XM_02685_1eda06   84.23%    failed      0.00%
 178  XP_034987378_1_XM_03513_1792e9   80.42%    failed      0.06%
 179  XP_015676419_1_XM_01582_6dded7   80.42%    failed      1.49%
 180  XP_032086725_1_XM_03223_4fe96f   80.42%    failed      0.16%
 181  XP_013930078_1_XM_01407_603eee   78.59%    failed      0.25%
 182  XP_030813952_1_XM_03095_75fbd6   80.42%    passed      6.76%
 183  XP_054127011_1_XM_05427_57ac00   80.42%    passed     13.45%
 184  XP_055116831_1_XM_05526_c2b8e1   79.90%    failed      1.45%
 185  XP_015357555_1_XM_01550_3042d0   84.23%    failed      2.83%
 186  XP_027295599_1_XM_02743_01fbb1   84.23%    passed     97.21%
 187  XP_007065422_1_XM_00706_0a16d0   80.42%    failed      0.00%
 188  XP_071300124_1_XM_07144_bf3739   80.42%    passed      5.13%
 189  XP_064581713_1_XM_06472_aa2662   80.42%    passed      9.20%
 190  XP_054849031_1_XM_05499_6b849e   80.42%    failed      0.00%
 191  XP_053132211_1_XM_05327_224a28   80.05%    failed      1.56%
 192  XP_050640218_1_XM_05078_9eb0c6   80.47%    failed      0.00%
 193  XP_040607182_1_XM_04075_236309   80.16%    passed     13.37%
 194  XP_045850090_1_XM_04599_390a78   80.47%    failed      0.02%
 195  XP_041318380_1_XM_04146_78e9f0   89.56%    passed     25.11%
 196  XP_065779721_1_XM_06592_85140e   80.31%    failed      0.00%
 197  XP_042777138_1_XM_04292_b0bef5   80.47%    failed      0.00%
 198  XP_055202714_1_XM_05534_8eef64   84.23%    failed      0.27%
 199  XP_004776374_1_XM_00477_8686fc   80.47%    failed      0.01%
 200  XP_004705595_1_XM_00470_9cd616   84.23%    failed      0.00%
 201  XP_044836999_1_XM_04498_8454f4   80.42%    failed      0.00%
 202  XP_074866933_1_XM_07501_2c2c45   80.42%    failed      0.00%
 203  XP_054499394_1_XM_05464_33d08b   80.42%    failed      4.64%
 204  XP_030912379_1_XM_03105_347eab   84.23%    failed      0.03%
 205  XP_064245947_1_XM_06438_310557   80.42%    passed     24.14%
 206  XP_009884100_1_XM_00988_b6a374   84.23%    failed      0.03%
 207  XP_033921292_1_XM_03406_888e25   80.42%    failed      0.17%
 208  XP_066054630_1_XM_06619_8d371a   80.42%    failed      4.14%
 209  XP_038007122_1_XM_03815_7b03eb   80.42%    passed     12.48%
 210  XP_054246955_1_XM_05439_c32dc5   80.42%    failed      3.34%
 211  XP_054036351_1_XM_05418_ec686d   80.42%    passed      7.68%
 212  XP_064009799_1_XM_06415_dc4fdd   80.42%    passed     12.96%
 213  XP_068002818_1_XM_06814_72b154   80.42%    failed      4.65%
 214  XP_068764545_1_XM_06890_a12862   80.42%    failed      0.10%
 215  XP_061848703_1_XM_06199_12a312   80.42%    failed      1.49%
 216  XP_056359725_1_XM_05650_f60dbc   80.42%    passed     19.34%
 217  XP_030315438_1_XM_03045_1ebd23   80.42%    failed      0.89%
 218  XP_071616919_1_XM_07176_cfad9e   84.23%    failed      0.02%
 219  XP_057891158_1_XM_05803_5a4394   80.42%    passed     15.31%
 220  XP_068278593_1_XM_06842_64b830   80.42%    failed      4.25%
 221  XP_025909942_1_XM_02605_c06dab   85.69%    failed      2.34%
 222  XP_077172889_1_XM_07731_29e782   80.42%    passed     72.09%
 223  XP_015272788_1_XM_01541_50459c   82.40%    failed      0.04%
 224  XP_056722349_1_XM_05686_343c5d   80.42%    failed      3.61%
 225  XP_026540877_1_XM_02668_c0641e   81.62%    failed      0.03%
 226  XP_063171258_1_XM_06331_fc4cab   80.42%    failed      0.01%
 227  XP_032626897_1_XM_03277_f6b30e   80.42%    failed      0.00%
 228  XP_010158511_1_XM_01016_09b08a   84.23%    failed      0.00%
 229  XP_069065957_1_XM_06920_810a8b   80.42%    failed      0.00%
 230  XP_069503320_1_XM_06964_4b52d0   80.42%    failed      0.05%
 231  XP_010001570_1_XM_01000_f10eb2   84.23%    failed      0.10%
 232  XP_053220646_1_XM_05336_b1870d   80.42%    failed      0.11%
 233  XP_028561186_1_XM_02870_ef35dd   80.42%    failed      0.12%
 234  XP_070811003_1_XM_07095_038de4   83.66%    failed      0.01%
 235  XP_025071585_1_XM_02521_3bb77e   89.03%    failed      0.05%
 236  XP_042336816_1_XM_04248_e0be84   84.23%    failed      0.04%
 237  XP_033023146_1_XM_03316_0b8c3e   80.42%    failed      0.07%
 238  XP_066496746_1_XM_06664_3e126a   80.42%    passed     12.59%
 239  XP_062998985_1_XM_06314_170dca   80.42%    failed      2.25%
 240  XP_003226562_3_XM_00322_6848b3   80.42%    passed     26.52%
 241  XP_009072312_1_XM_00907_88c771   84.23%    failed      0.00%
 242  XP_032001764_1_XM_03214_e4bc3c   80.47%    failed      0.00%
 243  XP_012878937_1_XM_01302_1dda31   84.23%    failed      2.59%
 244  XP_041504809_1_XM_04164_de3816   80.47%    passed      7.15%
 245  XP_057619785_1_XM_05776_f5a898   80.47%    passed      7.33%
 246  XP_004385989_1_XM_00438_cbc870   84.23%    failed      0.01%
 247  XP_007939453_1_XM_00794_00d3ea   84.23%    failed      0.04%
 248  XP_074062230_1_XM_07420_4c0586   80.47%    failed      0.04%
 249  XP_043842793_1_XM_04398_9acfea   80.47%    failed      1.98%
 250  XP_051856531_1_XM_05200_47e143   80.47%    failed      0.02%
 251  XP_036597230_1_XM_03674_68546b   80.47%    failed      4.22%
 252  XP_026506512_1_XM_02665_4eb374   80.42%    failed      0.00%
 253  XP_038276065_1_XM_03842_5f7c52   80.42%    failed      0.00%
 254  XP_049647566_1_XM_04979_79eabd   80.42%    failed      0.31%
 255  XP_065268127_1_XM_06541_c8678f   80.42%    failed      0.00%
 256  XP_006112902_1_XM_00611_291011   80.42%    failed      0.00%
 257  XP_066417269_1_XM_06656_daf2d0   80.42%    passed      5.13%
 258  XP_075574747_1_XM_07571_0d6d65   80.42%    failed      0.23%
 259  XP_063027882_1_XM_06317_6c96a3   80.42%    passed     12.54%
 260  XP_017749667_1_XM_01789_e84b58   84.75%    failed      0.05%
 261  XP_046945332_1_XM_04708_6c9d7e   80.47%    failed      0.00%
 262  XP_076996514_1_XM_07714_6c134c   80.47%    failed      0.00%
 263  XP_032896422_1_XM_03304_b4e425   80.42%    failed      0.00%
 264  XP_074821345_1_XM_07496_7b89e3   80.42%    failed      0.00%
 265  XP_073218163_1_XM_07336_304c61   80.42%    failed      0.00%
 266  XP_036248676_1_XM_03639_ccc64d   80.42%    failed      4.74%
 267  XP_009090085_1_XM_00909_17d2f3   80.42%    passed     19.30%
 268  XP_074014433_1_XM_07415_782903   80.42%    passed     10.53%
 269  XP_065540513_1_XM_06568_49be7a   80.42%    failed      0.58%
 270  XP_005487430_1_XM_00548_e919a0   80.42%    passed     10.24%
 271  XP_048350579_1_XM_04849_ed2c2b   80.42%    passed     14.36%
 272  XP_054698458_1_XM_05484_3cf21a   80.42%    failed      2.28%
 273  XP_053936413_1_XM_05408_40c914   80.42%    failed      0.08%
 274  XP_050173385_1_XM_05031_e871c5   80.42%    failed      1.51%
 275  XP_027324695_1_XM_02746_be6c6b   80.42%    failed      0.08%
 276  XP_055564820_1_XM_05570_9a6953   80.42%    failed      2.03%
 277  XP_039934724_1_XM_04007_7a5ffa   80.42%    passed      9.87%
 278  XP_054069008_1_XM_05421_0035e4   80.42%    failed      4.89%
 279  XP_010163243_1_XM_01016_52f41a   84.28%    failed      0.02%
 280  XP_005549028_1_XM_00554_9e4491   80.47%    failed      0.00%
 281  XP_025236704_1_XM_02538_c3de55   80.47%    failed      0.00%
 282  XP_024097024_1_XM_02424_8146d4   80.47%    failed      0.00%
 283  XP_072868988_1_XM_07301_7fe4ae   80.47%    failed      0.00%
 284  XP_003895681_1_XM_00389_f63961   80.47%    failed      0.00%
 285  XP_011742619_1_XM_01174_6cc720   80.47%    failed      0.00%
 286  XP_030788269_1_XM_03093_741ca0   80.47%    failed      0.00%
 287  XP_030656909_1_XM_03080_e3940a   80.47%    failed      0.00%
 288  XP_001175350_3_XM_00117_5a52fd   80.47%    failed      0.00%
 289  XP_034819364_1_XM_03496_e45475   80.47%    failed      0.00%
 290  XP_017363752_2_XM_01750_6a7990   84.23%    passed      5.70%
 291  XP_046276947_1_XM_04642_c0ef50   80.47%    failed      0.06%
 292  XP_006167951_1_XM_00616_28f543   80.47%    failed      1.46%
 293  XP_048186564_1_XM_04833_d14c1a   80.47%    failed      0.00%
 294  XP_052610249_1_XM_05275_32aa30   80.47%    failed      3.05%
 295  XP_028711830_1_XM_02885_336177   80.52%    failed      3.46%
 296  XP_076417509_1_XM_07656_a1cedc   80.47%    failed      1.43%
 297  XP_032742331_1_XM_03288_71cb18   80.47%    passed     19.82%
 298  XP_031194343_1_XM_03133_e47662   80.47%    passed     28.43%
 299  NP_766311_2_NM_172723_4_216696   80.47%    passed     12.97%
 300  XP_051061350_1_XM_05120_abb583   80.47%    passed     20.06%
 301  XP_075830925_1_XM_07597_643ce5   80.47%    passed      5.55%
 302  XP_038201288_1_XM_03834_e07aca   80.47%    passed      6.12%
 303  XP_050019200_1_XM_05016_361b61   80.47%    passed      9.68%
 304  XP_028611867_1_XM_02875_3d7be5   80.47%    passed     31.60%
 305  XP_044999006_1_XM_04514_fd4be2   80.47%    failed      1.06%
 306  XP_004629643_1_XM_00462_cbdd6f   80.47%    failed      1.85%
 307  XP_013008093_2_XM_01315_2044e7   80.47%    failed      1.38%
 308  XP_005397851_1_XM_00539_4b1d69   80.47%    failed      0.05%
 309  NP_001297239_1_NM_00131_a0e55e   80.47%    failed      0.02%
 310  XP_045398886_1_XM_04554_6e55ed   80.47%    failed      0.00%
 311  XP_012494514_1_XM_01263_bf6d21   80.47%    failed      0.01%
 312  XP_003795507_2_XM_00379_3c93f7   80.47%    passed     13.67%
 313  XP_036096223_1_XM_03624_70e6df   80.47%    failed      0.00%
 314  XP_041604521_1_XM_04174_7e8d4b   80.47%    failed      0.01%
 315  XP_072609457_1_XM_07275_7e3a5b   80.47%    failed      0.01%
 316  XP_035961467_1_XM_03610_004c92   80.05%    failed      0.00%
 317  XP_045669204_1_XM_04581_bb816a   80.05%    failed      0.00%
 318  XP_048080755_1_XM_04822_edb483   80.05%    failed      0.00%
 319  XP_027468463_1_XM_02761_ed7df6   80.05%    failed      0.00%
 320  XP_027947641_1_XM_02809_4486fd   80.05%    failed      0.00%
 321  XP_004414511_1_XM_00441_3037b9   80.47%    failed      0.03%
 322  XP_047568775_1_XM_04771_1f910e   80.47%    failed      0.01%
 323  XP_022356204_1_XM_02250_6f68dd   80.47%    failed      0.02%
 324  XP_032728725_1_XM_03287_23ee57   80.47%    failed      0.01%
 325  XP_044089550_1_XM_04423_bd2e8a   80.47%    failed      0.00%
 326  XP_032183642_1_XM_03232_eda37f   80.47%    failed      0.00%
 327  XP_030888037_1_XM_03103_abc566   84.23%    failed      1.22%
 328  XP_034844110_1_XM_03498_b90047   80.05%    failed      0.00%
 329  XP_021535839_1_XM_02168_cfb773   80.47%    failed      0.01%
 330  XP_034525538_1_XM_03466_8fd1bd   83.81%    failed      0.14%
 331  XP_045316661_1_XM_04546_1d476e   80.47%    failed      0.00%
 332  XP_053069124_1_XM_05321_3549b5   80.47%    failed      0.00%
 333  XP_058566999_1_XM_05871_340643   80.47%    failed      0.00%
 334  XP_042826915_1_XM_04297_2879ec   80.47%    failed      0.00%
 335  XP_019277942_2_XM_01942_a34ffb   77.75%    failed      0.00%
 336  XP_044602562_2_XM_04474_aa7841   80.47%    failed      0.00%
 337  XP_004440960_1_XM_00444_93fb07   80.47%    failed      0.00%
 338  XP_037362639_1_XM_03750_181941   80.47%    failed      0.65%
 339  XP_072799596_1_XM_07294_cbc2b3   80.47%    failed      0.00%
 340  XP_068823223_1_XM_06896_8c9ee6   80.47%    failed      0.00%
 341  XP_061009822_1_XM_06115_cd2e55   80.47%    failed      0.00%
 342  NP_776938_1_NM_174513_2_3ca80c   80.52%    failed      0.00%
 343  XP_070219270_1_XM_07036_6f34c6   80.47%    failed      0.00%
 344  XP_052518682_1_XM_05266_1c59a4   80.47%    failed      0.00%
 345  XP_069425834_1_XM_06956_424e97   80.47%    failed      0.00%
 346  XP_017895406_1_XM_01803_0efb25   80.47%    failed      0.00%
 347  XP_026981342_1_XM_02712_104b38   80.47%    failed      0.00%
 348  XP_032462184_1_XM_03260_e2c5bf   80.47%    failed      0.00%
 349  XP_036913872_1_XM_03705_3a1ba3   80.47%    failed      0.00%
 350  XP_045680778_1_XM_04582_be08c0   80.47%    failed      0.00%
 351  XP_066198181_1_XM_06634_565767   80.47%    failed      0.00%
 352  XP_036288481_1_XM_03643_b3a4f1   80.47%    failed      0.00%
 353  XP_032951615_1_XM_03309_dc03f9   79.22%    failed      0.00%
 354  XP_074170167_1_XM_07431_1f61c6   79.63%    failed      0.00%
 355  XP_036864770_2_XM_03700_6ff315   77.08%    failed      0.00%
 356  XP_036788792_2_XM_03693_2e8b63   77.08%    failed      0.00%
 357  XP_055984538_1_XM_05612_c984f7   80.47%    failed      0.00%
 358  XP_049644618_1_XM_04978_408e28   80.47%    failed      0.00%
 359  XP_039735144_1_XM_03987_67e1a9   80.42%    failed      0.00%
 360  XP_006915938_1_XM_00691_fac806   80.47%    failed      0.00%
 361  XP_015974577_2_XM_01611_60286e   80.47%    failed      0.00%
 362  NP_001090758_1_NM_00109_c9f23c   80.42%    failed      0.00%
 363  XP_066432452_1_XM_06657_624b2f   80.42%    failed      0.01%
 364  XP_069839961_1_XM_06998_1c9bba   80.42%    failed      0.30%
 365  XP_044149673_1_XM_04429_7b471c   80.42%    failed      3.14%
 366  XP_056392998_1_XM_05653_bba315   80.42%    failed      0.00%
 367  XP_071976552_1_XM_07212_1c38b4   80.42%    failed      1.91%
 368  XP_075141186_1_XM_07528_993b2a   80.42%    failed      0.05%
 369  XP_073399219_1_XM_07354_b92ea8   80.42%    failed      3.82%
 370  XP_073504146_1_XM_07364_e1e1f3   80.42%    failed      0.03%
 371  XP_077130971_1_XM_07727_e2aaa7   80.42%    passed      5.21%
 372  XP_069590367_1_XM_06973_d5bbec   80.42%    passed      5.91%
 373  XP_075174187_1_XM_07531_ddec34   80.42%    failed      0.87%
 374  XP_075686412_1_XM_07583_35db51   80.42%    failed      0.00%
 375  XP_040296620_1_XM_04044_a7b1ed   80.47%    failed      2.37%
 376  XP_018423773_1_XM_01856_0332fd   80.42%    failed      0.00%
 377  XP_073492937_1_XM_07363_3997ad   80.42%    failed      0.00%
 378  XP_040212696_1_XM_04035_d1fc89   80.42%    failed      0.00%
 379  XP_072273922_1_XM_07241_a055db   80.42%    failed      0.00%
 380  XP_075035731_1_XM_07517_5ae786   80.42%    failed      0.00%
 381  XP_063790599_1_XM_06393_adda62   80.42%    failed      0.00%
 382  XP_063286456_1_XM_06343_57a47a   80.42%    failed      0.00%
 383  XP_075421615_1_XM_07556_976378   80.42%    failed      0.00%
 384  XP_053327739_1_XM_05347_306f98   80.42%    failed      0.00%
 385  XP_053551263_1_XM_05369_6b54d0   80.42%    failed      0.00%
 386  XP_060029164_1_XM_06017_05542d   78.43%    failed      0.00%
 387  XP_043945455_1_XM_04408_ff1512   80.31%    failed      0.00%
 388  XP_037670006_1_XM_03781_495a54   81.93%    failed      0.00%
 389  XP_057238208_1_XM_05738_d4a9ca   80.47%    passed      9.55%
 390  XP_058705813_1_XM_05884_1196db   80.42%    failed      3.45%
 391  XP_042684051_1_XM_04282_62d517   80.42%    failed      0.29%
 392  XP_014725407_1_XM_01486_56adc5   80.42%    passed      6.19%
 393  XP_015732009_1_XM_01587_fb4b83   80.42%    failed      0.95%
 394  XP_068063121_1_XM_06820_2b06b6   80.42%    failed      4.91%
 395  XP_039416061_1_XM_03956_656f13   80.42%    failed      2.35%
 396  XP_075623799_1_XM_07576_5aad44   80.42%    failed      1.09%
 397  XP_065500795_1_XM_06564_115008   80.42%    failed      0.50%
 398  XP_074741967_1_XM_07488_7ddfb8   80.42%    failed      0.15%
 399  XP_074961091_1_XM_07510_2e98a7   80.42%    failed      0.29%
 400  XP_050761793_1_XM_05090_37d3c5   80.42%    failed      0.76%
 401  XP_040445916_1_XM_04058_e6026d   80.42%    failed      2.02%
 402  XP_062463966_1_XM_06260_fa301a   80.42%    failed      0.18%
 403  XP_047919596_1_XM_04806_0c6d33   80.42%    failed      0.12%
 404  XP_037239201_1_XM_03738_751bf4   80.42%    failed      2.34%
 405  XP_041257410_1_XM_04140_177a9d   80.42%    passed     12.66%
 406  XP_075021350_1_XM_07516_a1cf12   75.56%    failed      0.00%
 407  XP_008631707_1_XM_00863_7b5281   79.84%    failed      0.28%
 408  XP_009318336_1_XM_00932_521248   77.28%    failed      0.15%
 409  XP_023792548_1_XM_02393_eb449f   79.69%    failed      0.90%
 410  XP_029804529_1_XM_02994_7b5038   79.63%    failed      0.01%
 411  XP_010852655_1_XM_01085_760d93   84.02%    failed      0.00%
 412  XP_026551721_1_XM_02669_443782   80.31%    failed      0.00%
 413  XP_067971880_1_XM_06811_e999e3   80.26%    passed      9.42%
 414  XP_075371332_1_XM_07551_9a2d0d   80.42%    failed      1.17%
 415  XP_054991892_1_XM_05513_4623e3   76.66%    failed      0.00%
 416  XP_032839588_2_XM_03298_2018ad   80.42%    failed      0.31%
 417  XP_076206829_1_XM_07635_52bc21   80.42%    failed      0.46%
 418  XP_027734004_1_XM_02787_9212e6   80.42%    failed      0.83%
 419  XP_065588953_1_XM_06573_f88270   80.42%    failed      1.83%
 420  XP_069726565_1_XM_06987_381d08   80.42%    failed      0.19%
 421  XP_064529176_1_XM_06467_45f1e7   80.42%    failed      1.39%
 422  XP_048176467_1_XM_04832_319cf7   80.42%    failed      3.54%
 423  XP_063200074_1_XM_06334_92a423   80.42%    passed      7.34%
 424  XP_062359372_1_XM_06250_93a596   80.42%    failed      3.76%
 425  XP_064376294_1_XM_06452_2e41fc   80.42%    failed      0.10%
 426  XP_062444128_1_XM_06258_ead449   80.42%    failed      0.01%
 427  XP_040430626_1_XM_04057_50fa9b   80.42%    failed      0.08%
 428  XP_015498512_1_XM_01564_646ea0   80.42%    failed      2.22%
 429  XP_010568566_1_XM_01057_d80c33   80.63%    failed      0.02%
 430  XP_064887648_1_XM_06503_e4c715   80.42%    failed      4.30%
 431  XP_068885812_1_XM_06902_04e907   79.63%    failed      0.05%
 432  XP_042719971_1_XM_04286_4ca45c   80.16%    failed      0.45%
 433  XP_005523043_1_XM_00552_a506a2   80.42%    passed      5.96%
 434  XP_059682207_1_XM_05982_e8845d   80.42%    failed      0.43%
 435  XP_035195142_1_XM_03533_9794fc   80.42%    failed      0.08%
 436  XP_008944487_1_XM_00894_201f35   80.26%    passed     25.94%
 437  XP_009583001_1_XM_00958_54f4ba   80.26%    failed      3.02%
 438  XP_009864288_1_XM_00986_e096fa   80.26%    failed      2.49%
 439  XP_010085911_1_XM_01008_b7bedb   80.37%    failed      0.30%
 440  XP_043415443_1_XM_04355_ff4084   80.47%    failed      0.00%
 441  XP_030706935_1_XM_03085_6c39c5   80.47%    failed      0.00%
 442  XP_053847823_1_XM_05399_37b5dd   80.42%    failed      3.75%
 443  XP_074775125_1_XM_07491_a83eb1   80.42%    failed      0.04%
 444  XP_053813584_1_XM_05395_705fe2   80.42%    failed      3.42%
 445  XP_032929820_1_XM_03307_1deef5   80.42%    passed      6.62%
 446  XP_052535847_1_XM_05267_3e3561   80.42%    failed      0.37%
 447  XP_031462692_1_XM_03160_6b7758   80.42%    failed      0.45%
 448  XP_066185798_1_XM_06632_f8b936   80.42%    failed      4.84%
 449  XP_065706496_1_XM_06585_8b1377   80.42%    passed      8.21%
 450  XP_074453671_1_XM_07459_ccc66f   80.42%    passed      7.09%
 451  XP_074696873_1_XM_07484_2cd62f   80.42%    failed      0.24%
 452  XP_067162694_1_XM_06730_7d2a58   80.42%    failed      0.02%
 453  XP_027582022_1_XM_02772_be8fe0   80.42%    failed      0.86%
 454  XP_069666315_1_XM_06981_d56b9f   80.42%    failed      0.29%
 455  XP_027512355_1_XM_02765_5038f0   80.42%    failed      0.67%
 456  XP_074914418_1_XM_07505_c8e6d3   80.42%    failed      0.49%
 457  XP_064317736_1_XM_06446_4902a0   80.42%    failed      0.25%
 458  XP_029857367_1_XM_03000_0fa9db   80.42%    failed      0.25%
 459  XP_068555102_1_XM_06869_20e60e   80.42%    failed      0.07%
 460  XP_035404657_1_XM_03554_8b3746   80.42%    failed      0.09%
 461  XP_040539443_1_XM_04068_b6acee   80.42%    passed      7.03%
 462  XP_021266791_1_XM_02141_894ae2   80.42%    failed      2.34%
 463  XP_008926278_1_XM_00892_9461b2   79.84%    failed      0.09%
WARNING: 463 sequences contain more than 50% gaps/ambiguity
****  TOTAL                            80.77%  392 sequences failed composition chi2 test (p-value<5%; df=3)
Checking for duplicate sequences: done in 0.00248909 secs using 93.29% CPU


Create initial parsimony tree by phylogenetic likelihood library (PLL)... 0.092 seconds
Measuring multi-threading efficiency up to 10 CPU cores
Increase to 10 rounds for branch lengths
8 trees examined
Threads: 1 / Time: 10.524 sec / Speedup: 1.000 / Efficiency: 100% / LogL: -214614
Threads: 2 / Time: 9.889 sec / Speedup: 1.064 / Efficiency: 53% / LogL: -214614
Threads: 3 / Time: 9.232 sec / Speedup: 1.140 / Efficiency: 38% / LogL: -214614
Determining AUTO threadcount: done in 29.6531 secs using 115.2% CPU
BEST NUMBER OF THREADS: 2

Perform fast likelihood tree search using GTR+I+G model...
Estimate model parameters (epsilon = 5.000)
Perform nearest neighbor interchange...
Optimizing NNI: done in 3.10112 secs using 119.2% CPU
Estimate model parameters (epsilon = 1.000)
1. Initial log-likelihood: -83709.909
2. Current log-likelihood: -83707.369
Optimal log-likelihood: -83706.612
Rate parameters:  A-C: 1.26555  A-G: 3.63427  A-T: 0.76996  C-G: 1.28508  C-T: 5.62884  G-T: 1.00000
Base frequencies:  A: 0.259  C: 0.265  G: 0.278  T: 0.198
Proportion of invariable sites: 0.057
Gamma shape alpha: 0.661
Parameters optimization took 2 rounds (1.618 sec)
Time for fast ML tree search: 11.326 seconds

NOTE: ModelFinder requires 315 MB RAM!
ModelFinder will test up to 968 DNA models (sample size: 5745 epsilon: 0.100) ...
 No. Model         -LnL         df  AIC          AICc         BIC
  1  JC            95898.528    923 193643.057   193996.864   199786.623
  2  JC+I          94308.714    924 190465.428   190820.076   196615.651
  3  JC+G4         87126.861    924 176101.721   176456.369   182251.944
  4  JC+I+G4       87079.186    925 176008.372   176363.861   182165.251
  5  JC+R2         88556.136    925 178962.271   179317.760   185119.150
  6  JC+R3         87413.923    927 176681.846   177039.021   182852.037
  7  JC+R4         87034.346    929 175926.692   176285.558   182110.195
  8  JC+R5         86875.117    931 175612.233   175972.795   181809.049
  9  JC+R6         86843.994    933 175553.988   175916.251   181764.116
