multiple-files: No

Analysis Description
--------------------
RELAX (a random effects test of selection relaxation) uses a random
effects branch-site model framework to test whether a set of 'Test'
for convergence diagnostics. Version 4.5 adds support for multiple
datasets for joint testing. Version 4.6 adds support for branch- and
site-level evidence ratio calculation.
branches evolves under relaxed selection relative to a set of
'Reference' branches (R), as measured by the relaxation parameter (K).
Version 2.1 adds a check for stability in K estimates to try to mitigate
convergence problems. Version 3 provides support for >2 branch sets.
Version 3.1 adds LHC + Nedler-Mead initial fit phase and keyword
support. Version 3.1.1 adds some bug fixes for better convergence.
Version 4.0 adds support for synonymous rate variation. Version 4.1 adds
further support for multiple hit models. Version 4.1.1 adds reporting

- __Requirements__: in-frame codon alignment and a phylogenetic tree, with at least two
groups of branches defined using the {} notation (one group can be
defined as all unlabeled branches)

- __Citation__: RELAX: Detecting Relaxed Selection in a Phylogenetic Framework (2015).
Mol Biol Evol 32 (3): 820-832

- __Written by__: Sergei L Kosakovsky Pond, Ben Murrell, Steven Weaver and Temple iGEM /
UCSD viral evolution g

- __Contact Information__: spond@temple.edu

- __Analysis Version__: 4.5


>code => Universal
/Users/alex/Documents/AOC-dev/results/Primate_ACE2/Primate_ACE2.1.codon.fas.FastTree.treefile.labelled
results/Primate_ACE2/Primate_ACE2.1.codon.fas.FastTree.treefile.labelled

>Loaded a multiple sequence alignment with **31** sequences, **421** codons, and **1** partitions from `/Users/alex/Documents/AOC-dev/results/Primate_ACE2/Primate_ACE2.1.codon.fas`

>mode => Group mode
The number of points in the initial distributional guess for likelihood fitting (permissible range = [1,10000], default value = 250, integer): 
>grid-size => 250
The number of initial random guesses to 'seed' rate values optimization (permissible range = [1,25], default value = 1, integer): 
>starting-points => 25


### Branch sets for RELAX analysis

>multiple-hits => None

* Selected 42 branches as the _Haplorrhini_ set: `NM_001131132_2_Pongo_abelii_angiotensin_converting_enzyme_2_ACE2_mRNA, NM_001135696_1_Macaca_mulatta_angiotensin_converting_enzyme_2_ACE2_mRNA, NM_001371415_1_Homo_sapiens_angiotensin_converting_enzyme_2_ACE2_transcript_variant_1_mRNA, Node24, Node26, Node27, Node30, Node33, Node34, Node36, Node38, Node41, Node42, Node45, Node48, Node50, Node53, Node55, Node57, XM_003261084_3_PREDICTED_Nomascus_leucogenys_angiotensin_I_converting_enzyme_2_ACE2_mRNA, XM_005593037_3_PREDICTED_Macaca_fascicularis_angiotensin_converting_enzyme_2_ACE2_mRNA, XM_007991113_2_PREDICTED_Chlorocebus_sabaeus_angiotensin_I_converting_enzyme_2_ACE2_transcript_variant_X1_mRNA, XM_008064619_1_PREDICTED_Carlito_syrichta_angiotensin_I_converting_enzyme_2_ACE2_mRNA, XM_008974180_2_PREDICTED_Pan_paniscus_angiotensin_I_converting_enzyme_2_ACE2_transcript_variant_X1_mRNA, XM_008988993_4_PREDICTED_Callithrix_jacchus_angiotensin_converting_enzyme_2_ACE2_mRNA, XM_010336623_2_PREDICTED_Saimiri_boliviensis_boliviensis_angiotensin_converting_enzyme_2_ACE2_transcript_variant_X1_mRNA, XM_010366065_2_PREDICTED_Rhinopithecus_roxellana_angiotensin_I_converting_enzyme_2_ACE2_mRNA, XM_011735203_2_PREDICTED_Macaca_nemestrina_angiotensin_I_converting_enzyme_2_ACE2_transcript_variant_X1_mRNA, XM_011995533_1_PREDICTED_Mandrillus_leucophaeus_angiotensin_I_converting_enzyme_2_ACE2_mRNA, XM_012035808_1_PREDICTED_Cercocebus_atys_angiotensin_I_converting_enzyme_2_ACE2_transcript_variant_X1_mRNA, XM_012434682_2_PREDICTED_Aotus_nancymaae_angiotensin_I_converting_enzyme_2_ACE2_mRNA, XM_016942979_2_PREDICTED_Pan_troglodytes_angiotensin_converting_enzyme_2_ACE2_transcript_variant_X1_mRNA, XM_017512376_2_PREDICTED_Cebus_imitator_angiotensin_I_converting_enzyme_2_ACE2_transcript_variant_X1_mRNA, XM_017888580_1_PREDICTED_Rhinopithecus_bieti_angiotensin_I_converting_enzyme_2_ACE2_transcript_variant_X1_mRNA, XM_019019204_1_PREDICTED_Gorilla_gorilla_gorilla_angiotensin_I_converting_enzyme_2_ACE2_mRNA, XM_021933040_1_PREDICTED_Papio_anubis_angiotensin_I_converting_enzyme_2_ACE2_transcript_variant_X1_mRNA, XM_023199053_2_PREDICTED_Piliocolobus_tephrosceles_angiotensin_I_converting_enzyme_2_ACE2_mRNA, XM_025372062_1_PREDICTED_Theropithecus_gelada_angiotensin_I_converting_enzyme_2_ACE2_mRNA, XM_032285963_1_PREDICTED_Sapajus_apella_angiotensin_I_converting_enzyme_2_ACE2_transcript_variant_X1_mRNA, XM_032756617_1_PREDICTED_Hylobates_moloch_angiotensin_I_converting_enzyme_2_ACE2_mRNA, XM_050777627_1_PREDICTED_Macaca_thibetana_thibetana_angiotensin_converting_enzyme_2_ACE2_transcript_variant_X1_mRNA, XM_054471966_1_PREDICTED_Pongo_pygmaeus_angiotensin_converting_enzyme_2_ACE2_transcript_variant_X1_mRNA`

* Selected 9 branches as the _Strepsirrhini_ set: `Node15, Node16, Node19, Node21, XM_003791864_2_PREDICTED_Otolemur_garnettii_angiotensin_I_converting_enzyme_2_ACE2_mRNA, XM_012638731_1_PREDICTED_Propithecus_coquereli_angiotensin_I_converting_enzyme_2_ACE2_transcript_variant_X1_mRNA, XM_020285237_1_PREDICTED_Microcebus_murinus_angiotensin_I_converting_enzyme_2_ACE2_mRNA, XM_045538336_1_PREDICTED_Lemur_catta_angiotensin_converting_enzyme_2_ACE2_mRNA, XM_053580366_1_PREDICTED_Nycticebus_coucang_angiotensin_converting_enzyme_2_ACE2_mRNA`

>reference-group => Haplorrhini
* 8 branches are in the unclassified (nuisance) set: `Node10, Node11, Node12, Node13, Node3, Node5, Node7, Node8`
The number omega rate classes to include in the model (permissible range = [2,10], default value = 3, integer): 
>rates => 3

>models => All

>srv => Yes
The number omega rate classes to include in the model (permissible range = [1,10], default value = 3, integer): 
>syn-rates => 3


### Obtaining branch lengths and nucleotide substitution biases under the nucleotide GTR model

>kill-zero-lengths => Yes

### Deleted 6 zero-length internal branches: `Node3, Node36, Node41, Node5, Node55, Node57`
* Log(L) = -4897.08, AIC-c =  9928.40 (67 estimated parameters)
* 1 partition. Total tree length by partition (subs/site)  0.487

### Obtaining the global omega estimate based on relative GTR branch lengths and nucleotide substitution biases
* Log(L) = -4797.19, AIC-c =  9735.15 (70 estimated parameters)
* 1 partition. Total tree length by partition (subs/site)  0.500
* non-synonymous/synonymous rate ratio for *Haplorrhini* =   0.5076
* non-synonymous/synonymous rate ratio for *Strepsirrhini* =   0.5023
* non-synonymous/synonymous rate ratio for *Unclassified* =   0.5372

### Improving branch lengths, nucleotide substitution biases, and global dN/dS ratios under a full codon model
* Log(L) = -4794.74, AIC-c =  9730.24 (70 estimated parameters)
* 1 partition. Total tree length by partition (subs/site)  0.499
* non-synonymous/synonymous rate ratio for *Haplorrhini* =   0.4794
* non-synonymous/synonymous rate ratio for *Strepsirrhini* =   0.4705
* non-synonymous/synonymous rate ratio for *Unclassified* =   0.5557

### Fitting the general descriptive (separate k per branch) model

### * Log(L) = -4754.22, AIC-c =  9760.89 (125 estimated parameters)
* The following baseline rate distribution for branch-site combinations was inferred

|          Selection mode           |     dN/dS     |Proportion, %|               Notes               |
|-----------------------------------|---------------|-------------|-----------------------------------|
|        Negative selection         |     0.000     |   65.191    |                                   |
|        Negative selection         |     1.000     |   33.032    |                                   |
|      Diversifying selection       |    37.703     |    1.776    |                                   |

* Branch-level relaxation or intensification parameter distribution has mean  0.71, median  0.25, and 95% of the weight in  0.06 -  2.16

### Fitting the alternative model with individual K parameters for 2 branch groups
* Log(L) = -4742.57, AIC-c =  9652.21 (83 estimated parameters)
* The following rate distribution was inferred for **Haplorrhini** (reference) branches

|          Selection mode           |     dN/dS     |Proportion, %|               Notes               |
|-----------------------------------|---------------|-------------|-----------------------------------|
|        Negative selection         |     0.000     |   50.280    |                                   |
|        Negative selection         |     0.958     |   49.605    |                                   |
|      Diversifying selection       |    22.826     |    0.115    |                                   |

* Relaxation/intensification parameter (K) for branch set Strepsirrhini =     1.61
* The following rate distribution was inferred for **Strepsirrhini** branches

|          Selection mode           |     dN/dS     |Proportion, %|               Notes               |
|-----------------------------------|---------------|-------------|-----------------------------------|
|        Negative selection         |     0.000     |   50.280    |                                   |
|        Negative selection         |     0.933     |   49.605    |                                   |
|      Diversifying selection       |    156.255    |    0.115    |                                   |

* The following rate distribution for site-to-site **synonymous** rate variation was inferred

|               Rate                | Proportion, % |               Notes               |
|-----------------------------------|---------------|-----------------------------------|
|               0.000               |    11.676     |                                   |
|               0.729               |    68.871     |                                   |
|               2.558               |    19.453     |                                   |


### Fitting the null (K := 1) model
* Log(L) = -4743.06, AIC-c =  9651.18 (82 estimated parameters)
* The following rate distribution was inferred for **Haplorrhini** (reference) branches

|          Selection mode           |     dN/dS     |Proportion, %|               Notes               |
|-----------------------------------|---------------|-------------|-----------------------------------|
|        Negative selection         |     0.000     |   50.520    |                                   |
|        Negative selection         |     0.922     |   49.225    |                                   |
|      Diversifying selection       |    23.424     |    0.255    |                                   |

* The following rate distribution for site-to-site **synonymous** rate variation was inferred

|               Rate                | Proportion, % |               Notes               |
|-----------------------------------|---------------|-----------------------------------|
|               0.000               |    10.607     |                                   |
|               0.689               |    67.748     |                                   |
|               2.463               |    21.645     |                                   |

----
## Test for relaxation (or intensification) of selection [RELAX]
Likelihood ratio test **p =   0.3190**.
>>No significant evidence for differences of selective pressures among the test groups at P<=0.05
----


### Fitting the partitioned descriptive model (completely separate rate distributions for branch sets)
* Log(L) = -4742.33, AIC-c =  9659.83 (87 estimated parameters)
* The following rate distribution was inferred for **Haplorrhini** (reference) branches

|          Selection mode           |     dN/dS     |Proportion, %|               Notes               |
|-----------------------------------|---------------|-------------|-----------------------------------|
|        Negative selection         |     0.000     |   48.968    |                                   |
|        Negative selection         |     0.891     |   50.648    |                                   |
|      Diversifying selection       |    14.539     |    0.384    |                                   |

* The following rate distribution was inferred for **Strepsirrhini** branches

|          Selection mode           |     dN/dS     |Proportion, %|               Notes               |
|-----------------------------------|---------------|-------------|-----------------------------------|
|        Negative selection         |     0.000     |   31.070    |                                   |
|        Negative selection         |     0.663     |   68.827    |                                   |
|      Diversifying selection       |    181.611    |    0.103    |                                   |


Check errors.log for execution error details.
