
Analysis Description
--------------------
aBSREL (Adaptive branch-site random effects likelihood) uses an adaptive
random effects branch-site model framework to test whether each branch
has evolved under positive selection, using a procedure which infers an
optimal number of rate categories per branch. v2.2 adds support for
multiple-hit models. v2.3 adds support for SRV. v2.5 adds support for
ancestral state reconstruction, identification of sites contributing to
selection signal, and some diagnostics. v2.6 adds tree reports and ASCII
art

- __Requirements__: in-frame codon alignment and a phylogenetic tree

- __Citation__:  Less Is More: An Adaptive Branch-Site Random Effects Model for
Efficient Detection of Episodic Diversifying Selection (2015). Mol Biol
Evol 32 (5): 1342-1353. 

- __Written by__: Sergei L Kosakovsky Pond, Ben Murrell, Steven Weaver and Temple iGEM /
UCSD viral evolution group

- __Contact Information__: spond@temple.edu

- __Analysis Version__: 2.6

[Advanced option] Bag of little bootstrap alignment resampling rate (permissible range = [0.01,1], default value = 1): blb: 1

>code => Universal

-------
>[WARNING]
'/Users/alex/Documents/AOC-dev/results/Primate_BTG1/Primate_BTG1.3.codon.fas'
contains 6 duplicate sequences. Identical sequences do not contribute
any information to the analysis and only slow down computation. Please
consider removing duplicate or 'nearly' duplicate sequences, e.g. using
https://github.com/veg/hyphy-analyses/tree/master/remove-duplicates
prior to running selection analyses
-------
/Users/alex/Documents/AOC-dev/results/Primate_BTG1/Primate_BTG1.3.codon.fas.FastTree.treefile
results/Primate_BTG1/Primate_BTG1.3.codon.fas.FastTree.treefile

>Loaded a multiple sequence alignment with **26** sequences, **135** codons, and **1** partitions from `/Users/alex/Documents/AOC-dev/results/Primate_BTG1/Primate_BTG1.3.codon.fas`

>branches => All

>multiple-hits => None

>srv => No


### * Selected 46 branches for testing: `XM_012469349_2_PREDICTED_Aotus_nancymaae_BTG_anti_proliferation_factor_1_BTG1_mRNA, XM_002752814_4_PREDICTED_Callithrix_jacchus_BTG_anti_proliferation_factor_1_BTG1_mRNA, XM_032297546_1_PREDICTED_Sapajus_apella_BTG_anti_proliferation_factor_1_BTG1_mRNA, XM_003927879_4_PREDICTED_Saimiri_boliviensis_BTG_anti_proliferation_factor_1_BTG1_mRNA, Node6, Node4, Node2, NM_001731_3_Homo_sapiens_BTG_anti_proliferation_factor_1_BTG1_mRNA, XM_054444125_2_PREDICTED_Pongo_pygmaeus_BTG_anti_proliferation_factor_1_BTG1_mRNA, XM_002823578_4_PREDICTED_Pongo_abelii_BTG_anti_proliferation_factor_1_BTG1_mRNA, XM_019038967_4_PREDICTED_Gorilla_gorilla_gorilla_BTG_anti_proliferation_factor_1_BTG1_mRNA, Node10, XM_055237919_2_PREDICTED_Symphalangus_syndactylus_BTG_anti_proliferation_factor_1_BTG1_mRNA, XM_032170892_2_PREDICTED_Hylobates_moloch_BTG_anti_proliferation_factor_1_BTG1_mRNA, Node15, Node9, Node1, XM_012031683_1_PREDICTED_Cercocebus_atys_B_cell_translocation_gene_1_anti_proliferative_BTG1_mRNA, XM_012775241_1_PREDICTED_Microcebus_murinus_BTG_anti_proliferation_factor_1_BTG1_mRNA, XM_012664017_1_PREDICTED_Propithecus_coquereli_B_cell_translocation_gene_1_anti_proliferative_BTG1_mRNA, Node22, XM_003783357_2_PREDICTED_Otolemur_garnettii_BTG_anti_proliferation_factor_1_BTG1_mRNA, XM_053582943_1_PREDICTED_Nycticebus_coucang_BTG_anti_proliferation_factor_1_BTG1_mRNA, Node26, XM_069489666_1_PREDICTED_Eulemur_rufifrons_BTG_anti_proliferation_factor_1_BTG1_mRNA, XM_045553258_1_PREDICTED_Lemur_catta_BTG_anti_proliferation_factor_1_BTG1_mRNA, Node29, Node25, Node21, Node19, XM_023223561_1_PREDICTED_Piliocolobus_tephrosceles_BTG_anti_proliferation_factor_1_BTG1_mRNA, Node18, XM_011933701_1_PREDICTED_Colobus_angolensis_palliatus_B_cell_translocation_gene_1_anti_proliferative_BTG1_mRNA, XM_025400855_1_PREDICTED_Theropithecus_gelada_BTG_anti_proliferation_factor_1_BTG1_mRNA, XM_003906945_4_PREDICTED_Papio_anubis_BTG_anti_proliferation_factor_1_BTG1_mRNA, Node36, Node34, NM_001266672_1_Macaca_mulatta_BTG_anti_proliferation_factor_1_BTG1_mRNA, XM_008004234_3_PREDICTED_Chlorocebus_sabaeus_BTG_anti_proliferation_factor_1_BTG1_mRNA, Node40, XM_050750080_1_PREDICTED_Macaca_thibetana_thibetana_BTG_anti_proliferation_factor_1_BTG1_mRNA, XM_033221091_1_PREDICTED_Trachypithecus_francoisi_BTG_anti_proliferation_factor_1_BTG1_mRNA, XM_010383938_2_PREDICTED_Rhinopithecus_roxellana_BTG_anti_proliferation_factor_1_BTG1_mRNA, Node43, Node39, Node33`


### Obtaining branch lengths and nucleotide substitution biases under the nucleotide GTR model

>kill-zero-lengths => Yes

### Deleted 10 zero-length internal branches: `Node1, Node10, Node18, Node33, Node34, Node39, Node4, Node40, Node43, Node6`
* Log(L) =  -806.02, AIC-c =  1720.60 (54 estimated parameters)
* 1 partition. Total tree length by partition (subs/site)  0.087

### Fitting the baseline model with a single dN/dS class per branch, and no site-to-site variation. 
* Log(L) =  -760.71, AIC-c =  1697.79 (86 estimated parameters)
* Branch-level non-synonymous/synonymous rate ratio distribution has median  0.44, and 95% of the weight in  0.00 - 10000000000.00

### Determining the optimal number of rate classes per branch using a step up procedure

|              Branch               |  Length  |  Rates   |     Max. dN/dS     |    Log(L)     |     AIC-c     |Best AIC-c so far|
|-----------------------------------|----------|----------|--------------------|---------------|---------------|-----------------|
|XM_053582943_1_PREDICTED_Nyctice...|   0.01   |    2     |    0.19 (55.75%)   |    -760.71    |    1702.00    |     1697.79     |
|              Node21               |   0.01   |    2     |    0.00 ( 5.00%)   |    -760.71    |    1702.00    |     1697.79     |
|              Node26               |   0.01   |    2     |    0.00 ( 5.00%)   |    -760.71    |    1702.00    |     1697.79     |
|XM_045553258_1_PREDICTED_Lemur_c...|   0.01   |    2     |    0.00 ( 5.00%)   |    -760.71    |    1702.00    |     1697.79     |
|              Node15               |   0.01   |    2     |    0.00 ( 5.00%)   |    -760.71    |    1702.00    |     1697.79     |
|               Node2               |   0.00   |    2     |    0.75 (10.00%)   |    -760.71    |    1702.00    |     1697.79     |
|XM_008004234_3_PREDICTED_Chloroc...|   0.00   |    2     |    0.00 ( 5.00%)   |    -760.71    |    1702.00    |     1697.79     |
|              Node25               |   0.00   |    2     |    0.00 ( 0.25%)   |    -760.71    |    1702.00    |     1697.79     |
|NM_001266672_1_Macaca_mulatta_BT...|   0.00   |    2     |    0.00 ( 0.25%)   |    -760.71    |    1702.00    |     1697.79     |
|              Node29               |   0.00   |    2     |    0.00 ( 5.00%)   |    -760.71    |    1702.00    |     1697.79     |
|              Node36               |   0.00   |    2     |    0.00 ( 0.25%)   |    -760.71    |    1702.00    |     1697.79     |
|XM_025400855_1_PREDICTED_Theropi...|   0.00   |    2     |    0.00 ( 0.25%)   |    -760.71    |    1702.00    |     1697.79     |
|XM_055237919_2_PREDICTED_Symphal...|   0.00   |    2     |    0.00 ( 0.25%)   |    -760.71    |    1702.00    |     1697.79     |
|              Node19               |   0.00   |    2     |    0.00 ( 0.25%)   |    -760.71    |    1702.00    |     1697.79     |
|               Node9               |   0.00   |    2     |    0.00 ( 0.25%)   |    -760.71    |    1702.00    |     1697.79     |
|              Node22               |   0.00   |    2     |    0.00 ( 0.25%)   |    -760.71    |    1702.00    |     1697.79     |
|XM_032297546_1_PREDICTED_Sapajus...|   0.00   |    2     |    0.00 ( 5.00%)   |    -760.71    |    1702.00    |     1697.79     |
|XM_012469349_2_PREDICTED_Aotus_n...|   0.00   |    2     |    0.00 ( 0.25%)   |    -760.71    |    1702.00    |     1697.79     |
|XM_003927879_4_PREDICTED_Saimiri...|   0.00   |    2     |    0.00 ( 5.00%)   |    -760.71    |    1702.00    |     1697.79     |
|XM_003906945_4_PREDICTED_Papio_a...|   0.00   |    2     |   1.00 (100.00%)   |    -761.07    |    1702.71    |     1697.79     |
|XM_023223561_1_PREDICTED_Pilioco...|   0.00   |    2     |   1.00 (100.00%)   |    -761.07    |    1702.72    |     1697.79     |
|XM_011933701_1_PREDICTED_Colobus...|   0.00   |    2     |   1.00 (100.00%)   |    -761.07    |    1702.72    |     1697.79     |
|XM_069489666_1_PREDICTED_Eulemur...|   0.00   |    2     |    0.25 ( 2.00%)   |    -760.71    |    1702.00    |     1697.79     |
|NM_001731_3_Homo_sapiens_BTG_ant...|   0.00   |    2     |    0.29 ( 2.00%)   |    -760.71    |    1702.00    |     1697.79     |
|XM_032170892_2_PREDICTED_Hylobat...|   0.00   |    2     |    0.29 ( 2.00%)   |    -760.71    |    1702.00    |     1697.79     |
|XM_033221091_1_PREDICTED_Trachyp...|   0.00   |    2     |    0.25 (51.00%)   |    -760.71    |    1702.00    |     1697.79     |
|XM_002752814_4_PREDICTED_Callith...|   0.00   |    2     |    0.25 ( 2.00%)   |    -760.71    |    1702.00    |     1697.79     |
|XM_002823578_4_PREDICTED_Pongo_a...|   0.00   |    2     |    0.29 ( 2.00%)   |    -760.71    |    1702.00    |     1697.79     |
|XM_010383938_2_PREDICTED_Rhinopi...|   0.00   |    2     |    0.25 (51.00%)   |    -760.71    |    1702.00    |     1697.79     |
|XM_012775241_1_PREDICTED_Microce...|   0.00   |    2     |    0.25 ( 2.00%)   |    -760.71    |    1702.00    |     1697.79     |
|XM_012031683_1_PREDICTED_Cercoce...|   0.00   |    2     |    0.29 ( 2.00%)   |    -760.71    |    1702.00    |     1697.79     |
|XM_019038967_4_PREDICTED_Gorilla...|   0.00   |    2     |    0.29 ( 2.00%)   |    -760.71    |    1702.00    |     1697.79     |
|XM_050750080_1_PREDICTED_Macaca_...|   0.00   |    2     |    0.25 (51.00%)   |    -760.71    |    1702.00    |     1697.79     |
|XM_012664017_1_PREDICTED_Propith...|   0.00   |    2     |    0.25 ( 2.00%)   |    -760.71    |    1702.00    |     1697.79     |
|XM_054444125_2_PREDICTED_Pongo_p...|   0.00   |    2     |    0.29 ( 2.00%)   |    -760.71    |    1702.00    |     1697.79     |
|XM_003783357_2_PREDICTED_Otolemu...|   0.00   |    2     |    0.25 (51.00%)   |    -760.71    |    1702.00    |     1697.79     |

### Rate class analyses summary
*  36 branches with **1** rate classes

### Annotated Tree
((XM_012469349_2_PREDICTED_Aotus_nancymaae_BTG_anti_proliferation_factor_1_BTG1_mRNA{1},XM_002752814_4_PREDICTED_Callithrix_jacchus_BTG_anti_proliferation_factor_1_BTG1_mRNA{1},XM_032297546_1_PREDICTED_Sapajus_apella_BTG_anti_proliferation_factor_1_BTG1_mRNA{1},XM_003927879_4_PREDICTED_Saimiri_boliviensis_BTG_anti_proliferation_factor_1_BTG1_mRNA{1})Node2{1},((XM_055237919_2_PREDICTED_Symphalangus_syndactylus_BTG_anti_proliferation_factor_1_BTG1_mRNA{1},XM_032170892_2_PREDICTED_Hylobates_moloch_BTG_anti_proliferation_factor_1_BTG1_mRNA{1})Node15{1},NM_001731_3_Homo_sapiens_BTG_anti_proliferation_factor_1_BTG1_mRNA{1},XM_054444125_2_PREDICTED_Pongo_pygmaeus_BTG_anti_proliferation_factor_1_BTG1_mRNA{1},XM_002823578_4_PREDICTED_Pongo_abelii_BTG_anti_proliferation_factor_1_BTG1_mRNA{1},XM_019038967_4_PREDICTED_Gorilla_gorilla_gorilla_BTG_anti_proliferation_factor_1_BTG1_mRNA{1})Node9{1},(XM_012031683_1_PREDICTED_Cercocebus_atys_B_cell_translocation_gene_1_anti_proliferative_BTG1_mRNA{1},((XM_012775241_1_PREDICTED_Microcebus_murinus_BTG_anti_proliferation_factor_1_BTG1_mRNA{1},XM_012664017_1_PREDICTED_Propithecus_coquereli_B_cell_translocation_gene_1_anti_proliferative_BTG1_mRNA{1})Node22{1},((XM_003783357_2_PREDICTED_Otolemur_garnettii_BTG_anti_proliferation_factor_1_BTG1_mRNA{1},XM_053582943_1_PREDICTED_Nycticebus_coucang_BTG_anti_proliferation_factor_1_BTG1_mRNA{1})Node26{1},(XM_069489666_1_PREDICTED_Eulemur_rufifrons_BTG_anti_proliferation_factor_1_BTG1_mRNA{1},XM_045553258_1_PREDICTED_Lemur_catta_BTG_anti_proliferation_factor_1_BTG1_mRNA{1})Node29{1})Node25{1})Node21{1})Node19{1},XM_023223561_1_PREDICTED_Piliocolobus_tephrosceles_BTG_anti_proliferation_factor_1_BTG1_mRNA{1},XM_011933701_1_PREDICTED_Colobus_angolensis_palliatus_B_cell_translocation_gene_1_anti_proliferative_BTG1_mRNA{1},(XM_025400855_1_PREDICTED_Theropithecus_gelada_BTG_anti_proliferation_factor_1_BTG1_mRNA{1},XM_003906945_4_PREDICTED_Papio_anubis_BTG_anti_proliferation_factor_1_BTG1_mRNA{1})Node36{1},NM_001266672_1_Macaca_mulatta_BTG_anti_proliferation_factor_1_BTG1_mRNA{1},XM_008004234_3_PREDICTED_Chlorocebus_sabaeus_BTG_anti_proliferation_factor_1_BTG1_mRNA{1},XM_050750080_1_PREDICTED_Macaca_thibetana_thibetana_BTG_anti_proliferation_factor_1_BTG1_mRNA{1},XM_033221091_1_PREDICTED_Trachypithecus_francoisi_BTG_anti_proliferation_factor_1_BTG1_mRNA{1},XM_010383938_2_PREDICTED_Rhinopithecus_roxellana_BTG_anti_proliferation_factor_1_BTG1_mRNA{1})

----

```
 |XM_012469349_2_PREDICTED_Aotus_nancymaae_BTG_anti_proliferation_factor_1_BTG1_mRNA (1)
 |XM_002752814_4_PREDICTED_Callithrix_jacchus_BTG_anti_proliferation_factor_1_BTG1_mRNA (1)
|+Node2 (1)
||XM_032297546_1_PREDICTED_Sapajus_apella_BTG_anti_proliferation_factor_1_BTG1_mRNA (1)
||XM_003927879_4_PREDICTED_Saimiri_boliviensis_BTG_anti_proliferation_factor_1_BTG1_mRNA (1)
| |XM_055237919_2_PREDICTED_Symphalangus_syndactylus_BTG_anti_proliferation_factor_1_BTG1_mRNA (1)
||+Node15 (1)
|||XM_032170892_2_PREDICTED_Hylobates_moloch_BTG_anti_proliferation_factor_1_BTG1_mRNA (1)
||NM_001731_3_Homo_sapiens_BTG_anti_proliferation_factor_1_BTG1_mRNA (1)
|+Node9 (1)
||XM_054444125_2_PREDICTED_Pongo_pygmaeus_BTG_anti_proliferation_factor_1_BTG1_mRNA (1)
||XM_002823578_4_PREDICTED_Pongo_abelii_BTG_anti_proliferation_factor_1_BTG1_mRNA (1)
||XM_019038967_4_PREDICTED_Gorilla_gorilla_gorilla_BTG_anti_proliferation_factor_1_BTG1_mRNA (1)
||XM_012031683_1_PREDICTED_Cercocebus_atys_B_cell_translocation_gene_1_anti_proliferative_BTG1_mRNA (1)
|+Node19 (1)
|| |XM_012775241_1_PREDICTED_Microcebus_murinus_BTG_anti_proliferation_factor_1_BTG1_mRNA (1)
|||+Node22 (1)
||||XM_012664017_1_PREDICTED_Propithecus_coquereli_B_cell_translocation_gene_1_anti_proliferative_BTG1_mRNA (1)
||+Node21 (1)
| | |XM_003783357_2_PREDICTED_Otolemur_garnettii_BTG_anti_proliferation_factor_1_BTG1_mRNA (1)
| ||+Node26 (1)
| |||XM_053582943_1_PREDICTED_Nycticebus_coucang_BTG_anti_proliferation_factor_1_BTG1_mRNA (1)
| |+Node25 (1)
|  ||XM_069489666_1_PREDICTED_Eulemur_rufifrons_BTG_anti_proliferation_factor_1_BTG1_mRNA (1)
|  |+Node29 (1)
|   |XM_045553258_1_PREDICTED_Lemur_catta_BTG_anti_proliferation_factor_1_BTG1_mRNA (1)
|XM_023223561_1_PREDICTED_Piliocolobus_tephrosceles_BTG_anti_proliferation_factor_1_BTG1_mRNA (1)
|XM_011933701_1_PREDICTED_Colobus_angolensis_palliatus_B_cell_translocation_gene_1_anti_proliferative_BTG1_mRNA (1)
||XM_025400855_1_PREDICTED_Theropithecus_gelada_BTG_anti_proliferation_factor_1_BTG1_mRNA (1)
|+Node36 (1)
||XM_003906945_4_PREDICTED_Papio_anubis_BTG_anti_proliferation_factor_1_BTG1_mRNA (1)
|NM_001266672_1_Macaca_mulatta_BTG_anti_proliferation_factor_1_BTG1_mRNA (1)
|XM_008004234_3_PREDICTED_Chlorocebus_sabaeus_BTG_anti_proliferation_factor_1_BTG1_mRNA (1)
|XM_050750080_1_PREDICTED_Macaca_thibetana_thibetana_BTG_anti_proliferation_factor_1_BTG1_mRNA (1)
|XM_033221091_1_PREDICTED_Trachypithecus_francoisi_BTG_anti_proliferation_factor_1_BTG1_mRNA (1)
|XM_010383938_2_PREDICTED_Rhinopithecus_roxellana_BTG_anti_proliferation_factor_1_BTG1_mRNA (1)
```


### Improving parameter estimates of the adaptive rate class model
* Log(L) =  -759.41, AIC-c =  1695.19 (86 estimated parameters)

### Testing selected branches for selection

|              Branch               |  Rates   |     Max. dN/dS     | Sites @ EBF>=100 |      Test LRT      |Uncorrected p-value |
|-----------------------------------|----------|--------------------|------------------|--------------------|--------------------|
|XM_053582943_1_PREDICTED_Nyctice...|     1    |   0.09 (100.00%)   |       N/A        |        0.00        |       1.00000      |
|              Node21               |     1    |   0.00 (100.00%)   |       N/A        |        0.00        |       1.00000      |
|              Node26               |     1    |   0.00 (100.00%)   |       N/A        |        0.00        |       1.00000      |
|XM_045553258_1_PREDICTED_Lemur_c...|     1    |   0.00 (100.00%)   |       N/A        |        0.00        |       1.00000      |
|              Node15               |     1    |   0.00 (100.00%)   |       N/A        |        0.00        |       1.00000      |
|               Node2               |     1    |   0.38 (100.00%)   |       N/A        |        0.00        |       1.00000      |
|XM_008004234_3_PREDICTED_Chloroc...|     1    |   0.00 (100.00%)   |       N/A        |        0.00        |       1.00000      |
|              Node25               |     1    |   0.00 (100.00%)   |       N/A        |        0.00        |       1.00000      |
|NM_001266672_1_Macaca_mulatta_BT...|     1    |   0.00 (100.00%)   |       N/A        |        0.00        |       1.00000      |
|              Node29               |     1    |   0.00 (100.00%)   |       N/A        |        0.00        |       1.00000      |
|              Node36               |     1    |   0.00 (100.00%)   |       N/A        |        0.00        |       1.00000      |
|XM_025400855_1_PREDICTED_Theropi...|     1    |   0.00 (100.00%)   |       N/A        |        0.00        |       1.00000      |
|XM_055237919_2_PREDICTED_Symphal...|     1    |   0.00 (100.00%)   |       N/A        |        0.00        |       1.00000      |
|              Node19               |     1    |   0.00 (100.00%)   |       N/A        |        0.00        |       1.00000      |
|               Node9               |     1    |   0.00 (100.00%)   |       N/A        |        0.00        |       1.00000      |
|              Node22               |     1    |   0.00 (100.00%)   |       N/A        |        0.00        |       1.00000      |
|XM_032297546_1_PREDICTED_Sapajus...|     1    |   0.00 (100.00%)   |       N/A        |        0.00        |       1.00000      |
|XM_012469349_2_PREDICTED_Aotus_n...|     1    |   0.00 (100.00%)   |       N/A        |        0.00        |       1.00000      |
|XM_003927879_4_PREDICTED_Saimiri...|     1    |   0.00 (100.00%)   |       N/A        |        0.00        |       1.00000      |
|XM_003906945_4_PREDICTED_Papio_a...|     1    |  >1000 (100.00%)   |       N/A        |        0.64        |       0.30303      |
|XM_023223561_1_PREDICTED_Pilioco...|     1    |  >1000 (100.00%)   |       N/A        |        0.64        |       0.30200      |
|XM_011933701_1_PREDICTED_Colobus...|     1    |  >1000 (100.00%)   |       N/A        |        0.64        |       0.30181      |
|XM_069489666_1_PREDICTED_Eulemur...|     1    |   1.00 (100.00%)   |       N/A        |        0.00        |       1.00000      |
|NM_001731_3_Homo_sapiens_BTG_ant...|     1    |   1.00 (100.00%)   |       N/A        |        0.00        |       1.00000      |
|XM_032170892_2_PREDICTED_Hylobat...|     1    |   1.00 (100.00%)   |       N/A        |        0.00        |       1.00000      |
|XM_033221091_1_PREDICTED_Trachyp...|     1    |   1.00 (100.00%)   |       N/A        |        0.00        |       1.00000      |
|XM_002752814_4_PREDICTED_Callith...|     1    |   1.00 (100.00%)   |       N/A        |        0.00        |       1.00000      |
|XM_002823578_4_PREDICTED_Pongo_a...|     1    |   1.00 (100.00%)   |       N/A        |        0.00        |       1.00000      |
|XM_010383938_2_PREDICTED_Rhinopi...|     1    |   1.00 (100.00%)   |       N/A        |        0.00        |       1.00000      |
|XM_012775241_1_PREDICTED_Microce...|     1    |   1.00 (100.00%)   |       N/A        |        0.00        |       1.00000      |
|XM_012031683_1_PREDICTED_Cercoce...|     1    |   1.00 (100.00%)   |       N/A        |        0.00        |       1.00000      |
|XM_019038967_4_PREDICTED_Gorilla...|     1    |   1.00 (100.00%)   |       N/A        |        0.00        |       1.00000      |
|XM_050750080_1_PREDICTED_Macaca_...|     1    |   1.00 (100.00%)   |       N/A        |        0.00        |       1.00000      |
|XM_012664017_1_PREDICTED_Propith...|     1    |   1.00 (100.00%)   |       N/A        |        0.00        |       1.00000      |
|XM_054444125_2_PREDICTED_Pongo_p...|     1    |   1.00 (100.00%)   |       N/A        |        0.00        |       1.00000      |
|XM_003783357_2_PREDICTED_Otolemu...|     1    |   1.00 (100.00%)   |       N/A        |        0.00        |       1.00000      |
----
### Adaptive branch site random effects likelihood test 
Likelihood ratio test for episodic diversifying positive selection at Holm-Bonferroni corrected _p =   0.0500_ found **0** branches under selection among **36** tested.


### Annotated Tree
((XM_012469349_2_PREDICTED_Aotus_nancymaae_BTG_anti_proliferation_factor_1_BTG1_mRNA,XM_002752814_4_PREDICTED_Callithrix_jacchus_BTG_anti_proliferation_factor_1_BTG1_mRNA,XM_032297546_1_PREDICTED_Sapajus_apella_BTG_anti_proliferation_factor_1_BTG1_mRNA,XM_003927879_4_PREDICTED_Saimiri_boliviensis_BTG_anti_proliferation_factor_1_BTG1_mRNA)Node2,((XM_055237919_2_PREDICTED_Symphalangus_syndactylus_BTG_anti_proliferation_factor_1_BTG1_mRNA,XM_032170892_2_PREDICTED_Hylobates_moloch_BTG_anti_proliferation_factor_1_BTG1_mRNA)Node15,NM_001731_3_Homo_sapiens_BTG_anti_proliferation_factor_1_BTG1_mRNA,XM_054444125_2_PREDICTED_Pongo_pygmaeus_BTG_anti_proliferation_factor_1_BTG1_mRNA,XM_002823578_4_PREDICTED_Pongo_abelii_BTG_anti_proliferation_factor_1_BTG1_mRNA,XM_019038967_4_PREDICTED_Gorilla_gorilla_gorilla_BTG_anti_proliferation_factor_1_BTG1_mRNA)Node9,(XM_012031683_1_PREDICTED_Cercocebus_atys_B_cell_translocation_gene_1_anti_proliferative_BTG1_mRNA,((XM_012775241_1_PREDICTED_Microcebus_murinus_BTG_anti_proliferation_factor_1_BTG1_mRNA,XM_012664017_1_PREDICTED_Propithecus_coquereli_B_cell_translocation_gene_1_anti_proliferative_BTG1_mRNA)Node22,((XM_003783357_2_PREDICTED_Otolemur_garnettii_BTG_anti_proliferation_factor_1_BTG1_mRNA,XM_053582943_1_PREDICTED_Nycticebus_coucang_BTG_anti_proliferation_factor_1_BTG1_mRNA)Node26,(XM_069489666_1_PREDICTED_Eulemur_rufifrons_BTG_anti_proliferation_factor_1_BTG1_mRNA,XM_045553258_1_PREDICTED_Lemur_catta_BTG_anti_proliferation_factor_1_BTG1_mRNA)Node29)Node25)Node21)Node19,XM_023223561_1_PREDICTED_Piliocolobus_tephrosceles_BTG_anti_proliferation_factor_1_BTG1_mRNA,XM_011933701_1_PREDICTED_Colobus_angolensis_palliatus_B_cell_translocation_gene_1_anti_proliferative_BTG1_mRNA,(XM_025400855_1_PREDICTED_Theropithecus_gelada_BTG_anti_proliferation_factor_1_BTG1_mRNA,XM_003906945_4_PREDICTED_Papio_anubis_BTG_anti_proliferation_factor_1_BTG1_mRNA)Node36,NM_001266672_1_Macaca_mulatta_BTG_anti_proliferation_factor_1_BTG1_mRNA,XM_008004234_3_PREDICTED_Chlorocebus_sabaeus_BTG_anti_proliferation_factor_1_BTG1_mRNA,XM_050750080_1_PREDICTED_Macaca_thibetana_thibetana_BTG_anti_proliferation_factor_1_BTG1_mRNA,XM_033221091_1_PREDICTED_Trachypithecus_francoisi_BTG_anti_proliferation_factor_1_BTG1_mRNA,XM_010383938_2_PREDICTED_Rhinopithecus_roxellana_BTG_anti_proliferation_factor_1_BTG1_mRNA)

----

```
 |XM_012469349_2_PREDICTED_Aotus_nancymaae_BTG_anti_proliferation_factor_1_BTG1_mRNA (N.S)
 |XM_002752814_4_PREDICTED_Callithrix_jacchus_BTG_anti_proliferation_factor_1_BTG1_mRNA (N.S)
|+Node2 (N.S)
||XM_032297546_1_PREDICTED_Sapajus_apella_BTG_anti_proliferation_factor_1_BTG1_mRNA (N.S)
||XM_003927879_4_PREDICTED_Saimiri_boliviensis_BTG_anti_proliferation_factor_1_BTG1_mRNA (N.S)
| |XM_055237919_2_PREDICTED_Symphalangus_syndactylus_BTG_anti_proliferation_factor_1_BTG1_mRNA (N.S)
||+Node15 (N.S)
|||XM_032170892_2_PREDICTED_Hylobates_moloch_BTG_anti_proliferation_factor_1_BTG1_mRNA (N.S)
||NM_001731_3_Homo_sapiens_BTG_anti_proliferation_factor_1_BTG1_mRNA (N.S)
|+Node9 (N.S)
||XM_054444125_2_PREDICTED_Pongo_pygmaeus_BTG_anti_proliferation_factor_1_BTG1_mRNA (N.S)
||XM_002823578_4_PREDICTED_Pongo_abelii_BTG_anti_proliferation_factor_1_BTG1_mRNA (N.S)
||XM_019038967_4_PREDICTED_Gorilla_gorilla_gorilla_BTG_anti_proliferation_factor_1_BTG1_mRNA (N.S)
||XM_012031683_1_PREDICTED_Cercocebus_atys_B_cell_translocation_gene_1_anti_proliferative_BTG1_mRNA (N.S)
|+Node19 (N.S)
|| |XM_012775241_1_PREDICTED_Microcebus_murinus_BTG_anti_proliferation_factor_1_BTG1_mRNA (N.S)
|||+Node22 (N.S)
||||XM_012664017_1_PREDICTED_Propithecus_coquereli_B_cell_translocation_gene_1_anti_proliferative_BTG1_mRNA (N.S)
||+Node21 (N.S)
| | |XM_003783357_2_PREDICTED_Otolemur_garnettii_BTG_anti_proliferation_factor_1_BTG1_mRNA (N.S)
| ||+Node26 (N.S)
| |||XM_053582943_1_PREDICTED_Nycticebus_coucang_BTG_anti_proliferation_factor_1_BTG1_mRNA (N.S)
| |+Node25 (N.S)
|  ||XM_069489666_1_PREDICTED_Eulemur_rufifrons_BTG_anti_proliferation_factor_1_BTG1_mRNA (N.S)
|  |+Node29 (N.S)
|   |XM_045553258_1_PREDICTED_Lemur_catta_BTG_anti_proliferation_factor_1_BTG1_mRNA (N.S)
|XM_023223561_1_PREDICTED_Piliocolobus_tephrosceles_BTG_anti_proliferation_factor_1_BTG1_mRNA (N.S)
|XM_011933701_1_PREDICTED_Colobus_angolensis_palliatus_B_cell_translocation_gene_1_anti_proliferative_BTG1_mRNA (N.S)
||XM_025400855_1_PREDICTED_Theropithecus_gelada_BTG_anti_proliferation_factor_1_BTG1_mRNA (N.S)
|+Node36 (N.S)
||XM_003906945_4_PREDICTED_Papio_anubis_BTG_anti_proliferation_factor_1_BTG1_mRNA (N.S)
|NM_001266672_1_Macaca_mulatta_BTG_anti_proliferation_factor_1_BTG1_mRNA (N.S)
|XM_008004234_3_PREDICTED_Chlorocebus_sabaeus_BTG_anti_proliferation_factor_1_BTG1_mRNA (N.S)
|XM_050750080_1_PREDICTED_Macaca_thibetana_thibetana_BTG_anti_proliferation_factor_1_BTG1_mRNA (N.S)
|XM_033221091_1_PREDICTED_Trachypithecus_francoisi_BTG_anti_proliferation_factor_1_BTG1_mRNA (N.S)
|XM_010383938_2_PREDICTED_Rhinopithecus_roxellana_BTG_anti_proliferation_factor_1_BTG1_mRNA (N.S)
```



