
Analysis Description
--------------------
aBSREL (Adaptive branch-site random effects likelihood) uses an adaptive
random effects branch-site model framework to test whether each branch
has evolved under positive selection, using a procedure which infers an
optimal number of rate categories per branch. v2.2 adds support for
multiple-hit models. v2.3 adds support for SRV. v2.5 adds support for
ancestral state reconstruction, identification of sites contributing to
selection signal, and some diagnostics. v2.6 adds tree reports and ASCII
art

- __Requirements__: in-frame codon alignment and a phylogenetic tree

- __Citation__:  Less Is More: An Adaptive Branch-Site Random Effects Model for
Efficient Detection of Episodic Diversifying Selection (2015). Mol Biol
Evol 32 (5): 1342-1353. 

- __Written by__: Sergei L Kosakovsky Pond, Ben Murrell, Steven Weaver and Temple iGEM /
UCSD viral evolution group

- __Contact Information__: spond@temple.edu

- __Analysis Version__: 2.6

[Advanced option] Bag of little bootstrap alignment resampling rate (permissible range = [0.01,1], default value = 1): blb: 1

>code => Universal

-------
>[WARNING]
'/Users/alex/Documents/AOC-dev/results/Primate_TP53/Primate_TP53.1.codon.fas'
contains 30 duplicate sequences. Identical sequences do not contribute
any information to the analysis and only slow down computation. Please
consider removing duplicate or 'nearly' duplicate sequences, e.g. using
https://github.com/veg/hyphy-analyses/tree/master/remove-duplicates
prior to running selection analyses
-------
/Users/alex/Documents/AOC-dev/results/Primate_TP53/Primate_TP53.1.codon.fas.FastTree.treefile
results/Primate_TP53/Primate_TP53.1.codon.fas.FastTree.treefile

>Loaded a multiple sequence alignment with **34** sequences, **87** codons, and **1** partitions from `/Users/alex/Documents/AOC-dev/results/Primate_TP53/Primate_TP53.1.codon.fas`

>branches => All

>multiple-hits => None

>srv => No


### * Selected 36 branches for testing: `NM_000546_6_Homo_sapiens_tumor_protein_p53_TP53_transcript_variant_1_mRNA, XM_030800485_1_PREDICTED_Nomascus_leucogenys_tumor_protein_p53_TP53_mRNA, XM_055256596_2_PREDICTED_Symphalangus_syndactylus_tumor_protein_p53_TP53_transcript_variant_X1_mRNA, XM_032139337_3_PREDICTED_Hylobates_moloch_tumor_protein_p53_TP53_mRNA, XM_002826974_6_PREDICTED_Pongo_abelii_tumor_protein_p53_TP53_mRNA, XM_054457336_2_PREDICTED_Pongo_pygmaeus_tumor_protein_p53_TP53_mRNA, XM_016931470_3_PREDICTED_Pan_troglodytes_tumor_protein_p53_TP53_transcript_variant_X1_mRNA, XM_057300362_2_PREDICTED_Pan_paniscus_tumor_protein_p53_TP53_transcript_variant_X1_mRNA, NM_001047151_2_Macaca_mulatta_tumor_protein_p53_TP53_mRNA, XM_003912272_5_PREDICTED_Papio_anubis_tumor_protein_p53_TP53_mRNA, XM_011994540_1_PREDICTED_Mandrillus_leucophaeus_tumor_protein_p53_TP53_transcript_variant_X1_mRNA, XM_012052423_1_PREDICTED_Cercocebus_atys_tumor_protein_p53_TP53_transcript_variant_X1_mRNA, XM_025363515_1_PREDICTED_Theropithecus_gelada_tumor_protein_p53_TP53_transcript_variant_X1_mRNA, XM_010362387_1_PREDICTED_Rhinopithecus_roxellana_tumor_protein_p53_TP53_mRNA, XM_033184717_1_PREDICTED_Trachypithecus_francoisi_tumor_protein_p53_TP53_transcript_variant_X1_mRNA, XM_071082299_1_PREDICTED_Macaca_nemestrina_tumor_protein_p53_LOC105473688_mRNA, XM_023193314_2_PREDICTED_Piliocolobus_tephrosceles_tumor_protein_p53_TP53_transcript_variant_X1_mRNA, XM_011958558_1_PREDICTED_Colobus_angolensis_palliatus_tumor_protein_p53_TP53_transcript_variant_X1_mRNA, XM_008010192_2_PREDICTED_Chlorocebus_sabaeus_tumor_protein_p53_TP53_transcript_variant_X1_mRNA, XM_002747948_5_PREDICTED_Callithrix_jacchus_tumor_protein_p53_TP53_transcript_variant_X1_mRNA, XM_032280430_1_PREDICTED_Sapajus_apella_tumor_protein_p53_TP53_transcript_variant_X1_mRNA, XM_017531594_2_PREDICTED_Cebus_imitator_tumor_protein_p53_TP53_transcript_variant_X1_mRNA, XM_039476036_1_PREDICTED_Saimiri_boliviensis_boliviensis_tumor_protein_p53_TP53_transcript_variant_X1_mRNA, XM_064378361_1_PREDICTED_Aotus_nancymaae_tumor_protein_p53_TP53_transcript_variant_X1_mRNA, XM_008062341_2_PREDICTED_Carlito_syrichta_tumor_protein_p53_TP53_mRNA, XM_012776058_2_PREDICTED_Microcebus_murinus_tumor_protein_p53_TP53_transcript_variant_X1_mRNA, XM_045570131_1_PREDICTED_Lemur_catta_tumor_protein_p53_TP53_mRNA, XM_069482023_1_PREDICTED_Eulemur_rufifrons_tumor_protein_p53_TP53_transcript_variant_X1_mRNA, XM_012655616_1_PREDICTED_Propithecus_coquereli_tumor_protein_p53_TP53_mRNA, XM_053569948_1_PREDICTED_Nycticebus_coucang_tumor_protein_p53_TP53_transcript_variant_X1_mRNA, XM_012806041_2_PREDICTED_Otolemur_garnettii_tumor_protein_p53_TP53_mRNA, Node1, XM_017850544_1_PREDICTED_Rhinopithecus_bieti_tumor_protein_p53_TP53_transcript_variant_X1_mRNA, XM_050765346_1_PREDICTED_Macaca_thibetana_thibetana_tumor_protein_p53_TP53_transcript_variant_X1_mRNA, XM_063700589_1_PREDICTED_Gorilla_gorilla_gorilla_tumor_protein_p53_TP53_transcript_variant_X1_mRNA, Node34`


### Obtaining branch lengths and nucleotide substitution biases under the nucleotide GTR model

>kill-zero-lengths => Yes
* Log(L) =  -410.23, AIC-c =   908.92 (44 estimated parameters)
* 1 partition. Total tree length by partition (subs/site) 19489.536

### Fitting the baseline model with a single dN/dS class per branch, and no site-to-site variation. 
* Log(L) =  -403.77, AIC-c =   984.75 (86 estimated parameters)
* Branch-level non-synonymous/synonymous rate ratio distribution has median  0.72, and 95% of the weight in  0.21 -  6.09

### Determining the optimal number of rate classes per branch using a step up procedure

|              Branch               |  Length  |  Rates   |     Max. dN/dS     |    Log(L)     |     AIC-c     |Best AIC-c so far|
|-----------------------------------|----------|----------|--------------------|---------------|---------------|-----------------|
|XM_063700589_1_PREDICTED_Gorilla...|20864.9...|    2     |   28.00 (50.00%)   |    -403.77    |    989.00     |     984.75      |
|              Node34               |   1.34   |    2     |    0.27 (27.66%)   |    -417.91    |    1017.28    |     984.75      |
|XM_050765346_1_PREDICTED_Macaca_...|   0.33   |    2     |    0.27 ( 0.00%)   |    -403.77    |    989.00     |     984.75      |
|               Node1               |   0.24   |    2     |    0.26 ( 2.00%)   |    -403.77    |    989.00     |     984.75      |
|XM_017850544_1_PREDICTED_Rhinopi...|   0.01   |    2     |    0.29 ( 2.00%)   |    -403.77    |    989.00     |     984.75      |
|XM_045570131_1_PREDICTED_Lemur_c...|   0.00   |    2     |    0.25 ( 2.00%)   |    -403.77    |    989.00     |     984.75      |
|XM_012655616_1_PREDICTED_Propith...|   0.00   |    2     |    0.26 ( 2.00%)   |    -403.77    |    989.00     |     984.75      |
|XM_053569948_1_PREDICTED_Nyctice...|   0.00   |    2     |    0.27 (20.72%)   |    -403.77    |    989.00     |     984.75      |
|XM_064378361_1_PREDICTED_Aotus_n...|   0.00   |    2     |    0.25 ( 2.00%)   |    -403.77    |    989.00     |     984.75      |
|XM_012806041_2_PREDICTED_Otolemu...|   0.00   |    2     |    0.25 (20.72%)   |    -403.77    |    989.00     |     984.75      |
|XM_069482023_1_PREDICTED_Eulemur...|   0.00   |    2     |    0.27 ( 2.00%)   |    -403.77    |    989.00     |     984.75      |
|XM_008062341_2_PREDICTED_Carlito...|   0.00   |    2     |    0.26 ( 2.00%)   |    -403.77    |    989.00     |     984.75      |
|XM_039476036_1_PREDICTED_Saimiri...|   0.00   |    2     |    0.60 (75.00%)   |    -403.77    |    989.00     |     984.75      |
|XM_025363515_1_PREDICTED_Theropi...|   0.00   |    2     |    0.26 ( 2.00%)   |    -403.77    |    989.00     |     984.75      |
|XM_033184717_1_PREDICTED_Trachyp...|   0.00   |    2     |    0.26 ( 2.00%)   |    -403.77    |    989.00     |     984.75      |
|XM_032139337_3_PREDICTED_Hylobat...|   0.00   |    2     |    0.25 ( 2.00%)   |    -403.77    |    989.00     |     984.75      |
|XM_030800485_1_PREDICTED_Nomascu...|   0.00   |    2     |    0.26 ( 2.00%)   |    -403.77    |    989.00     |     984.75      |
|XM_055256596_2_PREDICTED_Symphal...|   0.00   |    2     |    0.26 ( 2.00%)   |    -403.77    |    989.00     |     984.75      |
|XM_011994540_1_PREDICTED_Mandril...|   0.00   |    2     |    0.27 (20.72%)   |    -403.77    |    989.00     |     984.75      |
|XM_008010192_2_PREDICTED_Chloroc...|   0.00   |    2     |    0.27 (20.72%)   |    -403.77    |    989.00     |     984.75      |
|XM_002826974_6_PREDICTED_Pongo_a...|   0.00   |    2     |    0.25 ( 2.00%)   |    -403.77    |    989.00     |     984.75      |
|XM_057300362_2_PREDICTED_Pan_pan...|   0.00   |    2     |    0.26 ( 2.00%)   |    -403.77    |    989.00     |     984.75      |
|XM_012776058_2_PREDICTED_Microce...|   0.00   |    2     |    0.27 (20.72%)   |    -403.77    |    989.00     |     984.75      |
|XM_017531594_2_PREDICTED_Cebus_i...|   0.00   |    2     |    0.27 ( 2.00%)   |    -403.77    |    989.00     |     984.75      |
|NM_001047151_2_Macaca_mulatta_tu...|   0.00   |    2     |    0.26 ( 2.00%)   |    -403.77    |    989.00     |     984.75      |
|XM_002747948_5_PREDICTED_Callith...|   0.00   |    2     |    0.26 ( 2.00%)   |    -403.77    |    989.00     |     984.75      |
|XM_016931470_3_PREDICTED_Pan_tro...|   0.00   |    2     |    0.25 ( 2.00%)   |    -403.77    |    989.00     |     984.75      |
|XM_010362387_1_PREDICTED_Rhinopi...|   0.00   |    2     |    0.26 ( 2.00%)   |    -403.77    |    989.00     |     984.75      |
|XM_054457336_2_PREDICTED_Pongo_p...|   0.00   |    2     |    0.25 ( 2.00%)   |    -403.77    |    989.00     |     984.75      |
|NM_000546_6_Homo_sapiens_tumor_p...|   0.00   |    2     |    0.26 ( 2.00%)   |    -403.77    |    989.00     |     984.75      |
|XM_011958558_1_PREDICTED_Colobus...|   0.00   |    2     |    0.25 (20.72%)   |    -403.77    |    989.00     |     984.75      |
|XM_023193314_2_PREDICTED_Pilioco...|   0.00   |    2     |    0.27 ( 2.00%)   |    -403.77    |    989.00     |     984.75      |
|XM_071082299_1_PREDICTED_Macaca_...|   0.00   |    2     |    0.26 ( 2.00%)   |    -403.77    |    989.00     |     984.75      |
|XM_012052423_1_PREDICTED_Cercoce...|   0.00   |    2     |    0.26 ( 2.00%)   |    -403.77    |    989.00     |     984.75      |
|XM_032280430_1_PREDICTED_Sapajus...|   0.00   |    2     |    0.25 (20.72%)   |    -403.77    |    989.00     |     984.75      |
|XM_003912272_5_PREDICTED_Papio_a...|   0.00   |    2     |    0.25 ( 2.00%)   |    -403.77    |    989.00     |     984.75      |

### Rate class analyses summary
*  36 branches with **1** rate classes

### Annotated Tree
((NM_000546_6_Homo_sapiens_tumor_protein_p53_TP53_transcript_variant_1_mRNA{1},XM_030800485_1_PREDICTED_Nomascus_leucogenys_tumor_protein_p53_TP53_mRNA{1},XM_055256596_2_PREDICTED_Symphalangus_syndactylus_tumor_protein_p53_TP53_transcript_variant_X1_mRNA{1},XM_032139337_3_PREDICTED_Hylobates_moloch_tumor_protein_p53_TP53_mRNA{1},XM_002826974_6_PREDICTED_Pongo_abelii_tumor_protein_p53_TP53_mRNA{1},XM_054457336_2_PREDICTED_Pongo_pygmaeus_tumor_protein_p53_TP53_mRNA{1},XM_016931470_3_PREDICTED_Pan_troglodytes_tumor_protein_p53_TP53_transcript_variant_X1_mRNA{1},XM_057300362_2_PREDICTED_Pan_paniscus_tumor_protein_p53_TP53_transcript_variant_X1_mRNA{1},NM_001047151_2_Macaca_mulatta_tumor_protein_p53_TP53_mRNA{1},XM_003912272_5_PREDICTED_Papio_anubis_tumor_protein_p53_TP53_mRNA{1},XM_011994540_1_PREDICTED_Mandrillus_leucophaeus_tumor_protein_p53_TP53_transcript_variant_X1_mRNA{1},XM_012052423_1_PREDICTED_Cercocebus_atys_tumor_protein_p53_TP53_transcript_variant_X1_mRNA{1},XM_025363515_1_PREDICTED_Theropithecus_gelada_tumor_protein_p53_TP53_transcript_variant_X1_mRNA{1},XM_010362387_1_PREDICTED_Rhinopithecus_roxellana_tumor_protein_p53_TP53_mRNA{1},XM_033184717_1_PREDICTED_Trachypithecus_francoisi_tumor_protein_p53_TP53_transcript_variant_X1_mRNA{1},XM_071082299_1_PREDICTED_Macaca_nemestrina_tumor_protein_p53_LOC105473688_mRNA{1},XM_023193314_2_PREDICTED_Piliocolobus_tephrosceles_tumor_protein_p53_TP53_transcript_variant_X1_mRNA{1},XM_011958558_1_PREDICTED_Colobus_angolensis_palliatus_tumor_protein_p53_TP53_transcript_variant_X1_mRNA{1},XM_008010192_2_PREDICTED_Chlorocebus_sabaeus_tumor_protein_p53_TP53_transcript_variant_X1_mRNA{1},XM_002747948_5_PREDICTED_Callithrix_jacchus_tumor_protein_p53_TP53_transcript_variant_X1_mRNA{1},XM_032280430_1_PREDICTED_Sapajus_apella_tumor_protein_p53_TP53_transcript_variant_X1_mRNA{1},XM_017531594_2_PREDICTED_Cebus_imitator_tumor_protein_p53_TP53_transcript_variant_X1_mRNA{1},XM_039476036_1_PREDICTED_Saimiri_boliviensis_boliviensis_tumor_protein_p53_TP53_transcript_variant_X1_mRNA{1},XM_064378361_1_PREDICTED_Aotus_nancymaae_tumor_protein_p53_TP53_transcript_variant_X1_mRNA{1},XM_008062341_2_PREDICTED_Carlito_syrichta_tumor_protein_p53_TP53_mRNA{1},XM_012776058_2_PREDICTED_Microcebus_murinus_tumor_protein_p53_TP53_transcript_variant_X1_mRNA{1},XM_045570131_1_PREDICTED_Lemur_catta_tumor_protein_p53_TP53_mRNA{1},XM_069482023_1_PREDICTED_Eulemur_rufifrons_tumor_protein_p53_TP53_transcript_variant_X1_mRNA{1},XM_012655616_1_PREDICTED_Propithecus_coquereli_tumor_protein_p53_TP53_mRNA{1},XM_053569948_1_PREDICTED_Nycticebus_coucang_tumor_protein_p53_TP53_transcript_variant_X1_mRNA{1},XM_012806041_2_PREDICTED_Otolemur_garnettii_tumor_protein_p53_TP53_mRNA{1})Node1{1},XM_017850544_1_PREDICTED_Rhinopithecus_bieti_tumor_protein_p53_TP53_transcript_variant_X1_mRNA{1},(XM_050765346_1_PREDICTED_Macaca_thibetana_thibetana_tumor_protein_p53_TP53_transcript_variant_X1_mRNA{1},XM_063700589_1_PREDICTED_Gorilla_gorilla_gorilla_tumor_protein_p53_TP53_transcript_variant_X1_mRNA{1})Node34{1})

----

```
 |NM_000546_6_Homo_sapiens_tumor_protein_p53_TP53_transcript_variant_1_mRNA (1)
 |XM_030800485_1_PREDICTED_Nomascus_leucogenys_tumor_protein_p53_TP53_mRNA (1)
 |XM_055256596_2_PREDICTED_Symphalangus_syndactylus_tumor_protein_p53_TP53_transcript_variant_X1_mRNA (1)
 |XM_032139337_3_PREDICTED_Hylobates_moloch_tumor_protein_p53_TP53_mRNA (1)
 |XM_002826974_6_PREDICTED_Pongo_abelii_tumor_protein_p53_TP53_mRNA (1)
 |XM_054457336_2_PREDICTED_Pongo_pygmaeus_tumor_protein_p53_TP53_mRNA (1)
 |XM_016931470_3_PREDICTED_Pan_troglodytes_tumor_protein_p53_TP53_transcript_variant_X1_mRNA (1)
 |XM_057300362_2_PREDICTED_Pan_paniscus_tumor_protein_p53_TP53_transcript_variant_X1_mRNA (1)
 |NM_001047151_2_Macaca_mulatta_tumor_protein_p53_TP53_mRNA (1)
 |XM_003912272_5_PREDICTED_Papio_anubis_tumor_protein_p53_TP53_mRNA (1)
 |XM_011994540_1_PREDICTED_Mandrillus_leucophaeus_tumor_protein_p53_TP53_transcript_variant_X1_mRNA (1)
 |XM_012052423_1_PREDICTED_Cercocebus_atys_tumor_protein_p53_TP53_transcript_variant_X1_mRNA (1)
 |XM_025363515_1_PREDICTED_Theropithecus_gelada_tumor_protein_p53_TP53_transcript_variant_X1_mRNA (1)
 |XM_010362387_1_PREDICTED_Rhinopithecus_roxellana_tumor_protein_p53_TP53_mRNA (1)
 |XM_033184717_1_PREDICTED_Trachypithecus_francoisi_tumor_protein_p53_TP53_transcript_variant_X1_mRNA (1)
|+Node1 (1)
||XM_071082299_1_PREDICTED_Macaca_nemestrina_tumor_protein_p53_LOC105473688_mRNA (1)
||XM_023193314_2_PREDICTED_Piliocolobus_tephrosceles_tumor_protein_p53_TP53_transcript_variant_X1_mRNA (1)
||XM_011958558_1_PREDICTED_Colobus_angolensis_palliatus_tumor_protein_p53_TP53_transcript_variant_X1_mRNA (1)
||XM_008010192_2_PREDICTED_Chlorocebus_sabaeus_tumor_protein_p53_TP53_transcript_variant_X1_mRNA (1)
||XM_002747948_5_PREDICTED_Callithrix_jacchus_tumor_protein_p53_TP53_transcript_variant_X1_mRNA (1)
||XM_032280430_1_PREDICTED_Sapajus_apella_tumor_protein_p53_TP53_transcript_variant_X1_mRNA (1)
||XM_017531594_2_PREDICTED_Cebus_imitator_tumor_protein_p53_TP53_transcript_variant_X1_mRNA (1)
||XM_039476036_1_PREDICTED_Saimiri_boliviensis_boliviensis_tumor_protein_p53_TP53_transcript_variant_X1_mRNA (1)
||XM_064378361_1_PREDICTED_Aotus_nancymaae_tumor_protein_p53_TP53_transcript_variant_X1_mRNA (1)
||XM_008062341_2_PREDICTED_Carlito_syrichta_tumor_protein_p53_TP53_mRNA (1)
||XM_012776058_2_PREDICTED_Microcebus_murinus_tumor_protein_p53_TP53_transcript_variant_X1_mRNA (1)
||XM_045570131_1_PREDICTED_Lemur_catta_tumor_protein_p53_TP53_mRNA (1)
||XM_069482023_1_PREDICTED_Eulemur_rufifrons_tumor_protein_p53_TP53_transcript_variant_X1_mRNA (1)
||XM_012655616_1_PREDICTED_Propithecus_coquereli_tumor_protein_p53_TP53_mRNA (1)
||XM_053569948_1_PREDICTED_Nycticebus_coucang_tumor_protein_p53_TP53_transcript_variant_X1_mRNA (1)
||XM_012806041_2_PREDICTED_Otolemur_garnettii_tumor_protein_p53_TP53_mRNA (1)
|XM_017850544_1_PREDICTED_Rhinopithecus_bieti_tumor_protein_p53_TP53_transcript_variant_X1_mRNA (1)
||XM_050765346_1_PREDICTED_Macaca_thibetana_thibetana_tumor_protein_p53_TP53_transcript_variant_X1_mRNA (1)
|+Node34 (1)
 |XM_063700589_1_PREDICTED_Gorilla_gorilla_gorilla_tumor_protein_p53_TP53_transcript_variant_X1_mRNA (1)
```


### Improving parameter estimates of the adaptive rate class model
* Log(L) =  -403.57, AIC-c =   984.34 (86 estimated parameters)

### Testing selected branches for selection

|              Branch               |  Rates   |     Max. dN/dS     | Sites @ EBF>=100 |      Test LRT      |Uncorrected p-value |
|-----------------------------------|----------|--------------------|------------------|--------------------|--------------------|
|XM_063700589_1_PREDICTED_Gorilla...|     1    |   1.00 (100.00%)   |       N/A        |        0.00        |       1.00000      |
|              Node34               |     1    |  >1000 (100.00%)   |       N/A        |        0.08        |       0.44288      |
|XM_050765346_1_PREDICTED_Macaca_...|     1    |   0.00 (100.00%)   |       N/A        |        0.00        |       1.00000      |
|               Node1               |     1    |   1.00 (100.00%)   |       N/A        |        0.00        |       1.00000      |
|XM_017850544_1_PREDICTED_Rhinopi...|     1    |   1.00 (100.00%)   |       N/A        |        0.00        |       1.00000      |
|XM_045570131_1_PREDICTED_Lemur_c...|     1    |   1.00 (100.00%)   |       N/A        |        0.00        |       1.00000      |
|XM_012655616_1_PREDICTED_Propith...|     1    |   1.39 (100.00%)   |       N/A        |       -0.00        |       0.50000      |
|XM_053569948_1_PREDICTED_Nyctice...|     1    |   2.37 (100.00%)   |       N/A        |       -0.00        |       0.50000      |
|XM_064378361_1_PREDICTED_Aotus_n...|     1    |   1.00 (100.00%)   |       N/A        |        0.00        |       1.00000      |
|XM_012806041_2_PREDICTED_Otolemu...|     1    |   1.00 (100.00%)   |       N/A        |       -0.00        |       0.50000      |
|XM_069482023_1_PREDICTED_Eulemur...|     1    |   1.09 (100.00%)   |       N/A        |       -0.00        |       0.50000      |
|XM_008062341_2_PREDICTED_Carlito...|     1    |   1.00 (100.00%)   |       N/A        |        0.00        |       1.00000      |
|XM_039476036_1_PREDICTED_Saimiri...|     1    |   0.46 (100.00%)   |       N/A        |        0.00        |       1.00000      |
|XM_025363515_1_PREDICTED_Theropi...|     1    |   0.58 (100.00%)   |       N/A        |        0.00        |       1.00000      |
|XM_033184717_1_PREDICTED_Trachyp...|     1    |   0.04 (100.00%)   |       N/A        |        0.00        |       1.00000      |
|XM_032139337_3_PREDICTED_Hylobat...|     1    |   0.73 (100.00%)   |       N/A        |        0.00        |       1.00000      |
|XM_030800485_1_PREDICTED_Nomascu...|     1    |   1.05 (100.00%)   |       N/A        |       -0.00        |       0.50000      |
|XM_055256596_2_PREDICTED_Symphal...|     1    |   8.34 (100.00%)   |       N/A        |       -0.00        |       0.50000      |
|XM_011994540_1_PREDICTED_Mandril...|     1    |   8.71 (100.00%)   |       N/A        |       -0.00        |       0.50000      |
|XM_008010192_2_PREDICTED_Chloroc...|     1    |   0.23 (100.00%)   |       N/A        |        0.00        |       1.00000      |
|XM_002826974_6_PREDICTED_Pongo_a...|     1    |   0.04 (100.00%)   |       N/A        |        0.00        |       1.00000      |
|XM_057300362_2_PREDICTED_Pan_pan...|     1    |   0.60 (100.00%)   |       N/A        |        0.00        |       1.00000      |
|XM_012776058_2_PREDICTED_Microce...|     1    |   0.04 (100.00%)   |       N/A        |        0.00        |       1.00000      |
|XM_017531594_2_PREDICTED_Cebus_i...|     1    |   0.01 (100.00%)   |       N/A        |        0.00        |       1.00000      |
|NM_001047151_2_Macaca_mulatta_tu...|     1    |   0.24 (100.00%)   |       N/A        |        0.00        |       1.00000      |
|XM_002747948_5_PREDICTED_Callith...|     1    |  11.07 (100.00%)   |       N/A        |       -0.00        |       0.50000      |
|XM_016931470_3_PREDICTED_Pan_tro...|     1    |  10.49 (100.00%)   |       N/A        |       -0.00        |       0.50000      |
|XM_010362387_1_PREDICTED_Rhinopi...|     1    |  11.07 (100.00%)   |       N/A        |       -0.00        |       0.50000      |
|XM_054457336_2_PREDICTED_Pongo_p...|     1    |  10.19 (100.00%)   |       N/A        |       -0.00        |       0.50000      |
|NM_000546_6_Homo_sapiens_tumor_p...|     1    |   0.36 (100.00%)   |       N/A        |        0.00        |       1.00000      |
|XM_011958558_1_PREDICTED_Colobus...|     1    |   0.13 (100.00%)   |       N/A        |        0.00        |       1.00000      |
|XM_023193314_2_PREDICTED_Pilioco...|     1    |   0.20 (100.00%)   |       N/A        |        0.00        |       1.00000      |
|XM_071082299_1_PREDICTED_Macaca_...|     1    |   0.00 (100.00%)   |       N/A        |        0.00        |       1.00000      |
|XM_012052423_1_PREDICTED_Cercoce...|     1    |   0.00 (100.00%)   |       N/A        |        0.00        |       1.00000      |
|XM_032280430_1_PREDICTED_Sapajus...|     1    |   0.01 (100.00%)   |       N/A        |        0.00        |       1.00000      |
|XM_003912272_5_PREDICTED_Papio_a...|     1    |   9.87 (100.00%)   |       N/A        |       -0.00        |       0.50000      |
----
### Adaptive branch site random effects likelihood test 
Likelihood ratio test for episodic diversifying positive selection at Holm-Bonferroni corrected _p =   0.0500_ found **0** branches under selection among **36** tested.


### Annotated Tree
((NM_000546_6_Homo_sapiens_tumor_protein_p53_TP53_transcript_variant_1_mRNA,XM_030800485_1_PREDICTED_Nomascus_leucogenys_tumor_protein_p53_TP53_mRNA,XM_055256596_2_PREDICTED_Symphalangus_syndactylus_tumor_protein_p53_TP53_transcript_variant_X1_mRNA,XM_032139337_3_PREDICTED_Hylobates_moloch_tumor_protein_p53_TP53_mRNA,XM_002826974_6_PREDICTED_Pongo_abelii_tumor_protein_p53_TP53_mRNA,XM_054457336_2_PREDICTED_Pongo_pygmaeus_tumor_protein_p53_TP53_mRNA,XM_016931470_3_PREDICTED_Pan_troglodytes_tumor_protein_p53_TP53_transcript_variant_X1_mRNA,XM_057300362_2_PREDICTED_Pan_paniscus_tumor_protein_p53_TP53_transcript_variant_X1_mRNA,NM_001047151_2_Macaca_mulatta_tumor_protein_p53_TP53_mRNA,XM_003912272_5_PREDICTED_Papio_anubis_tumor_protein_p53_TP53_mRNA,XM_011994540_1_PREDICTED_Mandrillus_leucophaeus_tumor_protein_p53_TP53_transcript_variant_X1_mRNA,XM_012052423_1_PREDICTED_Cercocebus_atys_tumor_protein_p53_TP53_transcript_variant_X1_mRNA,XM_025363515_1_PREDICTED_Theropithecus_gelada_tumor_protein_p53_TP53_transcript_variant_X1_mRNA,XM_010362387_1_PREDICTED_Rhinopithecus_roxellana_tumor_protein_p53_TP53_mRNA,XM_033184717_1_PREDICTED_Trachypithecus_francoisi_tumor_protein_p53_TP53_transcript_variant_X1_mRNA,XM_071082299_1_PREDICTED_Macaca_nemestrina_tumor_protein_p53_LOC105473688_mRNA,XM_023193314_2_PREDICTED_Piliocolobus_tephrosceles_tumor_protein_p53_TP53_transcript_variant_X1_mRNA,XM_011958558_1_PREDICTED_Colobus_angolensis_palliatus_tumor_protein_p53_TP53_transcript_variant_X1_mRNA,XM_008010192_2_PREDICTED_Chlorocebus_sabaeus_tumor_protein_p53_TP53_transcript_variant_X1_mRNA,XM_002747948_5_PREDICTED_Callithrix_jacchus_tumor_protein_p53_TP53_transcript_variant_X1_mRNA,XM_032280430_1_PREDICTED_Sapajus_apella_tumor_protein_p53_TP53_transcript_variant_X1_mRNA,XM_017531594_2_PREDICTED_Cebus_imitator_tumor_protein_p53_TP53_transcript_variant_X1_mRNA,XM_039476036_1_PREDICTED_Saimiri_boliviensis_boliviensis_tumor_protein_p53_TP53_transcript_variant_X1_mRNA,XM_064378361_1_PREDICTED_Aotus_nancymaae_tumor_protein_p53_TP53_transcript_variant_X1_mRNA,XM_008062341_2_PREDICTED_Carlito_syrichta_tumor_protein_p53_TP53_mRNA,XM_012776058_2_PREDICTED_Microcebus_murinus_tumor_protein_p53_TP53_transcript_variant_X1_mRNA,XM_045570131_1_PREDICTED_Lemur_catta_tumor_protein_p53_TP53_mRNA,XM_069482023_1_PREDICTED_Eulemur_rufifrons_tumor_protein_p53_TP53_transcript_variant_X1_mRNA,XM_012655616_1_PREDICTED_Propithecus_coquereli_tumor_protein_p53_TP53_mRNA,XM_053569948_1_PREDICTED_Nycticebus_coucang_tumor_protein_p53_TP53_transcript_variant_X1_mRNA,XM_012806041_2_PREDICTED_Otolemur_garnettii_tumor_protein_p53_TP53_mRNA)Node1,XM_017850544_1_PREDICTED_Rhinopithecus_bieti_tumor_protein_p53_TP53_transcript_variant_X1_mRNA,(XM_050765346_1_PREDICTED_Macaca_thibetana_thibetana_tumor_protein_p53_TP53_transcript_variant_X1_mRNA,XM_063700589_1_PREDICTED_Gorilla_gorilla_gorilla_tumor_protein_p53_TP53_transcript_variant_X1_mRNA)Node34)

----

```
 |NM_000546_6_Homo_sapiens_tumor_protein_p53_TP53_transcript_variant_1_mRNA (N.S)
 |XM_030800485_1_PREDICTED_Nomascus_leucogenys_tumor_protein_p53_TP53_mRNA (N.S)
 |XM_055256596_2_PREDICTED_Symphalangus_syndactylus_tumor_protein_p53_TP53_transcript_variant_X1_mRNA (N.S)
 |XM_032139337_3_PREDICTED_Hylobates_moloch_tumor_protein_p53_TP53_mRNA (N.S)
 |XM_002826974_6_PREDICTED_Pongo_abelii_tumor_protein_p53_TP53_mRNA (N.S)
 |XM_054457336_2_PREDICTED_Pongo_pygmaeus_tumor_protein_p53_TP53_mRNA (N.S)
 |XM_016931470_3_PREDICTED_Pan_troglodytes_tumor_protein_p53_TP53_transcript_variant_X1_mRNA (N.S)
 |XM_057300362_2_PREDICTED_Pan_paniscus_tumor_protein_p53_TP53_transcript_variant_X1_mRNA (N.S)
 |NM_001047151_2_Macaca_mulatta_tumor_protein_p53_TP53_mRNA (N.S)
 |XM_003912272_5_PREDICTED_Papio_anubis_tumor_protein_p53_TP53_mRNA (N.S)
 |XM_011994540_1_PREDICTED_Mandrillus_leucophaeus_tumor_protein_p53_TP53_transcript_variant_X1_mRNA (N.S)
 |XM_012052423_1_PREDICTED_Cercocebus_atys_tumor_protein_p53_TP53_transcript_variant_X1_mRNA (N.S)
 |XM_025363515_1_PREDICTED_Theropithecus_gelada_tumor_protein_p53_TP53_transcript_variant_X1_mRNA (N.S)
 |XM_010362387_1_PREDICTED_Rhinopithecus_roxellana_tumor_protein_p53_TP53_mRNA (N.S)
 |XM_033184717_1_PREDICTED_Trachypithecus_francoisi_tumor_protein_p53_TP53_transcript_variant_X1_mRNA (N.S)
|+Node1 (N.S)
||XM_071082299_1_PREDICTED_Macaca_nemestrina_tumor_protein_p53_LOC105473688_mRNA (N.S)
||XM_023193314_2_PREDICTED_Piliocolobus_tephrosceles_tumor_protein_p53_TP53_transcript_variant_X1_mRNA (N.S)
||XM_011958558_1_PREDICTED_Colobus_angolensis_palliatus_tumor_protein_p53_TP53_transcript_variant_X1_mRNA (N.S)
||XM_008010192_2_PREDICTED_Chlorocebus_sabaeus_tumor_protein_p53_TP53_transcript_variant_X1_mRNA (N.S)
||XM_002747948_5_PREDICTED_Callithrix_jacchus_tumor_protein_p53_TP53_transcript_variant_X1_mRNA (N.S)
||XM_032280430_1_PREDICTED_Sapajus_apella_tumor_protein_p53_TP53_transcript_variant_X1_mRNA (N.S)
||XM_017531594_2_PREDICTED_Cebus_imitator_tumor_protein_p53_TP53_transcript_variant_X1_mRNA (N.S)
||XM_039476036_1_PREDICTED_Saimiri_boliviensis_boliviensis_tumor_protein_p53_TP53_transcript_variant_X1_mRNA (N.S)
||XM_064378361_1_PREDICTED_Aotus_nancymaae_tumor_protein_p53_TP53_transcript_variant_X1_mRNA (N.S)
||XM_008062341_2_PREDICTED_Carlito_syrichta_tumor_protein_p53_TP53_mRNA (N.S)
||XM_012776058_2_PREDICTED_Microcebus_murinus_tumor_protein_p53_TP53_transcript_variant_X1_mRNA (N.S)
||XM_045570131_1_PREDICTED_Lemur_catta_tumor_protein_p53_TP53_mRNA (N.S)
||XM_069482023_1_PREDICTED_Eulemur_rufifrons_tumor_protein_p53_TP53_transcript_variant_X1_mRNA (N.S)
||XM_012655616_1_PREDICTED_Propithecus_coquereli_tumor_protein_p53_TP53_mRNA (N.S)
||XM_053569948_1_PREDICTED_Nycticebus_coucang_tumor_protein_p53_TP53_transcript_variant_X1_mRNA (N.S)
||XM_012806041_2_PREDICTED_Otolemur_garnettii_tumor_protein_p53_TP53_mRNA (N.S)
|XM_017850544_1_PREDICTED_Rhinopithecus_bieti_tumor_protein_p53_TP53_transcript_variant_X1_mRNA (N.S)
||XM_050765346_1_PREDICTED_Macaca_thibetana_thibetana_tumor_protein_p53_TP53_transcript_variant_X1_mRNA (N.S)
|+Node34 (N.S)
 |XM_063700589_1_PREDICTED_Gorilla_gorilla_gorilla_tumor_protein_p53_TP53_transcript_variant_X1_mRNA (N.S)
```



