FastTree Version 2.1.11 Double precision (No SSE3), OpenMP (1 threads)
Alignment: results/Primate_TP53/Primate_TP53.3.codon.fas
Nucleotide distances: Jukes-Cantor Joins: balanced Support: SH-like 1000
Search: Normal +NNI +SPR (2 rounds range 10) +ML-NNI opt-each=1
TopHits: 1.00*sqrtN close=default refresh=0.80
ML Model: Generalized Time-Reversible, CAT approximation with 20 rate categories
Initial topology in 0.00 seconds
Refining topology: 19 rounds ME-NNIs, 2 rounds ME-SPRs, 10 rounds ML-NNIs
Total branch-length 1.024 after 0.01 sec
ML-NNI round 1: LogLk = -1335.589 NNIs 4 max delta 0.93 Time 0.02
GTR Frequencies: 0.2187 0.3597 0.2187 0.2030
GTR rates(ac ag at cg ct gt) 2.3429 7.5507 1.4162 1.5755 6.0401 1.0000
Switched to using 20 rate categories (CAT approximation)
Rate categories were divided by 0.743 so that average rate = 1.0
CAT-based log-likelihoods may not be comparable across runs
Use -gamma for approximate but comparable Gamma(20) log-likelihoods
ML-NNI round 2: LogLk = -1215.212 NNIs 2 max delta 0.00 Time 0.05
Turning off heuristics for final round of ML NNIs (converged)
ML-NNI round 3: LogLk = -1215.211 NNIs 0 max delta 0.00 Time 0.06 (final)
Optimize all lengths: LogLk = -1215.211 Time 0.06
Total time: 0.08 seconds Unique: 28/34 Bad splits: 0/25
