
Analysis Description
--------------------
aBSREL (Adaptive branch-site random effects likelihood) uses an adaptive
random effects branch-site model framework to test whether each branch
has evolved under positive selection, using a procedure which infers an
optimal number of rate categories per branch. v2.2 adds support for
multiple-hit models. v2.3 adds support for SRV. v2.5 adds support for
ancestral state reconstruction, identification of sites contributing to
selection signal, and some diagnostics. v2.6 adds tree reports and ASCII
art

- __Requirements__: in-frame codon alignment and a phylogenetic tree

- __Citation__:  Less Is More: An Adaptive Branch-Site Random Effects Model for
Efficient Detection of Episodic Diversifying Selection (2015). Mol Biol
Evol 32 (5): 1342-1353. 

- __Written by__: Sergei L Kosakovsky Pond, Ben Murrell, Steven Weaver and Temple iGEM /
UCSD viral evolution group

- __Contact Information__: spond@temple.edu

- __Analysis Version__: 2.6

[Advanced option] Bag of little bootstrap alignment resampling rate (permissible range = [0.01,1], default value = 1): blb: 1

>code => Universal

-------
>[WARNING]
'/Users/alex/Documents/AOC-dev/results/Primate_TP53/Primate_TP53.5.codon.fas'
contains 17 duplicate sequences. Identical sequences do not contribute
any information to the analysis and only slow down computation. Please
consider removing duplicate or 'nearly' duplicate sequences, e.g. using
https://github.com/veg/hyphy-analyses/tree/master/remove-duplicates
prior to running selection analyses
-------
/Users/alex/Documents/AOC-dev/results/Primate_TP53/Primate_TP53.5.codon.fas.FastTree.treefile
results/Primate_TP53/Primate_TP53.5.codon.fas.FastTree.treefile

>Loaded a multiple sequence alignment with **34** sequences, **85** codons, and **1** partitions from `/Users/alex/Documents/AOC-dev/results/Primate_TP53/Primate_TP53.5.codon.fas`

>branches => All

>multiple-hits => None

>srv => No


### * Selected 53 branches for testing: `XM_008062341_2_PREDICTED_Carlito_syrichta_tumor_protein_p53_TP53_mRNA, XM_039476036_1_PREDICTED_Saimiri_boliviensis_boliviensis_tumor_protein_p53_TP53_transcript_variant_X1_mRNA, XM_017531594_2_PREDICTED_Cebus_imitator_tumor_protein_p53_TP53_transcript_variant_X1_mRNA, XM_002747948_5_PREDICTED_Callithrix_jacchus_tumor_protein_p53_TP53_transcript_variant_X1_mRNA, XM_032280430_1_PREDICTED_Sapajus_apella_tumor_protein_p53_TP53_transcript_variant_X1_mRNA, Node6, Node4, Node2, XM_010362387_1_PREDICTED_Rhinopithecus_roxellana_tumor_protein_p53_TP53_mRNA, XM_033184717_1_PREDICTED_Trachypithecus_francoisi_tumor_protein_p53_TP53_transcript_variant_X1_mRNA, XM_017850544_1_PREDICTED_Rhinopithecus_bieti_tumor_protein_p53_TP53_transcript_variant_X1_mRNA, XM_023193314_2_PREDICTED_Piliocolobus_tephrosceles_tumor_protein_p53_TP53_transcript_variant_X1_mRNA, XM_011958558_1_PREDICTED_Colobus_angolensis_palliatus_tumor_protein_p53_TP53_transcript_variant_X1_mRNA, Node11, XM_030800485_1_PREDICTED_Nomascus_leucogenys_tumor_protein_p53_TP53_mRNA, XM_055256596_2_PREDICTED_Symphalangus_syndactylus_tumor_protein_p53_TP53_transcript_variant_X1_mRNA, XM_032139337_3_PREDICTED_Hylobates_moloch_tumor_protein_p53_TP53_mRNA, Node18, NM_000546_6_Homo_sapiens_tumor_protein_p53_TP53_transcript_variant_1_mRNA, XM_063700589_1_PREDICTED_Gorilla_gorilla_gorilla_tumor_protein_p53_TP53_transcript_variant_X1_mRNA, XM_016931470_3_PREDICTED_Pan_troglodytes_tumor_protein_p53_TP53_transcript_variant_X1_mRNA, XM_057300362_2_PREDICTED_Pan_paniscus_tumor_protein_p53_TP53_transcript_variant_X1_mRNA, Node23, XM_002826974_6_PREDICTED_Pongo_abelii_tumor_protein_p53_TP53_mRNA, XM_054457336_2_PREDICTED_Pongo_pygmaeus_tumor_protein_p53_TP53_mRNA, Node28, Node22, Node17, Node10, XM_053569948_1_PREDICTED_Nycticebus_coucang_tumor_protein_p53_TP53_transcript_variant_X1_mRNA, XM_012806041_2_PREDICTED_Otolemur_garnettii_tumor_protein_p53_TP53_mRNA, Node33, XM_069482023_1_PREDICTED_Eulemur_rufifrons_tumor_protein_p53_TP53_transcript_variant_X1_mRNA, XM_012776058_2_PREDICTED_Microcebus_murinus_tumor_protein_p53_TP53_transcript_variant_X1_mRNA, XM_012655616_1_PREDICTED_Propithecus_coquereli_tumor_protein_p53_TP53_mRNA, Node39, XM_064378361_1_PREDICTED_Aotus_nancymaae_tumor_protein_p53_TP53_transcript_variant_X1_mRNA, XM_045570131_1_PREDICTED_Lemur_catta_tumor_protein_p53_TP53_mRNA, Node42, Node38, Node36, Node32, NM_001047151_2_Macaca_mulatta_tumor_protein_p53_TP53_mRNA, XM_003912272_5_PREDICTED_Papio_anubis_tumor_protein_p53_TP53_mRNA, XM_011994540_1_PREDICTED_Mandrillus_leucophaeus_tumor_protein_p53_TP53_transcript_variant_X1_mRNA, XM_050765346_1_PREDICTED_Macaca_thibetana_thibetana_tumor_protein_p53_TP53_transcript_variant_X1_mRNA, XM_012052423_1_PREDICTED_Cercocebus_atys_tumor_protein_p53_TP53_transcript_variant_X1_mRNA, XM_025363515_1_PREDICTED_Theropithecus_gelada_tumor_protein_p53_TP53_transcript_variant_X1_mRNA, XM_071082299_1_PREDICTED_Macaca_nemestrina_tumor_protein_p53_LOC105473688_mRNA, XM_008010192_2_PREDICTED_Chlorocebus_sabaeus_tumor_protein_p53_TP53_transcript_variant_X1_mRNA, Node45, Node31, Node9`


### Obtaining branch lengths and nucleotide substitution biases under the nucleotide GTR model

>kill-zero-lengths => Yes

### Deleted 8 zero-length internal branches: `Node10, Node11, Node22, Node28, Node38, Node4, Node45, Node6`
* Log(L) =  -677.52, AIC-c =  1477.93 (61 estimated parameters)
* 1 partition. Total tree length by partition (subs/site)  1.621

### Fitting the baseline model with a single dN/dS class per branch, and no site-to-site variation. 
* Log(L) =  -658.99, AIC-c =  1533.82 (104 estimated parameters)
* Branch-level non-synonymous/synonymous rate ratio distribution has median  0.37, and 95% of the weight in  0.00 - 10000000000.00

### Determining the optimal number of rate classes per branch using a step up procedure

|              Branch               |  Length  |  Rates   |     Max. dN/dS     |    Log(L)     |     AIC-c     |Best AIC-c so far|
|-----------------------------------|----------|----------|--------------------|---------------|---------------|-----------------|
|XM_064378361_1_PREDICTED_Aotus_n...|1007.65...|    2     |    0.07 (85.56%)   |    -658.75    |    1537.65    |     1533.82     |
|              Node33               |   0.08   |    2     |   0.16 (100.00%)   |    -658.99    |    1538.13    |     1533.82     |
|XM_008062341_2_PREDICTED_Carlito...|   0.05   |    2     |    0.52 (24.31%)   |    -658.98    |    1538.11    |     1533.82     |
|XM_069482023_1_PREDICTED_Eulemur...|   0.05   |    2     |    0.39 (90.93%)   |    -658.99    |    1538.13    |     1533.82     |
|               Node2               |   0.03   |    2     |    1.02 ( 0.00%)   |    -658.99    |    1538.13    |     1533.82     |
|              Node42               |   0.03   |    2     |    2.25 ( 0.00%)   |    -658.99    |    1538.13    |     1533.82     |
|              Node32               |   0.03   |    2     |    1.12 (29.77%)   |    -658.99    |    1538.13    |     1533.82     |
|               Node9               |   0.03   |    2     |    0.34 (25.53%)   |    -658.99    |    1538.13    |     1533.82     |
|              Node17               |   0.03   |    2     |    0.00 ( 5.00%)   |    -658.99    |    1538.13    |     1533.82     |
|              Node31               |   0.02   |    2     |    0.40 (77.28%)   |    -658.99    |    1538.13    |     1533.82     |
|              Node36               |   0.02   |    2     |    0.00 ( 5.00%)   |    -658.99    |    1538.13    |     1533.82     |
|XM_053569948_1_PREDICTED_Nyctice...|   0.01   |    2     |    0.27 (27.66%)   |    -662.22    |    1544.59    |     1533.82     |
|XM_012806041_2_PREDICTED_Otolemu...|   0.01   |    2     |    0.27 (27.66%)   |    -662.34    |    1544.83    |     1533.82     |
|              Node18               |   0.01   |    2     |    0.00 ( 0.25%)   |    -658.99    |    1538.13    |     1533.82     |
|XM_032280430_1_PREDICTED_Sapajus...|   0.01   |    2     |    0.00 ( 5.00%)   |    -658.99    |    1538.13    |     1533.82     |
|              Node23               |   0.01   |    2     |    0.00 ( 5.00%)   |    -658.99    |    1538.13    |     1533.82     |
|XM_002747948_5_PREDICTED_Callith...|   0.01   |    2     |   1.00 (100.00%)   |    -659.31    |    1538.78    |     1533.82     |
|XM_039476036_1_PREDICTED_Saimiri...|   0.01   |    2     |    0.00 ( 0.25%)   |    -658.99    |    1538.13    |     1533.82     |
|              Node39               |   0.01   |    2     |    0.00 ( 5.00%)   |    -658.99    |    1538.13    |     1533.82     |
|XM_012776058_2_PREDICTED_Microce...|   0.01   |    2     |    0.00 ( 0.25%)   |    -658.99    |    1538.13    |     1533.82     |
|XM_045570131_1_PREDICTED_Lemur_c...|   0.00   |    2     |    0.00 ( 5.00%)   |    -658.99    |    1538.13    |     1533.82     |
|NM_001047151_2_Macaca_mulatta_tu...|   0.00   |    2     |    0.25 (51.00%)   |    -658.99    |    1538.13    |     1533.82     |
|NM_000546_6_Homo_sapiens_tumor_p...|   0.00   |    2     |    0.25 (51.00%)   |    -658.99    |    1538.13    |     1533.82     |
|XM_012655616_1_PREDICTED_Propith...|   0.00   |    2     |    0.25 ( 2.00%)   |    -658.99    |    1538.13    |     1533.82     |
|XM_010362387_1_PREDICTED_Rhinopi...|   0.00   |    2     |    0.25 (51.00%)   |    -658.99    |    1538.13    |     1533.82     |
|XM_012052423_1_PREDICTED_Cercoce...|   0.00   |    2     |    0.25 ( 2.00%)   |    -658.99    |    1538.13    |     1533.82     |
|XM_011958558_1_PREDICTED_Colobus...|   0.00   |    2     |    0.25 (51.00%)   |    -658.99    |    1538.13    |     1533.82     |
|XM_008010192_2_PREDICTED_Chloroc...|   0.00   |    2     |    0.25 ( 2.00%)   |    -658.99    |    1538.13    |     1533.82     |
|XM_054457336_2_PREDICTED_Pongo_p...|   0.00   |    2     |    0.29 ( 2.00%)   |    -658.99    |    1538.13    |     1533.82     |
|XM_011994540_1_PREDICTED_Mandril...|   0.00   |    2     |    0.25 ( 2.00%)   |    -658.99    |    1538.13    |     1533.82     |
|XM_055256596_2_PREDICTED_Symphal...|   0.00   |    2     |    0.29 ( 2.00%)   |    -658.99    |    1538.13    |     1533.82     |
|XM_071082299_1_PREDICTED_Macaca_...|   0.00   |    2     |    0.25 ( 2.00%)   |    -658.99    |    1538.13    |     1533.82     |
|XM_063700589_1_PREDICTED_Gorilla...|   0.00   |    2     |    0.25 (51.00%)   |    -658.99    |    1538.13    |     1533.82     |
|XM_017850544_1_PREDICTED_Rhinopi...|   0.00   |    2     |    0.25 (51.00%)   |    -658.99    |    1538.13    |     1533.82     |
|XM_057300362_2_PREDICTED_Pan_pan...|   0.00   |    2     |    0.25 ( 2.00%)   |    -658.99    |    1538.13    |     1533.82     |
|XM_017531594_2_PREDICTED_Cebus_i...|   0.00   |    2     |    0.29 ( 2.00%)   |    -658.99    |    1538.13    |     1533.82     |
|XM_050765346_1_PREDICTED_Macaca_...|   0.00   |    2     |    0.29 ( 2.00%)   |    -658.99    |    1538.13    |     1533.82     |
|XM_003912272_5_PREDICTED_Papio_a...|   0.00   |    2     |    0.25 ( 2.00%)   |    -658.99    |    1538.13    |     1533.82     |
|XM_016931470_3_PREDICTED_Pan_tro...|   0.00   |    2     |    0.25 (51.00%)   |    -658.99    |    1538.13    |     1533.82     |
|XM_033184717_1_PREDICTED_Trachyp...|   0.00   |    2     |    0.25 (51.00%)   |    -658.99    |    1538.13    |     1533.82     |
|XM_023193314_2_PREDICTED_Pilioco...|   0.00   |    2     |    0.25 (51.00%)   |    -658.99    |    1538.13    |     1533.82     |
|XM_032139337_3_PREDICTED_Hylobat...|   0.00   |    2     |    0.25 ( 2.00%)   |    -658.99    |    1538.13    |     1533.82     |
|XM_025363515_1_PREDICTED_Theropi...|   0.00   |    2     |    0.29 ( 2.00%)   |    -658.99    |    1538.13    |     1533.82     |
|XM_030800485_1_PREDICTED_Nomascu...|   0.00   |    2     |    0.29 ( 2.00%)   |    -658.99    |    1538.13    |     1533.82     |
|XM_002826974_6_PREDICTED_Pongo_a...|   0.00   |    2     |    0.25 (51.00%)   |    -658.99    |    1538.13    |     1533.82     |

### Rate class analyses summary
*  45 branches with **1** rate classes

### Annotated Tree
(XM_008062341_2_PREDICTED_Carlito_syrichta_tumor_protein_p53_TP53_mRNA{1},(XM_039476036_1_PREDICTED_Saimiri_boliviensis_boliviensis_tumor_protein_p53_TP53_transcript_variant_X1_mRNA{1},XM_017531594_2_PREDICTED_Cebus_imitator_tumor_protein_p53_TP53_transcript_variant_X1_mRNA{1},XM_002747948_5_PREDICTED_Callithrix_jacchus_tumor_protein_p53_TP53_transcript_variant_X1_mRNA{1},XM_032280430_1_PREDICTED_Sapajus_apella_tumor_protein_p53_TP53_transcript_variant_X1_mRNA{1})Node2{1},((((XM_053569948_1_PREDICTED_Nycticebus_coucang_tumor_protein_p53_TP53_transcript_variant_X1_mRNA{1},XM_012806041_2_PREDICTED_Otolemur_garnettii_tumor_protein_p53_TP53_mRNA{1})Node33{1},(XM_069482023_1_PREDICTED_Eulemur_rufifrons_tumor_protein_p53_TP53_transcript_variant_X1_mRNA{1},(XM_012776058_2_PREDICTED_Microcebus_murinus_tumor_protein_p53_TP53_transcript_variant_X1_mRNA{1},XM_012655616_1_PREDICTED_Propithecus_coquereli_tumor_protein_p53_TP53_mRNA{1})Node39{1},(XM_064378361_1_PREDICTED_Aotus_nancymaae_tumor_protein_p53_TP53_transcript_variant_X1_mRNA{1},XM_045570131_1_PREDICTED_Lemur_catta_tumor_protein_p53_TP53_mRNA{1})Node42{1})Node36{1})Node32{1},NM_001047151_2_Macaca_mulatta_tumor_protein_p53_TP53_mRNA{1},XM_003912272_5_PREDICTED_Papio_anubis_tumor_protein_p53_TP53_mRNA{1},XM_011994540_1_PREDICTED_Mandrillus_leucophaeus_tumor_protein_p53_TP53_transcript_variant_X1_mRNA{1},XM_050765346_1_PREDICTED_Macaca_thibetana_thibetana_tumor_protein_p53_TP53_transcript_variant_X1_mRNA{1},XM_012052423_1_PREDICTED_Cercocebus_atys_tumor_protein_p53_TP53_transcript_variant_X1_mRNA{1},XM_025363515_1_PREDICTED_Theropithecus_gelada_tumor_protein_p53_TP53_transcript_variant_X1_mRNA{1},XM_071082299_1_PREDICTED_Macaca_nemestrina_tumor_protein_p53_LOC105473688_mRNA{1},XM_008010192_2_PREDICTED_Chlorocebus_sabaeus_tumor_protein_p53_TP53_transcript_variant_X1_mRNA{1})Node31{1},((XM_030800485_1_PREDICTED_Nomascus_leucogenys_tumor_protein_p53_TP53_mRNA{1},XM_055256596_2_PREDICTED_Symphalangus_syndactylus_tumor_protein_p53_TP53_transcript_variant_X1_mRNA{1},XM_032139337_3_PREDICTED_Hylobates_moloch_tumor_protein_p53_TP53_mRNA{1})Node18{1},(NM_000546_6_Homo_sapiens_tumor_protein_p53_TP53_transcript_variant_1_mRNA{1},XM_063700589_1_PREDICTED_Gorilla_gorilla_gorilla_tumor_protein_p53_TP53_transcript_variant_X1_mRNA{1},XM_016931470_3_PREDICTED_Pan_troglodytes_tumor_protein_p53_TP53_transcript_variant_X1_mRNA{1},XM_057300362_2_PREDICTED_Pan_paniscus_tumor_protein_p53_TP53_transcript_variant_X1_mRNA{1})Node23{1},XM_002826974_6_PREDICTED_Pongo_abelii_tumor_protein_p53_TP53_mRNA{1},XM_054457336_2_PREDICTED_Pongo_pygmaeus_tumor_protein_p53_TP53_mRNA{1})Node17{1},XM_010362387_1_PREDICTED_Rhinopithecus_roxellana_tumor_protein_p53_TP53_mRNA{1},XM_033184717_1_PREDICTED_Trachypithecus_francoisi_tumor_protein_p53_TP53_transcript_variant_X1_mRNA{1},XM_017850544_1_PREDICTED_Rhinopithecus_bieti_tumor_protein_p53_TP53_transcript_variant_X1_mRNA{1},XM_023193314_2_PREDICTED_Piliocolobus_tephrosceles_tumor_protein_p53_TP53_transcript_variant_X1_mRNA{1},XM_011958558_1_PREDICTED_Colobus_angolensis_palliatus_tumor_protein_p53_TP53_transcript_variant_X1_mRNA{1})Node9{1})

----

```
|XM_008062341_2_PREDICTED_Carlito_syrichta_tumor_protein_p53_TP53_mRNA (1)
||XM_039476036_1_PREDICTED_Saimiri_boliviensis_boliviensis_tumor_protein_p53_TP53_transcript_variant_X1_mRNA (1)
||XM_017531594_2_PREDICTED_Cebus_imitator_tumor_protein_p53_TP53_transcript_variant_X1_mRNA (1)
|+Node2 (1)
||XM_002747948_5_PREDICTED_Callithrix_jacchus_tumor_protein_p53_TP53_transcript_variant_X1_mRNA (1)
||XM_032280430_1_PREDICTED_Sapajus_apella_tumor_protein_p53_TP53_transcript_variant_X1_mRNA (1)
|   |XM_053569948_1_PREDICTED_Nycticebus_coucang_tumor_protein_p53_TP53_transcript_variant_X1_mRNA (1)
|  |+Node33 (1)
|  ||XM_012806041_2_PREDICTED_Otolemur_garnettii_tumor_protein_p53_TP53_mRNA (1)
| |+Node32 (1)
| |||XM_069482023_1_PREDICTED_Eulemur_rufifrons_tumor_protein_p53_TP53_transcript_variant_X1_mRNA (1)
| ||+Node36 (1)
| | ||XM_012776058_2_PREDICTED_Microcebus_murinus_tumor_protein_p53_TP53_transcript_variant_X1_mRNA (1)
| | |+Node39 (1)
| | ||XM_012655616_1_PREDICTED_Propithecus_coquereli_tumor_protein_p53_TP53_mRNA (1)
| | ||XM_064378361_1_PREDICTED_Aotus_nancymaae_tumor_protein_p53_TP53_transcript_variant_X1_mRNA (1)
| | |+Node42 (1)
| |  |XM_045570131_1_PREDICTED_Lemur_catta_tumor_protein_p53_TP53_mRNA (1)
| |NM_001047151_2_Macaca_mulatta_tumor_protein_p53_TP53_mRNA (1)
| |XM_003912272_5_PREDICTED_Papio_anubis_tumor_protein_p53_TP53_mRNA (1)
| |XM_011994540_1_PREDICTED_Mandrillus_leucophaeus_tumor_protein_p53_TP53_transcript_variant_X1_mRNA (1)
||+Node31 (1)
|||XM_050765346_1_PREDICTED_Macaca_thibetana_thibetana_tumor_protein_p53_TP53_transcript_variant_X1_mRNA (1)
|||XM_012052423_1_PREDICTED_Cercocebus_atys_tumor_protein_p53_TP53_transcript_variant_X1_mRNA (1)
|||XM_025363515_1_PREDICTED_Theropithecus_gelada_tumor_protein_p53_TP53_transcript_variant_X1_mRNA (1)
|||XM_071082299_1_PREDICTED_Macaca_nemestrina_tumor_protein_p53_LOC105473688_mRNA (1)
|||XM_008010192_2_PREDICTED_Chlorocebus_sabaeus_tumor_protein_p53_TP53_transcript_variant_X1_mRNA (1)
|| |XM_030800485_1_PREDICTED_Nomascus_leucogenys_tumor_protein_p53_TP53_mRNA (1)
|||+Node18 (1)
||||XM_055256596_2_PREDICTED_Symphalangus_syndactylus_tumor_protein_p53_TP53_transcript_variant_X1_mRNA (1)
||||XM_032139337_3_PREDICTED_Hylobates_moloch_tumor_protein_p53_TP53_mRNA (1)
||||NM_000546_6_Homo_sapiens_tumor_protein_p53_TP53_transcript_variant_1_mRNA (1)
||||XM_063700589_1_PREDICTED_Gorilla_gorilla_gorilla_tumor_protein_p53_TP53_transcript_variant_X1_mRNA (1)
|||+Node23 (1)
||||XM_016931470_3_PREDICTED_Pan_troglodytes_tumor_protein_p53_TP53_transcript_variant_X1_mRNA (1)
||||XM_057300362_2_PREDICTED_Pan_paniscus_tumor_protein_p53_TP53_transcript_variant_X1_mRNA (1)
||+Node17 (1)
|||XM_002826974_6_PREDICTED_Pongo_abelii_tumor_protein_p53_TP53_mRNA (1)
|||XM_054457336_2_PREDICTED_Pongo_pygmaeus_tumor_protein_p53_TP53_mRNA (1)
||XM_010362387_1_PREDICTED_Rhinopithecus_roxellana_tumor_protein_p53_TP53_mRNA (1)
|+Node9 (1)
 |XM_033184717_1_PREDICTED_Trachypithecus_francoisi_tumor_protein_p53_TP53_transcript_variant_X1_mRNA (1)
 |XM_017850544_1_PREDICTED_Rhinopithecus_bieti_tumor_protein_p53_TP53_transcript_variant_X1_mRNA (1)
 |XM_023193314_2_PREDICTED_Piliocolobus_tephrosceles_tumor_protein_p53_TP53_transcript_variant_X1_mRNA (1)
 |XM_011958558_1_PREDICTED_Colobus_angolensis_palliatus_tumor_protein_p53_TP53_transcript_variant_X1_mRNA (1)
```


### Improving parameter estimates of the adaptive rate class model
* Log(L) =  -658.32, AIC-c =  1532.48 (104 estimated parameters)

### Testing selected branches for selection

|              Branch               |  Rates   |     Max. dN/dS     | Sites @ EBF>=100 |      Test LRT      |Uncorrected p-value |
|-----------------------------------|----------|--------------------|------------------|--------------------|--------------------|
|XM_064378361_1_PREDICTED_Aotus_n...|     1    |   0.03 (100.00%)   |       N/A        |        0.00        |       1.00000      |
|              Node33               |     1    |   0.15 (100.00%)   |       N/A        |        0.00        |       1.00000      |
|XM_008062341_2_PREDICTED_Carlito...|     1    |   0.10 (100.00%)   |       N/A        |        0.00        |       1.00000      |
|XM_069482023_1_PREDICTED_Eulemur...|     1    |   0.34 (100.00%)   |       N/A        |        0.00        |       1.00000      |
|               Node2               |     1    |   0.79 (100.00%)   |       N/A        |        0.00        |       1.00000      |
|              Node42               |     1    |  >1000 (100.00%)   |       N/A        |        0.08        |       0.44418      |
|              Node32               |     1    |   1.14 (100.00%)   |       N/A        |        0.00        |       0.48975      |
|               Node9               |     1    |   0.27 (100.00%)   |       N/A        |        0.00        |       1.00000      |
|              Node17               |     1    |   0.00 (100.00%)   |       N/A        |        0.00        |       1.00000      |
|              Node31               |     1    |   0.34 (100.00%)   |       N/A        |        0.00        |       1.00000      |
|              Node36               |     1    |   0.00 (100.00%)   |       N/A        |        0.00        |       1.00000      |
|XM_053569948_1_PREDICTED_Nyctice...|     1    |  >1000 (100.00%)   |       N/A        |        0.62        |       0.30666      |
|XM_012806041_2_PREDICTED_Otolemu...|     1    |  >1000 (100.00%)   |       N/A        |        0.61        |       0.30775      |
|              Node18               |     1    |   0.00 (100.00%)   |       N/A        |        0.00        |       1.00000      |
|XM_032280430_1_PREDICTED_Sapajus...|     1    |   0.00 (100.00%)   |       N/A        |        0.00        |       1.00000      |
|              Node23               |     1    |   0.00 (100.00%)   |       N/A        |        0.00        |       1.00000      |
|XM_002747948_5_PREDICTED_Callith...|     1    |  >1000 (100.00%)   |       N/A        |        0.61        |       0.30878      |
|XM_039476036_1_PREDICTED_Saimiri...|     1    |   0.00 (100.00%)   |       N/A        |        0.00        |       1.00000      |
|              Node39               |     1    |   0.00 (100.00%)   |       N/A        |        0.00        |       1.00000      |
|XM_012776058_2_PREDICTED_Microce...|     1    |   0.00 (100.00%)   |       N/A        |        0.00        |       1.00000      |
|XM_045570131_1_PREDICTED_Lemur_c...|     1    |   0.00 (100.00%)   |       N/A        |        0.00        |       1.00000      |
|NM_001047151_2_Macaca_mulatta_tu...|     1    |   0.05 (100.00%)   |       N/A        |        0.00        |       1.00000      |
|NM_000546_6_Homo_sapiens_tumor_p...|     1    |   0.05 (100.00%)   |       N/A        |        0.00        |       1.00000      |
|XM_012655616_1_PREDICTED_Propith...|     1    |   0.19 (100.00%)   |       N/A        |        0.00        |       1.00000      |
|XM_010362387_1_PREDICTED_Rhinopi...|     1    |   0.05 (100.00%)   |       N/A        |        0.00        |       1.00000      |
|XM_012052423_1_PREDICTED_Cercoce...|     1    |   0.00 (100.00%)   |       N/A        |        0.00        |       1.00000      |
|XM_011958558_1_PREDICTED_Colobus...|     1    |   0.16 (100.00%)   |       N/A        |        0.00        |       1.00000      |
|XM_008010192_2_PREDICTED_Chloroc...|     1    |   0.05 (100.00%)   |       N/A        |        0.00        |       1.00000      |
|XM_054457336_2_PREDICTED_Pongo_p...|     1    |   0.17 (100.00%)   |       N/A        |        0.00        |       1.00000      |
|XM_011994540_1_PREDICTED_Mandril...|     1    |   0.31 (100.00%)   |       N/A        |        0.00        |       1.00000      |
|XM_055256596_2_PREDICTED_Symphal...|     1    |   0.95 (100.00%)   |       N/A        |        0.00        |       1.00000      |
|XM_071082299_1_PREDICTED_Macaca_...|     1    |   0.19 (100.00%)   |       N/A        |        0.00        |       1.00000      |
|XM_063700589_1_PREDICTED_Gorilla...|     1    |   0.05 (100.00%)   |       N/A        |        0.00        |       1.00000      |
|XM_017850544_1_PREDICTED_Rhinopi...|     1    |   0.05 (100.00%)   |       N/A        |        0.00        |       1.00000      |
|XM_057300362_2_PREDICTED_Pan_pan...|     1    |   0.05 (100.00%)   |       N/A        |        0.00        |       1.00000      |
|XM_017531594_2_PREDICTED_Cebus_i...|     1    |   0.95 (100.00%)   |       N/A        |        0.00        |       1.00000      |
|XM_050765346_1_PREDICTED_Macaca_...|     1    |   0.81 (100.00%)   |       N/A        |        0.00        |       1.00000      |
|XM_003912272_5_PREDICTED_Papio_a...|     1    |   0.31 (100.00%)   |       N/A        |        0.00        |       1.00000      |
|XM_016931470_3_PREDICTED_Pan_tro...|     1    |   0.05 (100.00%)   |       N/A        |        0.00        |       1.00000      |
|XM_033184717_1_PREDICTED_Trachyp...|     1    |   0.05 (100.00%)   |       N/A        |        0.00        |       1.00000      |
|XM_023193314_2_PREDICTED_Pilioco...|     1    |   1.00 (100.00%)   |       N/A        |        0.00        |       1.00000      |
|XM_032139337_3_PREDICTED_Hylobat...|     1    |   0.00 (100.00%)   |       N/A        |        0.00        |       1.00000      |
|XM_025363515_1_PREDICTED_Theropi...|     1    |   0.19 (100.00%)   |       N/A        |        0.00        |       1.00000      |
|XM_030800485_1_PREDICTED_Nomascu...|     1    |   0.31 (100.00%)   |       N/A        |        0.00        |       1.00000      |
|XM_002826974_6_PREDICTED_Pongo_a...|     1    |   0.00 (100.00%)   |       N/A        |        0.00        |       1.00000      |
----
### Adaptive branch site random effects likelihood test 
Likelihood ratio test for episodic diversifying positive selection at Holm-Bonferroni corrected _p =   0.0500_ found **0** branches under selection among **45** tested.


### Annotated Tree
(XM_008062341_2_PREDICTED_Carlito_syrichta_tumor_protein_p53_TP53_mRNA,(XM_039476036_1_PREDICTED_Saimiri_boliviensis_boliviensis_tumor_protein_p53_TP53_transcript_variant_X1_mRNA,XM_017531594_2_PREDICTED_Cebus_imitator_tumor_protein_p53_TP53_transcript_variant_X1_mRNA,XM_002747948_5_PREDICTED_Callithrix_jacchus_tumor_protein_p53_TP53_transcript_variant_X1_mRNA,XM_032280430_1_PREDICTED_Sapajus_apella_tumor_protein_p53_TP53_transcript_variant_X1_mRNA)Node2,((((XM_053569948_1_PREDICTED_Nycticebus_coucang_tumor_protein_p53_TP53_transcript_variant_X1_mRNA,XM_012806041_2_PREDICTED_Otolemur_garnettii_tumor_protein_p53_TP53_mRNA)Node33,(XM_069482023_1_PREDICTED_Eulemur_rufifrons_tumor_protein_p53_TP53_transcript_variant_X1_mRNA,(XM_012776058_2_PREDICTED_Microcebus_murinus_tumor_protein_p53_TP53_transcript_variant_X1_mRNA,XM_012655616_1_PREDICTED_Propithecus_coquereli_tumor_protein_p53_TP53_mRNA)Node39,(XM_064378361_1_PREDICTED_Aotus_nancymaae_tumor_protein_p53_TP53_transcript_variant_X1_mRNA,XM_045570131_1_PREDICTED_Lemur_catta_tumor_protein_p53_TP53_mRNA)Node42)Node36)Node32,NM_001047151_2_Macaca_mulatta_tumor_protein_p53_TP53_mRNA,XM_003912272_5_PREDICTED_Papio_anubis_tumor_protein_p53_TP53_mRNA,XM_011994540_1_PREDICTED_Mandrillus_leucophaeus_tumor_protein_p53_TP53_transcript_variant_X1_mRNA,XM_050765346_1_PREDICTED_Macaca_thibetana_thibetana_tumor_protein_p53_TP53_transcript_variant_X1_mRNA,XM_012052423_1_PREDICTED_Cercocebus_atys_tumor_protein_p53_TP53_transcript_variant_X1_mRNA,XM_025363515_1_PREDICTED_Theropithecus_gelada_tumor_protein_p53_TP53_transcript_variant_X1_mRNA,XM_071082299_1_PREDICTED_Macaca_nemestrina_tumor_protein_p53_LOC105473688_mRNA,XM_008010192_2_PREDICTED_Chlorocebus_sabaeus_tumor_protein_p53_TP53_transcript_variant_X1_mRNA)Node31,((XM_030800485_1_PREDICTED_Nomascus_leucogenys_tumor_protein_p53_TP53_mRNA,XM_055256596_2_PREDICTED_Symphalangus_syndactylus_tumor_protein_p53_TP53_transcript_variant_X1_mRNA,XM_032139337_3_PREDICTED_Hylobates_moloch_tumor_protein_p53_TP53_mRNA)Node18,(NM_000546_6_Homo_sapiens_tumor_protein_p53_TP53_transcript_variant_1_mRNA,XM_063700589_1_PREDICTED_Gorilla_gorilla_gorilla_tumor_protein_p53_TP53_transcript_variant_X1_mRNA,XM_016931470_3_PREDICTED_Pan_troglodytes_tumor_protein_p53_TP53_transcript_variant_X1_mRNA,XM_057300362_2_PREDICTED_Pan_paniscus_tumor_protein_p53_TP53_transcript_variant_X1_mRNA)Node23,XM_002826974_6_PREDICTED_Pongo_abelii_tumor_protein_p53_TP53_mRNA,XM_054457336_2_PREDICTED_Pongo_pygmaeus_tumor_protein_p53_TP53_mRNA)Node17,XM_010362387_1_PREDICTED_Rhinopithecus_roxellana_tumor_protein_p53_TP53_mRNA,XM_033184717_1_PREDICTED_Trachypithecus_francoisi_tumor_protein_p53_TP53_transcript_variant_X1_mRNA,XM_017850544_1_PREDICTED_Rhinopithecus_bieti_tumor_protein_p53_TP53_transcript_variant_X1_mRNA,XM_023193314_2_PREDICTED_Piliocolobus_tephrosceles_tumor_protein_p53_TP53_transcript_variant_X1_mRNA,XM_011958558_1_PREDICTED_Colobus_angolensis_palliatus_tumor_protein_p53_TP53_transcript_variant_X1_mRNA)Node9)

----

```
|XM_008062341_2_PREDICTED_Carlito_syrichta_tumor_protein_p53_TP53_mRNA (N.S)
||XM_039476036_1_PREDICTED_Saimiri_boliviensis_boliviensis_tumor_protein_p53_TP53_transcript_variant_X1_mRNA (N.S)
||XM_017531594_2_PREDICTED_Cebus_imitator_tumor_protein_p53_TP53_transcript_variant_X1_mRNA (N.S)
|+Node2 (N.S)
||XM_002747948_5_PREDICTED_Callithrix_jacchus_tumor_protein_p53_TP53_transcript_variant_X1_mRNA (N.S)
||XM_032280430_1_PREDICTED_Sapajus_apella_tumor_protein_p53_TP53_transcript_variant_X1_mRNA (N.S)
|   |XM_053569948_1_PREDICTED_Nycticebus_coucang_tumor_protein_p53_TP53_transcript_variant_X1_mRNA (N.S)
|  |+Node33 (N.S)
|  ||XM_012806041_2_PREDICTED_Otolemur_garnettii_tumor_protein_p53_TP53_mRNA (N.S)
| |+Node32 (N.S)
| |||XM_069482023_1_PREDICTED_Eulemur_rufifrons_tumor_protein_p53_TP53_transcript_variant_X1_mRNA (N.S)
| ||+Node36 (N.S)
| | ||XM_012776058_2_PREDICTED_Microcebus_murinus_tumor_protein_p53_TP53_transcript_variant_X1_mRNA (N.S)
| | |+Node39 (N.S)
| | ||XM_012655616_1_PREDICTED_Propithecus_coquereli_tumor_protein_p53_TP53_mRNA (N.S)
| | ||XM_064378361_1_PREDICTED_Aotus_nancymaae_tumor_protein_p53_TP53_transcript_variant_X1_mRNA (N.S)
| | |+Node42 (N.S)
| |  |XM_045570131_1_PREDICTED_Lemur_catta_tumor_protein_p53_TP53_mRNA (N.S)
| |NM_001047151_2_Macaca_mulatta_tumor_protein_p53_TP53_mRNA (N.S)
| |XM_003912272_5_PREDICTED_Papio_anubis_tumor_protein_p53_TP53_mRNA (N.S)
| |XM_011994540_1_PREDICTED_Mandrillus_leucophaeus_tumor_protein_p53_TP53_transcript_variant_X1_mRNA (N.S)
||+Node31 (N.S)
|||XM_050765346_1_PREDICTED_Macaca_thibetana_thibetana_tumor_protein_p53_TP53_transcript_variant_X1_mRNA (N.S)
|||XM_012052423_1_PREDICTED_Cercocebus_atys_tumor_protein_p53_TP53_transcript_variant_X1_mRNA (N.S)
|||XM_025363515_1_PREDICTED_Theropithecus_gelada_tumor_protein_p53_TP53_transcript_variant_X1_mRNA (N.S)
|||XM_071082299_1_PREDICTED_Macaca_nemestrina_tumor_protein_p53_LOC105473688_mRNA (N.S)
|||XM_008010192_2_PREDICTED_Chlorocebus_sabaeus_tumor_protein_p53_TP53_transcript_variant_X1_mRNA (N.S)
|| |XM_030800485_1_PREDICTED_Nomascus_leucogenys_tumor_protein_p53_TP53_mRNA (N.S)
|||+Node18 (N.S)
||||XM_055256596_2_PREDICTED_Symphalangus_syndactylus_tumor_protein_p53_TP53_transcript_variant_X1_mRNA (N.S)
||||XM_032139337_3_PREDICTED_Hylobates_moloch_tumor_protein_p53_TP53_mRNA (N.S)
||||NM_000546_6_Homo_sapiens_tumor_protein_p53_TP53_transcript_variant_1_mRNA (N.S)
||||XM_063700589_1_PREDICTED_Gorilla_gorilla_gorilla_tumor_protein_p53_TP53_transcript_variant_X1_mRNA (N.S)
|||+Node23 (N.S)
||||XM_016931470_3_PREDICTED_Pan_troglodytes_tumor_protein_p53_TP53_transcript_variant_X1_mRNA (N.S)
||||XM_057300362_2_PREDICTED_Pan_paniscus_tumor_protein_p53_TP53_transcript_variant_X1_mRNA (N.S)
||+Node17 (N.S)
|||XM_002826974_6_PREDICTED_Pongo_abelii_tumor_protein_p53_TP53_mRNA (N.S)
|||XM_054457336_2_PREDICTED_Pongo_pygmaeus_tumor_protein_p53_TP53_mRNA (N.S)
||XM_010362387_1_PREDICTED_Rhinopithecus_roxellana_tumor_protein_p53_TP53_mRNA (N.S)
|+Node9 (N.S)
 |XM_033184717_1_PREDICTED_Trachypithecus_francoisi_tumor_protein_p53_TP53_transcript_variant_X1_mRNA (N.S)
 |XM_017850544_1_PREDICTED_Rhinopithecus_bieti_tumor_protein_p53_TP53_transcript_variant_X1_mRNA (N.S)
 |XM_023193314_2_PREDICTED_Piliocolobus_tephrosceles_tumor_protein_p53_TP53_transcript_variant_X1_mRNA (N.S)
 |XM_011958558_1_PREDICTED_Colobus_angolensis_palliatus_tumor_protein_p53_TP53_transcript_variant_X1_mRNA (N.S)
```



