
Analysis Description
--------------------
aBSREL (Adaptive branch-site random effects likelihood) uses an adaptive
random effects branch-site model framework to test whether each branch
has evolved under positive selection, using a procedure which infers an
optimal number of rate categories per branch. v2.2 adds support for
multiple-hit models. v2.3 adds support for SRV. v2.5 adds support for
ancestral state reconstruction, identification of sites contributing to
selection signal, and some diagnostics. v2.6 adds tree reports and ASCII
art

- __Requirements__: in-frame codon alignment and a phylogenetic tree

- __Citation__:  Less Is More: An Adaptive Branch-Site Random Effects Model for
Efficient Detection of Episodic Diversifying Selection (2015). Mol Biol
Evol 32 (5): 1342-1353. 

- __Written by__: Sergei L Kosakovsky Pond, Ben Murrell, Steven Weaver and Temple iGEM /
UCSD viral evolution group

- __Contact Information__: spond@temple.edu

- __Analysis Version__: 2.6

[Advanced option] Bag of little bootstrap alignment resampling rate (permissible range = [0.01,1], default value = 1): blb: 1

>code => Universal

-------
>[WARNING]
'/Users/alex/Documents/AOC-dev/results/Primate_ACE2/Primate_ACE2.3.codon.fas'
contains 12 duplicate sequences. Identical sequences do not contribute
any information to the analysis and only slow down computation. Please
consider removing duplicate or 'nearly' duplicate sequences, e.g. using
https://github.com/veg/hyphy-analyses/tree/master/remove-duplicates
prior to running selection analyses
-------
/Users/alex/Documents/AOC-dev/results/Primate_ACE2/Primate_ACE2.3.codon.fas.FastTree.treefile
results/Primate_ACE2/Primate_ACE2.3.codon.fas.FastTree.treefile

>Loaded a multiple sequence alignment with **31** sequences, **45** codons, and **1** partitions from `/Users/alex/Documents/AOC-dev/results/Primate_ACE2/Primate_ACE2.3.codon.fas`

>branches => All

>multiple-hits => None

>srv => No


### * Selected 51 branches for testing: `XM_011995533_1_PREDICTED_Mandrillus_leucophaeus_angiotensin_I_converting_enzyme_2_ACE2_mRNA, XM_012035808_1_PREDICTED_Cercocebus_atys_angiotensin_I_converting_enzyme_2_ACE2_transcript_variant_X1_mRNA, XM_023199053_2_PREDICTED_Piliocolobus_tephrosceles_angiotensin_I_converting_enzyme_2_ACE2_mRNA, XM_010366065_2_PREDICTED_Rhinopithecus_roxellana_angiotensin_I_converting_enzyme_2_ACE2_mRNA, XM_017888580_1_PREDICTED_Rhinopithecus_bieti_angiotensin_I_converting_enzyme_2_ACE2_transcript_variant_X1_mRNA, Node1, NM_001371415_1_Homo_sapiens_angiotensin_converting_enzyme_2_ACE2_transcript_variant_1_mRNA, XM_016942979_2_PREDICTED_Pan_troglodytes_angiotensin_converting_enzyme_2_ACE2_transcript_variant_X1_mRNA, XM_008974180_2_PREDICTED_Pan_paniscus_angiotensin_I_converting_enzyme_2_ACE2_transcript_variant_X1_mRNA, XM_019019204_1_PREDICTED_Gorilla_gorilla_gorilla_angiotensin_I_converting_enzyme_2_ACE2_mRNA, Node11, XM_007991113_2_PREDICTED_Chlorocebus_sabaeus_angiotensin_I_converting_enzyme_2_ACE2_transcript_variant_X1_mRNA, Node10, XM_032756617_1_PREDICTED_Hylobates_moloch_angiotensin_I_converting_enzyme_2_ACE2_mRNA, Node9, XM_003261084_3_PREDICTED_Nomascus_leucogenys_angiotensin_I_converting_enzyme_2_ACE2_mRNA, Node8, XM_025372062_1_PREDICTED_Theropithecus_gelada_angiotensin_I_converting_enzyme_2_ACE2_mRNA, XM_010336623_2_PREDICTED_Saimiri_boliviensis_boliviensis_angiotensin_converting_enzyme_2_ACE2_transcript_variant_X1_mRNA, XM_008988993_4_PREDICTED_Callithrix_jacchus_angiotensin_converting_enzyme_2_ACE2_mRNA, XM_017512376_2_PREDICTED_Cebus_imitator_angiotensin_I_converting_enzyme_2_ACE2_transcript_variant_X1_mRNA, XM_032285963_1_PREDICTED_Sapajus_apella_angiotensin_I_converting_enzyme_2_ACE2_transcript_variant_X1_mRNA, Node27, XM_012434682_2_PREDICTED_Aotus_nancymaae_angiotensin_I_converting_enzyme_2_ACE2_mRNA, Node26, Node24, Node22, XM_053580366_1_PREDICTED_Nycticebus_coucang_angiotensin_converting_enzyme_2_ACE2_mRNA, XM_003791864_2_PREDICTED_Otolemur_garnettii_angiotensin_I_converting_enzyme_2_ACE2_mRNA, Node34, XM_012638731_1_PREDICTED_Propithecus_coquereli_angiotensin_I_converting_enzyme_2_ACE2_transcript_variant_X1_mRNA, XM_045538336_1_PREDICTED_Lemur_catta_angiotensin_converting_enzyme_2_ACE2_mRNA, Node37, Node33, XM_008064619_1_PREDICTED_Carlito_syrichta_angiotensin_I_converting_enzyme_2_ACE2_mRNA, Node32, XM_020285237_1_PREDICTED_Microcebus_murinus_angiotensin_I_converting_enzyme_2_ACE2_mRNA, Node31, Node21, Node19, Node7, NM_001135696_1_Macaca_mulatta_angiotensin_converting_enzyme_2_ACE2_mRNA, XM_011735203_2_PREDICTED_Macaca_nemestrina_angiotensin_I_converting_enzyme_2_ACE2_transcript_variant_X1_mRNA, XM_050777627_1_PREDICTED_Macaca_thibetana_thibetana_angiotensin_converting_enzyme_2_ACE2_transcript_variant_X1_mRNA, XM_005593037_3_PREDICTED_Macaca_fascicularis_angiotensin_converting_enzyme_2_ACE2_mRNA, XM_021933040_1_PREDICTED_Papio_anubis_angiotensin_I_converting_enzyme_2_ACE2_transcript_variant_X1_mRNA, Node43, NM_001131132_2_Pongo_abelii_angiotensin_converting_enzyme_2_ACE2_mRNA, XM_054471966_1_PREDICTED_Pongo_pygmaeus_angiotensin_converting_enzyme_2_ACE2_transcript_variant_X1_mRNA, Node49, Node42`


### Obtaining branch lengths and nucleotide substitution biases under the nucleotide GTR model

>kill-zero-lengths => Yes

### Deleted 7 zero-length internal branches: `Node1, Node26, Node37, Node42, Node7, Node8, Node9`
* Log(L) =  -527.62, AIC-c =  1174.95 (59 estimated parameters)
* 1 partition. Total tree length by partition (subs/site)  1.558

### Fitting the baseline model with a single dN/dS class per branch, and no site-to-site variation. 
* Log(L) =  -493.72, AIC-c =  1207.70 (102 estimated parameters)
* Branch-level non-synonymous/synonymous rate ratio distribution has median  0.39, and 95% of the weight in  0.00 -  5.79

### Determining the optimal number of rate classes per branch using a step up procedure

|              Branch               |  Length  |  Rates   |     Max. dN/dS     |    Log(L)     |     AIC-c     |Best AIC-c so far|
|-----------------------------------|----------|----------|--------------------|---------------|---------------|-----------------|
|XM_020285237_1_PREDICTED_Microce...|   0.89   |    2     |   60.10 (62.37%)   |    -487.92    |    1200.78    |     1200.78     |
|XM_020285237_1_PREDICTED_Microce...|   0.89   |    3     |   59.89 (62.34%)   |    -487.92    |    1205.46    |     1200.78     |
|XM_008064619_1_PREDICTED_Carlito...|   0.24   |    2     |    1.00 (40.84%)   |    -486.60    |    1202.82    |     1200.78     |
|              Node22               |   0.05   |    2     |   0.14 (100.00%)   |    -487.92    |    1205.46    |     1200.78     |
|XM_003791864_2_PREDICTED_Otolemu...|   0.04   |    2     |   1.00 (100.00%)   |    -488.78    |    1207.17    |     1200.78     |
|XM_045538336_1_PREDICTED_Lemur_c...|   0.04   |    2     |   1.00 (100.00%)   |    -488.76    |    1207.14    |     1200.78     |
|XM_007991113_2_PREDICTED_Chloroc...|   0.04   |    2     |   1.00 (100.00%)   |    -488.82    |    1207.24    |     1200.78     |
|              Node21               |   0.03   |    2     |    0.00 ( 5.00%)   |    -487.92    |    1205.46    |     1200.78     |
|              Node34               |   0.03   |    2     |    0.00 ( 5.00%)   |    -487.92    |    1205.46    |     1200.78     |
|              Node31               |   0.03   |    2     |    0.00 ( 1.90%)   |    -487.90    |    1205.41    |     1200.78     |
|              Node24               |   0.03   |    2     |    0.39 (47.49%)   |    -487.92    |    1205.46    |     1200.78     |
|              Node33               |   0.03   |    2     |    0.00 ( 0.74%)   |    -487.90    |    1205.40    |     1200.78     |
|XM_003261084_3_PREDICTED_Nomascu...|   0.03   |    2     |   1.00 (100.00%)   |    -488.56    |    1206.73    |     1200.78     |
|XM_012638731_1_PREDICTED_Propith...|   0.03   |    2     |   1.00 (100.00%)   |    -488.51    |    1206.64    |     1200.78     |
|              Node32               |   0.02   |    2     |    0.00 ( 0.95%)   |    -487.90    |    1205.41    |     1200.78     |
|XM_025372062_1_PREDICTED_Theropi...|   0.02   |    2     |    0.00 ( 0.25%)   |    -487.92    |    1205.46    |     1200.78     |
|              Node19               |   0.02   |    2     |    0.00 ( 5.00%)   |    -487.92    |    1205.46    |     1200.78     |
|              Node27               |   0.01   |    2     |    0.00 ( 0.25%)   |    -487.92    |    1205.46    |     1200.78     |
|              Node11               |   0.01   |    2     |    0.00 ( 0.25%)   |    -487.92    |    1205.46    |     1200.78     |
|XM_053580366_1_PREDICTED_Nyctice...|   0.01   |    2     |   1.00 (100.00%)   |    -488.22    |    1206.04    |     1200.78     |
|XM_032756617_1_PREDICTED_Hylobat...|   0.01   |    2     |   1.00 (100.00%)   |    -488.22    |    1206.06    |     1200.78     |
|              Node10               |   0.01   |    2     |   1.00 (100.00%)   |    -488.22    |    1206.06    |     1200.78     |
|              Node49               |   0.01   |    2     |   1.00 (100.00%)   |    -488.22    |    1206.06    |     1200.78     |
|NM_001131132_2_Pongo_abelii_angi...|   0.01   |    2     |   1.00 (100.00%)   |    -488.23    |    1206.06    |     1200.78     |
|              Node43               |   0.01   |    2     |   1.00 (100.00%)   |    -488.22    |    1206.06    |     1200.78     |
|XM_008988993_4_PREDICTED_Callith...|   0.01   |    2     |   1.00 (100.00%)   |    -488.21    |    1206.03    |     1200.78     |
|XM_012434682_2_PREDICTED_Aotus_n...|   0.01   |    2     |   1.00 (100.00%)   |    -488.21    |    1206.03    |     1200.78     |
|NM_001135696_1_Macaca_mulatta_an...|   0.00   |    2     |    0.25 ( 2.00%)   |    -487.92    |    1205.46    |     1200.78     |
|XM_008974180_2_PREDICTED_Pan_pan...|   0.00   |    2     |    0.25 (51.00%)   |    -487.92    |    1205.46    |     1200.78     |
|XM_054471966_1_PREDICTED_Pongo_p...|   0.00   |    2     |    0.25 ( 2.00%)   |    -487.92    |    1205.46    |     1200.78     |
|NM_001371415_1_Homo_sapiens_angi...|   0.00   |    2     |    0.29 ( 2.00%)   |    -487.92    |    1205.46    |     1200.78     |
|XM_017888580_1_PREDICTED_Rhinopi...|   0.00   |    2     |    0.25 ( 2.00%)   |    -487.92    |    1205.46    |     1200.78     |
|XM_005593037_3_PREDICTED_Macaca_...|   0.00   |    2     |    0.29 ( 2.00%)   |    -487.92    |    1205.46    |     1200.78     |
|XM_019019204_1_PREDICTED_Gorilla...|   0.00   |    2     |    0.25 (51.00%)   |    -487.92    |    1205.46    |     1200.78     |
|XM_011735203_2_PREDICTED_Macaca_...|   0.00   |    2     |    0.25 ( 2.00%)   |    -487.92    |    1205.46    |     1200.78     |
|XM_023199053_2_PREDICTED_Pilioco...|   0.00   |    2     |    0.29 ( 2.00%)   |    -487.92    |    1205.46    |     1200.78     |
|XM_021933040_1_PREDICTED_Papio_a...|   0.00   |    2     |    0.25 (51.00%)   |    -487.92    |    1205.46    |     1200.78     |
|XM_010366065_2_PREDICTED_Rhinopi...|   0.00   |    2     |    0.25 ( 2.00%)   |    -487.92    |    1205.46    |     1200.78     |
|XM_016942979_2_PREDICTED_Pan_tro...|   0.00   |    2     |    0.25 (51.00%)   |    -487.92    |    1205.46    |     1200.78     |
|XM_010336623_2_PREDICTED_Saimiri...|   0.00   |    2     |    0.25 ( 2.00%)   |    -487.92    |    1205.46    |     1200.78     |
|XM_012035808_1_PREDICTED_Cercoce...|   0.00   |    2     |    0.29 ( 2.00%)   |    -487.92    |    1205.46    |     1200.78     |
|XM_011995533_1_PREDICTED_Mandril...|   0.00   |    2     |    0.29 ( 2.00%)   |    -487.92    |    1205.46    |     1200.78     |
|XM_050777627_1_PREDICTED_Macaca_...|   0.00   |    2     |    0.25 (51.00%)   |    -487.92    |    1205.46    |     1200.78     |
|XM_017512376_2_PREDICTED_Cebus_i...|   0.00   |    2     |    0.25 (51.00%)   |    -487.92    |    1205.46    |     1200.78     |
|XM_032285963_1_PREDICTED_Sapajus...|   0.00   |    2     |    0.25 (51.00%)   |    -487.92    |    1205.46    |     1200.78     |

### Rate class analyses summary
*  1 branches with **2** rate classes
*  43 branches with **1** rate classes

### Annotated Tree
(XM_011995533_1_PREDICTED_Mandrillus_leucophaeus_angiotensin_I_converting_enzyme_2_ACE2_mRNA{1},XM_012035808_1_PREDICTED_Cercocebus_atys_angiotensin_I_converting_enzyme_2_ACE2_transcript_variant_X1_mRNA{1},XM_023199053_2_PREDICTED_Piliocolobus_tephrosceles_angiotensin_I_converting_enzyme_2_ACE2_mRNA{1},XM_010366065_2_PREDICTED_Rhinopithecus_roxellana_angiotensin_I_converting_enzyme_2_ACE2_mRNA{1},XM_017888580_1_PREDICTED_Rhinopithecus_bieti_angiotensin_I_converting_enzyme_2_ACE2_transcript_variant_X1_mRNA{1},(NM_001135696_1_Macaca_mulatta_angiotensin_converting_enzyme_2_ACE2_mRNA{1},XM_011735203_2_PREDICTED_Macaca_nemestrina_angiotensin_I_converting_enzyme_2_ACE2_transcript_variant_X1_mRNA{1},XM_050777627_1_PREDICTED_Macaca_thibetana_thibetana_angiotensin_converting_enzyme_2_ACE2_transcript_variant_X1_mRNA{1},XM_005593037_3_PREDICTED_Macaca_fascicularis_angiotensin_converting_enzyme_2_ACE2_mRNA{1},XM_021933040_1_PREDICTED_Papio_anubis_angiotensin_I_converting_enzyme_2_ACE2_transcript_variant_X1_mRNA{1})Node43{1},(NM_001131132_2_Pongo_abelii_angiotensin_converting_enzyme_2_ACE2_mRNA{1},XM_054471966_1_PREDICTED_Pongo_pygmaeus_angiotensin_converting_enzyme_2_ACE2_transcript_variant_X1_mRNA{1})Node49{1},(XM_025372062_1_PREDICTED_Theropithecus_gelada_angiotensin_I_converting_enzyme_2_ACE2_mRNA{1},((XM_010336623_2_PREDICTED_Saimiri_boliviensis_boliviensis_angiotensin_converting_enzyme_2_ACE2_transcript_variant_X1_mRNA{1},(XM_008988993_4_PREDICTED_Callithrix_jacchus_angiotensin_converting_enzyme_2_ACE2_mRNA{1},(XM_017512376_2_PREDICTED_Cebus_imitator_angiotensin_I_converting_enzyme_2_ACE2_transcript_variant_X1_mRNA{1},XM_032285963_1_PREDICTED_Sapajus_apella_angiotensin_I_converting_enzyme_2_ACE2_transcript_variant_X1_mRNA{1})Node27{1},XM_012434682_2_PREDICTED_Aotus_nancymaae_angiotensin_I_converting_enzyme_2_ACE2_mRNA{1})Node24{1})Node22{1},((((XM_053580366_1_PREDICTED_Nycticebus_coucang_angiotensin_converting_enzyme_2_ACE2_mRNA{1},XM_003791864_2_PREDICTED_Otolemur_garnettii_angiotensin_I_converting_enzyme_2_ACE2_mRNA{1})Node34{1},XM_012638731_1_PREDICTED_Propithecus_coquereli_angiotensin_I_converting_enzyme_2_ACE2_transcript_variant_X1_mRNA{1},XM_045538336_1_PREDICTED_Lemur_catta_angiotensin_converting_enzyme_2_ACE2_mRNA{1})Node33{1},XM_008064619_1_PREDICTED_Carlito_syrichta_angiotensin_I_converting_enzyme_2_ACE2_mRNA{1})Node32{1},XM_020285237_1_PREDICTED_Microcebus_murinus_angiotensin_I_converting_enzyme_2_ACE2_mRNA{2})Node31{1})Node21{1})Node19{1},XM_003261084_3_PREDICTED_Nomascus_leucogenys_angiotensin_I_converting_enzyme_2_ACE2_mRNA{1},((NM_001371415_1_Homo_sapiens_angiotensin_converting_enzyme_2_ACE2_transcript_variant_1_mRNA{1},XM_016942979_2_PREDICTED_Pan_troglodytes_angiotensin_converting_enzyme_2_ACE2_transcript_variant_X1_mRNA{1},XM_008974180_2_PREDICTED_Pan_paniscus_angiotensin_I_converting_enzyme_2_ACE2_transcript_variant_X1_mRNA{1},XM_019019204_1_PREDICTED_Gorilla_gorilla_gorilla_angiotensin_I_converting_enzyme_2_ACE2_mRNA{1})Node11{1},XM_007991113_2_PREDICTED_Chlorocebus_sabaeus_angiotensin_I_converting_enzyme_2_ACE2_transcript_variant_X1_mRNA{1})Node10{1},XM_032756617_1_PREDICTED_Hylobates_moloch_angiotensin_I_converting_enzyme_2_ACE2_mRNA{1})

----

```
|XM_011995533_1_PREDICTED_Mandrillus_leucophaeus_angiotensin_I_converting_enzyme_2_ACE2_mRNA (1)
|XM_012035808_1_PREDICTED_Cercocebus_atys_angiotensin_I_converting_enzyme_2_ACE2_transcript_variant_X1_mRNA (1)
|XM_023199053_2_PREDICTED_Piliocolobus_tephrosceles_angiotensin_I_converting_enzyme_2_ACE2_mRNA (1)
|XM_010366065_2_PREDICTED_Rhinopithecus_roxellana_angiotensin_I_converting_enzyme_2_ACE2_mRNA (1)
|XM_017888580_1_PREDICTED_Rhinopithecus_bieti_angiotensin_I_converting_enzyme_2_ACE2_transcript_variant_X1_mRNA (1)
||NM_001135696_1_Macaca_mulatta_angiotensin_converting_enzyme_2_ACE2_mRNA (1)
||XM_011735203_2_PREDICTED_Macaca_nemestrina_angiotensin_I_converting_enzyme_2_ACE2_transcript_variant_X1_mRNA (1)
|+Node43 (1)
||XM_050777627_1_PREDICTED_Macaca_thibetana_thibetana_angiotensin_converting_enzyme_2_ACE2_transcript_variant_X1_mRNA (1)
||XM_005593037_3_PREDICTED_Macaca_fascicularis_angiotensin_converting_enzyme_2_ACE2_mRNA (1)
||XM_021933040_1_PREDICTED_Papio_anubis_angiotensin_I_converting_enzyme_2_ACE2_transcript_variant_X1_mRNA (1)
||NM_001131132_2_Pongo_abelii_angiotensin_converting_enzyme_2_ACE2_mRNA (1)
|+Node49 (1)
||XM_054471966_1_PREDICTED_Pongo_pygmaeus_angiotensin_converting_enzyme_2_ACE2_transcript_variant_X1_mRNA (1)
||XM_025372062_1_PREDICTED_Theropithecus_gelada_angiotensin_I_converting_enzyme_2_ACE2_mRNA (1)
|+Node19 (1)
|| |XM_010336623_2_PREDICTED_Saimiri_boliviensis_boliviensis_angiotensin_converting_enzyme_2_ACE2_transcript_variant_X1_mRNA (1)
|||+Node22 (1)
|||||XM_008988993_4_PREDICTED_Callithrix_jacchus_angiotensin_converting_enzyme_2_ACE2_mRNA (1)
||||+Node24 (1)
||| ||XM_017512376_2_PREDICTED_Cebus_imitator_angiotensin_I_converting_enzyme_2_ACE2_transcript_variant_X1_mRNA (1)
||| |+Node27 (1)
||| ||XM_032285963_1_PREDICTED_Sapajus_apella_angiotensin_I_converting_enzyme_2_ACE2_transcript_variant_X1_mRNA (1)
||| |XM_012434682_2_PREDICTED_Aotus_nancymaae_angiotensin_I_converting_enzyme_2_ACE2_mRNA (1)
||+Node21 (1)
| |   |XM_053580366_1_PREDICTED_Nycticebus_coucang_angiotensin_converting_enzyme_2_ACE2_mRNA (1)
| |  |+Node34 (1)
| |  ||XM_003791864_2_PREDICTED_Otolemur_garnettii_angiotensin_I_converting_enzyme_2_ACE2_mRNA (1)
| | |+Node33 (1)
| | ||XM_012638731_1_PREDICTED_Propithecus_coquereli_angiotensin_I_converting_enzyme_2_ACE2_transcript_variant_X1_mRNA (1)
| | ||XM_045538336_1_PREDICTED_Lemur_catta_angiotensin_converting_enzyme_2_ACE2_mRNA (1)
| ||+Node32 (1)
| |||XM_008064619_1_PREDICTED_Carlito_syrichta_angiotensin_I_converting_enzyme_2_ACE2_mRNA (1)
| |+Node31 (1)
|  |XM_020285237_1_PREDICTED_Microcebus_murinus_angiotensin_I_converting_enzyme_2_ACE2_mRNA (2)
|XM_003261084_3_PREDICTED_Nomascus_leucogenys_angiotensin_I_converting_enzyme_2_ACE2_mRNA (1)
| |NM_001371415_1_Homo_sapiens_angiotensin_converting_enzyme_2_ACE2_transcript_variant_1_mRNA (1)
| |XM_016942979_2_PREDICTED_Pan_troglodytes_angiotensin_converting_enzyme_2_ACE2_transcript_variant_X1_mRNA (1)
||+Node11 (1)
|||XM_008974180_2_PREDICTED_Pan_paniscus_angiotensin_I_converting_enzyme_2_ACE2_transcript_variant_X1_mRNA (1)
|||XM_019019204_1_PREDICTED_Gorilla_gorilla_gorilla_angiotensin_I_converting_enzyme_2_ACE2_mRNA (1)
|+Node10 (1)
||XM_007991113_2_PREDICTED_Chlorocebus_sabaeus_angiotensin_I_converting_enzyme_2_ACE2_transcript_variant_X1_mRNA (1)
|XM_032756617_1_PREDICTED_Hylobates_moloch_angiotensin_I_converting_enzyme_2_ACE2_mRNA (1)
```


### Improving parameter estimates of the adaptive rate class model
* Log(L) =  -486.41, AIC-c =  1197.75 (104 estimated parameters)

### Testing selected branches for selection

|              Branch               |  Rates   |     Max. dN/dS     | Sites @ EBF>=100 |      Test LRT      |Uncorrected p-value |
|-----------------------------------|----------|--------------------|------------------|--------------------|--------------------|
|XM_020285237_1_PREDICTED_Microce...|     2    |  257.67 (67.63%)   |         11       |       18.07        |       0.00004      |
|XM_008064619_1_PREDICTED_Carlito...|     1    |   0.38 (100.00%)   |       N/A        |        0.00        |       1.00000      |
|              Node22               |     1    |   0.16 (100.00%)   |       N/A        |        0.00        |       1.00000      |
|XM_003791864_2_PREDICTED_Otolemu...|     1    |  >1000 (100.00%)   |       N/A        |        1.81        |       0.15745      |
|XM_045538336_1_PREDICTED_Lemur_c...|     1    |  >1000 (100.00%)   |       N/A        |        1.76        |       0.16175      |
|XM_007991113_2_PREDICTED_Chloroc...|     1    |  >1000 (100.00%)   |       N/A        |        1.85        |       0.15373      |
|              Node21               |     1    |   0.00 (100.00%)   |       N/A        |        0.00        |       1.00000      |
|              Node34               |     1    |   0.00 (100.00%)   |       N/A        |        0.00        |       1.00000      |
|              Node31               |     1    |   0.00 (100.00%)   |       N/A        |        0.00        |       1.00000      |
|              Node24               |     1    |   0.34 (100.00%)   |       N/A        |        0.00        |       1.00000      |
|              Node33               |     1    |   0.00 (100.00%)   |       N/A        |        0.00        |       1.00000      |
|XM_003261084_3_PREDICTED_Nomascu...|     1    |  >1000 (100.00%)   |       N/A        |        1.38        |       0.19899      |
|XM_012638731_1_PREDICTED_Propith...|     1    |  >1000 (100.00%)   |       N/A        |        1.21        |       0.21758      |
|              Node32               |     1    |   0.00 (100.00%)   |       N/A        |        0.00        |       1.00000      |
|XM_025372062_1_PREDICTED_Theropi...|     1    |   0.00 (100.00%)   |       N/A        |        0.00        |       1.00000      |
|              Node19               |     1    |   0.00 (100.00%)   |       N/A        |        0.00        |       1.00000      |
|              Node27               |     1    |   0.00 (100.00%)   |       N/A        |        0.00        |       1.00000      |
|              Node11               |     1    |   0.00 (100.00%)   |       N/A        |        0.00        |       1.00000      |
|XM_053580366_1_PREDICTED_Nyctice...|     1    |  >1000 (100.00%)   |       N/A        |        0.60        |       0.31078      |
|XM_032756617_1_PREDICTED_Hylobat...|     1    |  >1000 (100.00%)   |       N/A        |        0.60        |       0.30909      |
|              Node10               |     1    |  >1000 (100.00%)   |       N/A        |        0.60        |       0.30970      |
|              Node49               |     1    |  >1000 (100.00%)   |       N/A        |        0.58        |       0.31397      |
|NM_001131132_2_Pongo_abelii_angi...|     1    |  >1000 (100.00%)   |       N/A        |        0.58        |       0.31322      |
|              Node43               |     1    |  >1000 (100.00%)   |       N/A        |        0.62        |       0.30693      |
|XM_008988993_4_PREDICTED_Callith...|     1    |  >1000 (100.00%)   |       N/A        |        0.57        |       0.31589      |
|XM_012434682_2_PREDICTED_Aotus_n...|     1    |  >1000 (100.00%)   |       N/A        |        0.64        |       0.30229      |
|NM_001135696_1_Macaca_mulatta_an...|     1    |   1.00 (100.00%)   |       N/A        |        0.00        |       1.00000      |
|XM_008974180_2_PREDICTED_Pan_pan...|     1    |   1.00 (100.00%)   |       N/A        |        0.00        |       1.00000      |
|XM_054471966_1_PREDICTED_Pongo_p...|     1    |   1.00 (100.00%)   |       N/A        |        0.00        |       1.00000      |
|NM_001371415_1_Homo_sapiens_angi...|     1    |   1.00 (100.00%)   |       N/A        |        0.00        |       1.00000      |
|XM_017888580_1_PREDICTED_Rhinopi...|     1    |   1.00 (100.00%)   |       N/A        |        0.00        |       1.00000      |
|XM_005593037_3_PREDICTED_Macaca_...|     1    |   1.00 (100.00%)   |       N/A        |        0.00        |       1.00000      |
|XM_019019204_1_PREDICTED_Gorilla...|     1    |   1.00 (100.00%)   |       N/A        |        0.00        |       1.00000      |
|XM_011735203_2_PREDICTED_Macaca_...|     1    |   1.00 (100.00%)   |       N/A        |        0.00        |       1.00000      |
|XM_023199053_2_PREDICTED_Pilioco...|     1    |   1.00 (100.00%)   |       N/A        |        0.00        |       1.00000      |
|XM_021933040_1_PREDICTED_Papio_a...|     1    |   1.00 (100.00%)   |       N/A        |        0.00        |       1.00000      |
|XM_010366065_2_PREDICTED_Rhinopi...|     1    |   1.00 (100.00%)   |       N/A        |        0.00        |       1.00000      |
|XM_016942979_2_PREDICTED_Pan_tro...|     1    |   1.00 (100.00%)   |       N/A        |        0.00        |       1.00000      |
|XM_010336623_2_PREDICTED_Saimiri...|     1    |   1.00 (100.00%)   |       N/A        |        0.00        |       1.00000      |
|XM_012035808_1_PREDICTED_Cercoce...|     1    |   1.00 (100.00%)   |       N/A        |        0.00        |       1.00000      |
|XM_011995533_1_PREDICTED_Mandril...|     1    |   1.00 (100.00%)   |       N/A        |        0.00        |       1.00000      |
|XM_050777627_1_PREDICTED_Macaca_...|     1    |   1.00 (100.00%)   |       N/A        |        0.00        |       1.00000      |
|XM_017512376_2_PREDICTED_Cebus_i...|     1    |   1.00 (100.00%)   |       N/A        |        0.00        |       1.00000      |
|XM_032285963_1_PREDICTED_Sapajus...|     1    |   1.00 (100.00%)   |       N/A        |        0.00        |       1.00000      |
----
### Adaptive branch site random effects likelihood test 
Likelihood ratio test for episodic diversifying positive selection at Holm-Bonferroni corrected _p =   0.0500_ found **1** branches under selection among **44** tested.

* XM_020285237_1_PREDICTED_Microcebus_murinus_angiotensin_I_converting_enzyme_2_ACE2_mRNA, p-value =  0.00176

### Annotated Tree
(XM_011995533_1_PREDICTED_Mandrillus_leucophaeus_angiotensin_I_converting_enzyme_2_ACE2_mRNA,XM_012035808_1_PREDICTED_Cercocebus_atys_angiotensin_I_converting_enzyme_2_ACE2_transcript_variant_X1_mRNA,XM_023199053_2_PREDICTED_Piliocolobus_tephrosceles_angiotensin_I_converting_enzyme_2_ACE2_mRNA,XM_010366065_2_PREDICTED_Rhinopithecus_roxellana_angiotensin_I_converting_enzyme_2_ACE2_mRNA,XM_017888580_1_PREDICTED_Rhinopithecus_bieti_angiotensin_I_converting_enzyme_2_ACE2_transcript_variant_X1_mRNA,(NM_001135696_1_Macaca_mulatta_angiotensin_converting_enzyme_2_ACE2_mRNA,XM_011735203_2_PREDICTED_Macaca_nemestrina_angiotensin_I_converting_enzyme_2_ACE2_transcript_variant_X1_mRNA,XM_050777627_1_PREDICTED_Macaca_thibetana_thibetana_angiotensin_converting_enzyme_2_ACE2_transcript_variant_X1_mRNA,XM_005593037_3_PREDICTED_Macaca_fascicularis_angiotensin_converting_enzyme_2_ACE2_mRNA,XM_021933040_1_PREDICTED_Papio_anubis_angiotensin_I_converting_enzyme_2_ACE2_transcript_variant_X1_mRNA)Node43,(NM_001131132_2_Pongo_abelii_angiotensin_converting_enzyme_2_ACE2_mRNA,XM_054471966_1_PREDICTED_Pongo_pygmaeus_angiotensin_converting_enzyme_2_ACE2_transcript_variant_X1_mRNA)Node49,(XM_025372062_1_PREDICTED_Theropithecus_gelada_angiotensin_I_converting_enzyme_2_ACE2_mRNA,((XM_010336623_2_PREDICTED_Saimiri_boliviensis_boliviensis_angiotensin_converting_enzyme_2_ACE2_transcript_variant_X1_mRNA,(XM_008988993_4_PREDICTED_Callithrix_jacchus_angiotensin_converting_enzyme_2_ACE2_mRNA,(XM_017512376_2_PREDICTED_Cebus_imitator_angiotensin_I_converting_enzyme_2_ACE2_transcript_variant_X1_mRNA,XM_032285963_1_PREDICTED_Sapajus_apella_angiotensin_I_converting_enzyme_2_ACE2_transcript_variant_X1_mRNA)Node27,XM_012434682_2_PREDICTED_Aotus_nancymaae_angiotensin_I_converting_enzyme_2_ACE2_mRNA)Node24)Node22,((((XM_053580366_1_PREDICTED_Nycticebus_coucang_angiotensin_converting_enzyme_2_ACE2_mRNA,XM_003791864_2_PREDICTED_Otolemur_garnettii_angiotensin_I_converting_enzyme_2_ACE2_mRNA)Node34,XM_012638731_1_PREDICTED_Propithecus_coquereli_angiotensin_I_converting_enzyme_2_ACE2_transcript_variant_X1_mRNA,XM_045538336_1_PREDICTED_Lemur_catta_angiotensin_converting_enzyme_2_ACE2_mRNA)Node33,XM_008064619_1_PREDICTED_Carlito_syrichta_angiotensin_I_converting_enzyme_2_ACE2_mRNA)Node32,XM_020285237_1_PREDICTED_Microcebus_murinus_angiotensin_I_converting_enzyme_2_ACE2_mRNA{0.00175967028628321})Node31)Node21)Node19,XM_003261084_3_PREDICTED_Nomascus_leucogenys_angiotensin_I_converting_enzyme_2_ACE2_mRNA,((NM_001371415_1_Homo_sapiens_angiotensin_converting_enzyme_2_ACE2_transcript_variant_1_mRNA,XM_016942979_2_PREDICTED_Pan_troglodytes_angiotensin_converting_enzyme_2_ACE2_transcript_variant_X1_mRNA,XM_008974180_2_PREDICTED_Pan_paniscus_angiotensin_I_converting_enzyme_2_ACE2_transcript_variant_X1_mRNA,XM_019019204_1_PREDICTED_Gorilla_gorilla_gorilla_angiotensin_I_converting_enzyme_2_ACE2_mRNA)Node11,XM_007991113_2_PREDICTED_Chlorocebus_sabaeus_angiotensin_I_converting_enzyme_2_ACE2_transcript_variant_X1_mRNA)Node10,XM_032756617_1_PREDICTED_Hylobates_moloch_angiotensin_I_converting_enzyme_2_ACE2_mRNA)

----

```
|XM_011995533_1_PREDICTED_Mandrillus_leucophaeus_angiotensin_I_converting_enzyme_2_ACE2_mRNA (N.S)
|XM_012035808_1_PREDICTED_Cercocebus_atys_angiotensin_I_converting_enzyme_2_ACE2_transcript_variant_X1_mRNA (N.S)
|XM_023199053_2_PREDICTED_Piliocolobus_tephrosceles_angiotensin_I_converting_enzyme_2_ACE2_mRNA (N.S)
|XM_010366065_2_PREDICTED_Rhinopithecus_roxellana_angiotensin_I_converting_enzyme_2_ACE2_mRNA (N.S)
|XM_017888580_1_PREDICTED_Rhinopithecus_bieti_angiotensin_I_converting_enzyme_2_ACE2_transcript_variant_X1_mRNA (N.S)
||NM_001135696_1_Macaca_mulatta_angiotensin_converting_enzyme_2_ACE2_mRNA (N.S)
||XM_011735203_2_PREDICTED_Macaca_nemestrina_angiotensin_I_converting_enzyme_2_ACE2_transcript_variant_X1_mRNA (N.S)
|+Node43 (N.S)
||XM_050777627_1_PREDICTED_Macaca_thibetana_thibetana_angiotensin_converting_enzyme_2_ACE2_transcript_variant_X1_mRNA (N.S)
||XM_005593037_3_PREDICTED_Macaca_fascicularis_angiotensin_converting_enzyme_2_ACE2_mRNA (N.S)
||XM_021933040_1_PREDICTED_Papio_anubis_angiotensin_I_converting_enzyme_2_ACE2_transcript_variant_X1_mRNA (N.S)
||NM_001131132_2_Pongo_abelii_angiotensin_converting_enzyme_2_ACE2_mRNA (N.S)
|+Node49 (N.S)
||XM_054471966_1_PREDICTED_Pongo_pygmaeus_angiotensin_converting_enzyme_2_ACE2_transcript_variant_X1_mRNA (N.S)
||XM_025372062_1_PREDICTED_Theropithecus_gelada_angiotensin_I_converting_enzyme_2_ACE2_mRNA (N.S)
|+Node19 (N.S)
|| |XM_010336623_2_PREDICTED_Saimiri_boliviensis_boliviensis_angiotensin_converting_enzyme_2_ACE2_transcript_variant_X1_mRNA (N.S)
|||+Node22 (N.S)
|||||XM_008988993_4_PREDICTED_Callithrix_jacchus_angiotensin_converting_enzyme_2_ACE2_mRNA (N.S)
||||+Node24 (N.S)
||| ||XM_017512376_2_PREDICTED_Cebus_imitator_angiotensin_I_converting_enzyme_2_ACE2_transcript_variant_X1_mRNA (N.S)
||| |+Node27 (N.S)
||| ||XM_032285963_1_PREDICTED_Sapajus_apella_angiotensin_I_converting_enzyme_2_ACE2_transcript_variant_X1_mRNA (N.S)
||| |XM_012434682_2_PREDICTED_Aotus_nancymaae_angiotensin_I_converting_enzyme_2_ACE2_mRNA (N.S)
||+Node21 (N.S)
| |   |XM_053580366_1_PREDICTED_Nycticebus_coucang_angiotensin_converting_enzyme_2_ACE2_mRNA (N.S)
| |  |+Node34 (N.S)
| |  ||XM_003791864_2_PREDICTED_Otolemur_garnettii_angiotensin_I_converting_enzyme_2_ACE2_mRNA (N.S)
| | |+Node33 (N.S)
| | ||XM_012638731_1_PREDICTED_Propithecus_coquereli_angiotensin_I_converting_enzyme_2_ACE2_transcript_variant_X1_mRNA (N.S)
| | ||XM_045538336_1_PREDICTED_Lemur_catta_angiotensin_converting_enzyme_2_ACE2_mRNA (N.S)
| ||+Node32 (N.S)
| |||XM_008064619_1_PREDICTED_Carlito_syrichta_angiotensin_I_converting_enzyme_2_ACE2_mRNA (N.S)
| |+Node31 (N.S)
|  |XM_020285237_1_PREDICTED_Microcebus_murinus_angiotensin_I_converting_enzyme_2_ACE2_mRNA (0.00175967028628321)
|XM_003261084_3_PREDICTED_Nomascus_leucogenys_angiotensin_I_converting_enzyme_2_ACE2_mRNA (N.S)
| |NM_001371415_1_Homo_sapiens_angiotensin_converting_enzyme_2_ACE2_transcript_variant_1_mRNA (N.S)
| |XM_016942979_2_PREDICTED_Pan_troglodytes_angiotensin_converting_enzyme_2_ACE2_transcript_variant_X1_mRNA (N.S)
||+Node11 (N.S)
|||XM_008974180_2_PREDICTED_Pan_paniscus_angiotensin_I_converting_enzyme_2_ACE2_transcript_variant_X1_mRNA (N.S)
|||XM_019019204_1_PREDICTED_Gorilla_gorilla_gorilla_angiotensin_I_converting_enzyme_2_ACE2_mRNA (N.S)
|+Node10 (N.S)
||XM_007991113_2_PREDICTED_Chlorocebus_sabaeus_angiotensin_I_converting_enzyme_2_ACE2_transcript_variant_X1_mRNA (N.S)
|XM_032756617_1_PREDICTED_Hylobates_moloch_angiotensin_I_converting_enzyme_2_ACE2_mRNA (N.S)
```



