
Analysis Description
--------------------
 Read an alignment of coding sequences and replace any ambiguous codons
with ---. Write results to a new file in FASTA format, and report
changed sequences to stdout 

- __Requirements__: An MSA

- __Citation__: TBD

- __Written by__: Sergei L Kosakovsky Pond

- __Contact Information__: spond@temple.edu

- __Analysis Version__: 0.1

code: Universal

Striking 196 codons that are incompletely resolved from NP_001358344_1_NM_001371415_1_protein_NP_001358344_1_angiotensin_converting_enzyme_2_isoform_1_precursor_Homo_sapiens_transcript_NM_001371415_1_Homo_sapiens_angiotensin_converting_enzyme_2_ACE2_transcript_variant_1_mRNA_species_Homo_sapiens

Striking 196 codons that are incompletely resolved from XP_016798468_1_XM_016942979_2_protein_XP_016798468_1_angiotensin_converting_enzyme_2_isoform_X1_Pan_troglodytes_transcript_XM_016942979_2_PREDICTED_Pan_troglodytes_angiotensin_converting_enzyme_2_ACE2_transcript_variant_X1_mRNA_species_Pan_troglodytes

Striking 196 codons that are incompletely resolved from XP_008972428_2_XM_008974180_2_protein_XP_008972428_2_angiotensin_converting_enzyme_2_isoform_X1_Pan_paniscus_transcript_XM_008974180_2_PREDICTED_Pan_paniscus_angiotensin_I_converting_enzyme_2_ACE2_transcript_variant_X1_mRNA_species_Pan_paniscus

Striking 196 codons that are incompletely resolved from XP_018874749_1_XM_019019204_1_protein_XP_018874749_1_angiotensin_converting_enzyme_2_Gorilla_gorilla_gorilla_transcript_XM_019019204_1_PREDICTED_Gorilla_gorilla_gorilla_angiotensin_I_converting_enzyme_2_ACE2_mRNA_species_Gorilla_gorilla_gorilla

Striking 196 codons that are incompletely resolved from NP_001124604_1_NM_001131132_2_protein_NP_001124604_1_angiotensin_converting_enzyme_2_precursor_Pongo_abelii_transcript_NM_001131132_2_Pongo_abelii_angiotensin_converting_enzyme_2_ACE2_mRNA_species_Pongo_abelii

Striking 196 codons that are incompletely resolved from XP_054327941_1_XM_054471966_1_protein_XP_054327941_1_angiotensin_converting_enzyme_2_isoform_X1_Pongo_pygmaeus_transcript_XM_054471966_1_PREDICTED_Pongo_pygmaeus_angiotensin_converting_enzyme_2_ACE2_transcript_variant_X1_mRNA_species_Pongo_pygmaeus

Striking 196 codons that are incompletely resolved from XP_003261132_2_XM_003261084_3_protein_XP_003261132_2_angiotensin_converting_enzyme_2_Nomascus_leucogenys_transcript_XM_003261084_3_PREDICTED_Nomascus_leucogenys_angiotensin_I_converting_enzyme_2_ACE2_mRNA_species_Nomascus_leucogenys

Striking 196 codons that are incompletely resolved from XP_032612508_1_XM_032756617_1_protein_XP_032612508_1_angiotensin_converting_enzyme_2_Hylobates_moloch_transcript_XM_032756617_1_PREDICTED_Hylobates_moloch_angiotensin_I_converting_enzyme_2_ACE2_mRNA_species_Hylobates_moloch

Striking 196 codons that are incompletely resolved from NP_001129168_1_NM_001135696_1_protein_NP_001129168_1_angiotensin_converting_enzyme_2_precursor_Macaca_mulatta_transcript_NM_001135696_1_Macaca_mulatta_angiotensin_converting_enzyme_2_ACE2_mRNA_species_Macaca_mulatta

Striking 196 codons that are incompletely resolved from XP_011733505_1_XM_011735203_2_protein_XP_011733505_1_angiotensin_converting_enzyme_2_Macaca_nemestrina_transcript_XM_011735203_2_PREDICTED_Macaca_nemestrina_angiotensin_I_converting_enzyme_2_ACE2_transcript_variant_X1_mRNA_species_Macaca_nemestrina

Striking 196 codons that are incompletely resolved from XP_050633584_1_XM_050777627_1_protein_XP_050633584_1_angiotensin_converting_enzyme_2_Macaca_thibetana_thibetana_transcript_XM_050777627_1_PREDICTED_Macaca_thibetana_thibetana_angiotensin_converting_enzyme_2_ACE2_transcript_variant_X1_mRNA_species_Macaca_thibetana_thibetana

Striking 196 codons that are incompletely resolved from XP_005593094_2_XM_005593037_3_protein_XP_005593094_2_angiotensin_converting_enzyme_2_Macaca_fascicularis_transcript_XM_005593037_3_PREDICTED_Macaca_fascicularis_angiotensin_converting_enzyme_2_ACE2_mRNA_species_Macaca_fascicularis

Striking 196 codons that are incompletely resolved from XP_021788732_1_XM_021933040_1_protein_XP_021788732_1_angiotensin_converting_enzyme_2_Papio_anubis_transcript_XM_021933040_1_PREDICTED_Papio_anubis_angiotensin_I_converting_enzyme_2_ACE2_transcript_variant_X1_mRNA_species_Papio_anubis

Striking 196 codons that are incompletely resolved from XP_025227847_1_XM_025372062_1_protein_XP_025227847_1_angiotensin_converting_enzyme_2_Theropithecus_gelada_transcript_XM_025372062_1_PREDICTED_Theropithecus_gelada_angiotensin_I_converting_enzyme_2_ACE2_mRNA_species_Theropithecus_gelada

Striking 196 codons that are incompletely resolved from XP_011850923_1_XM_011995533_1_protein_XP_011850923_1_PREDICTED_angiotensin_converting_enzyme_2_Mandrillus_leucophaeus_transcript_XM_011995533_1_PREDICTED_Mandrillus_leucophaeus_angiotensin_I_converting_enzyme_2_ACE2_mRNA_species_Mandrillus_leucophaeus

Striking 196 codons that are incompletely resolved from XP_011891198_1_XM_012035808_1_protein_XP_011891198_1_PREDICTED_angiotensin_converting_enzyme_2_Cercocebus_atys_transcript_XM_012035808_1_PREDICTED_Cercocebus_atys_angiotensin_I_converting_enzyme_2_ACE2_transcript_variant_X1_mRNA_species_Cercocebus_atys

Striking 196 codons that are incompletely resolved from XP_007989304_2_XM_007991113_2_protein_XP_007989304_2_angiotensin_converting_enzyme_2_Chlorocebus_sabaeus_transcript_XM_007991113_2_PREDICTED_Chlorocebus_sabaeus_angiotensin_I_converting_enzyme_2_ACE2_transcript_variant_X1_mRNA_species_Chlorocebus_sabaeus

Striking 196 codons that are incompletely resolved from XP_023054821_1_XM_023199053_2_protein_XP_023054821_1_angiotensin_converting_enzyme_2_Piliocolobus_tephrosceles_transcript_XM_023199053_2_PREDICTED_Piliocolobus_tephrosceles_angiotensin_I_converting_enzyme_2_ACE2_mRNA_species_Piliocolobus_tephrosceles

Striking 196 codons that are incompletely resolved from XP_010364367_2_XM_010366065_2_protein_XP_010364367_2_angiotensin_converting_enzyme_2_Rhinopithecus_roxellana_transcript_XM_010366065_2_PREDICTED_Rhinopithecus_roxellana_angiotensin_I_converting_enzyme_2_ACE2_mRNA_species_Rhinopithecus_roxellana

Striking 277 codons that are incompletely resolved from XP_017744069_1_XM_017888580_1_protein_XP_017744069_1_PREDICTED_angiotensin_converting_enzyme_2_Rhinopithecus_bieti_transcript_XM_017888580_1_PREDICTED_Rhinopithecus_bieti_angiotensin_I_converting_enzyme_2_ACE2_transcript_variant_X1_mRNA_species_Rhinopithecus_bieti

Striking 196 codons that are incompletely resolved from XP_008987241_1_XM_008988993_4_protein_XP_008987241_1_angiotensin_converting_enzyme_2_Callithrix_jacchus_transcript_XM_008988993_4_PREDICTED_Callithrix_jacchus_angiotensin_converting_enzyme_2_ACE2_mRNA_species_Callithrix_jacchus

Striking 197 codons that are incompletely resolved from XP_017367865_1_XM_017512376_2_protein_XP_017367865_1_angiotensin_converting_enzyme_2_Cebus_imitator_transcript_XM_017512376_2_PREDICTED_Cebus_imitator_angiotensin_I_converting_enzyme_2_ACE2_transcript_variant_X1_mRNA_species_Cebus_imitator

Striking 196 codons that are incompletely resolved from XP_032141854_1_XM_032285963_1_protein_XP_032141854_1_angiotensin_converting_enzyme_2_Sapajus_apella_transcript_XM_032285963_1_PREDICTED_Sapajus_apella_angiotensin_I_converting_enzyme_2_ACE2_transcript_variant_X1_mRNA_species_Sapajus_apella

Striking 196 codons that are incompletely resolved from XP_012290105_1_XM_012434682_2_protein_XP_012290105_1_angiotensin_converting_enzyme_2_Aotus_nancymaae_transcript_XM_012434682_2_PREDICTED_Aotus_nancymaae_angiotensin_I_converting_enzyme_2_ACE2_mRNA_species_Aotus_nancymaae

Striking 196 codons that are incompletely resolved from XP_010334925_2_XM_010336623_2_protein_XP_010334925_2_angiotensin_converting_enzyme_2_isoform_X1_Saimiri_boliviensis_boliviensis_transcript_XM_010336623_2_PREDICTED_Saimiri_boliviensis_boliviensis_angiotensin_converting_enzyme_2_ACE2_transcript_variant_X1_mRNA_species_Saimiri_boliviensis_boliviensis

Striking 150 codons that are incompletely resolved from XP_020140826_1_XM_020285237_1_protein_XP_020140826_1_angiotensin_converting_enzyme_2_Microcebus_murinus_transcript_XM_020285237_1_PREDICTED_Microcebus_murinus_angiotensin_I_converting_enzyme_2_ACE2_mRNA_species_Microcebus_murinus

Striking 175 codons that are incompletely resolved from XP_012494185_1_XM_012638731_1_protein_XP_012494185_1_PREDICTED_angiotensin_converting_enzyme_2_Propithecus_coquereli_transcript_XM_012638731_1_PREDICTED_Propithecus_coquereli_angiotensin_I_converting_enzyme_2_ACE2_transcript_variant_X1_mRNA_species_Propithecus_coquereli

Striking 20 codons that are incompletely resolved from XP_045394292_1_XM_045538336_1_protein_XP_045394292_1_angiotensin_converting_enzyme_2_Lemur_catta_transcript_XM_045538336_1_PREDICTED_Lemur_catta_angiotensin_converting_enzyme_2_ACE2_mRNA_species_Lemur_catta

Striking 196 codons that are incompletely resolved from XP_053436341_1_XM_053580366_1_protein_XP_053436341_1_angiotensin_converting_enzyme_2_Nycticebus_coucang_transcript_XM_053580366_1_PREDICTED_Nycticebus_coucang_angiotensin_converting_enzyme_2_ACE2_mRNA_species_Nycticebus_coucang

Striking 196 codons that are incompletely resolved from XP_003791912_1_XM_003791864_2_protein_XP_003791912_1_angiotensin_converting_enzyme_2_Otolemur_garnettii_transcript_XM_003791864_2_PREDICTED_Otolemur_garnettii_angiotensin_I_converting_enzyme_2_ACE2_mRNA_species_Otolemur_garnettii

Striking 196 codons that are incompletely resolved from XP_008062810_1_XM_008064619_1_protein_XP_008062810_1_angiotensin_converting_enzyme_2_Carlito_syrichta_transcript_XM_008064619_1_PREDICTED_Carlito_syrichta_angiotensin_I_converting_enzyme_2_ACE2_mRNA_species_Carlito_syrichta
