FastTree Version 2.1.11 Double precision (No SSE3), OpenMP (1 threads)
Alignment: results/Primate_TP53/Primate_TP53.1.codon.fas
Nucleotide distances: Jukes-Cantor Joins: balanced Support: SH-like 1000
Search: Normal +NNI +SPR (2 rounds range 10) +ML-NNI opt-each=1
TopHits: 1.00*sqrtN close=default refresh=0.80
ML Model: Generalized Time-Reversible, CAT approximation with 20 rate categories
Initial topology in 0.00 seconds
Refining topology: 8 rounds ME-NNIs, 2 rounds ME-SPRs, 4 rounds ML-NNIs
Total branch-length 5.288 after 0.00 sec
ML-NNI round 1: LogLk = -419.576 NNIs 1 max delta 0.00 Time 0.00
GTR Frequencies: 0.2150 0.2866 0.3160 0.1824
GTR rates(ac ag at cg ct gt) 0.1445 0.3011 0.0295 0.5278 0.2909 1.0000
Switched to using 20 rate categories (CAT approximation)
Rate categories were divided by 0.630 so that average rate = 1.0
CAT-based log-likelihoods may not be comparable across runs
Use -gamma for approximate but comparable Gamma(20) log-likelihoods
ML-NNI round 2: LogLk = -407.585 NNIs 0 max delta 0.00 Time 0.00
Turning off heuristics for final round of ML NNIs (converged)
ML-NNI round 3: LogLk = -407.585 NNIs 0 max delta 0.00 Time 0.00 (final)
Optimize all lengths: LogLk = -407.585 Time 0.00
Total time: 0.01 seconds Unique: 4/34 Bad splits: 0/1
