FastTree Version 2.1.11 Double precision (No SSE3), OpenMP (1 threads)
Alignment: results/Primate_REM2/Primate_REM2.5.codon.fas
Nucleotide distances: Jukes-Cantor Joins: balanced Support: SH-like 1000
Search: Normal +NNI +SPR (2 rounds range 10) +ML-NNI opt-each=1
TopHits: 1.00*sqrtN close=default refresh=0.80
ML Model: Generalized Time-Reversible, CAT approximation with 20 rate categories
Initial topology in 0.00 seconds
Refining topology: 19 rounds ME-NNIs, 2 rounds ME-SPRs, 10 rounds ML-NNIs
Total branch-length 3.381 after 0.02 sec
ML-NNI round 1: LogLk = -1429.713 NNIs 2 max delta 1.62 Time 0.03
GTR Frequencies: 0.1679 0.3861 0.3254 0.1206
GTR rates(ac ag at cg ct gt) 0.9422 2.2855 0.7619 1.0761 1.9421 1.0000
Switched to using 20 rate categories (CAT approximation)
Rate categories were divided by 0.683 so that average rate = 1.0
CAT-based log-likelihoods may not be comparable across runs
Use -gamma for approximate but comparable Gamma(20) log-likelihoods
ML-NNI round 2: LogLk = -1322.668 NNIs 1 max delta 0.00 Time 0.08
Turning off heuristics for final round of ML NNIs (converged)
ML-NNI round 3: LogLk = -1322.644 NNIs 0 max delta 0.00 Time 0.09 (final)
Optimize all lengths: LogLk = -1322.642 Time 0.09
Total time: 0.11 seconds Unique: 28/35 Bad splits: 0/25
