multiple-files: No

Analysis Description
--------------------
RELAX (a random effects test of selection relaxation) uses a random
effects branch-site model framework to test whether a set of 'Test'
for convergence diagnostics. Version 4.5 adds support for multiple
datasets for joint testing. Version 4.6 adds support for branch- and
site-level evidence ratio calculation.
branches evolves under relaxed selection relative to a set of
'Reference' branches (R), as measured by the relaxation parameter (K).
Version 2.1 adds a check for stability in K estimates to try to mitigate
convergence problems. Version 3 provides support for >2 branch sets.
Version 3.1 adds LHC + Nedler-Mead initial fit phase and keyword
support. Version 3.1.1 adds some bug fixes for better convergence.
Version 4.0 adds support for synonymous rate variation. Version 4.1 adds
further support for multiple hit models. Version 4.1.1 adds reporting

- __Requirements__: in-frame codon alignment and a phylogenetic tree, with at least two
groups of branches defined using the {} notation (one group can be
defined as all unlabeled branches)

- __Citation__: RELAX: Detecting Relaxed Selection in a Phylogenetic Framework (2015).
Mol Biol Evol 32 (3): 820-832

- __Written by__: Sergei L Kosakovsky Pond, Ben Murrell, Steven Weaver and Temple iGEM /
UCSD viral evolution g

- __Contact Information__: spond@temple.edu

- __Analysis Version__: 4.5


>code => Universal

-------
>[WARNING]
'/Users/alex/Documents/AOC-dev/results/Primate_TP53/Primate_TP53.4.codon.fas'
contains 4 duplicate sequences. Identical sequences do not contribute
any information to the analysis and only slow down computation. Please
consider removing duplicate or 'nearly' duplicate sequences, e.g. using
https://github.com/veg/hyphy-analyses/tree/master/remove-duplicates
prior to running selection analyses
-------
/Users/alex/Documents/AOC-dev/results/Primate_TP53/Primate_TP53.4.codon.fas.FastTree.treefile.labelled
results/Primate_TP53/Primate_TP53.4.codon.fas.FastTree.treefile.labelled

>Loaded a multiple sequence alignment with **34** sequences, **277** codons, and **1** partitions from `/Users/alex/Documents/AOC-dev/results/Primate_TP53/Primate_TP53.4.codon.fas`

>mode => Group mode
The number of points in the initial distributional guess for likelihood fitting (permissible range = [1,10000], default value = 250, integer): 
>grid-size => 250
The number of initial random guesses to 'seed' rate values optimization (permissible range = [1,25], default value = 1, integer): 
>starting-points => 25


### Branch sets for RELAX analysis

>multiple-hits => None

* Selected 50 branches as the _Haplorrhini_ set: `NM_000546_6_protein_NP_000537_3_cellular_tumor_antigen_p53_isoform_a_Homo_sapiens_transcript_NM_000546_6_Homo_sapiens_tumor_protein_p53_TP53_transcript_variant_1_mRNA_organism_Homo_sapiens, NM_001047151_2_protein_NP_001040616_1_cellular_tumor_antigen_p53_Macaca_mulatta_transcript_NM_001047151_2_Macaca_mulatta_tumor_protein_p53_TP53_mRNA_organism_Macaca_mulatta, Node1, Node12, Node13, Node16, Node22, Node24, Node26, Node28, Node4, Node44, Node45, Node48, Node49, Node51, Node54, Node55, Node58, Node6, Node61, Node62, Node7, Node8, XM_002747948_5_protein_XP_002747994_1_cellular_tumor_antigen_p53_isoform_X1_Callithrix_jacchus_transcript_XM_002747948_5_PREDICTED_Callithrix_jacchus_tumor_protein_p53_TP53_transcript_variant_X1_mRNA_organism_Callithrix_jacchus, XM_002826974_6_protein_XP_002827020_3_cellular_tumor_antigen_p53_Pongo_abelii_transcript_XM_002826974_6_PREDICTED_Pongo_abelii_tumor_protein_p53_TP53_mRNA_organism_Pongo_abelii, XM_003912272_5_protein_XP_003912321_1_cellular_tumor_antigen_p53_Papio_anubis_transcript_XM_003912272_5_PREDICTED_Papio_anubis_tumor_protein_p53_TP53_mRNA_organism_Papio_anubis, XM_008010192_2_protein_XP_008008383_2_cellular_tumor_antigen_p53_isoform_X1_Chlorocebus_sabaeus_transcript_XM_008010192_2_PREDICTED_Chlorocebus_sabaeus_tumor_protein_p53_TP53_transcript_variant_X1_mRNA_organism_Chlorocebus_sabaeus, XM_008062341_2_protein_XP_008060532_1_cellular_tumor_antigen_p53_Carlito_syrichta_transcript_XM_008062341_2_PREDICTED_Carlito_syrichta_tumor_protein_p53_TP53_mRNA_organism_Carlito_syrichta, XM_010362387_1_protein_XP_010360689_1_cellular_tumor_antigen_p53_Rhinopithecus_roxellana_transcript_XM_010362387_1_PREDICTED_Rhinopithecus_roxellana_tumor_protein_p53_TP53_mRNA_organism_Rhinopithecus_roxellana, XM_011958558_1_protein_XP_011813948_1_PREDICTED_cellular_tumor_antigen_p53_isoform_X1_Colobus_angolensis_palliatus_transcript_XM_011958558_1_PREDICTED_Colobus_angolensis_palliatus_tumor_protein_p53_TP53_transcript_variant_X1_mRNA_organism_Colobus_angolensis, XM_011994540_1_protein_XP_011849930_1_PREDICTED_cellular_tumor_antigen_p53_isoform_X1_Mandrillus_leucophaeus_transcript_XM_011994540_1_PREDICTED_Mandrillus_leucophaeus_tumor_protein_p53_TP53_transcript_variant_X1_mRNA_organism_Mandrillus_leucophaeus, XM_012052423_1_protein_XP_011907813_1_PREDICTED_cellular_tumor_antigen_p53_isoform_X1_Cercocebus_atys_transcript_XM_012052423_1_PREDICTED_Cercocebus_atys_tumor_protein_p53_TP53_transcript_variant_X1_mRNA_organism_Cercocebus_atys, XM_016931470_3_protein_XP_016786959_2_cellular_tumor_antigen_p53_isoform_X1_Pan_troglodytes_transcript_XM_016931470_3_PREDICTED_Pan_troglodytes_tumor_protein_p53_TP53_transcript_variant_X1_mRNA_organism_Pan_troglodytes, XM_017531594_2_protein_XP_017387083_1_cellular_tumor_antigen_p53_isoform_X1_Cebus_imitator_transcript_XM_017531594_2_PREDICTED_Cebus_imitator_tumor_protein_p53_TP53_transcript_variant_X1_mRNA_organism_Cebus_imitator, XM_017850544_1_protein_XP_017706033_1_PREDICTED_cellular_tumor_antigen_p53_isoform_X1_Rhinopithecus_bieti_transcript_XM_017850544_1_PREDICTED_Rhinopithecus_bieti_tumor_protein_p53_TP53_transcript_variant_X1_mRNA_organism_Rhinopithecus_bieti, XM_023193314_2_protein_XP_023049082_1_cellular_tumor_antigen_p53_isoform_X1_Piliocolobus_tephrosceles_transcript_XM_023193314_2_PREDICTED_Piliocolobus_tephrosceles_tumor_protein_p53_TP53_transcript_variant_X1_mRNA_organism_Piliocolobus_tephrosceles, XM_025363515_1_protein_XP_025219300_1_cellular_tumor_antigen_p53_isoform_X1_Theropithecus_gelada_transcript_XM_025363515_1_PREDICTED_Theropithecus_gelada_tumor_protein_p53_TP53_transcript_variant_X1_mRNA_organism_Theropithecus_gelada, XM_030800485_1_protein_XP_030656345_1_cellular_tumor_antigen_p53_Nomascus_leucogenys_transcript_XM_030800485_1_PREDICTED_Nomascus_leucogenys_tumor_protein_p53_TP53_mRNA_organism_Nomascus_leucogenys, XM_032139337_3_protein_XP_031995228_1_cellular_tumor_antigen_p53_Hylobates_moloch_transcript_XM_032139337_3_PREDICTED_Hylobates_moloch_tumor_protein_p53_TP53_mRNA_organism_Hylobates_moloch, XM_032280430_1_protein_XP_032136321_1_cellular_tumor_antigen_p53_isoform_X1_Sapajus_apella_transcript_XM_032280430_1_PREDICTED_Sapajus_apella_tumor_protein_p53_TP53_transcript_variant_X1_mRNA_organism_Sapajus_apella, XM_033184717_1_protein_XP_033040608_1_cellular_tumor_antigen_p53_isoform_X1_Trachypithecus_francoisi_transcript_XM_033184717_1_PREDICTED_Trachypithecus_francoisi_tumor_protein_p53_TP53_transcript_variant_X1_mRNA_organism_Trachypithecus_francoisi, XM_039476036_1_protein_XP_039331970_1_cellular_tumor_antigen_p53_isoform_X1_Saimiri_boliviensis_boliviensis_transcript_XM_039476036_1_PREDICTED_Saimiri_boliviensis_boliviensis_tumor_protein_p53_TP53_transcript_variant_X1_mRNA_organism_Saimiri_boliviensis, XM_050765346_1_protein_XP_050621303_1_cellular_tumor_antigen_p53_isoform_X1_Macaca_thibetana_thibetana_transcript_XM_050765346_1_PREDICTED_Macaca_thibetana_thibetana_tumor_protein_p53_TP53_transcript_variant_X1_mRNA_organism_Macaca_thibetana, XM_054457336_2_protein_XP_054313311_2_cellular_tumor_antigen_p53_Pongo_pygmaeus_transcript_XM_054457336_2_PREDICTED_Pongo_pygmaeus_tumor_protein_p53_TP53_mRNA_organism_Pongo_pygmaeus, XM_055256596_2_protein_XP_055112571_1_cellular_tumor_antigen_p53_isoform_X1_Symphalangus_syndactylus_transcript_XM_055256596_2_PREDICTED_Symphalangus_syndactylus_tumor_protein_p53_TP53_transcript_variant_X1_mRNA_organism_Symphalangus_syndactylus, XM_057300362_2_protein_XP_057156345_1_cellular_tumor_antigen_p53_isoform_X1_Pan_paniscus_transcript_XM_057300362_2_PREDICTED_Pan_paniscus_tumor_protein_p53_TP53_transcript_variant_X1_mRNA_organism_Pan_paniscus, XM_063700589_1_protein_XP_063556659_1_cellular_tumor_antigen_p53_isoform_X1_Gorilla_gorilla_gorilla_transcript_XM_063700589_1_PREDICTED_Gorilla_gorilla_gorilla_tumor_protein_p53_TP53_transcript_variant_X1_mRNA_organism_Gorilla_gorilla, XM_064378361_1_protein_XP_064234431_1_cellular_tumor_antigen_p53_isoform_X1_Aotus_nancymaae_transcript_XM_064378361_1_PREDICTED_Aotus_nancymaae_tumor_protein_p53_TP53_transcript_variant_X1_mRNA_organism_Aotus_nancymaae, XM_071082299_1_protein_XP_070938400_1_cellular_tumor_antigen_p53_Macaca_nemestrina_transcript_XM_071082299_1_PREDICTED_Macaca_nemestrina_tumor_protein_p53_LOC105473688_mRNA_organism_Macaca_nemestrina`

* Selected 11 branches as the _Strepsirrhini_ set: `Node33, Node34, Node37, Node39, Node41, XM_012655616_1_protein_XP_012511070_1_PREDICTED_cellular_tumor_antigen_p53_Propithecus_coquereli_transcript_XM_012655616_1_PREDICTED_Propithecus_coquereli_tumor_protein_p53_TP53_mRNA_organism_Propithecus_coquereli, XM_012776058_2_protein_XP_012631512_1_cellular_tumor_antigen_p53_Microcebus_murinus_transcript_XM_012776058_2_PREDICTED_Microcebus_murinus_tumor_protein_p53_TP53_transcript_variant_X1_mRNA_organism_Microcebus_murinus, XM_012806041_2_protein_XP_012661495_1_cellular_tumor_antigen_p53_Otolemur_garnettii_transcript_XM_012806041_2_PREDICTED_Otolemur_garnettii_tumor_protein_p53_TP53_mRNA_organism_Otolemur_garnettii, XM_045570131_1_protein_XP_045426087_1_cellular_tumor_antigen_p53_Lemur_catta_transcript_XM_045570131_1_PREDICTED_Lemur_catta_tumor_protein_p53_TP53_mRNA_organism_Lemur_catta, XM_053569948_1_protein_XP_053425923_1_cellular_tumor_antigen_p53_Nycticebus_coucang_transcript_XM_053569948_1_PREDICTED_Nycticebus_coucang_tumor_protein_p53_TP53_transcript_variant_X1_mRNA_organism_Nycticebus_coucang, XM_069482023_1_protein_XP_069338124_1_cellular_tumor_antigen_p53_isoform_X1_Eulemur_rufifrons_transcript_XM_069482023_1_PREDICTED_Eulemur_rufifrons_tumor_protein_p53_TP53_transcript_variant_X1_mRNA_organism_Eulemur_rufifrons`

>reference-group => Haplorrhini
* 4 branches are in the unclassified (nuisance) set: `Node19, Node20, Node21, Node31`
The number omega rate classes to include in the model (permissible range = [2,10], default value = 3, integer): 
>rates => 3

>models => All

>srv => Yes
The number omega rate classes to include in the model (permissible range = [1,10], default value = 3, integer): 
>syn-rates => 3


### Obtaining branch lengths and nucleotide substitution biases under the nucleotide GTR model

>kill-zero-lengths => Yes

### Deleted 6 zero-length internal branches: `Node16, Node19, Node26, Node4, Node48, Node8`
* Log(L) = -3262.09, AIC-c =  6670.57 (73 estimated parameters)
* 1 partition. Total tree length by partition (subs/site)  0.443

### Obtaining the global omega estimate based on relative GTR branch lengths and nucleotide substitution biases
* Log(L) = -3114.57, AIC-c =  6382.39 (76 estimated parameters)
* 1 partition. Total tree length by partition (subs/site)  0.455
* non-synonymous/synonymous rate ratio for *Haplorrhini* =   0.1330
* non-synonymous/synonymous rate ratio for *Strepsirrhini* =   0.2262
* non-synonymous/synonymous rate ratio for *Unclassified* =   0.1995

### Improving branch lengths, nucleotide substitution biases, and global dN/dS ratios under a full codon model
* Log(L) = -3100.41, AIC-c =  6354.06 (76 estimated parameters)
* 1 partition. Total tree length by partition (subs/site)  0.451
* non-synonymous/synonymous rate ratio for *Haplorrhini* =   0.1017
* non-synonymous/synonymous rate ratio for *Strepsirrhini* =   0.2107
* non-synonymous/synonymous rate ratio for *Unclassified* =   0.1675

### Fitting the general descriptive (separate k per branch) model
Error:
A_XbuAzX.tree_id_0.XM_002826974_6_protein_XP_002827020_3_cellular_tumor_antigen_p53_Pongo_abelii_transcript_XM_002826974_6_PREDICTED_Pongo_abelii_tumor_protein_p53_TP53_mRNA_organism_Pongo_abelii.k evaluated to a NaN; this can cause all kinds of odd behavior downstream, therefore it is safer to quit now

Function call stack
1 :  [namespace = FmFwAaun] Optimize(mles, ^lf_id);
-------
2 :  relax.general_descriptive.fit=estimators.FitExistingLF(relax.general_descriptive.fit[terms.likelihood_function],relax.model_object_map);
-------

Check errors.log for execution error details.
