FastTree Version 2.1.11 Double precision (No SSE3), OpenMP (1 threads)
Alignment: results/Primate_ACE2/Primate_ACE2.1.codon.fas
Nucleotide distances: Jukes-Cantor Joins: balanced Support: SH-like 1000
Search: Normal +NNI +SPR (2 rounds range 10) +ML-NNI opt-each=1
TopHits: 1.00*sqrtN close=default refresh=0.80
ML Model: Generalized Time-Reversible, CAT approximation with 20 rate categories
Initial topology in 0.00 seconds
Refining topology: 20 rounds ME-NNIs, 2 rounds ME-SPRs, 10 rounds ML-NNIs
Total branch-length 0.457 after 0.06 sec
ML-NNI round 1: LogLk = -5086.390 NNIs 3 max delta 2.06 Time 0.10
      0.10 seconds: Optimizing GTR model, step 1 of 12
GTR Frequencies: 0.3065 0.1994 0.2351 0.2590
GTR rates(ac ag at cg ct gt) 1.9839 4.5900 0.6326 1.2660 7.0500 1.0000
      0.20 seconds: Site likelihoods with rate category 1 of 20
Switched to using 20 rate categories (CAT approximation)
Rate categories were divided by 0.738 so that average rate = 1.0
CAT-based log-likelihoods may not be comparable across runs
Use -gamma for approximate but comparable Gamma(20) log-likelihoods
ML-NNI round 2: LogLk = -4676.205 NNIs 1 max delta 0.08 Time 0.27
Turning off heuristics for final round of ML NNIs (converged)
ML-NNI round 3: LogLk = -4676.204 NNIs 0 max delta 0.00 Time 0.33 (final)
      0.32 seconds: ML Lengths 1 of 29 splits
Optimize all lengths: LogLk = -4676.204 Time 0.35
Total time: 0.58 seconds Unique: 31/31 Bad splits: 0/28
