FastTree Version 2.1.11 Double precision (No SSE3), OpenMP (1 threads)
Alignment: results/Primate_TP53/Primate_TP53.5.codon.fas
Nucleotide distances: Jukes-Cantor Joins: balanced Support: SH-like 1000
Search: Normal +NNI +SPR (2 rounds range 10) +ML-NNI opt-each=1
TopHits: 1.00*sqrtN close=default refresh=0.80
ML Model: Generalized Time-Reversible, CAT approximation with 20 rate categories
Initial topology in 0.00 seconds
Refining topology: 16 rounds ME-NNIs, 2 rounds ME-SPRs, 8 rounds ML-NNIs
Total branch-length 1.442 after 0.00 sec
ML-NNI round 1: LogLk = -680.313 NNIs 3 max delta 3.93 Time 0.01
GTR Frequencies: 0.3100 0.2807 0.2202 0.1890
GTR rates(ac ag at cg ct gt) 0.7815 2.3964 0.7314 1.6964 2.3873 1.0000
Switched to using 20 rate categories (CAT approximation)
Rate categories were divided by 0.657 so that average rate = 1.0
CAT-based log-likelihoods may not be comparable across runs
Use -gamma for approximate but comparable Gamma(20) log-likelihoods
ML-NNI round 2: LogLk = -651.268 NNIs 2 max delta 1.70 Time 0.02
ML-NNI round 3: LogLk = -651.257 NNIs 0 max delta 0.00 Time 0.03
Turning off heuristics for final round of ML NNIs (converged)
ML-NNI round 4: LogLk = -651.257 NNIs 0 max delta 0.00 Time 0.03 (final)
Optimize all lengths: LogLk = -651.257 Time 0.03
Total time: 0.04 seconds Unique: 17/34 Bad splits: 0/14
