
Analysis Description
--------------------
aBSREL (Adaptive branch-site random effects likelihood) uses an adaptive
random effects branch-site model framework to test whether each branch
has evolved under positive selection, using a procedure which infers an
optimal number of rate categories per branch. v2.2 adds support for
multiple-hit models. v2.3 adds support for SRV. v2.5 adds support for
ancestral state reconstruction, identification of sites contributing to
selection signal, and some diagnostics. v2.6 adds tree reports and ASCII
art

- __Requirements__: in-frame codon alignment and a phylogenetic tree

- __Citation__:  Less Is More: An Adaptive Branch-Site Random Effects Model for
Efficient Detection of Episodic Diversifying Selection (2015). Mol Biol
Evol 32 (5): 1342-1353. 

- __Written by__: Sergei L Kosakovsky Pond, Ben Murrell, Steven Weaver and Temple iGEM /
UCSD viral evolution group

- __Contact Information__: spond@temple.edu

- __Analysis Version__: 2.6

[Advanced option] Bag of little bootstrap alignment resampling rate (permissible range = [0.01,1], default value = 1): blb: 1

>code => Universal

-------
>[WARNING]
'/Users/alex/Documents/AOC-dev/results/Primate_REM2/Primate_REM2.2.codon.fas'
contains 4 duplicate sequences. Identical sequences do not contribute
any information to the analysis and only slow down computation. Please
consider removing duplicate or 'nearly' duplicate sequences, e.g. using
https://github.com/veg/hyphy-analyses/tree/master/remove-duplicates
prior to running selection analyses
-------
/Users/alex/Documents/AOC-dev/results/Primate_REM2/Primate_REM2.2.codon.fas.FastTree.treefile
results/Primate_REM2/Primate_REM2.2.codon.fas.FastTree.treefile

>Loaded a multiple sequence alignment with **35** sequences, **142** codons, and **1** partitions from `/Users/alex/Documents/AOC-dev/results/Primate_REM2/Primate_REM2.2.codon.fas`

>branches => All

>multiple-hits => None

>srv => No


### * Selected 66 branches for testing: `XM_005560816_4_PREDICTED_Macaca_fascicularis_RRAD_and_GEM_like_GTPase_2_REM2_transcript_variant_X1_mRNA, XM_011990630_1_PREDICTED_Mandrillus_leucophaeus_RAS_RAD_and_GEM_like_GTP_binding_2_REM2_mRNA, XM_025392475_1_PREDICTED_Theropithecus_gelada_RRAD_and_GEM_like_GTPase_2_REM2_mRNA, Node1, XM_011772352_3_PREDICTED_Macaca_nemestrina_RRAD_and_GEM_like_GTPase_2_LOC105499627_mRNA, XM_007990787_3_PREDICTED_Chlorocebus_sabaeus_RRAD_and_GEM_like_GTPase_2_REM2_mRNA, XM_008065271_2_PREDICTED_Carlito_syrichta_RRAD_and_GEM_like_GTPase_2_REM2_mRNA, XM_003801909_3_PREDICTED_Otolemur_garnettii_RRAD_and_GEM_like_GTPase_2_REM2_mRNA, XM_053595668_1_PREDICTED_Nycticebus_coucang_RRAD_and_GEM_like_GTPase_2_REM2_transcript_variant_X1_mRNA, Node16, XM_012649447_1_PREDICTED_Propithecus_coquereli_RAS_RAD_and_GEM_like_GTP_binding_2_REM2_mRNA, XM_012752689_1_PREDICTED_Microcebus_murinus_RRAD_and_GEM_like_GTPase_2_REM2_transcript_variant_X1_mRNA, XM_045525960_1_PREDICTED_Lemur_catta_RRAD_and_GEM_like_GTPase_2_REM2_transcript_variant_X1_mRNA, XM_069463304_1_PREDICTED_Eulemur_rufifrons_RRAD_and_GEM_like_GTPase_2_REM2_mRNA, Node23, Node21, Node19, Node15, Node13, XM_064374774_1_PREDICTED_Aotus_nancymaae_RRAD_and_GEM_like_GTPase_2_REM2_mRNA, XM_032265550_1_PREDICTED_Sapajus_apella_RRAD_and_GEM_like_GTPase_2_REM2_transcript_variant_X1_mRNA, XM_017544499_2_PREDICTED_Cebus_imitator_RRAD_and_GEM_like_GTPase_2_REM2_transcript_variant_X1_mRNA, Node29, Node27, XM_035260095_2_PREDICTED_Callithrix_jacchus_RRAD_and_GEM_like_GTPase_2_REM2_transcript_variant_X1_mRNA, XM_003924335_4_PREDICTED_Saimiri_boliviensis_RRAD_and_GEM_like_GTPase_2_REM2_transcript_variant_X1_mRNA, Node32, Node26, Node12, XM_002824566_5_PREDICTED_Pongo_abelii_RRAD_and_GEM_like_GTPase_2_REM2_mRNA, XM_054448863_2_PREDICTED_Pongo_pygmaeus_RRAD_and_GEM_like_GTPase_2_REM2_mRNA, Node36, XM_032179928_2_PREDICTED_Hylobates_moloch_RRAD_and_GEM_like_GTPase_2_REM2_mRNA, XM_003260595_2_PREDICTED_Nomascus_leucogenys_RRAD_and_GEM_like_GTPase_2_REM2_mRNA, XM_055291876_2_PREDICTED_Symphalangus_syndactylus_RRAD_and_GEM_like_GTPase_2_REM2_mRNA, Node42, Node40, XM_009427474_5_PREDICTED_Pan_troglodytes_RRAD_and_GEM_like_GTPase_2_REM2_transcript_variant_X1_mRNA, XM_008960213_4_PREDICTED_Pan_paniscus_RRAD_and_GEM_like_GTPase_2_REM2_transcript_variant_X1_mRNA, Node46, NM_173527_3_Homo_sapiens_RRAD_and_GEM_like_GTPase_2_REM2_mRNA, XM_055362376_2_PREDICTED_Gorilla_gorilla_gorilla_RRAD_and_GEM_like_GTPase_2_REM2_transcript_variant_X1_mRNA, Node49, Node45, Node39, Node35, Node11, XM_010378358_2_PREDICTED_Rhinopithecus_roxellana_RRAD_and_GEM_like_GTPase_2_REM2_mRNA, XM_017864286_1_PREDICTED_Rhinopithecus_bieti_RRAD_and_GEM_like_GTPase_2_REM2_mRNA, XM_033188604_1_PREDICTED_Trachypithecus_francoisi_RRAD_and_GEM_like_GTPase_2_REM2_mRNA, Node55, Node53, XM_023230440_1_PREDICTED_Piliocolobus_tephrosceles_RRAD_and_GEM_like_GTPase_2_REM2_transcript_variant_X1_mRNA, XM_011930962_1_PREDICTED_Colobus_angolensis_palliatus_RAS_RAD_and_GEM_like_GTP_binding_2_REM2_mRNA, Node58, Node52, Node10, Node8, Node6, XM_001100692_4_PREDICTED_Macaca_mulatta_RRAD_and_GEM_like_GTPase_2_REM2_mRNA, XM_050796554_1_PREDICTED_Macaca_thibetana_thibetana_RRAD_and_GEM_like_GTPase_2_REM2_mRNA, Node61, Node5, XM_003901565_5_PREDICTED_Papio_anubis_RRAD_and_GEM_like_GTPase_2_REM2_mRNA, XM_012088533_1_PREDICTED_Cercocebus_atys_RAS_RAD_and_GEM_like_GTP_binding_2_REM2_mRNA, Node64`


### Obtaining branch lengths and nucleotide substitution biases under the nucleotide GTR model

>kill-zero-lengths => Yes

### Deleted 7 zero-length internal branches: `Node1, Node5, Node52, Node55, Node6, Node61, Node64`
* Log(L) = -1619.24, AIC-c =  3387.23 (74 estimated parameters)
* 1 partition. Total tree length by partition (subs/site)  0.428

### Fitting the baseline model with a single dN/dS class per branch, and no site-to-site variation. 
* Log(L) = -1527.69, AIC-c =  3326.64 (132 estimated parameters)
* Branch-level non-synonymous/synonymous rate ratio distribution has median  0.37, and 95% of the weight in  0.00 - 10000000000.00

### Determining the optimal number of rate classes per branch using a step up procedure

|              Branch               |  Length  |  Rates   |     Max. dN/dS     |    Log(L)     |     AIC-c     |Best AIC-c so far|
|-----------------------------------|----------|----------|--------------------|---------------|---------------|-----------------|
|XM_008065271_2_PREDICTED_Carlito...|   0.04   |    2     |    0.20 (90.58%)   |   -1527.69    |    3330.86    |     3326.64     |
|              Node16               |   0.03   |    2     |    0.26 ( 0.00%)   |   -1527.69    |    3330.86    |     3326.64     |
|XM_003924335_4_PREDICTED_Saimiri...|   0.02   |    2     |    0.20 (69.75%)   |   -1527.69    |    3330.86    |     3326.64     |
|XM_053595668_1_PREDICTED_Nyctice...|   0.02   |    2     |   0.40 (100.00%)   |   -1527.69    |    3330.86    |     3326.64     |
|              Node13               |   0.02   |    2     |    0.11 (97.34%)   |   -1527.69    |    3330.86    |     3326.64     |
|XM_012649447_1_PREDICTED_Propith...|   0.02   |    2     |    0.52 (28.59%)   |   -1527.69    |    3330.86    |     3326.64     |
|              Node26               |   0.02   |    2     |    0.58 (74.84%)   |   -1527.69    |    3330.86    |     3326.64     |
|XM_035260095_2_PREDICTED_Callith...|   0.02   |    2     |   39.13 ( 3.10%)   |   -1524.61    |    3324.71    |     3324.71     |
|XM_035260095_2_PREDICTED_Callith...|   0.02   |    3     |   42.44 ( 2.88%)   |   -1524.60    |    3328.92    |     3324.71     |
|XM_012752689_1_PREDICTED_Microce...|   0.02   |    2     |    0.00 ( 5.00%)   |   -1524.61    |    3328.93    |     3324.71     |
|XM_003801909_3_PREDICTED_Otolemu...|   0.02   |    2     |    0.37 (10.66%)   |   -1524.61    |    3328.93    |     3324.71     |
|              Node11               |   0.02   |    2     |    0.25 (10.71%)   |   -1524.61    |    3328.93    |     3324.71     |
|              Node15               |   0.01   |    2     |    0.00 ( 0.25%)   |   -1524.61    |    3328.93    |     3324.71     |
|XM_069463304_1_PREDICTED_Eulemur...|   0.01   |    2     |    0.28 (15.59%)   |   -1524.61    |    3328.93    |     3324.71     |
|              Node23               |   0.01   |    2     |   >1000 ( 0.76%)   |   -1522.17    |    3324.06    |     3324.06     |
|              Node23               |   0.01   |    3     |   >1000 ( 0.73%)   |   -1522.21    |    3328.35    |     3324.06     |
|              Node12               |   0.01   |    2     |    0.19 (74.66%)   |   -1522.17    |    3328.29    |     3324.06     |
|XM_045525960_1_PREDICTED_Lemur_c...|   0.01   |    2     |    0.86 (97.76%)   |   -1522.06    |    3328.07    |     3324.06     |
|              Node45               |   0.01   |    2     |    0.44 ( 4.46%)   |   -1522.17    |    3328.29    |     3324.06     |
|              Node35               |   0.01   |    2     |    0.00 ( 5.00%)   |   -1522.17    |    3328.29    |     3324.06     |
|XM_050796554_1_PREDICTED_Macaca_...|   0.01   |    2     |    1.13 (35.24%)   |   -1522.17    |    3328.29    |     3324.06     |
|XM_007990787_3_PREDICTED_Chloroc...|   0.01   |    2     |    1.90 (21.52%)   |   -1522.17    |    3328.29    |     3324.06     |
|              Node19               |   0.01   |    2     |    0.60 (75.81%)   |   -1522.17    |    3328.29    |     3324.06     |
|              Node36               |   0.01   |    2     |    0.49 (48.81%)   |   -1522.17    |    3328.29    |     3324.06     |
|XM_003260595_2_PREDICTED_Nomascu...|   0.00   |    2     |   1.00 (100.00%)   |   -1523.01    |    3329.95    |     3324.06     |
|              Node21               |   0.00   |    2     |    0.20 (27.66%)   |   -1530.74    |    3345.42    |     3324.06     |
|              Node10               |   0.00   |    2     |    0.00 ( 5.00%)   |   -1522.17    |    3328.29    |     3324.06     |
|XM_023230440_1_PREDICTED_Pilioco...|   0.00   |    2     |    0.60 (75.13%)   |   -1522.17    |    3328.29    |     3324.06     |
|XM_055362376_2_PREDICTED_Gorilla...|   0.00   |    2     |    0.00 ( 0.25%)   |   -1522.17    |    3328.29    |     3324.06     |
|XM_064374774_1_PREDICTED_Aotus_n...|   0.00   |    2     |    0.60 (75.00%)   |   -1522.17    |    3328.29    |     3324.06     |
|XM_001100692_4_PREDICTED_Macaca_...|   0.00   |    2     |    0.00 ( 5.00%)   |   -1522.17    |    3328.29    |     3324.06     |
|XM_011772352_3_PREDICTED_Macaca_...|   0.00   |    2     |    0.00 ( 5.00%)   |   -1522.17    |    3328.29    |     3324.06     |
|              Node39               |   0.00   |    2     |    0.00 ( 0.25%)   |   -1522.17    |    3328.29    |     3324.06     |
|              Node32               |   0.00   |    2     |    0.00 ( 0.25%)   |   -1522.17    |    3328.29    |     3324.06     |
|              Node27               |   0.00   |    2     |    0.00 ( 0.25%)   |   -1522.17    |    3328.29    |     3324.06     |
|XM_017544499_2_PREDICTED_Cebus_i...|   0.00   |    2     |  >1000 (100.00%)   |   -1522.17    |    3328.29    |     3324.06     |
|XM_032265550_1_PREDICTED_Sapajus...|   0.00   |    2     |  >1000 (100.00%)   |   -1522.17    |    3328.29    |     3324.06     |
|              Node40               |   0.00   |    2     |  119.74 (99.00%)   |   -1522.18    |    3328.30    |     3324.06     |
|              Node29               |   0.00   |    2     |    0.00 ( 0.25%)   |   -1522.17    |    3328.29    |     3324.06     |
|XM_012088533_1_PREDICTED_Cercoce...|   0.00   |    2     |   1.00 (100.00%)   |   -1522.59    |    3329.11    |     3324.06     |
|               Node8               |   0.00   |    2     |    0.00 ( 0.25%)   |   -1522.17    |    3328.29    |     3324.06     |
|XM_010378358_2_PREDICTED_Rhinopi...|   0.00   |    2     |   1.00 (100.00%)   |   -1522.58    |    3329.11    |     3324.06     |
|              Node49               |   0.00   |    2     |    0.00 ( 0.25%)   |   -1522.17    |    3328.29    |     3324.06     |
|              Node53               |   0.00   |    2     |    0.00 ( 5.00%)   |   -1522.17    |    3328.29    |     3324.06     |
|              Node58               |   0.00   |    2     |    0.00 ( 0.25%)   |   -1522.17    |    3328.29    |     3324.06     |
|XM_002824566_5_PREDICTED_Pongo_a...|   0.00   |    2     |    0.00 ( 5.00%)   |   -1522.17    |    3328.29    |     3324.06     |
|              Node46               |   0.00   |    2     |    0.00 ( 0.25%)   |   -1522.17    |    3328.29    |     3324.06     |
|              Node42               |   0.00   |    2     |    0.00 ( 0.25%)   |   -1522.17    |    3328.29    |     3324.06     |
|XM_003901565_5_PREDICTED_Papio_a...|   0.00   |    2     |    0.00 ( 5.00%)   |   -1522.17    |    3328.29    |     3324.06     |
|XM_017864286_1_PREDICTED_Rhinopi...|   0.00   |    2     |    0.25 ( 2.00%)   |   -1522.17    |    3328.29    |     3324.06     |
|XM_055291876_2_PREDICTED_Symphal...|   0.00   |    2     |    0.29 ( 2.00%)   |   -1522.17    |    3328.29    |     3324.06     |
|NM_173527_3_Homo_sapiens_RRAD_an...|   0.00   |    2     |    0.29 ( 2.00%)   |   -1522.17    |    3328.29    |     3324.06     |
|XM_025392475_1_PREDICTED_Theropi...|   0.00   |    2     |    0.25 ( 2.00%)   |   -1522.17    |    3328.29    |     3324.06     |
|XM_008960213_4_PREDICTED_Pan_pan...|   0.00   |    2     |    0.29 ( 2.00%)   |   -1522.17    |    3328.29    |     3324.06     |
|XM_032179928_2_PREDICTED_Hylobat...|   0.00   |    2     |    0.25 ( 2.00%)   |   -1522.17    |    3328.29    |     3324.06     |
|XM_005560816_4_PREDICTED_Macaca_...|   0.00   |    2     |    0.29 ( 2.00%)   |   -1522.17    |    3328.29    |     3324.06     |
|XM_011990630_1_PREDICTED_Mandril...|   0.00   |    2     |    0.29 ( 2.00%)   |   -1522.17    |    3328.29    |     3324.06     |
|XM_054448863_2_PREDICTED_Pongo_p...|   0.00   |    2     |    0.25 (51.00%)   |   -1522.17    |    3328.29    |     3324.06     |
|XM_011930962_1_PREDICTED_Colobus...|   0.00   |    2     |    0.25 (51.00%)   |   -1522.17    |    3328.29    |     3324.06     |
|XM_009427474_5_PREDICTED_Pan_tro...|   0.00   |    2     |    0.25 ( 2.00%)   |   -1522.17    |    3328.29    |     3324.06     |
|XM_033188604_1_PREDICTED_Trachyp...|   0.00   |    2     |    0.29 ( 2.00%)   |   -1522.17    |    3328.29    |     3324.06     |

### Rate class analyses summary
*  57 branches with **1** rate classes
*  2 branches with **2** rate classes

### Annotated Tree
(XM_005560816_4_PREDICTED_Macaca_fascicularis_RRAD_and_GEM_like_GTPase_2_REM2_transcript_variant_X1_mRNA{1},XM_011990630_1_PREDICTED_Mandrillus_leucophaeus_RAS_RAD_and_GEM_like_GTP_binding_2_REM2_mRNA{1},XM_025392475_1_PREDICTED_Theropithecus_gelada_RRAD_and_GEM_like_GTPase_2_REM2_mRNA{1},XM_011772352_3_PREDICTED_Macaca_nemestrina_RRAD_and_GEM_like_GTPase_2_LOC105499627_mRNA{1},(XM_007990787_3_PREDICTED_Chlorocebus_sabaeus_RRAD_and_GEM_like_GTPase_2_REM2_mRNA{1},((((XM_008065271_2_PREDICTED_Carlito_syrichta_RRAD_and_GEM_like_GTPase_2_REM2_mRNA{1},((XM_003801909_3_PREDICTED_Otolemur_garnettii_RRAD_and_GEM_like_GTPase_2_REM2_mRNA{1},XM_053595668_1_PREDICTED_Nycticebus_coucang_RRAD_and_GEM_like_GTPase_2_REM2_transcript_variant_X1_mRNA{1})Node16{1},(XM_012649447_1_PREDICTED_Propithecus_coquereli_RAS_RAD_and_GEM_like_GTP_binding_2_REM2_mRNA{1},(XM_012752689_1_PREDICTED_Microcebus_murinus_RRAD_and_GEM_like_GTPase_2_REM2_transcript_variant_X1_mRNA{1},(XM_045525960_1_PREDICTED_Lemur_catta_RRAD_and_GEM_like_GTPase_2_REM2_transcript_variant_X1_mRNA{1},XM_069463304_1_PREDICTED_Eulemur_rufifrons_RRAD_and_GEM_like_GTPase_2_REM2_mRNA{1})Node23{2})Node21{1})Node19{1})Node15{1})Node13{1},((XM_064374774_1_PREDICTED_Aotus_nancymaae_RRAD_and_GEM_like_GTPase_2_REM2_mRNA{1},(XM_032265550_1_PREDICTED_Sapajus_apella_RRAD_and_GEM_like_GTPase_2_REM2_transcript_variant_X1_mRNA{1},XM_017544499_2_PREDICTED_Cebus_imitator_RRAD_and_GEM_like_GTPase_2_REM2_transcript_variant_X1_mRNA{1})Node29{1})Node27{1},(XM_035260095_2_PREDICTED_Callithrix_jacchus_RRAD_and_GEM_like_GTPase_2_REM2_transcript_variant_X1_mRNA{2},XM_003924335_4_PREDICTED_Saimiri_boliviensis_RRAD_and_GEM_like_GTPase_2_REM2_transcript_variant_X1_mRNA{1})Node32{1})Node26{1})Node12{1},((XM_002824566_5_PREDICTED_Pongo_abelii_RRAD_and_GEM_like_GTPase_2_REM2_mRNA{1},XM_054448863_2_PREDICTED_Pongo_pygmaeus_RRAD_and_GEM_like_GTPase_2_REM2_mRNA{1})Node36{1},((XM_032179928_2_PREDICTED_Hylobates_moloch_RRAD_and_GEM_like_GTPase_2_REM2_mRNA{1},(XM_003260595_2_PREDICTED_Nomascus_leucogenys_RRAD_and_GEM_like_GTPase_2_REM2_mRNA{1},XM_055291876_2_PREDICTED_Symphalangus_syndactylus_RRAD_and_GEM_like_GTPase_2_REM2_mRNA{1})Node42{1})Node40{1},((XM_009427474_5_PREDICTED_Pan_troglodytes_RRAD_and_GEM_like_GTPase_2_REM2_transcript_variant_X1_mRNA{1},XM_008960213_4_PREDICTED_Pan_paniscus_RRAD_and_GEM_like_GTPase_2_REM2_transcript_variant_X1_mRNA{1})Node46{1},(NM_173527_3_Homo_sapiens_RRAD_and_GEM_like_GTPase_2_REM2_mRNA{1},XM_055362376_2_PREDICTED_Gorilla_gorilla_gorilla_RRAD_and_GEM_like_GTPase_2_REM2_transcript_variant_X1_mRNA{1})Node49{1})Node45{1})Node39{1})Node35{1})Node11{1},(XM_010378358_2_PREDICTED_Rhinopithecus_roxellana_RRAD_and_GEM_like_GTPase_2_REM2_mRNA{1},XM_017864286_1_PREDICTED_Rhinopithecus_bieti_RRAD_and_GEM_like_GTPase_2_REM2_mRNA{1},XM_033188604_1_PREDICTED_Trachypithecus_francoisi_RRAD_and_GEM_like_GTPase_2_REM2_mRNA{1})Node53{1},(XM_023230440_1_PREDICTED_Piliocolobus_tephrosceles_RRAD_and_GEM_like_GTPase_2_REM2_transcript_variant_X1_mRNA{1},XM_011930962_1_PREDICTED_Colobus_angolensis_palliatus_RAS_RAD_and_GEM_like_GTP_binding_2_REM2_mRNA{1})Node58{1})Node10{1})Node8{1},XM_001100692_4_PREDICTED_Macaca_mulatta_RRAD_and_GEM_like_GTPase_2_REM2_mRNA{1},XM_050796554_1_PREDICTED_Macaca_thibetana_thibetana_RRAD_and_GEM_like_GTPase_2_REM2_mRNA{1},XM_003901565_5_PREDICTED_Papio_anubis_RRAD_and_GEM_like_GTPase_2_REM2_mRNA{1},XM_012088533_1_PREDICTED_Cercocebus_atys_RAS_RAD_and_GEM_like_GTP_binding_2_REM2_mRNA{1})

----

```
|XM_005560816_4_PREDICTED_Macaca_fascicularis_RRAD_and_GEM_like_GTPase_2_REM2_transcript_variant_X1_mRNA (1)
|XM_011990630_1_PREDICTED_Mandrillus_leucophaeus_RAS_RAD_and_GEM_like_GTP_binding_2_REM2_mRNA (1)
|XM_025392475_1_PREDICTED_Theropithecus_gelada_RRAD_and_GEM_like_GTPase_2_REM2_mRNA (1)
|XM_011772352_3_PREDICTED_Macaca_nemestrina_RRAD_and_GEM_like_GTPase_2_LOC105499627_mRNA (1)
||XM_007990787_3_PREDICTED_Chlorocebus_sabaeus_RRAD_and_GEM_like_GTPase_2_REM2_mRNA (1)
|+Node8 (1)
||   |XM_008065271_2_PREDICTED_Carlito_syrichta_RRAD_and_GEM_like_GTPase_2_REM2_mRNA (1)
||  |+Node13 (1)
||  || |XM_003801909_3_PREDICTED_Otolemur_garnettii_RRAD_and_GEM_like_GTPase_2_REM2_mRNA (1)
||  |||+Node16 (1)
||  ||||XM_053595668_1_PREDICTED_Nycticebus_coucang_RRAD_and_GEM_like_GTPase_2_REM2_transcript_variant_X1_mRNA (1)
||  ||+Node15 (1)
||  | ||XM_012649447_1_PREDICTED_Propithecus_coquereli_RAS_RAD_and_GEM_like_GTP_binding_2_REM2_mRNA (1)
||  | |+Node19 (1)
||  |  ||XM_012752689_1_PREDICTED_Microcebus_murinus_RRAD_and_GEM_like_GTPase_2_REM2_transcript_variant_X1_mRNA (1)
||  |  |+Node21 (1)
||  |   ||XM_045525960_1_PREDICTED_Lemur_catta_RRAD_and_GEM_like_GTPase_2_REM2_transcript_variant_X1_mRNA (1)
||  |   |+Node23 (2)
||  |    |XM_069463304_1_PREDICTED_Eulemur_rufifrons_RRAD_and_GEM_like_GTPase_2_REM2_mRNA (1)
|| |+Node12 (1)
|| || |XM_064374774_1_PREDICTED_Aotus_nancymaae_RRAD_and_GEM_like_GTPase_2_REM2_mRNA (1)
|| |||+Node27 (1)
|| |||||XM_032265550_1_PREDICTED_Sapajus_apella_RRAD_and_GEM_like_GTPase_2_REM2_transcript_variant_X1_mRNA (1)
|| ||||+Node29 (1)
|| ||| |XM_017544499_2_PREDICTED_Cebus_imitator_RRAD_and_GEM_like_GTPase_2_REM2_transcript_variant_X1_mRNA (1)
|| ||+Node26 (1)
|| | ||XM_035260095_2_PREDICTED_Callithrix_jacchus_RRAD_and_GEM_like_GTPase_2_REM2_transcript_variant_X1_mRNA (2)
|| | |+Node32 (1)
|| |  |XM_003924335_4_PREDICTED_Saimiri_boliviensis_RRAD_and_GEM_like_GTPase_2_REM2_transcript_variant_X1_mRNA (1)
|||+Node11 (1)
|||| |XM_002824566_5_PREDICTED_Pongo_abelii_RRAD_and_GEM_like_GTPase_2_REM2_mRNA (1)
|||||+Node36 (1)
||||||XM_054448863_2_PREDICTED_Pongo_pygmaeus_RRAD_and_GEM_like_GTPase_2_REM2_mRNA (1)
||||+Node35 (1)
||| | |XM_032179928_2_PREDICTED_Hylobates_moloch_RRAD_and_GEM_like_GTPase_2_REM2_mRNA (1)
||| ||+Node40 (1)
||| ||||XM_003260595_2_PREDICTED_Nomascus_leucogenys_RRAD_and_GEM_like_GTPase_2_REM2_mRNA (1)
||| |||+Node42 (1)
||| || |XM_055291876_2_PREDICTED_Symphalangus_syndactylus_RRAD_and_GEM_like_GTPase_2_REM2_mRNA (1)
||| |+Node39 (1)
|||  | |XM_009427474_5_PREDICTED_Pan_troglodytes_RRAD_and_GEM_like_GTPase_2_REM2_transcript_variant_X1_mRNA (1)
|||  ||+Node46 (1)
|||  |||XM_008960213_4_PREDICTED_Pan_paniscus_RRAD_and_GEM_like_GTPase_2_REM2_transcript_variant_X1_mRNA (1)
|||  |+Node45 (1)
|||   ||NM_173527_3_Homo_sapiens_RRAD_and_GEM_like_GTPase_2_REM2_mRNA (1)
|||   |+Node49 (1)
|||    |XM_055362376_2_PREDICTED_Gorilla_gorilla_gorilla_RRAD_and_GEM_like_GTPase_2_REM2_transcript_variant_X1_mRNA (1)
||+Node10 (1)
| ||XM_010378358_2_PREDICTED_Rhinopithecus_roxellana_RRAD_and_GEM_like_GTPase_2_REM2_mRNA (1)
| |+Node53 (1)
| ||XM_017864286_1_PREDICTED_Rhinopithecus_bieti_RRAD_and_GEM_like_GTPase_2_REM2_mRNA (1)
| ||XM_033188604_1_PREDICTED_Trachypithecus_francoisi_RRAD_and_GEM_like_GTPase_2_REM2_mRNA (1)
| ||XM_023230440_1_PREDICTED_Piliocolobus_tephrosceles_RRAD_and_GEM_like_GTPase_2_REM2_transcript_variant_X1_mRNA (1)
| |+Node58 (1)
|  |XM_011930962_1_PREDICTED_Colobus_angolensis_palliatus_RAS_RAD_and_GEM_like_GTP_binding_2_REM2_mRNA (1)
|XM_001100692_4_PREDICTED_Macaca_mulatta_RRAD_and_GEM_like_GTPase_2_REM2_mRNA (1)
|XM_050796554_1_PREDICTED_Macaca_thibetana_thibetana_RRAD_and_GEM_like_GTPase_2_REM2_mRNA (1)
|XM_003901565_5_PREDICTED_Papio_anubis_RRAD_and_GEM_like_GTPase_2_REM2_mRNA (1)
|XM_012088533_1_PREDICTED_Cercocebus_atys_RAS_RAD_and_GEM_like_GTP_binding_2_REM2_mRNA (1)
```


### Improving parameter estimates of the adaptive rate class model
* Log(L) = -1519.58, AIC-c =  3318.87 (136 estimated parameters)

### Testing selected branches for selection

|              Branch               |  Rates   |     Max. dN/dS     | Sites @ EBF>=100 |      Test LRT      |Uncorrected p-value |
|-----------------------------------|----------|--------------------|------------------|--------------------|--------------------|
|XM_008065271_2_PREDICTED_Carlito...|     1    |   0.17 (100.00%)   |       N/A        |        0.00        |       1.00000      |
|              Node16               |     1    |   0.19 (100.00%)   |       N/A        |        0.00        |       1.00000      |
|XM_003924335_4_PREDICTED_Saimiri...|     1    |   0.13 (100.00%)   |       N/A        |        0.00        |       1.00000      |
|XM_053595668_1_PREDICTED_Nyctice...|     1    |   0.36 (100.00%)   |       N/A        |        0.00        |       1.00000      |
|              Node13               |     1    |   0.10 (100.00%)   |       N/A        |        0.00        |       1.00000      |
|XM_012649447_1_PREDICTED_Propith...|     1    |   0.47 (100.00%)   |       N/A        |        0.00        |       1.00000      |
|              Node26               |     1    |   0.52 (100.00%)   |       N/A        |        0.00        |       1.00000      |
|XM_035260095_2_PREDICTED_Callith...|     2    |   45.55 ( 2.29%)   |          2       |        4.77        |       0.03339      |
|XM_012752689_1_PREDICTED_Microce...|     1    |   0.00 (100.00%)   |       N/A        |        0.00        |       1.00000      |
|XM_003801909_3_PREDICTED_Otolemu...|     1    |   0.22 (100.00%)   |       N/A        |        0.00        |       1.00000      |
|              Node11               |     1    |   0.22 (100.00%)   |       N/A        |        0.00        |       1.00000      |
|              Node15               |     1    |   0.00 (100.00%)   |       N/A        |        0.00        |       1.00000      |
|XM_069463304_1_PREDICTED_Eulemur...|     1    |   0.23 (100.00%)   |       N/A        |        0.00        |       1.00000      |
|              Node23               |     2    |   >1000 ( 0.76%)   |          1       |        4.68        |       0.03497      |
|              Node12               |     1    |   0.13 (100.00%)   |       N/A        |        0.00        |       1.00000      |
|XM_045525960_1_PREDICTED_Lemur_c...|     1    |   0.81 (100.00%)   |       N/A        |        0.00        |       1.00000      |
|              Node45               |     1    |   0.23 (100.00%)   |       N/A        |        0.00        |       1.00000      |
|              Node35               |     1    |   0.00 (100.00%)   |       N/A        |        0.00        |       1.00000      |
|XM_050796554_1_PREDICTED_Macaca_...|     1    |   0.94 (100.00%)   |       N/A        |        0.00        |       1.00000      |
|XM_007990787_3_PREDICTED_Chloroc...|     1    |   0.96 (100.00%)   |       N/A        |        0.00        |       1.00000      |
|              Node19               |     1    |   0.56 (100.00%)   |       N/A        |        0.00        |       1.00000      |
|              Node36               |     1    |   0.30 (100.00%)   |       N/A        |        0.00        |       1.00000      |
|XM_003260595_2_PREDICTED_Nomascu...|     1    |  >1000 (100.00%)   |       N/A        |        1.55        |       0.18052      |
|              Node21               |     1    |  >1000 (100.00%)   |       N/A        |        1.40        |       0.19660      |
|              Node10               |     1    |   0.00 (100.00%)   |       N/A        |        0.00        |       1.00000      |
|XM_023230440_1_PREDICTED_Pilioco...|     1    |   0.47 (100.00%)   |       N/A        |        0.00        |       1.00000      |
|XM_055362376_2_PREDICTED_Gorilla...|     1    |   0.00 (100.00%)   |       N/A        |        0.00        |       1.00000      |
|XM_064374774_1_PREDICTED_Aotus_n...|     1    |   0.48 (100.00%)   |       N/A        |        0.00        |       1.00000      |
|XM_001100692_4_PREDICTED_Macaca_...|     1    |   0.00 (100.00%)   |       N/A        |        0.00        |       1.00000      |
|XM_011772352_3_PREDICTED_Macaca_...|     1    |   0.00 (100.00%)   |       N/A        |        0.00        |       1.00000      |
|              Node39               |     1    |   0.00 (100.00%)   |       N/A        |        0.00        |       1.00000      |
|              Node32               |     1    |   0.00 (100.00%)   |       N/A        |        0.00        |       1.00000      |
|              Node27               |     1    |   0.00 (100.00%)   |       N/A        |        0.00        |       1.00000      |
|XM_017544499_2_PREDICTED_Cebus_i...|     1    |  >1000 (100.00%)   |       N/A        |        0.79        |       0.27750      |
|XM_032265550_1_PREDICTED_Sapajus...|     1    |  >1000 (100.00%)   |       N/A        |        0.79        |       0.27748      |
|              Node40               |     1    |  >1000 (100.00%)   |       N/A        |        0.64        |       0.30288      |
|              Node29               |     1    |   0.00 (100.00%)   |       N/A        |        0.00        |       1.00000      |
|XM_012088533_1_PREDICTED_Cercoce...|     1    |  >1000 (100.00%)   |       N/A        |        5.46        |       0.02342      |
|               Node8               |     1    |   0.00 (100.00%)   |       N/A        |        0.00        |       1.00000      |
|XM_010378358_2_PREDICTED_Rhinopi...|     1    |  >1000 (100.00%)   |       N/A        |        0.77        |       0.28053      |
|              Node49               |     1    |   0.00 (100.00%)   |       N/A        |        0.00        |       1.00000      |
|              Node53               |     1    |   0.00 (100.00%)   |       N/A        |        0.00        |       1.00000      |
|              Node58               |     1    |   0.00 (100.00%)   |       N/A        |        0.00        |       1.00000      |
|XM_002824566_5_PREDICTED_Pongo_a...|     1    |   0.00 (100.00%)   |       N/A        |        0.00        |       1.00000      |
|              Node46               |     1    |   0.00 (100.00%)   |       N/A        |        0.00        |       1.00000      |
|              Node42               |     1    |   0.00 (100.00%)   |       N/A        |        0.00        |       1.00000      |
|XM_003901565_5_PREDICTED_Papio_a...|     1    |   0.00 (100.00%)   |       N/A        |        0.00        |       1.00000      |
|XM_017864286_1_PREDICTED_Rhinopi...|     1    |   1.00 (100.00%)   |       N/A        |        0.00        |       1.00000      |
|XM_055291876_2_PREDICTED_Symphal...|     1    |   1.00 (100.00%)   |       N/A        |        0.00        |       1.00000      |
|NM_173527_3_Homo_sapiens_RRAD_an...|     1    |   1.00 (100.00%)   |       N/A        |        0.00        |       1.00000      |
|XM_025392475_1_PREDICTED_Theropi...|     1    |   1.00 (100.00%)   |       N/A        |        0.00        |       1.00000      |
|XM_008960213_4_PREDICTED_Pan_pan...|     1    |   1.00 (100.00%)   |       N/A        |        0.00        |       1.00000      |
|XM_032179928_2_PREDICTED_Hylobat...|     1    |   1.00 (100.00%)   |       N/A        |        0.00        |       1.00000      |
|XM_005560816_4_PREDICTED_Macaca_...|     1    |   1.00 (100.00%)   |       N/A        |        0.00        |       1.00000      |
|XM_011990630_1_PREDICTED_Mandril...|     1    |   1.00 (100.00%)   |       N/A        |        0.00        |       1.00000      |
|XM_054448863_2_PREDICTED_Pongo_p...|     1    |   1.00 (100.00%)   |       N/A        |        0.00        |       1.00000      |
|XM_011930962_1_PREDICTED_Colobus...|     1    |   1.00 (100.00%)   |       N/A        |        0.00        |       1.00000      |
|XM_009427474_5_PREDICTED_Pan_tro...|     1    |   1.00 (100.00%)   |       N/A        |        0.00        |       1.00000      |
|XM_033188604_1_PREDICTED_Trachyp...|     1    |   1.00 (100.00%)   |       N/A        |        0.00        |       1.00000      |
----
### Adaptive branch site random effects likelihood test 
Likelihood ratio test for episodic diversifying positive selection at Holm-Bonferroni corrected _p =   0.0500_ found **0** branches under selection among **59** tested.


### Annotated Tree
(XM_005560816_4_PREDICTED_Macaca_fascicularis_RRAD_and_GEM_like_GTPase_2_REM2_transcript_variant_X1_mRNA,XM_011990630_1_PREDICTED_Mandrillus_leucophaeus_RAS_RAD_and_GEM_like_GTP_binding_2_REM2_mRNA,XM_025392475_1_PREDICTED_Theropithecus_gelada_RRAD_and_GEM_like_GTPase_2_REM2_mRNA,XM_011772352_3_PREDICTED_Macaca_nemestrina_RRAD_and_GEM_like_GTPase_2_LOC105499627_mRNA,(XM_007990787_3_PREDICTED_Chlorocebus_sabaeus_RRAD_and_GEM_like_GTPase_2_REM2_mRNA,((((XM_008065271_2_PREDICTED_Carlito_syrichta_RRAD_and_GEM_like_GTPase_2_REM2_mRNA,((XM_003801909_3_PREDICTED_Otolemur_garnettii_RRAD_and_GEM_like_GTPase_2_REM2_mRNA,XM_053595668_1_PREDICTED_Nycticebus_coucang_RRAD_and_GEM_like_GTPase_2_REM2_transcript_variant_X1_mRNA)Node16,(XM_012649447_1_PREDICTED_Propithecus_coquereli_RAS_RAD_and_GEM_like_GTP_binding_2_REM2_mRNA,(XM_012752689_1_PREDICTED_Microcebus_murinus_RRAD_and_GEM_like_GTPase_2_REM2_transcript_variant_X1_mRNA,(XM_045525960_1_PREDICTED_Lemur_catta_RRAD_and_GEM_like_GTPase_2_REM2_transcript_variant_X1_mRNA,XM_069463304_1_PREDICTED_Eulemur_rufifrons_RRAD_and_GEM_like_GTPase_2_REM2_mRNA)Node23)Node21)Node19)Node15)Node13,((XM_064374774_1_PREDICTED_Aotus_nancymaae_RRAD_and_GEM_like_GTPase_2_REM2_mRNA,(XM_032265550_1_PREDICTED_Sapajus_apella_RRAD_and_GEM_like_GTPase_2_REM2_transcript_variant_X1_mRNA,XM_017544499_2_PREDICTED_Cebus_imitator_RRAD_and_GEM_like_GTPase_2_REM2_transcript_variant_X1_mRNA)Node29)Node27,(XM_035260095_2_PREDICTED_Callithrix_jacchus_RRAD_and_GEM_like_GTPase_2_REM2_transcript_variant_X1_mRNA,XM_003924335_4_PREDICTED_Saimiri_boliviensis_RRAD_and_GEM_like_GTPase_2_REM2_transcript_variant_X1_mRNA)Node32)Node26)Node12,((XM_002824566_5_PREDICTED_Pongo_abelii_RRAD_and_GEM_like_GTPase_2_REM2_mRNA,XM_054448863_2_PREDICTED_Pongo_pygmaeus_RRAD_and_GEM_like_GTPase_2_REM2_mRNA)Node36,((XM_032179928_2_PREDICTED_Hylobates_moloch_RRAD_and_GEM_like_GTPase_2_REM2_mRNA,(XM_003260595_2_PREDICTED_Nomascus_leucogenys_RRAD_and_GEM_like_GTPase_2_REM2_mRNA,XM_055291876_2_PREDICTED_Symphalangus_syndactylus_RRAD_and_GEM_like_GTPase_2_REM2_mRNA)Node42)Node40,((XM_009427474_5_PREDICTED_Pan_troglodytes_RRAD_and_GEM_like_GTPase_2_REM2_transcript_variant_X1_mRNA,XM_008960213_4_PREDICTED_Pan_paniscus_RRAD_and_GEM_like_GTPase_2_REM2_transcript_variant_X1_mRNA)Node46,(NM_173527_3_Homo_sapiens_RRAD_and_GEM_like_GTPase_2_REM2_mRNA,XM_055362376_2_PREDICTED_Gorilla_gorilla_gorilla_RRAD_and_GEM_like_GTPase_2_REM2_transcript_variant_X1_mRNA)Node49)Node45)Node39)Node35)Node11,(XM_010378358_2_PREDICTED_Rhinopithecus_roxellana_RRAD_and_GEM_like_GTPase_2_REM2_mRNA,XM_017864286_1_PREDICTED_Rhinopithecus_bieti_RRAD_and_GEM_like_GTPase_2_REM2_mRNA,XM_033188604_1_PREDICTED_Trachypithecus_francoisi_RRAD_and_GEM_like_GTPase_2_REM2_mRNA)Node53,(XM_023230440_1_PREDICTED_Piliocolobus_tephrosceles_RRAD_and_GEM_like_GTPase_2_REM2_transcript_variant_X1_mRNA,XM_011930962_1_PREDICTED_Colobus_angolensis_palliatus_RAS_RAD_and_GEM_like_GTP_binding_2_REM2_mRNA)Node58)Node10)Node8,XM_001100692_4_PREDICTED_Macaca_mulatta_RRAD_and_GEM_like_GTPase_2_REM2_mRNA,XM_050796554_1_PREDICTED_Macaca_thibetana_thibetana_RRAD_and_GEM_like_GTPase_2_REM2_mRNA,XM_003901565_5_PREDICTED_Papio_anubis_RRAD_and_GEM_like_GTPase_2_REM2_mRNA,XM_012088533_1_PREDICTED_Cercocebus_atys_RAS_RAD_and_GEM_like_GTP_binding_2_REM2_mRNA)

----

```
|XM_005560816_4_PREDICTED_Macaca_fascicularis_RRAD_and_GEM_like_GTPase_2_REM2_transcript_variant_X1_mRNA (N.S)
|XM_011990630_1_PREDICTED_Mandrillus_leucophaeus_RAS_RAD_and_GEM_like_GTP_binding_2_REM2_mRNA (N.S)
|XM_025392475_1_PREDICTED_Theropithecus_gelada_RRAD_and_GEM_like_GTPase_2_REM2_mRNA (N.S)
|XM_011772352_3_PREDICTED_Macaca_nemestrina_RRAD_and_GEM_like_GTPase_2_LOC105499627_mRNA (N.S)
||XM_007990787_3_PREDICTED_Chlorocebus_sabaeus_RRAD_and_GEM_like_GTPase_2_REM2_mRNA (N.S)
|+Node8 (N.S)
||   |XM_008065271_2_PREDICTED_Carlito_syrichta_RRAD_and_GEM_like_GTPase_2_REM2_mRNA (N.S)
||  |+Node13 (N.S)
||  || |XM_003801909_3_PREDICTED_Otolemur_garnettii_RRAD_and_GEM_like_GTPase_2_REM2_mRNA (N.S)
||  |||+Node16 (N.S)
||  ||||XM_053595668_1_PREDICTED_Nycticebus_coucang_RRAD_and_GEM_like_GTPase_2_REM2_transcript_variant_X1_mRNA (N.S)
||  ||+Node15 (N.S)
||  | ||XM_012649447_1_PREDICTED_Propithecus_coquereli_RAS_RAD_and_GEM_like_GTP_binding_2_REM2_mRNA (N.S)
||  | |+Node19 (N.S)
||  |  ||XM_012752689_1_PREDICTED_Microcebus_murinus_RRAD_and_GEM_like_GTPase_2_REM2_transcript_variant_X1_mRNA (N.S)
||  |  |+Node21 (N.S)
||  |   ||XM_045525960_1_PREDICTED_Lemur_catta_RRAD_and_GEM_like_GTPase_2_REM2_transcript_variant_X1_mRNA (N.S)
||  |   |+Node23 (N.S)
||  |    |XM_069463304_1_PREDICTED_Eulemur_rufifrons_RRAD_and_GEM_like_GTPase_2_REM2_mRNA (N.S)
|| |+Node12 (N.S)
|| || |XM_064374774_1_PREDICTED_Aotus_nancymaae_RRAD_and_GEM_like_GTPase_2_REM2_mRNA (N.S)
|| |||+Node27 (N.S)
|| |||||XM_032265550_1_PREDICTED_Sapajus_apella_RRAD_and_GEM_like_GTPase_2_REM2_transcript_variant_X1_mRNA (N.S)
|| ||||+Node29 (N.S)
|| ||| |XM_017544499_2_PREDICTED_Cebus_imitator_RRAD_and_GEM_like_GTPase_2_REM2_transcript_variant_X1_mRNA (N.S)
|| ||+Node26 (N.S)
|| | ||XM_035260095_2_PREDICTED_Callithrix_jacchus_RRAD_and_GEM_like_GTPase_2_REM2_transcript_variant_X1_mRNA (N.S)
|| | |+Node32 (N.S)
|| |  |XM_003924335_4_PREDICTED_Saimiri_boliviensis_RRAD_and_GEM_like_GTPase_2_REM2_transcript_variant_X1_mRNA (N.S)
|||+Node11 (N.S)
|||| |XM_002824566_5_PREDICTED_Pongo_abelii_RRAD_and_GEM_like_GTPase_2_REM2_mRNA (N.S)
|||||+Node36 (N.S)
||||||XM_054448863_2_PREDICTED_Pongo_pygmaeus_RRAD_and_GEM_like_GTPase_2_REM2_mRNA (N.S)
||||+Node35 (N.S)
||| | |XM_032179928_2_PREDICTED_Hylobates_moloch_RRAD_and_GEM_like_GTPase_2_REM2_mRNA (N.S)
||| ||+Node40 (N.S)
||| ||||XM_003260595_2_PREDICTED_Nomascus_leucogenys_RRAD_and_GEM_like_GTPase_2_REM2_mRNA (N.S)
||| |||+Node42 (N.S)
||| || |XM_055291876_2_PREDICTED_Symphalangus_syndactylus_RRAD_and_GEM_like_GTPase_2_REM2_mRNA (N.S)
||| |+Node39 (N.S)
|||  | |XM_009427474_5_PREDICTED_Pan_troglodytes_RRAD_and_GEM_like_GTPase_2_REM2_transcript_variant_X1_mRNA (N.S)
|||  ||+Node46 (N.S)
|||  |||XM_008960213_4_PREDICTED_Pan_paniscus_RRAD_and_GEM_like_GTPase_2_REM2_transcript_variant_X1_mRNA (N.S)
|||  |+Node45 (N.S)
|||   ||NM_173527_3_Homo_sapiens_RRAD_and_GEM_like_GTPase_2_REM2_mRNA (N.S)
|||   |+Node49 (N.S)
|||    |XM_055362376_2_PREDICTED_Gorilla_gorilla_gorilla_RRAD_and_GEM_like_GTPase_2_REM2_transcript_variant_X1_mRNA (N.S)
||+Node10 (N.S)
| ||XM_010378358_2_PREDICTED_Rhinopithecus_roxellana_RRAD_and_GEM_like_GTPase_2_REM2_mRNA (N.S)
| |+Node53 (N.S)
| ||XM_017864286_1_PREDICTED_Rhinopithecus_bieti_RRAD_and_GEM_like_GTPase_2_REM2_mRNA (N.S)
| ||XM_033188604_1_PREDICTED_Trachypithecus_francoisi_RRAD_and_GEM_like_GTPase_2_REM2_mRNA (N.S)
| ||XM_023230440_1_PREDICTED_Piliocolobus_tephrosceles_RRAD_and_GEM_like_GTPase_2_REM2_transcript_variant_X1_mRNA (N.S)
| |+Node58 (N.S)
|  |XM_011930962_1_PREDICTED_Colobus_angolensis_palliatus_RAS_RAD_and_GEM_like_GTP_binding_2_REM2_mRNA (N.S)
|XM_001100692_4_PREDICTED_Macaca_mulatta_RRAD_and_GEM_like_GTPase_2_REM2_mRNA (N.S)
|XM_050796554_1_PREDICTED_Macaca_thibetana_thibetana_RRAD_and_GEM_like_GTPase_2_REM2_mRNA (N.S)
|XM_003901565_5_PREDICTED_Papio_anubis_RRAD_and_GEM_like_GTPase_2_REM2_mRNA (N.S)
|XM_012088533_1_PREDICTED_Cercocebus_atys_RAS_RAD_and_GEM_like_GTP_binding_2_REM2_mRNA (N.S)
```



