FastTree Version 2.1.11 Double precision (No SSE3), OpenMP (1 threads)
Alignment: results/Primate_BTG1/Primate_BTG1.2.codon.fas
Nucleotide distances: Jukes-Cantor Joins: balanced Support: SH-like 1000
Search: Normal +NNI +SPR (2 rounds range 10) +ML-NNI opt-each=1
TopHits: 1.00*sqrtN close=default refresh=0.80
ML Model: Generalized Time-Reversible, CAT approximation with 20 rate categories
Initial topology in 0.00 seconds
Refining topology: 12 rounds ME-NNIs, 2 rounds ME-SPRs, 6 rounds ML-NNIs
Total branch-length 0.128 after 0.00 sec
ML-NNI round 1: LogLk = -121.949 NNIs 2 max delta 0.00 Time 0.00
GTR Frequencies: 0.1978 0.3500 0.2609 0.1913
GTR rates(ac ag at cg ct gt) 1.0000 22.2056 1.0000 13.4903 95.0744 1.0000
Switched to using 20 rate categories (CAT approximation)
Rate categories were divided by 0.651 so that average rate = 1.0
CAT-based log-likelihoods may not be comparable across runs
Use -gamma for approximate but comparable Gamma(20) log-likelihoods
ML-NNI round 2: LogLk = -112.852 NNIs 1 max delta 0.00 Time 0.00
Turning off heuristics for final round of ML NNIs (converged)
ML-NNI round 3: LogLk = -112.852 NNIs 0 max delta 0.00 Time 0.00 (final)
Optimize all lengths: LogLk = -112.852 Time 0.00
Total time: 0.01 seconds Unique: 8/26 Bad splits: 0/5
