
Analysis Description
--------------------
aBSREL (Adaptive branch-site random effects likelihood) uses an adaptive
random effects branch-site model framework to test whether each branch
has evolved under positive selection, using a procedure which infers an
optimal number of rate categories per branch. v2.2 adds support for
multiple-hit models. v2.3 adds support for SRV. v2.5 adds support for
ancestral state reconstruction, identification of sites contributing to
selection signal, and some diagnostics. v2.6 adds tree reports and ASCII
art

- __Requirements__: in-frame codon alignment and a phylogenetic tree

- __Citation__:  Less Is More: An Adaptive Branch-Site Random Effects Model for
Efficient Detection of Episodic Diversifying Selection (2015). Mol Biol
Evol 32 (5): 1342-1353. 

- __Written by__: Sergei L Kosakovsky Pond, Ben Murrell, Steven Weaver and Temple iGEM /
UCSD viral evolution group

- __Contact Information__: spond@temple.edu

- __Analysis Version__: 2.6

[Advanced option] Bag of little bootstrap alignment resampling rate (permissible range = [0.01,1], default value = 1): blb: 1

>code => Universal

-------
>[WARNING]
'/Users/alex/Documents/AOC-dev/results/Primate_TP53/Primate_TP53.3.codon.fas'
contains 6 duplicate sequences. Identical sequences do not contribute
any information to the analysis and only slow down computation. Please
consider removing duplicate or 'nearly' duplicate sequences, e.g. using
https://github.com/veg/hyphy-analyses/tree/master/remove-duplicates
prior to running selection analyses
-------
/Users/alex/Documents/AOC-dev/results/Primate_TP53/Primate_TP53.3.codon.fas.FastTree.treefile
results/Primate_TP53/Primate_TP53.3.codon.fas.FastTree.treefile

>Loaded a multiple sequence alignment with **34** sequences, **76** codons, and **1** partitions from `/Users/alex/Documents/AOC-dev/results/Primate_TP53/Primate_TP53.3.codon.fas`

>branches => All

>multiple-hits => None

>srv => No


### * Selected 65 branches for testing: `XM_023193314_2_PREDICTED_Piliocolobus_tephrosceles_tumor_protein_p53_TP53_transcript_variant_X1_mRNA, XM_010362387_1_PREDICTED_Rhinopithecus_roxellana_tumor_protein_p53_TP53_mRNA, XM_017850544_1_PREDICTED_Rhinopithecus_bieti_tumor_protein_p53_TP53_transcript_variant_X1_mRNA, Node3, XM_033184717_1_PREDICTED_Trachypithecus_francoisi_tumor_protein_p53_TP53_transcript_variant_X1_mRNA, Node2, XM_030800485_1_PREDICTED_Nomascus_leucogenys_tumor_protein_p53_TP53_mRNA, XM_032139337_3_PREDICTED_Hylobates_moloch_tumor_protein_p53_TP53_mRNA, XM_055256596_2_PREDICTED_Symphalangus_syndactylus_tumor_protein_p53_TP53_transcript_variant_X1_mRNA, Node13, Node11, NM_000546_6_Homo_sapiens_tumor_protein_p53_TP53_transcript_variant_1_mRNA, XM_063700589_1_PREDICTED_Gorilla_gorilla_gorilla_tumor_protein_p53_TP53_transcript_variant_X1_mRNA, Node17, XM_016931470_3_PREDICTED_Pan_troglodytes_tumor_protein_p53_TP53_transcript_variant_X1_mRNA, XM_057300362_2_PREDICTED_Pan_paniscus_tumor_protein_p53_TP53_transcript_variant_X1_mRNA, Node20, Node16, Node10, XM_002826974_6_PREDICTED_Pongo_abelii_tumor_protein_p53_TP53_mRNA, XM_054457336_2_PREDICTED_Pongo_pygmaeus_tumor_protein_p53_TP53_mRNA, Node24, XM_064378361_1_PREDICTED_Aotus_nancymaae_tumor_protein_p53_TP53_transcript_variant_X1_mRNA, XM_039476036_1_PREDICTED_Saimiri_boliviensis_boliviensis_tumor_protein_p53_TP53_transcript_variant_X1_mRNA, XM_002747948_5_PREDICTED_Callithrix_jacchus_tumor_protein_p53_TP53_transcript_variant_X1_mRNA, XM_032280430_1_PREDICTED_Sapajus_apella_tumor_protein_p53_TP53_transcript_variant_X1_mRNA, XM_017531594_2_PREDICTED_Cebus_imitator_tumor_protein_p53_TP53_transcript_variant_X1_mRNA, Node34, Node32, Node30, Node28, XM_008062341_2_PREDICTED_Carlito_syrichta_tumor_protein_p53_TP53_mRNA, XM_053569948_1_PREDICTED_Nycticebus_coucang_tumor_protein_p53_TP53_transcript_variant_X1_mRNA, XM_012806041_2_PREDICTED_Otolemur_garnettii_tumor_protein_p53_TP53_mRNA, Node40, XM_045570131_1_PREDICTED_Lemur_catta_tumor_protein_p53_TP53_mRNA, XM_012776058_2_PREDICTED_Microcebus_murinus_tumor_protein_p53_TP53_transcript_variant_X1_mRNA, XM_069482023_1_PREDICTED_Eulemur_rufifrons_tumor_protein_p53_TP53_transcript_variant_X1_mRNA, XM_012655616_1_PREDICTED_Propithecus_coquereli_tumor_protein_p53_TP53_mRNA, Node47, Node45, Node43, Node39, Node37, Node27, Node23, Node9, XM_003912272_5_PREDICTED_Papio_anubis_tumor_protein_p53_TP53_mRNA, XM_025363515_1_PREDICTED_Theropithecus_gelada_tumor_protein_p53_TP53_transcript_variant_X1_mRNA, Node51, NM_001047151_2_Macaca_mulatta_tumor_protein_p53_TP53_mRNA, XM_050765346_1_PREDICTED_Macaca_thibetana_thibetana_tumor_protein_p53_TP53_transcript_variant_X1_mRNA, Node55, XM_011994540_1_PREDICTED_Mandrillus_leucophaeus_tumor_protein_p53_TP53_transcript_variant_X1_mRNA, XM_012052423_1_PREDICTED_Cercocebus_atys_tumor_protein_p53_TP53_transcript_variant_X1_mRNA, Node59, XM_071082299_1_PREDICTED_Macaca_nemestrina_tumor_protein_p53_LOC105473688_mRNA, Node58, Node54, Node50, Node8, XM_008010192_2_PREDICTED_Chlorocebus_sabaeus_tumor_protein_p53_TP53_transcript_variant_X1_mRNA, XM_011958558_1_PREDICTED_Colobus_angolensis_palliatus_tumor_protein_p53_TP53_transcript_variant_X1_mRNA, Node63, Node7`


### Obtaining branch lengths and nucleotide substitution biases under the nucleotide GTR model

>kill-zero-lengths => Yes

### Deleted 10 zero-length internal branches: `Node13, Node17, Node23, Node32, Node54, Node55, Node58, Node63, Node7, Node8`
* Log(L) = -1307.49, AIC-c =  2762.38 (73 estimated parameters)
* 1 partition. Total tree length by partition (subs/site)  1.072

### Fitting the baseline model with a single dN/dS class per branch, and no site-to-site variation. 
* Log(L) = -1251.86, AIC-c =  2764.33 (124 estimated parameters)
* Branch-level non-synonymous/synonymous rate ratio distribution has median  0.73, and 95% of the weight in  0.00 -  2.57

### Determining the optimal number of rate classes per branch using a step up procedure

|              Branch               |  Length  |  Rates   |     Max. dN/dS     |    Log(L)     |     AIC-c     |Best AIC-c so far|
|-----------------------------------|----------|----------|--------------------|---------------|---------------|-----------------|
|XM_008062341_2_PREDICTED_Carlito...|   0.09   |    2     |    0.45 (51.29%)   |   -1251.86    |    2768.75    |     2764.33     |
|              Node28               |   0.09   |    2     |  271.08 ( 4.56%)   |   -1248.39    |    2761.80    |     2761.80     |
|              Node28               |   0.09   |    3     |  282.32 ( 4.53%)   |   -1248.39    |    2766.23    |     2761.80     |
|              Node37               |   0.08   |    2     |  189.76 ( 5.14%)   |   -1246.57    |    2762.60    |     2761.80     |
|              Node40               |   0.08   |    2     |    3.02 (25.14%)   |   -1247.60    |    2764.66    |     2761.80     |
|              Node43               |   0.06   |    2     |    5.08 (24.87%)   |   -1247.62    |    2764.68    |     2761.80     |
|XM_012776058_2_PREDICTED_Microce...|   0.06   |    2     |   27.61 (14.95%)   |   -1244.93    |    2759.31    |     2759.31     |
|XM_012776058_2_PREDICTED_Microce...|   0.06   |    3     |   27.36 (15.03%)   |   -1244.93    |    2763.74    |     2759.31     |
|XM_012655616_1_PREDICTED_Propith...|   0.06   |    2     |   >1000 (13.26%)   |   -1241.99    |    2757.86    |     2757.86     |
|XM_012655616_1_PREDICTED_Propith...|   0.06   |    3     |   >1000 (13.22%)   |   -1241.99    |    2762.30    |     2757.86     |
|XM_069482023_1_PREDICTED_Eulemur...|   0.06   |    2     |    0.36 (95.24%)   |   -1241.98    |    2762.29    |     2757.86     |
|              Node27               |   0.04   |    2     |    1.28 (98.58%)   |   -1241.96    |    2762.25    |     2757.86     |
|              Node24               |   0.03   |    2     |   2.58 (100.00%)   |   -1241.99    |    2762.30    |     2757.86     |
|              Node34               |   0.03   |    2     |    0.68 (14.43%)   |   -1241.99    |    2762.30    |     2757.86     |
|XM_002747948_5_PREDICTED_Callith...|   0.03   |    2     |    0.94 (91.44%)   |   -1241.99    |    2762.30    |     2757.86     |
|XM_045570131_1_PREDICTED_Lemur_c...|   0.03   |    2     |    0.78 (76.32%)   |   -1241.98    |    2762.29    |     2757.86     |
|XM_012806041_2_PREDICTED_Otolemu...|   0.03   |    2     |    0.71 (52.26%)   |   -1241.99    |    2762.30    |     2757.86     |
|              Node11               |   0.03   |    2     |   1.84 (100.00%)   |   -1241.99    |    2762.30    |     2757.86     |
|               Node9               |   0.03   |    2     |   1.74 (100.00%)   |   -1241.97    |    2762.26    |     2757.86     |
|              Node39               |   0.02   |    2     |    0.00 ( 0.00%)   |   -1241.99    |    2762.30    |     2757.86     |
|XM_008010192_2_PREDICTED_Chloroc...|   0.02   |    2     |    0.00 ( 1.88%)   |   -1241.98    |    2762.28    |     2757.86     |
|              Node16               |   0.02   |    2     |    0.73 (24.72%)   |   -1241.99    |    2762.30    |     2757.86     |
|XM_017531594_2_PREDICTED_Cebus_i...|   0.02   |    2     |    0.21 (80.64%)   |   -1241.99    |    2762.30    |     2757.86     |
|XM_039476036_1_PREDICTED_Saimiri...|   0.02   |    2     |   90.88 ( 1.54%)   |   -1241.32    |    2760.97    |     2757.86     |
|              Node50               |   0.02   |    2     |    0.00 ( 5.00%)   |   -1241.99    |    2762.30    |     2757.86     |
|XM_053569948_1_PREDICTED_Nyctice...|   0.02   |    2     |    0.27 (27.66%)   |   -1249.95    |    2778.23    |     2757.86     |
|              Node47               |   0.01   |    2     |    0.00 ( 0.95%)   |   -1241.98    |    2762.29    |     2757.86     |
|              Node45               |   0.01   |    2     |    0.27 (27.66%)   |   -1247.54    |    2773.41    |     2757.86     |
|XM_023193314_2_PREDICTED_Pilioco...|   0.01   |    2     |    0.66 (26.47%)   |   -1241.99    |    2762.30    |     2757.86     |
|XM_064378361_1_PREDICTED_Aotus_n...|   0.01   |    2     |   33.20 ( 2.40%)   |   -1241.95    |    2762.23    |     2757.86     |
|              Node30               |   0.01   |    2     |    0.00 (96.90%)   |   -1241.99    |    2762.30    |     2757.86     |
|XM_030800485_1_PREDICTED_Nomascu...|   0.01   |    2     |    0.00 ( 5.00%)   |   -1241.99    |    2762.30    |     2757.86     |
|XM_032280430_1_PREDICTED_Sapajus...|   0.01   |    2     |    0.00 ( 5.00%)   |   -1241.99    |    2762.30    |     2757.86     |
|XM_011958558_1_PREDICTED_Colobus...|   0.01   |    2     |    0.00 ( 5.00%)   |   -1241.99    |    2762.30    |     2757.86     |
|              Node59               |   0.01   |    2     |    0.00 ( 5.00%)   |   -1241.99    |    2762.30    |     2757.86     |
|               Node3               |   0.01   |    2     |    0.00 ( 5.00%)   |   -1241.99    |    2762.30    |     2757.86     |
|               Node2               |   0.01   |    2     |    0.00 ( 0.25%)   |   -1241.99    |    2762.30    |     2757.86     |
|              Node20               |   0.01   |    2     |    0.00 ( 0.25%)   |   -1241.99    |    2762.30    |     2757.86     |
|XM_002826974_6_PREDICTED_Pongo_a...|   0.01   |    2     |   1.00 (100.00%)   |   -1242.39    |    2763.10    |     2757.86     |
|XM_071082299_1_PREDICTED_Macaca_...|   0.01   |    2     |   1.00 (100.00%)   |   -1242.38    |    2763.09    |     2757.86     |
|              Node51               |   0.01   |    2     |   1.00 (100.00%)   |   -1242.38    |    2763.09    |     2757.86     |
|XM_032139337_3_PREDICTED_Hylobat...|   0.01   |    2     |   1.00 (100.00%)   |   -1242.37    |    2763.06    |     2757.86     |
|              Node10               |   0.00   |    2     |    0.27 (27.66%)   |   -1244.17    |    2766.66    |     2757.86     |
|NM_001047151_2_Macaca_mulatta_tu...|   0.00   |    2     |    0.25 (51.00%)   |   -1241.99    |    2762.30    |     2757.86     |
|XM_054457336_2_PREDICTED_Pongo_p...|   0.00   |    2     |    0.25 ( 2.00%)   |   -1241.99    |    2762.30    |     2757.86     |
|NM_000546_6_Homo_sapiens_tumor_p...|   0.00   |    2     |    0.29 ( 2.00%)   |   -1241.99    |    2762.30    |     2757.86     |
|XM_055256596_2_PREDICTED_Symphal...|   0.00   |    2     |    0.29 ( 2.00%)   |   -1241.99    |    2762.30    |     2757.86     |
|XM_012052423_1_PREDICTED_Cercoce...|   0.00   |    2     |    0.25 (51.00%)   |   -1241.99    |    2762.30    |     2757.86     |
|XM_063700589_1_PREDICTED_Gorilla...|   0.00   |    2     |    0.25 ( 2.00%)   |   -1241.99    |    2762.30    |     2757.86     |
|XM_057300362_2_PREDICTED_Pan_pan...|   0.00   |    2     |    0.29 ( 2.00%)   |   -1241.99    |    2762.30    |     2757.86     |
|XM_016931470_3_PREDICTED_Pan_tro...|   0.00   |    2     |    0.29 ( 2.00%)   |   -1241.99    |    2762.30    |     2757.86     |
|XM_033184717_1_PREDICTED_Trachyp...|   0.00   |    2     |    0.29 ( 2.00%)   |   -1241.99    |    2762.30    |     2757.86     |
|XM_017850544_1_PREDICTED_Rhinopi...|   0.00   |    2     |    0.29 ( 2.00%)   |   -1241.99    |    2762.30    |     2757.86     |
|XM_050765346_1_PREDICTED_Macaca_...|   0.00   |    2     |    0.25 (51.00%)   |   -1241.99    |    2762.30    |     2757.86     |
|XM_011994540_1_PREDICTED_Mandril...|   0.00   |    2     |    0.25 (51.00%)   |   -1241.99    |    2762.30    |     2757.86     |
|XM_025363515_1_PREDICTED_Theropi...|   0.00   |    2     |    0.25 ( 2.00%)   |   -1241.99    |    2762.30    |     2757.86     |
|XM_010362387_1_PREDICTED_Rhinopi...|   0.00   |    2     |    0.29 ( 2.00%)   |   -1241.99    |    2762.30    |     2757.86     |
|XM_003912272_5_PREDICTED_Papio_a...|   0.00   |    2     |    0.29 ( 2.00%)   |   -1241.99    |    2762.30    |     2757.86     |

### Rate class analyses summary
*  52 branches with **1** rate classes
*  3 branches with **2** rate classes

### Annotated Tree
(XM_023193314_2_PREDICTED_Piliocolobus_tephrosceles_tumor_protein_p53_TP53_transcript_variant_X1_mRNA{1},((XM_010362387_1_PREDICTED_Rhinopithecus_roxellana_tumor_protein_p53_TP53_mRNA{1},XM_017850544_1_PREDICTED_Rhinopithecus_bieti_tumor_protein_p53_TP53_transcript_variant_X1_mRNA{1})Node3{1},XM_033184717_1_PREDICTED_Trachypithecus_francoisi_tumor_protein_p53_TP53_transcript_variant_X1_mRNA{1})Node2{1},XM_008010192_2_PREDICTED_Chlorocebus_sabaeus_tumor_protein_p53_TP53_transcript_variant_X1_mRNA{1},XM_011958558_1_PREDICTED_Colobus_angolensis_palliatus_tumor_protein_p53_TP53_transcript_variant_X1_mRNA{1},(((XM_030800485_1_PREDICTED_Nomascus_leucogenys_tumor_protein_p53_TP53_mRNA{1},XM_032139337_3_PREDICTED_Hylobates_moloch_tumor_protein_p53_TP53_mRNA{1},XM_055256596_2_PREDICTED_Symphalangus_syndactylus_tumor_protein_p53_TP53_transcript_variant_X1_mRNA{1})Node11{1},((XM_016931470_3_PREDICTED_Pan_troglodytes_tumor_protein_p53_TP53_transcript_variant_X1_mRNA{1},XM_057300362_2_PREDICTED_Pan_paniscus_tumor_protein_p53_TP53_transcript_variant_X1_mRNA{1})Node20{1},NM_000546_6_Homo_sapiens_tumor_protein_p53_TP53_transcript_variant_1_mRNA{1},XM_063700589_1_PREDICTED_Gorilla_gorilla_gorilla_tumor_protein_p53_TP53_transcript_variant_X1_mRNA{1})Node16{1})Node10{1},(XM_002826974_6_PREDICTED_Pongo_abelii_tumor_protein_p53_TP53_mRNA{1},XM_054457336_2_PREDICTED_Pongo_pygmaeus_tumor_protein_p53_TP53_mRNA{1})Node24{1},((XM_064378361_1_PREDICTED_Aotus_nancymaae_tumor_protein_p53_TP53_transcript_variant_X1_mRNA{1},(XM_039476036_1_PREDICTED_Saimiri_boliviensis_boliviensis_tumor_protein_p53_TP53_transcript_variant_X1_mRNA{1},XM_002747948_5_PREDICTED_Callithrix_jacchus_tumor_protein_p53_TP53_transcript_variant_X1_mRNA{1},(XM_032280430_1_PREDICTED_Sapajus_apella_tumor_protein_p53_TP53_transcript_variant_X1_mRNA{1},XM_017531594_2_PREDICTED_Cebus_imitator_tumor_protein_p53_TP53_transcript_variant_X1_mRNA{1})Node34{1})Node30{1})Node28{2},(XM_008062341_2_PREDICTED_Carlito_syrichta_tumor_protein_p53_TP53_mRNA{1},((XM_053569948_1_PREDICTED_Nycticebus_coucang_tumor_protein_p53_TP53_transcript_variant_X1_mRNA{1},XM_012806041_2_PREDICTED_Otolemur_garnettii_tumor_protein_p53_TP53_mRNA{1})Node40{1},(XM_045570131_1_PREDICTED_Lemur_catta_tumor_protein_p53_TP53_mRNA{1},(XM_012776058_2_PREDICTED_Microcebus_murinus_tumor_protein_p53_TP53_transcript_variant_X1_mRNA{2},(XM_069482023_1_PREDICTED_Eulemur_rufifrons_tumor_protein_p53_TP53_transcript_variant_X1_mRNA{1},XM_012655616_1_PREDICTED_Propithecus_coquereli_tumor_protein_p53_TP53_mRNA{2})Node47{1})Node45{1})Node43{1})Node39{1})Node37{1})Node27{1})Node9{1},((XM_003912272_5_PREDICTED_Papio_anubis_tumor_protein_p53_TP53_mRNA{1},XM_025363515_1_PREDICTED_Theropithecus_gelada_tumor_protein_p53_TP53_transcript_variant_X1_mRNA{1})Node51{1},NM_001047151_2_Macaca_mulatta_tumor_protein_p53_TP53_mRNA{1},XM_050765346_1_PREDICTED_Macaca_thibetana_thibetana_tumor_protein_p53_TP53_transcript_variant_X1_mRNA{1},(XM_011994540_1_PREDICTED_Mandrillus_leucophaeus_tumor_protein_p53_TP53_transcript_variant_X1_mRNA{1},XM_012052423_1_PREDICTED_Cercocebus_atys_tumor_protein_p53_TP53_transcript_variant_X1_mRNA{1})Node59{1},XM_071082299_1_PREDICTED_Macaca_nemestrina_tumor_protein_p53_LOC105473688_mRNA{1})Node50{1})

----

```
|XM_023193314_2_PREDICTED_Piliocolobus_tephrosceles_tumor_protein_p53_TP53_transcript_variant_X1_mRNA (1)
| |XM_010362387_1_PREDICTED_Rhinopithecus_roxellana_tumor_protein_p53_TP53_mRNA (1)
||+Node3 (1)
|||XM_017850544_1_PREDICTED_Rhinopithecus_bieti_tumor_protein_p53_TP53_transcript_variant_X1_mRNA (1)
|+Node2 (1)
||XM_033184717_1_PREDICTED_Trachypithecus_francoisi_tumor_protein_p53_TP53_transcript_variant_X1_mRNA (1)
|XM_008010192_2_PREDICTED_Chlorocebus_sabaeus_tumor_protein_p53_TP53_transcript_variant_X1_mRNA (1)
|XM_011958558_1_PREDICTED_Colobus_angolensis_palliatus_tumor_protein_p53_TP53_transcript_variant_X1_mRNA (1)
|  |XM_030800485_1_PREDICTED_Nomascus_leucogenys_tumor_protein_p53_TP53_mRNA (1)
| |+Node11 (1)
| ||XM_032139337_3_PREDICTED_Hylobates_moloch_tumor_protein_p53_TP53_mRNA (1)
| ||XM_055256596_2_PREDICTED_Symphalangus_syndactylus_tumor_protein_p53_TP53_transcript_variant_X1_mRNA (1)
||+Node10 (1)
||| |XM_016931470_3_PREDICTED_Pan_troglodytes_tumor_protein_p53_TP53_transcript_variant_X1_mRNA (1)
||||+Node20 (1)
|||||XM_057300362_2_PREDICTED_Pan_paniscus_tumor_protein_p53_TP53_transcript_variant_X1_mRNA (1)
|||+Node16 (1)
|| |NM_000546_6_Homo_sapiens_tumor_protein_p53_TP53_transcript_variant_1_mRNA (1)
|| |XM_063700589_1_PREDICTED_Gorilla_gorilla_gorilla_tumor_protein_p53_TP53_transcript_variant_X1_mRNA (1)
|+Node9 (1)
|||XM_002826974_6_PREDICTED_Pongo_abelii_tumor_protein_p53_TP53_mRNA (1)
||+Node24 (1)
|||XM_054457336_2_PREDICTED_Pongo_pygmaeus_tumor_protein_p53_TP53_mRNA (1)
|| |XM_064378361_1_PREDICTED_Aotus_nancymaae_tumor_protein_p53_TP53_transcript_variant_X1_mRNA (1)
|||+Node28 (2)
|||||XM_039476036_1_PREDICTED_Saimiri_boliviensis_boliviensis_tumor_protein_p53_TP53_transcript_variant_X1_mRNA (1)
||||+Node30 (1)
||| |XM_002747948_5_PREDICTED_Callithrix_jacchus_tumor_protein_p53_TP53_transcript_variant_X1_mRNA (1)
||| ||XM_032280430_1_PREDICTED_Sapajus_apella_tumor_protein_p53_TP53_transcript_variant_X1_mRNA (1)
||| |+Node34 (1)
|||  |XM_017531594_2_PREDICTED_Cebus_imitator_tumor_protein_p53_TP53_transcript_variant_X1_mRNA (1)
||+Node27 (1)
| ||XM_008062341_2_PREDICTED_Carlito_syrichta_tumor_protein_p53_TP53_mRNA (1)
| |+Node37 (1)
|  | |XM_053569948_1_PREDICTED_Nycticebus_coucang_tumor_protein_p53_TP53_transcript_variant_X1_mRNA (1)
|  ||+Node40 (1)
|  |||XM_012806041_2_PREDICTED_Otolemur_garnettii_tumor_protein_p53_TP53_mRNA (1)
|  |+Node39 (1)
|   ||XM_045570131_1_PREDICTED_Lemur_catta_tumor_protein_p53_TP53_mRNA (1)
|   |+Node43 (1)
|    ||XM_012776058_2_PREDICTED_Microcebus_murinus_tumor_protein_p53_TP53_transcript_variant_X1_mRNA (2)
|    |+Node45 (1)
|     ||XM_069482023_1_PREDICTED_Eulemur_rufifrons_tumor_protein_p53_TP53_transcript_variant_X1_mRNA (1)
|     |+Node47 (1)
|      |XM_012655616_1_PREDICTED_Propithecus_coquereli_tumor_protein_p53_TP53_mRNA (2)
| |XM_003912272_5_PREDICTED_Papio_anubis_tumor_protein_p53_TP53_mRNA (1)
||+Node51 (1)
|||XM_025363515_1_PREDICTED_Theropithecus_gelada_tumor_protein_p53_TP53_transcript_variant_X1_mRNA (1)
||NM_001047151_2_Macaca_mulatta_tumor_protein_p53_TP53_mRNA (1)
|+Node50 (1)
 |XM_050765346_1_PREDICTED_Macaca_thibetana_thibetana_tumor_protein_p53_TP53_transcript_variant_X1_mRNA (1)
 ||XM_011994540_1_PREDICTED_Mandrillus_leucophaeus_tumor_protein_p53_TP53_transcript_variant_X1_mRNA (1)
 |+Node59 (1)
 ||XM_012052423_1_PREDICTED_Cercocebus_atys_tumor_protein_p53_TP53_transcript_variant_X1_mRNA (1)
 |XM_071082299_1_PREDICTED_Macaca_nemestrina_tumor_protein_p53_LOC105473688_mRNA (1)
```


### Improving parameter estimates of the adaptive rate class model
* Log(L) = -1241.32, AIC-c =  2756.52 (130 estimated parameters)

### Testing selected branches for selection

|              Branch               |  Rates   |     Max. dN/dS     | Sites @ EBF>=100 |      Test LRT      |Uncorrected p-value |
|-----------------------------------|----------|--------------------|------------------|--------------------|--------------------|
|XM_008062341_2_PREDICTED_Carlito...|     1    |   0.44 (100.00%)   |       N/A        |        0.00        |       1.00000      |
|              Node28               |     2    |  212.36 ( 4.85%)   |          2       |        6.44        |       0.01422      |
|              Node37               |     1    |   0.68 (100.00%)   |       N/A        |        0.00        |       1.00000      |
|              Node40               |     1    |   0.63 (100.00%)   |       N/A        |        0.00        |       1.00000      |
|              Node43               |     1    |   1.05 (100.00%)   |       N/A        |        0.00        |       0.48965      |
|XM_012776058_2_PREDICTED_Microce...|     2    |   26.76 (15.63%)   |          6       |        7.67        |       0.00759      |
|XM_012655616_1_PREDICTED_Propith...|     2    |   >1000 (13.20%)   |          7       |        7.59        |       0.00793      |
|XM_069482023_1_PREDICTED_Eulemur...|     1    |   0.36 (100.00%)   |       N/A        |        0.00        |       1.00000      |
|              Node27               |     1    |   1.42 (100.00%)   |       N/A        |        0.08        |       0.44469      |
|              Node24               |     1    |   2.58 (100.00%)   |       N/A        |        0.89        |       0.26119      |
|              Node34               |     1    |   0.62 (100.00%)   |       N/A        |        0.00        |       1.00000      |
|XM_002747948_5_PREDICTED_Callith...|     1    |   0.95 (100.00%)   |       N/A        |        0.00        |       1.00000      |
|XM_045570131_1_PREDICTED_Lemur_c...|     1    |   0.72 (100.00%)   |       N/A        |        0.00        |       1.00000      |
|XM_012806041_2_PREDICTED_Otolemu...|     1    |   0.69 (100.00%)   |       N/A        |        0.00        |       1.00000      |
|              Node11               |     1    |   1.83 (100.00%)   |       N/A        |        0.32        |       0.37112      |
|               Node9               |     1    |   1.75 (100.00%)   |       N/A        |        0.27        |       0.38308      |
|              Node39               |     1    |   0.00 (100.00%)   |       N/A        |        0.00        |       1.00000      |
|XM_008010192_2_PREDICTED_Chloroc...|     1    |   0.00 (100.00%)   |       N/A        |        0.00        |       1.00000      |
|              Node16               |     1    |   0.49 (100.00%)   |       N/A        |        0.00        |       1.00000      |
|XM_017531594_2_PREDICTED_Cebus_i...|     1    |   0.17 (100.00%)   |       N/A        |        0.00        |       1.00000      |
|XM_039476036_1_PREDICTED_Saimiri...|     1    |   0.16 (100.00%)   |       N/A        |        0.00        |       1.00000      |
|              Node50               |     1    |   0.00 (100.00%)   |       N/A        |        0.00        |       1.00000      |
|XM_053569948_1_PREDICTED_Nyctice...|     1    |  >1000 (100.00%)   |       N/A        |        1.49        |       0.18726      |
|              Node47               |     1    |   0.00 (100.00%)   |       N/A        |        0.00        |       1.00000      |
|              Node45               |     1    |  >1000 (100.00%)   |       N/A        |        1.47        |       0.18934      |
|XM_023193314_2_PREDICTED_Pilioco...|     1    |   0.48 (100.00%)   |       N/A        |        0.00        |       1.00000      |
|XM_064378361_1_PREDICTED_Aotus_n...|     1    |   0.65 (100.00%)   |       N/A        |        0.00        |       1.00000      |
|              Node30               |     1    |   0.00 (100.00%)   |       N/A        |        0.00        |       1.00000      |
|XM_030800485_1_PREDICTED_Nomascu...|     1    |   0.00 (100.00%)   |       N/A        |        0.00        |       1.00000      |
|XM_032280430_1_PREDICTED_Sapajus...|     1    |   0.00 (100.00%)   |       N/A        |        0.00        |       1.00000      |
|XM_011958558_1_PREDICTED_Colobus...|     1    |   0.00 (100.00%)   |       N/A        |        0.00        |       1.00000      |
|              Node59               |     1    |   0.00 (100.00%)   |       N/A        |        0.00        |       1.00000      |
|               Node3               |     1    |   0.00 (100.00%)   |       N/A        |        0.00        |       1.00000      |
|               Node2               |     1    |   0.00 (100.00%)   |       N/A        |        0.00        |       1.00000      |
|              Node20               |     1    |   0.00 (100.00%)   |       N/A        |        0.00        |       1.00000      |
|XM_002826974_6_PREDICTED_Pongo_a...|     1    |  >1000 (100.00%)   |       N/A        |        0.60        |       0.31075      |
|XM_071082299_1_PREDICTED_Macaca_...|     1    |  >1000 (100.00%)   |       N/A        |        0.79        |       0.27657      |
|              Node51               |     1    |  >1000 (100.00%)   |       N/A        |        0.79        |       0.27679      |
|XM_032139337_3_PREDICTED_Hylobat...|     1    |  >1000 (100.00%)   |       N/A        |        0.81        |       0.27393      |
|              Node10               |     1    |  >1000 (100.00%)   |       N/A        |        0.75        |       0.28276      |
|NM_001047151_2_Macaca_mulatta_tu...|     1    |   1.00 (100.00%)   |       N/A        |        0.00        |       1.00000      |
|XM_054457336_2_PREDICTED_Pongo_p...|     1    |   1.00 (100.00%)   |       N/A        |        0.00        |       1.00000      |
|NM_000546_6_Homo_sapiens_tumor_p...|     1    |   1.00 (100.00%)   |       N/A        |        0.00        |       1.00000      |
|XM_055256596_2_PREDICTED_Symphal...|     1    |   1.00 (100.00%)   |       N/A        |        0.00        |       1.00000      |
|XM_012052423_1_PREDICTED_Cercoce...|     1    |   1.00 (100.00%)   |       N/A        |        0.00        |       1.00000      |
|XM_063700589_1_PREDICTED_Gorilla...|     1    |   1.00 (100.00%)   |       N/A        |        0.00        |       1.00000      |
|XM_057300362_2_PREDICTED_Pan_pan...|     1    |   1.00 (100.00%)   |       N/A        |        0.00        |       1.00000      |
|XM_016931470_3_PREDICTED_Pan_tro...|     1    |   1.00 (100.00%)   |       N/A        |        0.00        |       1.00000      |
|XM_033184717_1_PREDICTED_Trachyp...|     1    |   1.00 (100.00%)   |       N/A        |        0.00        |       1.00000      |
|XM_017850544_1_PREDICTED_Rhinopi...|     1    |   1.00 (100.00%)   |       N/A        |        0.00        |       1.00000      |
|XM_050765346_1_PREDICTED_Macaca_...|     1    |   1.00 (100.00%)   |       N/A        |        0.00        |       1.00000      |
|XM_011994540_1_PREDICTED_Mandril...|     1    |   1.00 (100.00%)   |       N/A        |        0.00        |       1.00000      |
|XM_025363515_1_PREDICTED_Theropi...|     1    |   1.00 (100.00%)   |       N/A        |        0.00        |       1.00000      |
|XM_010362387_1_PREDICTED_Rhinopi...|     1    |   1.00 (100.00%)   |       N/A        |        0.00        |       1.00000      |
|XM_003912272_5_PREDICTED_Papio_a...|     1    |   1.00 (100.00%)   |       N/A        |        0.00        |       1.00000      |
----
### Adaptive branch site random effects likelihood test 
Likelihood ratio test for episodic diversifying positive selection at Holm-Bonferroni corrected _p =   0.0500_ found **0** branches under selection among **55** tested.


### Annotated Tree
(XM_023193314_2_PREDICTED_Piliocolobus_tephrosceles_tumor_protein_p53_TP53_transcript_variant_X1_mRNA,((XM_010362387_1_PREDICTED_Rhinopithecus_roxellana_tumor_protein_p53_TP53_mRNA,XM_017850544_1_PREDICTED_Rhinopithecus_bieti_tumor_protein_p53_TP53_transcript_variant_X1_mRNA)Node3,XM_033184717_1_PREDICTED_Trachypithecus_francoisi_tumor_protein_p53_TP53_transcript_variant_X1_mRNA)Node2,XM_008010192_2_PREDICTED_Chlorocebus_sabaeus_tumor_protein_p53_TP53_transcript_variant_X1_mRNA,XM_011958558_1_PREDICTED_Colobus_angolensis_palliatus_tumor_protein_p53_TP53_transcript_variant_X1_mRNA,(((XM_030800485_1_PREDICTED_Nomascus_leucogenys_tumor_protein_p53_TP53_mRNA,XM_032139337_3_PREDICTED_Hylobates_moloch_tumor_protein_p53_TP53_mRNA,XM_055256596_2_PREDICTED_Symphalangus_syndactylus_tumor_protein_p53_TP53_transcript_variant_X1_mRNA)Node11,((XM_016931470_3_PREDICTED_Pan_troglodytes_tumor_protein_p53_TP53_transcript_variant_X1_mRNA,XM_057300362_2_PREDICTED_Pan_paniscus_tumor_protein_p53_TP53_transcript_variant_X1_mRNA)Node20,NM_000546_6_Homo_sapiens_tumor_protein_p53_TP53_transcript_variant_1_mRNA,XM_063700589_1_PREDICTED_Gorilla_gorilla_gorilla_tumor_protein_p53_TP53_transcript_variant_X1_mRNA)Node16)Node10,(XM_002826974_6_PREDICTED_Pongo_abelii_tumor_protein_p53_TP53_mRNA,XM_054457336_2_PREDICTED_Pongo_pygmaeus_tumor_protein_p53_TP53_mRNA)Node24,((XM_064378361_1_PREDICTED_Aotus_nancymaae_tumor_protein_p53_TP53_transcript_variant_X1_mRNA,(XM_039476036_1_PREDICTED_Saimiri_boliviensis_boliviensis_tumor_protein_p53_TP53_transcript_variant_X1_mRNA,XM_002747948_5_PREDICTED_Callithrix_jacchus_tumor_protein_p53_TP53_transcript_variant_X1_mRNA,(XM_032280430_1_PREDICTED_Sapajus_apella_tumor_protein_p53_TP53_transcript_variant_X1_mRNA,XM_017531594_2_PREDICTED_Cebus_imitator_tumor_protein_p53_TP53_transcript_variant_X1_mRNA)Node34)Node30)Node28,(XM_008062341_2_PREDICTED_Carlito_syrichta_tumor_protein_p53_TP53_mRNA,((XM_053569948_1_PREDICTED_Nycticebus_coucang_tumor_protein_p53_TP53_transcript_variant_X1_mRNA,XM_012806041_2_PREDICTED_Otolemur_garnettii_tumor_protein_p53_TP53_mRNA)Node40,(XM_045570131_1_PREDICTED_Lemur_catta_tumor_protein_p53_TP53_mRNA,(XM_012776058_2_PREDICTED_Microcebus_murinus_tumor_protein_p53_TP53_transcript_variant_X1_mRNA,(XM_069482023_1_PREDICTED_Eulemur_rufifrons_tumor_protein_p53_TP53_transcript_variant_X1_mRNA,XM_012655616_1_PREDICTED_Propithecus_coquereli_tumor_protein_p53_TP53_mRNA)Node47)Node45)Node43)Node39)Node37)Node27)Node9,((XM_003912272_5_PREDICTED_Papio_anubis_tumor_protein_p53_TP53_mRNA,XM_025363515_1_PREDICTED_Theropithecus_gelada_tumor_protein_p53_TP53_transcript_variant_X1_mRNA)Node51,NM_001047151_2_Macaca_mulatta_tumor_protein_p53_TP53_mRNA,XM_050765346_1_PREDICTED_Macaca_thibetana_thibetana_tumor_protein_p53_TP53_transcript_variant_X1_mRNA,(XM_011994540_1_PREDICTED_Mandrillus_leucophaeus_tumor_protein_p53_TP53_transcript_variant_X1_mRNA,XM_012052423_1_PREDICTED_Cercocebus_atys_tumor_protein_p53_TP53_transcript_variant_X1_mRNA)Node59,XM_071082299_1_PREDICTED_Macaca_nemestrina_tumor_protein_p53_LOC105473688_mRNA)Node50)

----

```
|XM_023193314_2_PREDICTED_Piliocolobus_tephrosceles_tumor_protein_p53_TP53_transcript_variant_X1_mRNA (N.S)
| |XM_010362387_1_PREDICTED_Rhinopithecus_roxellana_tumor_protein_p53_TP53_mRNA (N.S)
||+Node3 (N.S)
|||XM_017850544_1_PREDICTED_Rhinopithecus_bieti_tumor_protein_p53_TP53_transcript_variant_X1_mRNA (N.S)
|+Node2 (N.S)
||XM_033184717_1_PREDICTED_Trachypithecus_francoisi_tumor_protein_p53_TP53_transcript_variant_X1_mRNA (N.S)
|XM_008010192_2_PREDICTED_Chlorocebus_sabaeus_tumor_protein_p53_TP53_transcript_variant_X1_mRNA (N.S)
|XM_011958558_1_PREDICTED_Colobus_angolensis_palliatus_tumor_protein_p53_TP53_transcript_variant_X1_mRNA (N.S)
|  |XM_030800485_1_PREDICTED_Nomascus_leucogenys_tumor_protein_p53_TP53_mRNA (N.S)
| |+Node11 (N.S)
| ||XM_032139337_3_PREDICTED_Hylobates_moloch_tumor_protein_p53_TP53_mRNA (N.S)
| ||XM_055256596_2_PREDICTED_Symphalangus_syndactylus_tumor_protein_p53_TP53_transcript_variant_X1_mRNA (N.S)
||+Node10 (N.S)
||| |XM_016931470_3_PREDICTED_Pan_troglodytes_tumor_protein_p53_TP53_transcript_variant_X1_mRNA (N.S)
||||+Node20 (N.S)
|||||XM_057300362_2_PREDICTED_Pan_paniscus_tumor_protein_p53_TP53_transcript_variant_X1_mRNA (N.S)
|||+Node16 (N.S)
|| |NM_000546_6_Homo_sapiens_tumor_protein_p53_TP53_transcript_variant_1_mRNA (N.S)
|| |XM_063700589_1_PREDICTED_Gorilla_gorilla_gorilla_tumor_protein_p53_TP53_transcript_variant_X1_mRNA (N.S)
|+Node9 (N.S)
|||XM_002826974_6_PREDICTED_Pongo_abelii_tumor_protein_p53_TP53_mRNA (N.S)
||+Node24 (N.S)
|||XM_054457336_2_PREDICTED_Pongo_pygmaeus_tumor_protein_p53_TP53_mRNA (N.S)
|| |XM_064378361_1_PREDICTED_Aotus_nancymaae_tumor_protein_p53_TP53_transcript_variant_X1_mRNA (N.S)
|||+Node28 (N.S)
|||||XM_039476036_1_PREDICTED_Saimiri_boliviensis_boliviensis_tumor_protein_p53_TP53_transcript_variant_X1_mRNA (N.S)
||||+Node30 (N.S)
||| |XM_002747948_5_PREDICTED_Callithrix_jacchus_tumor_protein_p53_TP53_transcript_variant_X1_mRNA (N.S)
||| ||XM_032280430_1_PREDICTED_Sapajus_apella_tumor_protein_p53_TP53_transcript_variant_X1_mRNA (N.S)
||| |+Node34 (N.S)
|||  |XM_017531594_2_PREDICTED_Cebus_imitator_tumor_protein_p53_TP53_transcript_variant_X1_mRNA (N.S)
||+Node27 (N.S)
| ||XM_008062341_2_PREDICTED_Carlito_syrichta_tumor_protein_p53_TP53_mRNA (N.S)
| |+Node37 (N.S)
|  | |XM_053569948_1_PREDICTED_Nycticebus_coucang_tumor_protein_p53_TP53_transcript_variant_X1_mRNA (N.S)
|  ||+Node40 (N.S)
|  |||XM_012806041_2_PREDICTED_Otolemur_garnettii_tumor_protein_p53_TP53_mRNA (N.S)
|  |+Node39 (N.S)
|   ||XM_045570131_1_PREDICTED_Lemur_catta_tumor_protein_p53_TP53_mRNA (N.S)
|   |+Node43 (N.S)
|    ||XM_012776058_2_PREDICTED_Microcebus_murinus_tumor_protein_p53_TP53_transcript_variant_X1_mRNA (N.S)
|    |+Node45 (N.S)
|     ||XM_069482023_1_PREDICTED_Eulemur_rufifrons_tumor_protein_p53_TP53_transcript_variant_X1_mRNA (N.S)
|     |+Node47 (N.S)
|      |XM_012655616_1_PREDICTED_Propithecus_coquereli_tumor_protein_p53_TP53_mRNA (N.S)
| |XM_003912272_5_PREDICTED_Papio_anubis_tumor_protein_p53_TP53_mRNA (N.S)
||+Node51 (N.S)
|||XM_025363515_1_PREDICTED_Theropithecus_gelada_tumor_protein_p53_TP53_transcript_variant_X1_mRNA (N.S)
||NM_001047151_2_Macaca_mulatta_tumor_protein_p53_TP53_mRNA (N.S)
|+Node50 (N.S)
 |XM_050765346_1_PREDICTED_Macaca_thibetana_thibetana_tumor_protein_p53_TP53_transcript_variant_X1_mRNA (N.S)
 ||XM_011994540_1_PREDICTED_Mandrillus_leucophaeus_tumor_protein_p53_TP53_transcript_variant_X1_mRNA (N.S)
 |+Node59 (N.S)
 ||XM_012052423_1_PREDICTED_Cercocebus_atys_tumor_protein_p53_TP53_transcript_variant_X1_mRNA (N.S)
 |XM_071082299_1_PREDICTED_Macaca_nemestrina_tumor_protein_p53_LOC105473688_mRNA (N.S)
```



