FastTree Version 2.1.11 Double precision (No SSE3), OpenMP (1 threads)
Alignment: results/Primate_REM2/Primate_REM2.4.codon.fas
Nucleotide distances: Jukes-Cantor Joins: balanced Support: SH-like 1000
Search: Normal +NNI +SPR (2 rounds range 10) +ML-NNI opt-each=1
TopHits: 1.00*sqrtN close=default refresh=0.80
ML Model: Generalized Time-Reversible, CAT approximation with 20 rate categories
Initial topology in 0.00 seconds
Refining topology: 16 rounds ME-NNIs, 2 rounds ME-SPRs, 8 rounds ML-NNIs
Total branch-length 2.982 after 0.00 sec
ML-NNI round 1: LogLk = -564.683 NNIs 5 max delta 0.00 Time 0.01
GTR Frequencies: 0.1884 0.3511 0.3451 0.1154
GTR rates(ac ag at cg ct gt) 1.1157 1.6819 1.4890 0.8024 1.0642 1.0000
Switched to using 20 rate categories (CAT approximation)
Rate categories were divided by 0.694 so that average rate = 1.0
CAT-based log-likelihoods may not be comparable across runs
Use -gamma for approximate but comparable Gamma(20) log-likelihoods
ML-NNI round 2: LogLk = -535.293 NNIs 0 max delta 0.00 Time 0.02
Turning off heuristics for final round of ML NNIs (converged)
ML-NNI round 3: LogLk = -535.292 NNIs 0 max delta 0.00 Time 0.02 (final)
Optimize all lengths: LogLk = -535.291 Time 0.02
Total time: 0.03 seconds Unique: 16/35 Bad splits: 0/13
