
Analysis Description
--------------------
aBSREL (Adaptive branch-site random effects likelihood) uses an adaptive
random effects branch-site model framework to test whether each branch
has evolved under positive selection, using a procedure which infers an
optimal number of rate categories per branch. v2.2 adds support for
multiple-hit models. v2.3 adds support for SRV. v2.5 adds support for
ancestral state reconstruction, identification of sites contributing to
selection signal, and some diagnostics. v2.6 adds tree reports and ASCII
art

- __Requirements__: in-frame codon alignment and a phylogenetic tree

- __Citation__:  Less Is More: An Adaptive Branch-Site Random Effects Model for
Efficient Detection of Episodic Diversifying Selection (2015). Mol Biol
Evol 32 (5): 1342-1353. 

- __Written by__: Sergei L Kosakovsky Pond, Ben Murrell, Steven Weaver and Temple iGEM /
UCSD viral evolution group

- __Contact Information__: spond@temple.edu

- __Analysis Version__: 2.6

[Advanced option] Bag of little bootstrap alignment resampling rate (permissible range = [0.01,1], default value = 1): blb: 1

>code => Universal

-------
>[WARNING]
'/Users/alex/Documents/AOC-dev/results/Primate_TP53/Primate_TP53.4.codon.fas'
contains 4 duplicate sequences. Identical sequences do not contribute
any information to the analysis and only slow down computation. Please
consider removing duplicate or 'nearly' duplicate sequences, e.g. using
https://github.com/veg/hyphy-analyses/tree/master/remove-duplicates
prior to running selection analyses
-------
/Users/alex/Documents/AOC-dev/results/Primate_TP53/Primate_TP53.4.codon.fas.FastTree.treefile
results/Primate_TP53/Primate_TP53.4.codon.fas.FastTree.treefile

>Loaded a multiple sequence alignment with **34** sequences, **277** codons, and **1** partitions from `/Users/alex/Documents/AOC-dev/results/Primate_TP53/Primate_TP53.4.codon.fas`

>branches => All

>multiple-hits => None

>srv => No


### * Selected 65 branches for testing: `XM_023193314_2_PREDICTED_Piliocolobus_tephrosceles_tumor_protein_p53_TP53_transcript_variant_X1_mRNA, XM_011958558_1_PREDICTED_Colobus_angolensis_palliatus_tumor_protein_p53_TP53_transcript_variant_X1_mRNA, Node1, XM_008010192_2_PREDICTED_Chlorocebus_sabaeus_tumor_protein_p53_TP53_transcript_variant_X1_mRNA, NM_001047151_2_Macaca_mulatta_tumor_protein_p53_TP53_mRNA, XM_071082299_1_PREDICTED_Macaca_nemestrina_tumor_protein_p53_LOC105473688_mRNA, Node8, XM_050765346_1_PREDICTED_Macaca_thibetana_thibetana_tumor_protein_p53_TP53_transcript_variant_X1_mRNA, Node7, XM_003912272_5_PREDICTED_Papio_anubis_tumor_protein_p53_TP53_mRNA, XM_025363515_1_PREDICTED_Theropithecus_gelada_tumor_protein_p53_TP53_transcript_variant_X1_mRNA, Node13, XM_011994540_1_PREDICTED_Mandrillus_leucophaeus_tumor_protein_p53_TP53_transcript_variant_X1_mRNA, XM_012052423_1_PREDICTED_Cercocebus_atys_tumor_protein_p53_TP53_transcript_variant_X1_mRNA, Node16, Node12, Node6, Node4, XM_002747948_5_PREDICTED_Callithrix_jacchus_tumor_protein_p53_TP53_transcript_variant_X1_mRNA, XM_064378361_1_PREDICTED_Aotus_nancymaae_tumor_protein_p53_TP53_transcript_variant_X1_mRNA, XM_039476036_1_PREDICTED_Saimiri_boliviensis_boliviensis_tumor_protein_p53_TP53_transcript_variant_X1_mRNA, XM_032280430_1_PREDICTED_Sapajus_apella_tumor_protein_p53_TP53_transcript_variant_X1_mRNA, XM_017531594_2_PREDICTED_Cebus_imitator_tumor_protein_p53_TP53_transcript_variant_X1_mRNA, Node28, Node26, Node24, Node22, XM_008062341_2_PREDICTED_Carlito_syrichta_tumor_protein_p53_TP53_mRNA, XM_053569948_1_PREDICTED_Nycticebus_coucang_tumor_protein_p53_TP53_transcript_variant_X1_mRNA, XM_012806041_2_PREDICTED_Otolemur_garnettii_tumor_protein_p53_TP53_mRNA, Node34, XM_012655616_1_PREDICTED_Propithecus_coquereli_tumor_protein_p53_TP53_mRNA, XM_012776058_2_PREDICTED_Microcebus_murinus_tumor_protein_p53_TP53_transcript_variant_X1_mRNA, XM_045570131_1_PREDICTED_Lemur_catta_tumor_protein_p53_TP53_mRNA, XM_069482023_1_PREDICTED_Eulemur_rufifrons_tumor_protein_p53_TP53_transcript_variant_X1_mRNA, Node41, Node39, Node37, Node33, Node31, Node21, XM_002826974_6_PREDICTED_Pongo_abelii_tumor_protein_p53_TP53_mRNA, XM_054457336_2_PREDICTED_Pongo_pygmaeus_tumor_protein_p53_TP53_mRNA, Node45, XM_030800485_1_PREDICTED_Nomascus_leucogenys_tumor_protein_p53_TP53_mRNA, XM_055256596_2_PREDICTED_Symphalangus_syndactylus_tumor_protein_p53_TP53_transcript_variant_X1_mRNA, XM_032139337_3_PREDICTED_Hylobates_moloch_tumor_protein_p53_TP53_mRNA, Node51, Node49, XM_016931470_3_PREDICTED_Pan_troglodytes_tumor_protein_p53_TP53_transcript_variant_X1_mRNA, XM_057300362_2_PREDICTED_Pan_paniscus_tumor_protein_p53_TP53_transcript_variant_X1_mRNA, Node55, NM_000546_6_Homo_sapiens_tumor_protein_p53_TP53_transcript_variant_1_mRNA, XM_063700589_1_PREDICTED_Gorilla_gorilla_gorilla_tumor_protein_p53_TP53_transcript_variant_X1_mRNA, Node58, Node54, Node48, Node44, Node20, XM_010362387_1_PREDICTED_Rhinopithecus_roxellana_tumor_protein_p53_TP53_mRNA, XM_017850544_1_PREDICTED_Rhinopithecus_bieti_tumor_protein_p53_TP53_transcript_variant_X1_mRNA, Node62, XM_033184717_1_PREDICTED_Trachypithecus_francoisi_tumor_protein_p53_TP53_transcript_variant_X1_mRNA, Node61, Node19`


### Obtaining branch lengths and nucleotide substitution biases under the nucleotide GTR model

>kill-zero-lengths => Yes

### Deleted 6 zero-length internal branches: `Node16, Node19, Node26, Node4, Node48, Node8`
* Log(L) = -3262.09, AIC-c =  6670.57 (73 estimated parameters)
* 1 partition. Total tree length by partition (subs/site)  0.443

### Fitting the baseline model with a single dN/dS class per branch, and no site-to-site variation. 
* Log(L) = -3084.64, AIC-c =  6437.07 (132 estimated parameters)
* Branch-level non-synonymous/synonymous rate ratio distribution has median  0.23, and 95% of the weight in  0.00 -  1.54

### Determining the optimal number of rate classes per branch using a step up procedure

|              Branch               |  Length  |  Rates   |     Max. dN/dS     |    Log(L)     |     AIC-c     |Best AIC-c so far|
|-----------------------------------|----------|----------|--------------------|---------------|---------------|-----------------|
|              Node34               |   0.07   |    2     |    0.34 (35.59%)   |   -3084.64    |    6441.18    |     6437.07     |
|XM_008062341_2_PREDICTED_Carlito...|   0.04   |    2     |   0.10 (100.00%)   |   -3084.64    |    6441.18    |     6437.07     |
|XM_012806041_2_PREDICTED_Otolemu...|   0.02   |    2     |   0.11 (100.00%)   |   -3084.64    |    6441.18    |     6437.07     |
|XM_012776058_2_PREDICTED_Microce...|   0.02   |    2     |    0.37 (74.81%)   |   -3084.64    |    6441.18    |     6437.07     |
|              Node31               |   0.02   |    2     |   15.83 ( 1.12%)   |   -3082.34    |    6436.58    |     6436.58     |
|              Node31               |   0.02   |    3     |   17.34 ( 0.97%)   |   -3082.41    |    6440.83    |     6436.58     |
|              Node22               |   0.02   |    2     |   0.29 (100.00%)   |   -3082.32    |    6440.66    |     6436.58     |
|XM_064378361_1_PREDICTED_Aotus_n...|   0.02   |    2     |   0.40 (100.00%)   |   -3082.34    |    6440.69    |     6436.58     |
|XM_012655616_1_PREDICTED_Propith...|   0.02   |    2     |    0.18 (50.16%)   |   -3082.34    |    6440.70    |     6436.58     |
|              Node20               |   0.02   |    2     |    0.25 (49.03%)   |   -3082.34    |    6440.69    |     6436.58     |
|              Node37               |   0.01   |    2     |   30.71 ( 2.35%)   |   -3079.99    |    6436.00    |     6436.00     |
|              Node37               |   0.01   |    3     |   32.96 ( 2.11%)   |   -3079.99    |    6440.11    |     6436.00     |
|              Node41               |   0.01   |    2     |    0.29 (28.97%)   |   -3079.99    |    6440.12    |     6436.00     |
|XM_053569948_1_PREDICTED_Nyctice...|   0.01   |    2     |    0.48 (27.51%)   |   -3079.96    |    6440.05    |     6436.00     |
|XM_045570131_1_PREDICTED_Lemur_c...|   0.01   |    2     |    0.25 (50.89%)   |   -3080.00    |    6440.13    |     6436.00     |
|              Node39               |   0.01   |    2     |    0.48 ( 9.63%)   |   -3079.99    |    6440.12    |     6436.00     |
|XM_069482023_1_PREDICTED_Eulemur...|   0.01   |    2     |    0.20 (74.15%)   |   -3079.99    |    6440.12    |     6436.00     |
|XM_008010192_2_PREDICTED_Chloroc...|   0.01   |    2     |    0.00 ( 5.00%)   |   -3079.99    |    6440.12    |     6436.00     |
|              Node49               |   0.01   |    2     |    0.11 (42.60%)   |   -3079.99    |    6440.12    |     6436.00     |
|XM_002747948_5_PREDICTED_Callith...|   0.01   |    2     |    0.17 (49.90%)   |   -3079.99    |    6440.12    |     6436.00     |
|              Node33               |   0.01   |    2     |    0.76 (49.53%)   |   -3079.99    |    6440.11    |     6436.00     |
|              Node54               |   0.01   |    2     |    0.17 (51.87%)   |   -3079.99    |    6440.12    |     6436.00     |
|              Node21               |   0.01   |    2     |    0.80 (50.00%)   |   -3079.98    |    6440.10    |     6436.00     |
|              Node62               |   0.01   |    2     |    0.18 (51.80%)   |   -3079.99    |    6440.12    |     6436.00     |
|XM_011958558_1_PREDICTED_Colobus...|   0.01   |    2     |    0.52 (50.88%)   |   -3079.99    |    6440.12    |     6436.00     |
|XM_039476036_1_PREDICTED_Saimiri...|   0.01   |    2     |    0.00 ( 5.00%)   |   -3079.99    |    6440.12    |     6436.00     |
|              Node61               |   0.00   |    2     |    0.00 ( 5.00%)   |   -3079.99    |    6440.12    |     6436.00     |
|XM_011994540_1_PREDICTED_Mandril...|   0.00   |    2     |    0.00 ( 5.00%)   |   -3079.99    |    6440.12    |     6436.00     |
|               Node7               |   0.00   |    2     |    9.11 ( 1.91%)   |   -3079.99    |    6440.11    |     6436.00     |
|              Node28               |   0.00   |    2     |    0.52 (50.21%)   |   -3079.99    |    6440.12    |     6436.00     |
|              Node44               |   0.00   |    2     |  203.86 ( 1.07%)   |   -3075.91    |    6431.95    |     6431.95     |
|              Node44               |   0.00   |    3     |  202.42 ( 1.07%)   |   -3075.91    |    6436.08    |     6431.95     |
|XM_055256596_2_PREDICTED_Symphal...|   0.00   |    2     |    0.00 ( 0.25%)   |   -3075.91    |    6436.07    |     6431.95     |
|XM_033184717_1_PREDICTED_Trachyp...|   0.00   |    2     |    0.26 (49.47%)   |   -3075.91    |    6436.07    |     6431.95     |
|XM_030800485_1_PREDICTED_Nomascu...|   0.00   |    2     |    0.00 ( 0.25%)   |   -3075.91    |    6436.07    |     6431.95     |
|               Node1               |   0.00   |    2     |    0.50 ( 9.66%)   |   -3075.91    |    6436.07    |     6431.95     |
|XM_063700589_1_PREDICTED_Gorilla...|   0.00   |    2     |    0.51 ( 9.86%)   |   -3075.91    |    6436.07    |     6431.95     |
|              Node45               |   0.00   |    2     |    0.00 ( 5.00%)   |   -3075.91    |    6436.07    |     6431.95     |
|              Node24               |   0.00   |    2     |    0.00 ( 0.25%)   |   -3075.91    |    6436.07    |     6431.95     |
|              Node12               |   0.00   |    2     |    0.00 ( 5.00%)   |   -3075.91    |    6436.07    |     6431.95     |
|               Node6               |   0.00   |    2     |    0.00 ( 0.25%)   |   -3075.91    |    6436.07    |     6431.95     |
|XM_032139337_3_PREDICTED_Hylobat...|   0.00   |    2     |    0.00 ( 5.00%)   |   -3075.91    |    6436.07    |     6431.95     |
|XM_017531594_2_PREDICTED_Cebus_i...|   0.00   |    2     |    0.00 ( 0.25%)   |   -3075.91    |    6436.07    |     6431.95     |
|XM_023193314_2_PREDICTED_Pilioco...|   0.00   |    2     |    0.50 (50.00%)   |   -3075.91    |    6436.07    |     6431.95     |
|XM_012052423_1_PREDICTED_Cercoce...|   0.00   |    2     |    0.00 ( 5.00%)   |   -3075.91    |    6436.07    |     6431.95     |
|XM_032280430_1_PREDICTED_Sapajus...|   0.00   |    2     |    0.00 ( 0.25%)   |   -3075.91    |    6436.07    |     6431.95     |
|              Node58               |   0.00   |    2     |    0.00 ( 0.25%)   |   -3075.91    |    6436.07    |     6431.95     |
|              Node13               |   0.00   |    2     |    0.00 ( 0.25%)   |   -3075.91    |    6436.07    |     6431.95     |
|XM_025363515_1_PREDICTED_Theropi...|   0.00   |    2     |    0.00 ( 0.25%)   |   -3075.91    |    6436.07    |     6431.95     |
|              Node51               |   0.00   |    2     |    0.00 ( 0.25%)   |   -3075.91    |    6436.07    |     6431.95     |
|XM_050765346_1_PREDICTED_Macaca_...|   0.00   |    2     |    0.00 ( 0.25%)   |   -3075.91    |    6436.07    |     6431.95     |
|XM_003912272_5_PREDICTED_Papio_a...|   0.00   |    2     |    0.00 ( 0.25%)   |   -3075.91    |    6436.07    |     6431.95     |
|XM_057300362_2_PREDICTED_Pan_pan...|   0.00   |    2     |    0.25 ( 2.00%)   |   -3075.91    |    6436.07    |     6431.95     |
|NM_001047151_2_Macaca_mulatta_tu...|   0.00   |    2     |    0.29 ( 2.00%)   |   -3075.91    |    6436.07    |     6431.95     |
|NM_000546_6_Homo_sapiens_tumor_p...|   0.00   |    2     |    0.25 ( 2.00%)   |   -3075.91    |    6436.07    |     6431.95     |
|XM_071082299_1_PREDICTED_Macaca_...|   0.00   |    2     |    0.25 (51.00%)   |   -3075.91    |    6436.07    |     6431.95     |
|XM_016931470_3_PREDICTED_Pan_tro...|   0.00   |    2     |    0.25 ( 2.00%)   |   -3075.91    |    6436.07    |     6431.95     |
|              Node55               |   0.00   |    2     |    0.29 ( 2.00%)   |   -3075.91    |    6436.07    |     6431.95     |
|XM_010362387_1_PREDICTED_Rhinopi...|   0.00   |    2     |    0.25 (51.00%)   |   -3075.91    |    6436.07    |     6431.95     |
|XM_017850544_1_PREDICTED_Rhinopi...|   0.00   |    2     |    0.25 (51.00%)   |   -3075.91    |    6436.07    |     6431.95     |
|XM_054457336_2_PREDICTED_Pongo_p...|   0.00   |    2     |    0.25 ( 2.00%)   |   -3075.91    |    6436.07    |     6431.95     |
|XM_002826974_6_PREDICTED_Pongo_a...|   0.00   |    2     |    0.29 ( 2.00%)   |   -3075.91    |    6436.07    |     6431.95     |

### Rate class analyses summary
*  56 branches with **1** rate classes
*  3 branches with **2** rate classes

### Annotated Tree
((XM_023193314_2_PREDICTED_Piliocolobus_tephrosceles_tumor_protein_p53_TP53_transcript_variant_X1_mRNA{1},XM_011958558_1_PREDICTED_Colobus_angolensis_palliatus_tumor_protein_p53_TP53_transcript_variant_X1_mRNA{1})Node1{1},(((XM_002747948_5_PREDICTED_Callithrix_jacchus_tumor_protein_p53_TP53_transcript_variant_X1_mRNA{1},(XM_064378361_1_PREDICTED_Aotus_nancymaae_tumor_protein_p53_TP53_transcript_variant_X1_mRNA{1},XM_039476036_1_PREDICTED_Saimiri_boliviensis_boliviensis_tumor_protein_p53_TP53_transcript_variant_X1_mRNA{1},(XM_032280430_1_PREDICTED_Sapajus_apella_tumor_protein_p53_TP53_transcript_variant_X1_mRNA{1},XM_017531594_2_PREDICTED_Cebus_imitator_tumor_protein_p53_TP53_transcript_variant_X1_mRNA{1})Node28{1})Node24{1})Node22{1},(XM_008062341_2_PREDICTED_Carlito_syrichta_tumor_protein_p53_TP53_mRNA{1},((XM_053569948_1_PREDICTED_Nycticebus_coucang_tumor_protein_p53_TP53_transcript_variant_X1_mRNA{1},XM_012806041_2_PREDICTED_Otolemur_garnettii_tumor_protein_p53_TP53_mRNA{1})Node34{1},(XM_012655616_1_PREDICTED_Propithecus_coquereli_tumor_protein_p53_TP53_mRNA{1},(XM_012776058_2_PREDICTED_Microcebus_murinus_tumor_protein_p53_TP53_transcript_variant_X1_mRNA{1},(XM_045570131_1_PREDICTED_Lemur_catta_tumor_protein_p53_TP53_mRNA{1},XM_069482023_1_PREDICTED_Eulemur_rufifrons_tumor_protein_p53_TP53_transcript_variant_X1_mRNA{1})Node41{1})Node39{1})Node37{2})Node33{1})Node31{2})Node21{1},((XM_002826974_6_PREDICTED_Pongo_abelii_tumor_protein_p53_TP53_mRNA{1},XM_054457336_2_PREDICTED_Pongo_pygmaeus_tumor_protein_p53_TP53_mRNA{1})Node45{1},(XM_030800485_1_PREDICTED_Nomascus_leucogenys_tumor_protein_p53_TP53_mRNA{1},(XM_055256596_2_PREDICTED_Symphalangus_syndactylus_tumor_protein_p53_TP53_transcript_variant_X1_mRNA{1},XM_032139337_3_PREDICTED_Hylobates_moloch_tumor_protein_p53_TP53_mRNA{1})Node51{1})Node49{1},((XM_016931470_3_PREDICTED_Pan_troglodytes_tumor_protein_p53_TP53_transcript_variant_X1_mRNA{1},XM_057300362_2_PREDICTED_Pan_paniscus_tumor_protein_p53_TP53_transcript_variant_X1_mRNA{1})Node55{1},(NM_000546_6_Homo_sapiens_tumor_protein_p53_TP53_transcript_variant_1_mRNA{1},XM_063700589_1_PREDICTED_Gorilla_gorilla_gorilla_tumor_protein_p53_TP53_transcript_variant_X1_mRNA{1})Node58{1})Node54{1})Node44{2})Node20{1},((XM_010362387_1_PREDICTED_Rhinopithecus_roxellana_tumor_protein_p53_TP53_mRNA{1},XM_017850544_1_PREDICTED_Rhinopithecus_bieti_tumor_protein_p53_TP53_transcript_variant_X1_mRNA{1})Node62{1},XM_033184717_1_PREDICTED_Trachypithecus_francoisi_tumor_protein_p53_TP53_transcript_variant_X1_mRNA{1})Node61{1},XM_008010192_2_PREDICTED_Chlorocebus_sabaeus_tumor_protein_p53_TP53_transcript_variant_X1_mRNA{1},((XM_050765346_1_PREDICTED_Macaca_thibetana_thibetana_tumor_protein_p53_TP53_transcript_variant_X1_mRNA{1},NM_001047151_2_Macaca_mulatta_tumor_protein_p53_TP53_mRNA{1},XM_071082299_1_PREDICTED_Macaca_nemestrina_tumor_protein_p53_LOC105473688_mRNA{1})Node7{1},((XM_003912272_5_PREDICTED_Papio_anubis_tumor_protein_p53_TP53_mRNA{1},XM_025363515_1_PREDICTED_Theropithecus_gelada_tumor_protein_p53_TP53_transcript_variant_X1_mRNA{1})Node13{1},XM_011994540_1_PREDICTED_Mandrillus_leucophaeus_tumor_protein_p53_TP53_transcript_variant_X1_mRNA{1},XM_012052423_1_PREDICTED_Cercocebus_atys_tumor_protein_p53_TP53_transcript_variant_X1_mRNA{1})Node12{1})Node6{1})

----

```
 |XM_023193314_2_PREDICTED_Piliocolobus_tephrosceles_tumor_protein_p53_TP53_transcript_variant_X1_mRNA (1)
|+Node1 (1)
||XM_011958558_1_PREDICTED_Colobus_angolensis_palliatus_tumor_protein_p53_TP53_transcript_variant_X1_mRNA (1)
|  |XM_002747948_5_PREDICTED_Callithrix_jacchus_tumor_protein_p53_TP53_transcript_variant_X1_mRNA (1)
| |+Node22 (1)
| |||XM_064378361_1_PREDICTED_Aotus_nancymaae_tumor_protein_p53_TP53_transcript_variant_X1_mRNA (1)
| ||+Node24 (1)
| | |XM_039476036_1_PREDICTED_Saimiri_boliviensis_boliviensis_tumor_protein_p53_TP53_transcript_variant_X1_mRNA (1)
| | ||XM_032280430_1_PREDICTED_Sapajus_apella_tumor_protein_p53_TP53_transcript_variant_X1_mRNA (1)
| | |+Node28 (1)
| |  |XM_017531594_2_PREDICTED_Cebus_imitator_tumor_protein_p53_TP53_transcript_variant_X1_mRNA (1)
||+Node21 (1)
||||XM_008062341_2_PREDICTED_Carlito_syrichta_tumor_protein_p53_TP53_mRNA (1)
|||+Node31 (2)
|| | |XM_053569948_1_PREDICTED_Nycticebus_coucang_tumor_protein_p53_TP53_transcript_variant_X1_mRNA (1)
|| ||+Node34 (1)
|| |||XM_012806041_2_PREDICTED_Otolemur_garnettii_tumor_protein_p53_TP53_mRNA (1)
|| |+Node33 (1)
||  ||XM_012655616_1_PREDICTED_Propithecus_coquereli_tumor_protein_p53_TP53_mRNA (1)
||  |+Node37 (2)
||   ||XM_012776058_2_PREDICTED_Microcebus_murinus_tumor_protein_p53_TP53_transcript_variant_X1_mRNA (1)
||   |+Node39 (1)
||    ||XM_045570131_1_PREDICTED_Lemur_catta_tumor_protein_p53_TP53_mRNA (1)
||    |+Node41 (1)
||     |XM_069482023_1_PREDICTED_Eulemur_rufifrons_tumor_protein_p53_TP53_transcript_variant_X1_mRNA (1)
|+Node20 (1)
|| |XM_002826974_6_PREDICTED_Pongo_abelii_tumor_protein_p53_TP53_mRNA (1)
|||+Node45 (1)
||||XM_054457336_2_PREDICTED_Pongo_pygmaeus_tumor_protein_p53_TP53_mRNA (1)
||+Node44 (2)
| ||XM_030800485_1_PREDICTED_Nomascus_leucogenys_tumor_protein_p53_TP53_mRNA (1)
| |+Node49 (1)
| |||XM_055256596_2_PREDICTED_Symphalangus_syndactylus_tumor_protein_p53_TP53_transcript_variant_X1_mRNA (1)
| ||+Node51 (1)
| | |XM_032139337_3_PREDICTED_Hylobates_moloch_tumor_protein_p53_TP53_mRNA (1)
| | |XM_016931470_3_PREDICTED_Pan_troglodytes_tumor_protein_p53_TP53_transcript_variant_X1_mRNA (1)
| ||+Node55 (1)
| |||XM_057300362_2_PREDICTED_Pan_paniscus_tumor_protein_p53_TP53_transcript_variant_X1_mRNA (1)
| |+Node54 (1)
|  ||NM_000546_6_Homo_sapiens_tumor_protein_p53_TP53_transcript_variant_1_mRNA (1)
|  |+Node58 (1)
|   |XM_063700589_1_PREDICTED_Gorilla_gorilla_gorilla_tumor_protein_p53_TP53_transcript_variant_X1_mRNA (1)
| |XM_010362387_1_PREDICTED_Rhinopithecus_roxellana_tumor_protein_p53_TP53_mRNA (1)
||+Node62 (1)
|||XM_017850544_1_PREDICTED_Rhinopithecus_bieti_tumor_protein_p53_TP53_transcript_variant_X1_mRNA (1)
|+Node61 (1)
||XM_033184717_1_PREDICTED_Trachypithecus_francoisi_tumor_protein_p53_TP53_transcript_variant_X1_mRNA (1)
|XM_008010192_2_PREDICTED_Chlorocebus_sabaeus_tumor_protein_p53_TP53_transcript_variant_X1_mRNA (1)
| |XM_050765346_1_PREDICTED_Macaca_thibetana_thibetana_tumor_protein_p53_TP53_transcript_variant_X1_mRNA (1)
||+Node7 (1)
|||NM_001047151_2_Macaca_mulatta_tumor_protein_p53_TP53_mRNA (1)
|||XM_071082299_1_PREDICTED_Macaca_nemestrina_tumor_protein_p53_LOC105473688_mRNA (1)
|+Node6 (1)
 | |XM_003912272_5_PREDICTED_Papio_anubis_tumor_protein_p53_TP53_mRNA (1)
 ||+Node13 (1)
 |||XM_025363515_1_PREDICTED_Theropithecus_gelada_tumor_protein_p53_TP53_transcript_variant_X1_mRNA (1)
 |+Node12 (1)
  |XM_011994540_1_PREDICTED_Mandrillus_leucophaeus_tumor_protein_p53_TP53_transcript_variant_X1_mRNA (1)
  |XM_012052423_1_PREDICTED_Cercocebus_atys_tumor_protein_p53_TP53_transcript_variant_X1_mRNA (1)
```


### Improving parameter estimates of the adaptive rate class model
* Log(L) = -3062.99, AIC-c =  6406.12 (138 estimated parameters)

### Testing selected branches for selection

|              Branch               |  Rates   |     Max. dN/dS     | Sites @ EBF>=100 |      Test LRT      |Uncorrected p-value |
|-----------------------------------|----------|--------------------|------------------|--------------------|--------------------|
|              Node34               |     1    |   0.23 (100.00%)   |       N/A        |        0.00        |       1.00000      |
|XM_008062341_2_PREDICTED_Carlito...|     1    |   0.08 (100.00%)   |       N/A        |        0.00        |       1.00000      |
|XM_012806041_2_PREDICTED_Otolemu...|     1    |   0.08 (100.00%)   |       N/A        |        0.00        |       1.00000      |
|XM_012776058_2_PREDICTED_Microce...|     1    |   0.30 (100.00%)   |       N/A        |        0.00        |       1.00000      |
|              Node31               |     2    |   17.52 ( 1.05%)   |          2       |        3.24        |       0.07375      |
|              Node22               |     1    |   0.25 (100.00%)   |       N/A        |        0.00        |       1.00000      |
|XM_064378361_1_PREDICTED_Aotus_n...|     1    |   0.33 (100.00%)   |       N/A        |        0.00        |       1.00000      |
|XM_012655616_1_PREDICTED_Propith...|     1    |   0.08 (100.00%)   |       N/A        |        0.00        |       1.00000      |
|              Node20               |     1    |   0.19 (100.00%)   |       N/A        |        0.00        |       1.00000      |
|              Node37               |     2    |   13.68 ( 4.87%)   |          5       |        2.92        |       0.08701      |
|              Node41               |     1    |   0.23 (100.00%)   |       N/A        |        0.00        |       1.00000      |
|XM_053569948_1_PREDICTED_Nyctice...|     1    |   0.37 (100.00%)   |       N/A        |        0.00        |       1.00000      |
|XM_045570131_1_PREDICTED_Lemur_c...|     1    |   0.10 (100.00%)   |       N/A        |        0.00        |       1.00000      |
|              Node39               |     1    |   0.19 (100.00%)   |       N/A        |        0.00        |       1.00000      |
|XM_069482023_1_PREDICTED_Eulemur...|     1    |   0.12 (100.00%)   |       N/A        |        0.00        |       1.00000      |
|XM_008010192_2_PREDICTED_Chloroc...|     1    |   0.00 (100.00%)   |       N/A        |        0.00        |       1.00000      |
|              Node49               |     1    |   0.06 (100.00%)   |       N/A        |        0.00        |       1.00000      |
|XM_002747948_5_PREDICTED_Callith...|     1    |   0.07 (100.00%)   |       N/A        |        0.00        |       1.00000      |
|              Node33               |     1    |   0.57 (100.00%)   |       N/A        |        0.00        |       1.00000      |
|              Node54               |     1    |   0.08 (100.00%)   |       N/A        |        0.00        |       1.00000      |
|              Node21               |     1    |   0.63 (100.00%)   |       N/A        |        0.00        |       1.00000      |
|              Node62               |     1    |   0.08 (100.00%)   |       N/A        |        0.00        |       1.00000      |
|XM_011958558_1_PREDICTED_Colobus...|     1    |   0.39 (100.00%)   |       N/A        |        0.00        |       1.00000      |
|XM_039476036_1_PREDICTED_Saimiri...|     1    |   0.00 (100.00%)   |       N/A        |        0.00        |       1.00000      |
|              Node61               |     1    |   0.00 (100.00%)   |       N/A        |        0.00        |       1.00000      |
|XM_011994540_1_PREDICTED_Mandril...|     1    |   0.00 (100.00%)   |       N/A        |        0.00        |       1.00000      |
|               Node7               |     1    |   0.13 (100.00%)   |       N/A        |        0.00        |       1.00000      |
|              Node28               |     1    |   0.38 (100.00%)   |       N/A        |        0.00        |       1.00000      |
|              Node44               |     2    |  153.44 ( 1.09%)   |          2       |        7.25        |       0.00940      |
|XM_055256596_2_PREDICTED_Symphal...|     1    |   0.00 (100.00%)   |       N/A        |        0.00        |       1.00000      |
|XM_033184717_1_PREDICTED_Trachyp...|     1    |   0.19 (100.00%)   |       N/A        |        0.00        |       1.00000      |
|XM_030800485_1_PREDICTED_Nomascu...|     1    |   0.00 (100.00%)   |       N/A        |        0.00        |       1.00000      |
|               Node1               |     1    |   0.19 (100.00%)   |       N/A        |        0.00        |       1.00000      |
|XM_063700589_1_PREDICTED_Gorilla...|     1    |   0.19 (100.00%)   |       N/A        |        0.00        |       1.00000      |
|              Node45               |     1    |   0.00 (100.00%)   |       N/A        |        0.00        |       1.00000      |
|              Node24               |     1    |   0.00 (100.00%)   |       N/A        |        0.00        |       1.00000      |
|              Node12               |     1    |   0.00 (100.00%)   |       N/A        |        0.00        |       1.00000      |
|               Node6               |     1    |   0.00 (100.00%)   |       N/A        |        0.00        |       1.00000      |
|XM_032139337_3_PREDICTED_Hylobat...|     1    |   0.00 (100.00%)   |       N/A        |        0.00        |       1.00000      |
|XM_017531594_2_PREDICTED_Cebus_i...|     1    |   0.00 (100.00%)   |       N/A        |        0.00        |       1.00000      |
|XM_023193314_2_PREDICTED_Pilioco...|     1    |   0.39 (100.00%)   |       N/A        |        0.00        |       1.00000      |
|XM_012052423_1_PREDICTED_Cercoce...|     1    |   0.00 (100.00%)   |       N/A        |        0.00        |       1.00000      |
|XM_032280430_1_PREDICTED_Sapajus...|     1    |   0.00 (100.00%)   |       N/A        |        0.00        |       1.00000      |
|              Node58               |     1    |   0.00 (100.00%)   |       N/A        |        0.00        |       1.00000      |
|              Node13               |     1    |   0.00 (100.00%)   |       N/A        |        0.00        |       1.00000      |
|XM_025363515_1_PREDICTED_Theropi...|     1    |   0.00 (100.00%)   |       N/A        |        0.00        |       1.00000      |
|              Node51               |     1    |   0.00 (100.00%)   |       N/A        |        0.00        |       1.00000      |
|XM_050765346_1_PREDICTED_Macaca_...|     1    |   0.00 (100.00%)   |       N/A        |        0.00        |       1.00000      |
|XM_003912272_5_PREDICTED_Papio_a...|     1    |   0.00 (100.00%)   |       N/A        |        0.00        |       1.00000      |
|XM_057300362_2_PREDICTED_Pan_pan...|     1    |   1.00 (100.00%)   |       N/A        |        0.00        |       1.00000      |
|NM_001047151_2_Macaca_mulatta_tu...|     1    |   1.00 (100.00%)   |       N/A        |        0.00        |       1.00000      |
|NM_000546_6_Homo_sapiens_tumor_p...|     1    |   1.00 (100.00%)   |       N/A        |        0.00        |       1.00000      |
|XM_071082299_1_PREDICTED_Macaca_...|     1    |   1.00 (100.00%)   |       N/A        |        0.00        |       1.00000      |
|XM_016931470_3_PREDICTED_Pan_tro...|     1    |   1.00 (100.00%)   |       N/A        |        0.00        |       1.00000      |
|              Node55               |     1    |   1.00 (100.00%)   |       N/A        |        0.00        |       1.00000      |
|XM_010362387_1_PREDICTED_Rhinopi...|     1    |   1.00 (100.00%)   |       N/A        |        0.00        |       1.00000      |
|XM_017850544_1_PREDICTED_Rhinopi...|     1    |   1.00 (100.00%)   |       N/A        |        0.00        |       1.00000      |
|XM_054457336_2_PREDICTED_Pongo_p...|     1    |   1.00 (100.00%)   |       N/A        |        0.00        |       1.00000      |
|XM_002826974_6_PREDICTED_Pongo_a...|     1    |   1.00 (100.00%)   |       N/A        |        0.00        |       1.00000      |
----
### Adaptive branch site random effects likelihood test 
Likelihood ratio test for episodic diversifying positive selection at Holm-Bonferroni corrected _p =   0.0500_ found **0** branches under selection among **59** tested.


### Annotated Tree
((XM_023193314_2_PREDICTED_Piliocolobus_tephrosceles_tumor_protein_p53_TP53_transcript_variant_X1_mRNA,XM_011958558_1_PREDICTED_Colobus_angolensis_palliatus_tumor_protein_p53_TP53_transcript_variant_X1_mRNA)Node1,(((XM_002747948_5_PREDICTED_Callithrix_jacchus_tumor_protein_p53_TP53_transcript_variant_X1_mRNA,(XM_064378361_1_PREDICTED_Aotus_nancymaae_tumor_protein_p53_TP53_transcript_variant_X1_mRNA,XM_039476036_1_PREDICTED_Saimiri_boliviensis_boliviensis_tumor_protein_p53_TP53_transcript_variant_X1_mRNA,(XM_032280430_1_PREDICTED_Sapajus_apella_tumor_protein_p53_TP53_transcript_variant_X1_mRNA,XM_017531594_2_PREDICTED_Cebus_imitator_tumor_protein_p53_TP53_transcript_variant_X1_mRNA)Node28)Node24)Node22,(XM_008062341_2_PREDICTED_Carlito_syrichta_tumor_protein_p53_TP53_mRNA,((XM_053569948_1_PREDICTED_Nycticebus_coucang_tumor_protein_p53_TP53_transcript_variant_X1_mRNA,XM_012806041_2_PREDICTED_Otolemur_garnettii_tumor_protein_p53_TP53_mRNA)Node34,(XM_012655616_1_PREDICTED_Propithecus_coquereli_tumor_protein_p53_TP53_mRNA,(XM_012776058_2_PREDICTED_Microcebus_murinus_tumor_protein_p53_TP53_transcript_variant_X1_mRNA,(XM_045570131_1_PREDICTED_Lemur_catta_tumor_protein_p53_TP53_mRNA,XM_069482023_1_PREDICTED_Eulemur_rufifrons_tumor_protein_p53_TP53_transcript_variant_X1_mRNA)Node41)Node39)Node37)Node33)Node31)Node21,((XM_002826974_6_PREDICTED_Pongo_abelii_tumor_protein_p53_TP53_mRNA,XM_054457336_2_PREDICTED_Pongo_pygmaeus_tumor_protein_p53_TP53_mRNA)Node45,(XM_030800485_1_PREDICTED_Nomascus_leucogenys_tumor_protein_p53_TP53_mRNA,(XM_055256596_2_PREDICTED_Symphalangus_syndactylus_tumor_protein_p53_TP53_transcript_variant_X1_mRNA,XM_032139337_3_PREDICTED_Hylobates_moloch_tumor_protein_p53_TP53_mRNA)Node51)Node49,((XM_016931470_3_PREDICTED_Pan_troglodytes_tumor_protein_p53_TP53_transcript_variant_X1_mRNA,XM_057300362_2_PREDICTED_Pan_paniscus_tumor_protein_p53_TP53_transcript_variant_X1_mRNA)Node55,(NM_000546_6_Homo_sapiens_tumor_protein_p53_TP53_transcript_variant_1_mRNA,XM_063700589_1_PREDICTED_Gorilla_gorilla_gorilla_tumor_protein_p53_TP53_transcript_variant_X1_mRNA)Node58)Node54)Node44)Node20,((XM_010362387_1_PREDICTED_Rhinopithecus_roxellana_tumor_protein_p53_TP53_mRNA,XM_017850544_1_PREDICTED_Rhinopithecus_bieti_tumor_protein_p53_TP53_transcript_variant_X1_mRNA)Node62,XM_033184717_1_PREDICTED_Trachypithecus_francoisi_tumor_protein_p53_TP53_transcript_variant_X1_mRNA)Node61,XM_008010192_2_PREDICTED_Chlorocebus_sabaeus_tumor_protein_p53_TP53_transcript_variant_X1_mRNA,((XM_050765346_1_PREDICTED_Macaca_thibetana_thibetana_tumor_protein_p53_TP53_transcript_variant_X1_mRNA,NM_001047151_2_Macaca_mulatta_tumor_protein_p53_TP53_mRNA,XM_071082299_1_PREDICTED_Macaca_nemestrina_tumor_protein_p53_LOC105473688_mRNA)Node7,((XM_003912272_5_PREDICTED_Papio_anubis_tumor_protein_p53_TP53_mRNA,XM_025363515_1_PREDICTED_Theropithecus_gelada_tumor_protein_p53_TP53_transcript_variant_X1_mRNA)Node13,XM_011994540_1_PREDICTED_Mandrillus_leucophaeus_tumor_protein_p53_TP53_transcript_variant_X1_mRNA,XM_012052423_1_PREDICTED_Cercocebus_atys_tumor_protein_p53_TP53_transcript_variant_X1_mRNA)Node12)Node6)

----

```
 |XM_023193314_2_PREDICTED_Piliocolobus_tephrosceles_tumor_protein_p53_TP53_transcript_variant_X1_mRNA (N.S)
|+Node1 (N.S)
||XM_011958558_1_PREDICTED_Colobus_angolensis_palliatus_tumor_protein_p53_TP53_transcript_variant_X1_mRNA (N.S)
|  |XM_002747948_5_PREDICTED_Callithrix_jacchus_tumor_protein_p53_TP53_transcript_variant_X1_mRNA (N.S)
| |+Node22 (N.S)
| |||XM_064378361_1_PREDICTED_Aotus_nancymaae_tumor_protein_p53_TP53_transcript_variant_X1_mRNA (N.S)
| ||+Node24 (N.S)
| | |XM_039476036_1_PREDICTED_Saimiri_boliviensis_boliviensis_tumor_protein_p53_TP53_transcript_variant_X1_mRNA (N.S)
| | ||XM_032280430_1_PREDICTED_Sapajus_apella_tumor_protein_p53_TP53_transcript_variant_X1_mRNA (N.S)
| | |+Node28 (N.S)
| |  |XM_017531594_2_PREDICTED_Cebus_imitator_tumor_protein_p53_TP53_transcript_variant_X1_mRNA (N.S)
||+Node21 (N.S)
||||XM_008062341_2_PREDICTED_Carlito_syrichta_tumor_protein_p53_TP53_mRNA (N.S)
|||+Node31 (N.S)
|| | |XM_053569948_1_PREDICTED_Nycticebus_coucang_tumor_protein_p53_TP53_transcript_variant_X1_mRNA (N.S)
|| ||+Node34 (N.S)
|| |||XM_012806041_2_PREDICTED_Otolemur_garnettii_tumor_protein_p53_TP53_mRNA (N.S)
|| |+Node33 (N.S)
||  ||XM_012655616_1_PREDICTED_Propithecus_coquereli_tumor_protein_p53_TP53_mRNA (N.S)
||  |+Node37 (N.S)
||   ||XM_012776058_2_PREDICTED_Microcebus_murinus_tumor_protein_p53_TP53_transcript_variant_X1_mRNA (N.S)
||   |+Node39 (N.S)
||    ||XM_045570131_1_PREDICTED_Lemur_catta_tumor_protein_p53_TP53_mRNA (N.S)
||    |+Node41 (N.S)
||     |XM_069482023_1_PREDICTED_Eulemur_rufifrons_tumor_protein_p53_TP53_transcript_variant_X1_mRNA (N.S)
|+Node20 (N.S)
|| |XM_002826974_6_PREDICTED_Pongo_abelii_tumor_protein_p53_TP53_mRNA (N.S)
|||+Node45 (N.S)
||||XM_054457336_2_PREDICTED_Pongo_pygmaeus_tumor_protein_p53_TP53_mRNA (N.S)
||+Node44 (N.S)
| ||XM_030800485_1_PREDICTED_Nomascus_leucogenys_tumor_protein_p53_TP53_mRNA (N.S)
| |+Node49 (N.S)
| |||XM_055256596_2_PREDICTED_Symphalangus_syndactylus_tumor_protein_p53_TP53_transcript_variant_X1_mRNA (N.S)
| ||+Node51 (N.S)
| | |XM_032139337_3_PREDICTED_Hylobates_moloch_tumor_protein_p53_TP53_mRNA (N.S)
| | |XM_016931470_3_PREDICTED_Pan_troglodytes_tumor_protein_p53_TP53_transcript_variant_X1_mRNA (N.S)
| ||+Node55 (N.S)
| |||XM_057300362_2_PREDICTED_Pan_paniscus_tumor_protein_p53_TP53_transcript_variant_X1_mRNA (N.S)
| |+Node54 (N.S)
|  ||NM_000546_6_Homo_sapiens_tumor_protein_p53_TP53_transcript_variant_1_mRNA (N.S)
|  |+Node58 (N.S)
|   |XM_063700589_1_PREDICTED_Gorilla_gorilla_gorilla_tumor_protein_p53_TP53_transcript_variant_X1_mRNA (N.S)
| |XM_010362387_1_PREDICTED_Rhinopithecus_roxellana_tumor_protein_p53_TP53_mRNA (N.S)
||+Node62 (N.S)
|||XM_017850544_1_PREDICTED_Rhinopithecus_bieti_tumor_protein_p53_TP53_transcript_variant_X1_mRNA (N.S)
|+Node61 (N.S)
||XM_033184717_1_PREDICTED_Trachypithecus_francoisi_tumor_protein_p53_TP53_transcript_variant_X1_mRNA (N.S)
|XM_008010192_2_PREDICTED_Chlorocebus_sabaeus_tumor_protein_p53_TP53_transcript_variant_X1_mRNA (N.S)
| |XM_050765346_1_PREDICTED_Macaca_thibetana_thibetana_tumor_protein_p53_TP53_transcript_variant_X1_mRNA (N.S)
||+Node7 (N.S)
|||NM_001047151_2_Macaca_mulatta_tumor_protein_p53_TP53_mRNA (N.S)
|||XM_071082299_1_PREDICTED_Macaca_nemestrina_tumor_protein_p53_LOC105473688_mRNA (N.S)
|+Node6 (N.S)
 | |XM_003912272_5_PREDICTED_Papio_anubis_tumor_protein_p53_TP53_mRNA (N.S)
 ||+Node13 (N.S)
 |||XM_025363515_1_PREDICTED_Theropithecus_gelada_tumor_protein_p53_TP53_transcript_variant_X1_mRNA (N.S)
 |+Node12 (N.S)
  |XM_011994540_1_PREDICTED_Mandrillus_leucophaeus_tumor_protein_p53_TP53_transcript_variant_X1_mRNA (N.S)
  |XM_012052423_1_PREDICTED_Cercocebus_atys_tumor_protein_p53_TP53_transcript_variant_X1_mRNA (N.S)
```



