
Analysis Description
--------------------
 Read an alignment of coding sequences and replace any ambiguous codons
with ---. Write results to a new file in FASTA format, and report
changed sequences to stdout 

- __Requirements__: An MSA

- __Citation__: TBD

- __Written by__: Sergei L Kosakovsky Pond

- __Contact Information__: spond@temple.edu

- __Analysis Version__: 0.1

code: Universal

Striking 89 codons that are incompletely resolved from NP_001722_1_NM_001731_3_protein_NP_001722_1_protein_BTG1_Homo_sapiens_transcript_NM_001731_3_Homo_sapiens_BTG_anti_proliferation_factor_1_BTG1_mRNA_species_Homo_sapiens

Striking 89 codons that are incompletely resolved from XP_509262_1_XM_509262_6_protein_XP_509262_1_protein_BTG1_Pan_troglodytes_transcript_XM_509262_6_PREDICTED_Pan_troglodytes_BTG_anti_proliferation_factor_1_BTG1_mRNA_species_Pan_troglodytes

Striking 89 codons that are incompletely resolved from XP_069345767_1_XM_069489666_1_protein_XP_069345767_1_protein_BTG1_Eulemur_rufifrons_transcript_XM_069489666_1_PREDICTED_Eulemur_rufifrons_BTG_anti_proliferation_factor_1_BTG1_mRNA_species_Eulemur_rufifrons

Striking 89 codons that are incompletely resolved from XP_055093894_1_XM_055237919_2_protein_XP_055093894_1_protein_BTG1_Symphalangus_syndactylus_transcript_XM_055237919_2_PREDICTED_Symphalangus_syndactylus_BTG_anti_proliferation_factor_1_BTG1_mRNA_species_Symphalangus_syndactylus

Striking 89 codons that are incompletely resolved from XP_054300100_1_XM_054444125_2_protein_XP_054300100_1_protein_BTG1_Pongo_pygmaeus_transcript_XM_054444125_2_PREDICTED_Pongo_pygmaeus_BTG_anti_proliferation_factor_1_BTG1_mRNA_species_Pongo_pygmaeus

Striking 89 codons that are incompletely resolved from NP_001253601_1_NM_001266672_1_protein_NP_001253601_1_protein_BTG1_Macaca_mulatta_transcript_NM_001266672_1_Macaca_mulatta_BTG_anti_proliferation_factor_1_BTG1_mRNA_species_Macaca_mulatta

Striking 89 codons that are incompletely resolved from XP_050606037_1_XM_050750080_1_protein_XP_050606037_1_protein_BTG1_Macaca_thibetana_thibetana_transcript_XM_050750080_1_PREDICTED_Macaca_thibetana_thibetana_BTG_anti_proliferation_factor_1_BTG1_mRNA_species_Macaca_thibetana_thibetana

Striking 89 codons that are incompletely resolved from XP_045409214_1_XM_045553258_1_protein_XP_045409214_1_protein_BTG1_Lemur_catta_transcript_XM_045553258_1_PREDICTED_Lemur_catta_BTG_anti_proliferation_factor_1_BTG1_mRNA_species_Lemur_catta

Striking 89 codons that are incompletely resolved from XP_033076982_1_XM_033221091_1_protein_XP_033076982_1_protein_BTG1_Trachypithecus_francoisi_transcript_XM_033221091_1_PREDICTED_Trachypithecus_francoisi_BTG_anti_proliferation_factor_1_BTG1_mRNA_species_Trachypithecus_francoisi

Striking 89 codons that are incompletely resolved from XP_032153437_1_XM_032297546_1_protein_XP_032153437_1_protein_BTG1_Sapajus_apella_transcript_XM_032297546_1_PREDICTED_Sapajus_apella_BTG_anti_proliferation_factor_1_BTG1_mRNA_species_Sapajus_apella

Striking 89 codons that are incompletely resolved from XP_032026783_1_XM_032170892_2_protein_XP_032026783_1_protein_BTG1_Hylobates_moloch_transcript_XM_032170892_2_PREDICTED_Hylobates_moloch_BTG_anti_proliferation_factor_1_BTG1_mRNA_species_Hylobates_moloch

Striking 89 codons that are incompletely resolved from XP_025256640_1_XM_025400855_1_protein_XP_025256640_1_protein_BTG1_Theropithecus_gelada_transcript_XM_025400855_1_PREDICTED_Theropithecus_gelada_BTG_anti_proliferation_factor_1_BTG1_mRNA_species_Theropithecus_gelada

Striking 89 codons that are incompletely resolved from XP_017404100_1_XM_017548611_2_protein_XP_017404100_1_protein_BTG1_Cebus_imitator_transcript_XM_017548611_2_PREDICTED_Cebus_imitator_BTG_anti_proliferation_factor_1_BTG1_mRNA_species_Cebus_imitator

Striking 89 codons that are incompletely resolved from XP_012630695_1_XM_012775241_1_protein_XP_012630695_1_protein_BTG1_Microcebus_murinus_transcript_XM_012775241_1_PREDICTED_Microcebus_murinus_BTG_anti_proliferation_factor_1_BTG1_mRNA_species_Microcebus_murinus

Striking 89 codons that are incompletely resolved from XP_012519471_1_XM_012664017_1_protein_XP_012519471_1_PREDICTED_protein_BTG1_Propithecus_coquereli_transcript_XM_012664017_1_PREDICTED_Propithecus_coquereli_B_cell_translocation_gene_1_anti_proliferative_BTG1_mRNA_species_Propithecus_coquereli

Striking 89 codons that are incompletely resolved from XP_012324772_1_XM_012469349_2_protein_XP_012324772_1_protein_BTG1_Aotus_nancymaae_transcript_XM_012469349_2_PREDICTED_Aotus_nancymaae_BTG_anti_proliferation_factor_1_BTG1_mRNA_species_Aotus_nancymaae

Striking 89 codons that are incompletely resolved from XP_011887073_1_XM_012031683_1_protein_XP_011887073_1_PREDICTED_protein_BTG1_Cercocebus_atys_transcript_XM_012031683_1_PREDICTED_Cercocebus_atys_B_cell_translocation_gene_1_anti_proliferative_BTG1_mRNA_species_Cercocebus_atys

Striking 89 codons that are incompletely resolved from XP_002823624_1_XM_002823578_4_protein_XP_002823624_1_protein_BTG1_Pongo_abelii_transcript_XM_002823578_4_PREDICTED_Pongo_abelii_BTG_anti_proliferation_factor_1_BTG1_mRNA_species_Pongo_abelii

Striking 89 codons that are incompletely resolved from XP_011743019_1_XM_011744717_3_protein_XP_011743019_1_protein_BTG1_Macaca_nemestrina_transcript_XM_011744717_3_PREDICTED_Macaca_nemestrina_BTG_anti_proliferation_factor_1_LOC105483730_mRNA_species_Macaca_nemestrina

Striking 89 codons that are incompletely resolved from XP_010382240_1_XM_010383938_2_protein_XP_010382240_1_protein_BTG1_Rhinopithecus_roxellana_transcript_XM_010383938_2_PREDICTED_Rhinopithecus_roxellana_BTG_anti_proliferation_factor_1_BTG1_mRNA_species_Rhinopithecus_roxellana

Striking 89 codons that are incompletely resolved from XP_008002425_2_XM_008004234_3_protein_XP_008002425_2_protein_BTG1_Chlorocebus_sabaeus_transcript_XM_008004234_3_PREDICTED_Chlorocebus_sabaeus_BTG_anti_proliferation_factor_1_BTG1_mRNA_species_Chlorocebus_sabaeus

Striking 89 codons that are incompletely resolved from XP_005571906_1_XM_005571849_4_protein_XP_005571906_1_protein_BTG1_Macaca_fascicularis_transcript_XM_005571849_4_PREDICTED_Macaca_fascicularis_BTG_anti_proliferation_factor_1_BTG1_mRNA_species_Macaca_fascicularis

Striking 89 codons that are incompletely resolved from XP_018894512_2_XM_019038967_4_protein_XP_018894512_2_protein_BTG1_Gorilla_gorilla_gorilla_transcript_XM_019038967_4_PREDICTED_Gorilla_gorilla_gorilla_BTG_anti_proliferation_factor_1_BTG1_mRNA_species_Gorilla_gorilla_gorilla

Striking 89 codons that are incompletely resolved from XP_003927928_1_XM_003927879_4_protein_XP_003927928_1_protein_BTG1_Saimiri_boliviensis_transcript_XM_003927879_4_PREDICTED_Saimiri_boliviensis_BTG_anti_proliferation_factor_1_BTG1_mRNA_species_Saimiri_boliviensis

Striking 89 codons that are incompletely resolved from XP_003906994_1_XM_003906945_4_protein_XP_003906994_1_protein_BTG1_Papio_anubis_transcript_XM_003906945_4_PREDICTED_Papio_anubis_BTG_anti_proliferation_factor_1_BTG1_mRNA_species_Papio_anubis

Striking 89 codons that are incompletely resolved from XP_003846184_2_XM_003846136_7_protein_XP_003846184_2_protein_BTG1_Pan_paniscus_transcript_XM_003846136_7_PREDICTED_Pan_paniscus_BTG_anti_proliferation_factor_1_BTG1_mRNA_species_Pan_paniscus

Striking 89 codons that are incompletely resolved from XP_003783405_1_XM_003783357_2_protein_XP_003783405_1_protein_BTG1_Otolemur_garnettii_transcript_XM_003783357_2_PREDICTED_Otolemur_garnettii_BTG_anti_proliferation_factor_1_BTG1_mRNA_species_Otolemur_garnettii

Striking 89 codons that are incompletely resolved from XP_003259699_1_XM_003259651_4_protein_XP_003259699_1_protein_BTG1_Nomascus_leucogenys_transcript_XM_003259651_4_PREDICTED_Nomascus_leucogenys_BTG_anti_proliferation_factor_1_BTG1_mRNA_species_Nomascus_leucogenys

Striking 89 codons that are incompletely resolved from XP_053438918_1_XM_053582943_1_protein_XP_053438918_1_protein_BTG1_Nycticebus_coucang_transcript_XM_053582943_1_PREDICTED_Nycticebus_coucang_BTG_anti_proliferation_factor_1_BTG1_mRNA_species_Nycticebus_coucang

Striking 89 codons that are incompletely resolved from XP_011789091_1_XM_011933701_1_protein_XP_011789091_1_PREDICTED_protein_BTG1_Colobus_angolensis_palliatus_transcript_XM_011933701_1_PREDICTED_Colobus_angolensis_palliatus_B_cell_translocation_gene_1_anti_proliferative_BTG1_mRNA_species_Colobus_angolensis_palliatus

Striking 89 codons that are incompletely resolved from XP_023079329_1_XM_023223561_1_protein_XP_023079329_1_protein_BTG1_Piliocolobus_tephrosceles_transcript_XM_023223561_1_PREDICTED_Piliocolobus_tephrosceles_BTG_anti_proliferation_factor_1_BTG1_mRNA_species_Piliocolobus_tephrosceles
