
Analysis Description
--------------------
aBSREL (Adaptive branch-site random effects likelihood) uses an adaptive
random effects branch-site model framework to test whether each branch
has evolved under positive selection, using a procedure which infers an
optimal number of rate categories per branch. v2.2 adds support for
multiple-hit models. v2.3 adds support for SRV. v2.5 adds support for
ancestral state reconstruction, identification of sites contributing to
selection signal, and some diagnostics. v2.6 adds tree reports and ASCII
art

- __Requirements__: in-frame codon alignment and a phylogenetic tree

- __Citation__:  Less Is More: An Adaptive Branch-Site Random Effects Model for
Efficient Detection of Episodic Diversifying Selection (2015). Mol Biol
Evol 32 (5): 1342-1353. 

- __Written by__: Sergei L Kosakovsky Pond, Ben Murrell, Steven Weaver and Temple iGEM /
UCSD viral evolution group

- __Contact Information__: spond@temple.edu

- __Analysis Version__: 2.6

[Advanced option] Bag of little bootstrap alignment resampling rate (permissible range = [0.01,1], default value = 1): blb: 1

>code => Universal

-------
>[WARNING]
'/Users/alex/Documents/AOC-dev/results/Primate_ACE2/Primate_ACE2.4.codon.fas'
contains 1 duplicate sequence. Identical sequences do not contribute any
information to the analysis and only slow down computation. Please
consider removing duplicate or 'nearly' duplicate sequences, e.g. using
https://github.com/veg/hyphy-analyses/tree/master/remove-duplicates
prior to running selection analyses
-------
/Users/alex/Documents/AOC-dev/results/Primate_ACE2/Primate_ACE2.4.codon.fas.FastTree.treefile
results/Primate_ACE2/Primate_ACE2.4.codon.fas.FastTree.treefile

>Loaded a multiple sequence alignment with **31** sequences, **301** codons, and **1** partitions from `/Users/alex/Documents/AOC-dev/results/Primate_ACE2/Primate_ACE2.4.codon.fas`

>branches => All

>multiple-hits => None

>srv => No


### * Selected 59 branches for testing: `NM_001135696_1_Macaca_mulatta_angiotensin_converting_enzyme_2_ACE2_mRNA, XM_011735203_2_PREDICTED_Macaca_nemestrina_angiotensin_I_converting_enzyme_2_ACE2_transcript_variant_X1_mRNA, XM_050777627_1_PREDICTED_Macaca_thibetana_thibetana_angiotensin_converting_enzyme_2_ACE2_transcript_variant_X1_mRNA, Node4, XM_005593037_3_PREDICTED_Macaca_fascicularis_angiotensin_converting_enzyme_2_ACE2_mRNA, Node3, Node1, XM_007991113_2_PREDICTED_Chlorocebus_sabaeus_angiotensin_I_converting_enzyme_2_ACE2_transcript_variant_X1_mRNA, XM_011995533_1_PREDICTED_Mandrillus_leucophaeus_angiotensin_I_converting_enzyme_2_ACE2_mRNA, XM_012035808_1_PREDICTED_Cercocebus_atys_angiotensin_I_converting_enzyme_2_ACE2_transcript_variant_X1_mRNA, Node10, Node8, NM_001131132_2_Pongo_abelii_angiotensin_converting_enzyme_2_ACE2_mRNA, XM_054471966_1_PREDICTED_Pongo_pygmaeus_angiotensin_converting_enzyme_2_ACE2_transcript_variant_X1_mRNA, Node17, XM_019019204_1_PREDICTED_Gorilla_gorilla_gorilla_angiotensin_I_converting_enzyme_2_ACE2_mRNA, NM_001371415_1_Homo_sapiens_angiotensin_converting_enzyme_2_ACE2_transcript_variant_1_mRNA, XM_003261084_3_PREDICTED_Nomascus_leucogenys_angiotensin_I_converting_enzyme_2_ACE2_mRNA, XM_032756617_1_PREDICTED_Hylobates_moloch_angiotensin_I_converting_enzyme_2_ACE2_mRNA, Node25, XM_016942979_2_PREDICTED_Pan_troglodytes_angiotensin_converting_enzyme_2_ACE2_transcript_variant_X1_mRNA, XM_008974180_2_PREDICTED_Pan_paniscus_angiotensin_I_converting_enzyme_2_ACE2_transcript_variant_X1_mRNA, Node28, Node24, Node22, Node20, Node16, XM_008064619_1_PREDICTED_Carlito_syrichta_angiotensin_I_converting_enzyme_2_ACE2_mRNA, XM_053580366_1_PREDICTED_Nycticebus_coucang_angiotensin_converting_enzyme_2_ACE2_mRNA, XM_003791864_2_PREDICTED_Otolemur_garnettii_angiotensin_I_converting_enzyme_2_ACE2_mRNA, Node35, XM_012638731_1_PREDICTED_Propithecus_coquereli_angiotensin_I_converting_enzyme_2_ACE2_transcript_variant_X1_mRNA, XM_020285237_1_PREDICTED_Microcebus_murinus_angiotensin_I_converting_enzyme_2_ACE2_mRNA, XM_045538336_1_PREDICTED_Lemur_catta_angiotensin_converting_enzyme_2_ACE2_mRNA, Node40, Node38, Node34, Node32, XM_012434682_2_PREDICTED_Aotus_nancymaae_angiotensin_I_converting_enzyme_2_ACE2_mRNA, XM_010336623_2_PREDICTED_Saimiri_boliviensis_boliviensis_angiotensin_converting_enzyme_2_ACE2_transcript_variant_X1_mRNA, Node44, XM_008988993_4_PREDICTED_Callithrix_jacchus_angiotensin_converting_enzyme_2_ACE2_mRNA, XM_017512376_2_PREDICTED_Cebus_imitator_angiotensin_I_converting_enzyme_2_ACE2_transcript_variant_X1_mRNA, XM_032285963_1_PREDICTED_Sapajus_apella_angiotensin_I_converting_enzyme_2_ACE2_transcript_variant_X1_mRNA, Node49, Node47, Node43, Node31, Node15, XM_023199053_2_PREDICTED_Piliocolobus_tephrosceles_angiotensin_I_converting_enzyme_2_ACE2_mRNA, XM_010366065_2_PREDICTED_Rhinopithecus_roxellana_angiotensin_I_converting_enzyme_2_ACE2_mRNA, XM_017888580_1_PREDICTED_Rhinopithecus_bieti_angiotensin_I_converting_enzyme_2_ACE2_transcript_variant_X1_mRNA, Node54, Node52, Node14, XM_021933040_1_PREDICTED_Papio_anubis_angiotensin_I_converting_enzyme_2_ACE2_transcript_variant_X1_mRNA, XM_025372062_1_PREDICTED_Theropithecus_gelada_angiotensin_I_converting_enzyme_2_ACE2_mRNA, Node57, Node13`


### Obtaining branch lengths and nucleotide substitution biases under the nucleotide GTR model

>kill-zero-lengths => Yes

### Deleted 4 zero-length internal branches: `Node3, Node4, Node44, Node52`
* Log(L) = -3108.68, AIC-c =  6351.68 (67 estimated parameters)
* 1 partition. Total tree length by partition (subs/site)  0.795

### Fitting the baseline model with a single dN/dS class per branch, and no site-to-site variation. 
* Log(L) = -3031.12, AIC-c =  6313.60 (124 estimated parameters)
* Branch-level non-synonymous/synonymous rate ratio distribution has median  0.61, and 95% of the weight in  0.00 -  2.31

### Determining the optimal number of rate classes per branch using a step up procedure

|              Branch               |  Length  |  Rates   |     Max. dN/dS     |    Log(L)     |     AIC-c     |Best AIC-c so far|
|-----------------------------------|----------|----------|--------------------|---------------|---------------|-----------------|
|XM_008064619_1_PREDICTED_Carlito...|   0.10   |    2     |   14.63 ( 2.16%)   |   -3030.09    |    6315.65    |     6313.60     |
|XM_045538336_1_PREDICTED_Lemur_c...|   0.07   |    2     |    2.57 (32.12%)   |   -3029.50    |    6314.47    |     6313.60     |
|              Node35               |   0.06   |    2     |   0.39 (100.00%)   |   -3031.12    |    6317.71    |     6313.60     |
|XM_003791864_2_PREDICTED_Otolemu...|   0.06   |    2     |   46.53 ( 2.10%)   |   -3028.52    |    6312.51    |     6312.51     |
|XM_003791864_2_PREDICTED_Otolemu...|   0.06   |    3     |   49.09 ( 2.03%)   |   -3028.52    |    6316.63    |     6312.51     |
|XM_053580366_1_PREDICTED_Nyctice...|   0.05   |    2     |   52.55 ( 1.66%)   |   -3026.70    |    6313.00    |     6312.51     |
|              Node32               |   0.04   |    2     |    5.02 ( 6.97%)   |   -3025.74    |    6311.07    |     6311.07     |
|              Node32               |   0.04   |    3     |    5.28 ( 6.67%)   |   -3025.76    |    6315.22    |     6311.07     |
|              Node38               |   0.04   |    2     |   1.66 (100.00%)   |   -3025.74    |    6315.18    |     6311.07     |
|XM_020285237_1_PREDICTED_Microce...|   0.03   |    2     |    0.62 (91.05%)   |   -3025.74    |    6315.19    |     6311.07     |
|XM_012638731_1_PREDICTED_Propith...|   0.03   |    2     |    1.80 ( 0.00%)   |   -3025.74    |    6315.19    |     6311.07     |
|              Node43               |   0.03   |    2     |   1.21 (100.00%)   |   -3025.74    |    6315.19    |     6311.07     |
|XM_008988993_4_PREDICTED_Callith...|   0.02   |    2     |    0.95 ( 2.64%)   |   -3025.74    |    6315.19    |     6311.07     |
|              Node15               |   0.02   |    2     |    0.60 (91.26%)   |   -3025.74    |    6315.19    |     6311.07     |
|XM_007991113_2_PREDICTED_Chloroc...|   0.02   |    2     |  566.58 (100.00%)  |   -3025.75    |    6315.19    |     6311.07     |
|              Node40               |   0.02   |    2     |    1.28 (26.01%)   |   -3025.74    |    6315.19    |     6311.07     |
|XM_012434682_2_PREDICTED_Aotus_n...|   0.02   |    2     |   71.14 ( 4.56%)   |   -3023.21    |    6310.12    |     6310.12     |
|XM_012434682_2_PREDICTED_Aotus_n...|   0.02   |    3     |  106.99 ( 3.39%)   |   -3023.13    |    6314.08    |     6310.12     |
|              Node34               |   0.02   |    2     |   31.59 ( 8.49%)   |   -3022.72    |    6313.26    |     6310.12     |
|              Node16               |   0.01   |    2     |    0.27 (27.66%)   |   -3049.31    |    6366.44    |     6310.12     |
|              Node49               |   0.01   |    2     |    0.28 (26.40%)   |   -3023.21    |    6314.25    |     6310.12     |
|              Node25               |   0.01   |    2     |    0.40 (90.44%)   |   -3023.21    |    6314.23    |     6310.12     |
|XM_019019204_1_PREDICTED_Gorilla...|   0.01   |    2     |    0.38 ( 0.00%)   |   -3023.21    |    6314.23    |     6310.12     |
|              Node31               |   0.01   |    2     |    1.49 (75.38%)   |   -3023.21    |    6314.23    |     6310.12     |
|              Node17               |   0.01   |    2     |    0.26 (51.11%)   |   -3023.21    |    6314.24    |     6310.12     |
|NM_001371415_1_Homo_sapiens_angi...|   0.01   |    2     |    0.25 (50.51%)   |   -3023.21    |    6314.24    |     6310.12     |
|XM_032756617_1_PREDICTED_Hylobat...|   0.01   |    2     |    0.40 (91.42%)   |   -3023.21    |    6314.23    |     6310.12     |
|XM_023199053_2_PREDICTED_Pilioco...|   0.01   |    2     |    1.16 (99.82%)   |   -3023.21    |    6314.23    |     6310.12     |
|              Node10               |   0.01   |    2     |    0.20 (27.66%)   |   -3040.76    |    6349.33    |     6310.12     |
|              Node28               |   0.01   |    2     |    0.79 (88.73%)   |   -3023.21    |    6314.23    |     6310.12     |
|XM_010336623_2_PREDICTED_Saimiri...|   0.01   |    2     |    0.80 (51.02%)   |   -3023.21    |    6314.23    |     6310.12     |
|              Node14               |   0.00   |    2     |    0.27 (27.66%)   |   -3035.53    |    6338.87    |     6310.12     |
|              Node54               |   0.00   |    2     |    2.10 ( 9.90%)   |   -3023.21    |    6314.23    |     6310.12     |
|XM_025372062_1_PREDICTED_Theropi...|   0.00   |    2     |   35.12 ( 1.55%)   |   -3023.19    |    6314.20    |     6310.12     |
|              Node47               |   0.00   |    2     |    0.40 (98.00%)   |   -3023.21    |    6314.23    |     6310.12     |
|              Node20               |   0.00   |    2     |    0.39 (76.48%)   |   -3023.21    |    6314.23    |     6310.12     |
|               Node8               |   0.00   |    2     |  378.38 ( 0.59%)   |   -3022.55    |    6312.91    |     6310.12     |
|               Node1               |   0.00   |    2     |    0.27 (27.66%)   |   -3029.52    |    6326.86    |     6310.12     |
|NM_001131132_2_Pongo_abelii_angi...|   0.00   |    2     |    0.00 ( 5.00%)   |   -3023.21    |    6314.23    |     6310.12     |
|XM_005593037_3_PREDICTED_Macaca_...|   0.00   |    2     |   1.00 (100.00%)   |   -3023.54    |    6314.89    |     6310.12     |
|              Node22               |   0.00   |    2     |    0.20 (27.66%)   |   -3027.11    |    6322.04    |     6310.12     |
|              Node57               |   0.00   |    2     |    0.27 (27.66%)   |   -3028.71    |    6325.24    |     6310.12     |
|XM_016942979_2_PREDICTED_Pan_tro...|   0.00   |    2     |    0.00 ( 5.00%)   |   -3023.21    |    6314.23    |     6310.12     |
|XM_011995533_1_PREDICTED_Mandril...|   0.00   |    2     |   1.00 (100.00%)   |   -3023.53    |    6314.89    |     6310.12     |
|XM_010366065_2_PREDICTED_Rhinopi...|   0.00   |    2     |   1.00 (100.00%)   |   -3023.53    |    6314.87    |     6310.12     |
|XM_017888580_1_PREDICTED_Rhinopi...|   0.00   |    2     |    0.00 ( 0.25%)   |   -3023.21    |    6314.23    |     6310.12     |
|XM_017512376_2_PREDICTED_Cebus_i...|   0.00   |    2     |    0.00 ( 5.00%)   |   -3023.21    |    6314.23    |     6310.12     |
|              Node24               |   0.00   |    2     |    0.27 (27.66%)   |   -3026.25    |    6320.31    |     6310.12     |
|XM_003261084_3_PREDICTED_Nomascu...|   0.00   |    2     |    0.27 (27.66%)   |   -3026.35    |    6320.51    |     6310.12     |
|              Node13               |   0.00   |    2     |    0.27 (27.66%)   |   -3026.10    |    6320.02    |     6310.12     |
|NM_001135696_1_Macaca_mulatta_an...|   0.00   |    2     |    0.00 ( 5.00%)   |   -3023.21    |    6314.23    |     6310.12     |
|XM_021933040_1_PREDICTED_Papio_a...|   0.00   |    2     |    0.29 ( 2.00%)   |   -3023.21    |    6314.23    |     6310.12     |
|XM_032285963_1_PREDICTED_Sapajus...|   0.00   |    2     |    0.25 ( 2.00%)   |   -3023.21    |    6314.23    |     6310.12     |
|XM_011735203_2_PREDICTED_Macaca_...|   0.00   |    2     |    0.29 ( 2.00%)   |   -3023.21    |    6314.23    |     6310.12     |
|XM_050777627_1_PREDICTED_Macaca_...|   0.00   |    2     |    0.29 ( 2.00%)   |   -3023.21    |    6314.23    |     6310.12     |
|XM_008974180_2_PREDICTED_Pan_pan...|   0.00   |    2     |    0.25 (51.00%)   |   -3023.21    |    6314.23    |     6310.12     |
|XM_012035808_1_PREDICTED_Cercoce...|   0.00   |    2     |    0.25 ( 2.00%)   |   -3023.21    |    6314.23    |     6310.12     |
|XM_054471966_1_PREDICTED_Pongo_p...|   0.00   |    2     |    0.29 ( 2.00%)   |   -3023.21    |    6314.23    |     6310.12     |

### Rate class analyses summary
*  52 branches with **1** rate classes
*  3 branches with **2** rate classes

### Annotated Tree
((NM_001135696_1_Macaca_mulatta_angiotensin_converting_enzyme_2_ACE2_mRNA{1},XM_005593037_3_PREDICTED_Macaca_fascicularis_angiotensin_converting_enzyme_2_ACE2_mRNA{1},XM_011735203_2_PREDICTED_Macaca_nemestrina_angiotensin_I_converting_enzyme_2_ACE2_transcript_variant_X1_mRNA{1},XM_050777627_1_PREDICTED_Macaca_thibetana_thibetana_angiotensin_converting_enzyme_2_ACE2_transcript_variant_X1_mRNA{1})Node1{1},(XM_007991113_2_PREDICTED_Chlorocebus_sabaeus_angiotensin_I_converting_enzyme_2_ACE2_transcript_variant_X1_mRNA{1},(XM_011995533_1_PREDICTED_Mandrillus_leucophaeus_angiotensin_I_converting_enzyme_2_ACE2_mRNA{1},XM_012035808_1_PREDICTED_Cercocebus_atys_angiotensin_I_converting_enzyme_2_ACE2_transcript_variant_X1_mRNA{1})Node10{1})Node8{1},(((((NM_001131132_2_Pongo_abelii_angiotensin_converting_enzyme_2_ACE2_mRNA{1},XM_054471966_1_PREDICTED_Pongo_pygmaeus_angiotensin_converting_enzyme_2_ACE2_transcript_variant_X1_mRNA{1})Node17{1},(XM_019019204_1_PREDICTED_Gorilla_gorilla_gorilla_angiotensin_I_converting_enzyme_2_ACE2_mRNA{1},(NM_001371415_1_Homo_sapiens_angiotensin_converting_enzyme_2_ACE2_transcript_variant_1_mRNA{1},((XM_003261084_3_PREDICTED_Nomascus_leucogenys_angiotensin_I_converting_enzyme_2_ACE2_mRNA{1},XM_032756617_1_PREDICTED_Hylobates_moloch_angiotensin_I_converting_enzyme_2_ACE2_mRNA{1})Node25{1},(XM_016942979_2_PREDICTED_Pan_troglodytes_angiotensin_converting_enzyme_2_ACE2_transcript_variant_X1_mRNA{1},XM_008974180_2_PREDICTED_Pan_paniscus_angiotensin_I_converting_enzyme_2_ACE2_transcript_variant_X1_mRNA{1})Node28{1})Node24{1})Node22{1})Node20{1})Node16{1},((XM_008064619_1_PREDICTED_Carlito_syrichta_angiotensin_I_converting_enzyme_2_ACE2_mRNA{1},((XM_053580366_1_PREDICTED_Nycticebus_coucang_angiotensin_converting_enzyme_2_ACE2_mRNA{1},XM_003791864_2_PREDICTED_Otolemur_garnettii_angiotensin_I_converting_enzyme_2_ACE2_mRNA{2})Node35{1},(XM_012638731_1_PREDICTED_Propithecus_coquereli_angiotensin_I_converting_enzyme_2_ACE2_transcript_variant_X1_mRNA{1},(XM_020285237_1_PREDICTED_Microcebus_murinus_angiotensin_I_converting_enzyme_2_ACE2_mRNA{1},XM_045538336_1_PREDICTED_Lemur_catta_angiotensin_converting_enzyme_2_ACE2_mRNA{1})Node40{1})Node38{1})Node34{1})Node32{2},((XM_008988993_4_PREDICTED_Callithrix_jacchus_angiotensin_converting_enzyme_2_ACE2_mRNA{1},(XM_017512376_2_PREDICTED_Cebus_imitator_angiotensin_I_converting_enzyme_2_ACE2_transcript_variant_X1_mRNA{1},XM_032285963_1_PREDICTED_Sapajus_apella_angiotensin_I_converting_enzyme_2_ACE2_transcript_variant_X1_mRNA{1})Node49{1})Node47{1},XM_012434682_2_PREDICTED_Aotus_nancymaae_angiotensin_I_converting_enzyme_2_ACE2_mRNA{2},XM_010336623_2_PREDICTED_Saimiri_boliviensis_boliviensis_angiotensin_converting_enzyme_2_ACE2_transcript_variant_X1_mRNA{1})Node43{1})Node31{1})Node15{1},XM_023199053_2_PREDICTED_Piliocolobus_tephrosceles_angiotensin_I_converting_enzyme_2_ACE2_mRNA{1},(XM_010366065_2_PREDICTED_Rhinopithecus_roxellana_angiotensin_I_converting_enzyme_2_ACE2_mRNA{1},XM_017888580_1_PREDICTED_Rhinopithecus_bieti_angiotensin_I_converting_enzyme_2_ACE2_transcript_variant_X1_mRNA{1})Node54{1})Node14{1},(XM_021933040_1_PREDICTED_Papio_anubis_angiotensin_I_converting_enzyme_2_ACE2_transcript_variant_X1_mRNA{1},XM_025372062_1_PREDICTED_Theropithecus_gelada_angiotensin_I_converting_enzyme_2_ACE2_mRNA{1})Node57{1})Node13{1})

----

```
 |NM_001135696_1_Macaca_mulatta_angiotensin_converting_enzyme_2_ACE2_mRNA (1)
 |XM_005593037_3_PREDICTED_Macaca_fascicularis_angiotensin_converting_enzyme_2_ACE2_mRNA (1)
|+Node1 (1)
||XM_011735203_2_PREDICTED_Macaca_nemestrina_angiotensin_I_converting_enzyme_2_ACE2_transcript_variant_X1_mRNA (1)
||XM_050777627_1_PREDICTED_Macaca_thibetana_thibetana_angiotensin_converting_enzyme_2_ACE2_transcript_variant_X1_mRNA (1)
||XM_007991113_2_PREDICTED_Chlorocebus_sabaeus_angiotensin_I_converting_enzyme_2_ACE2_transcript_variant_X1_mRNA (1)
|+Node8 (1)
|||XM_011995533_1_PREDICTED_Mandrillus_leucophaeus_angiotensin_I_converting_enzyme_2_ACE2_mRNA (1)
||+Node10 (1)
| |XM_012035808_1_PREDICTED_Cercocebus_atys_angiotensin_I_converting_enzyme_2_ACE2_transcript_variant_X1_mRNA (1)
|    |NM_001131132_2_Pongo_abelii_angiotensin_converting_enzyme_2_ACE2_mRNA (1)
|   |+Node17 (1)
|   ||XM_054471966_1_PREDICTED_Pongo_pygmaeus_angiotensin_converting_enzyme_2_ACE2_transcript_variant_X1_mRNA (1)
|  |+Node16 (1)
|  |||XM_019019204_1_PREDICTED_Gorilla_gorilla_gorilla_angiotensin_I_converting_enzyme_2_ACE2_mRNA (1)
|  ||+Node20 (1)
|  | ||NM_001371415_1_Homo_sapiens_angiotensin_converting_enzyme_2_ACE2_transcript_variant_1_mRNA (1)
|  | |+Node22 (1)
|  |  | |XM_003261084_3_PREDICTED_Nomascus_leucogenys_angiotensin_I_converting_enzyme_2_ACE2_mRNA (1)
|  |  ||+Node25 (1)
|  |  |||XM_032756617_1_PREDICTED_Hylobates_moloch_angiotensin_I_converting_enzyme_2_ACE2_mRNA (1)
|  |  |+Node24 (1)
|  |   ||XM_016942979_2_PREDICTED_Pan_troglodytes_angiotensin_converting_enzyme_2_ACE2_transcript_variant_X1_mRNA (1)
|  |   |+Node28 (1)
|  |    |XM_008974180_2_PREDICTED_Pan_paniscus_angiotensin_I_converting_enzyme_2_ACE2_transcript_variant_X1_mRNA (1)
| |+Node15 (1)
| || |XM_008064619_1_PREDICTED_Carlito_syrichta_angiotensin_I_converting_enzyme_2_ACE2_mRNA (1)
| |||+Node32 (2)
| |||| |XM_053580366_1_PREDICTED_Nycticebus_coucang_angiotensin_converting_enzyme_2_ACE2_mRNA (1)
| |||||+Node35 (1)
| ||||||XM_003791864_2_PREDICTED_Otolemur_garnettii_angiotensin_I_converting_enzyme_2_ACE2_mRNA (2)
| ||||+Node34 (1)
| ||| ||XM_012638731_1_PREDICTED_Propithecus_coquereli_angiotensin_I_converting_enzyme_2_ACE2_transcript_variant_X1_mRNA (1)
| ||| |+Node38 (1)
| |||  ||XM_020285237_1_PREDICTED_Microcebus_murinus_angiotensin_I_converting_enzyme_2_ACE2_mRNA (1)
| |||  |+Node40 (1)
| |||   |XM_045538336_1_PREDICTED_Lemur_catta_angiotensin_converting_enzyme_2_ACE2_mRNA (1)
| ||+Node31 (1)
| | | |XM_008988993_4_PREDICTED_Callithrix_jacchus_angiotensin_converting_enzyme_2_ACE2_mRNA (1)
| | ||+Node47 (1)
| | ||||XM_017512376_2_PREDICTED_Cebus_imitator_angiotensin_I_converting_enzyme_2_ACE2_transcript_variant_X1_mRNA (1)
| | |||+Node49 (1)
| | || |XM_032285963_1_PREDICTED_Sapajus_apella_angiotensin_I_converting_enzyme_2_ACE2_transcript_variant_X1_mRNA (1)
| | |+Node43 (1)
| |  |XM_012434682_2_PREDICTED_Aotus_nancymaae_angiotensin_I_converting_enzyme_2_ACE2_mRNA (2)
| |  |XM_010336623_2_PREDICTED_Saimiri_boliviensis_boliviensis_angiotensin_converting_enzyme_2_ACE2_transcript_variant_X1_mRNA (1)
||+Node14 (1)
|||XM_023199053_2_PREDICTED_Piliocolobus_tephrosceles_angiotensin_I_converting_enzyme_2_ACE2_mRNA (1)
||||XM_010366065_2_PREDICTED_Rhinopithecus_roxellana_angiotensin_I_converting_enzyme_2_ACE2_mRNA (1)
|||+Node54 (1)
|| |XM_017888580_1_PREDICTED_Rhinopithecus_bieti_angiotensin_I_converting_enzyme_2_ACE2_transcript_variant_X1_mRNA (1)
|+Node13 (1)
 ||XM_021933040_1_PREDICTED_Papio_anubis_angiotensin_I_converting_enzyme_2_ACE2_transcript_variant_X1_mRNA (1)
 |+Node57 (1)
  |XM_025372062_1_PREDICTED_Theropithecus_gelada_angiotensin_I_converting_enzyme_2_ACE2_mRNA (1)
```


### Improving parameter estimates of the adaptive rate class model
* Log(L) = -3022.26, AIC-c =  6308.21 (130 estimated parameters)

### Testing selected branches for selection

|              Branch               |  Rates   |     Max. dN/dS     | Sites @ EBF>=100 |      Test LRT      |Uncorrected p-value |
|-----------------------------------|----------|--------------------|------------------|--------------------|--------------------|
|XM_008064619_1_PREDICTED_Carlito...|     1    |   0.41 (100.00%)   |       N/A        |        0.00        |       1.00000      |
|XM_045538336_1_PREDICTED_Lemur_c...|     1    |   0.73 (100.00%)   |       N/A        |        0.00        |       1.00000      |
|              Node35               |     1    |   0.36 (100.00%)   |       N/A        |        0.00        |       1.00000      |
|XM_003791864_2_PREDICTED_Otolemu...|     2    |   44.13 ( 2.04%)   |          2       |        4.42        |       0.04001      |
|XM_053580366_1_PREDICTED_Nyctice...|     1    |   0.68 (100.00%)   |       N/A        |        0.00        |       1.00000      |
|              Node32               |     2    |    4.72 ( 7.06%)   |          4       |        2.04        |       0.13890      |
|              Node38               |     1    |   1.62 (100.00%)   |       N/A        |        0.36        |       0.35992      |
|XM_020285237_1_PREDICTED_Microce...|     1    |   0.60 (100.00%)   |       N/A        |        0.00        |       1.00000      |
|XM_012638731_1_PREDICTED_Propith...|     1    |   0.81 (100.00%)   |       N/A        |        0.00        |       1.00000      |
|              Node43               |     1    |   1.18 (100.00%)   |       N/A        |        0.06        |       0.45385      |
|XM_008988993_4_PREDICTED_Callith...|     1    |   0.83 (100.00%)   |       N/A        |        0.00        |       1.00000      |
|              Node15               |     1    |   0.56 (100.00%)   |       N/A        |        0.00        |       1.00000      |
|XM_007991113_2_PREDICTED_Chloroc...|     1    |  >1000 (100.00%)   |       N/A        |        3.58        |       0.06183      |
|              Node40               |     1    |   1.05 (100.00%)   |       N/A        |        0.00        |       0.49262      |
|XM_012434682_2_PREDICTED_Aotus_n...|     2    |  193.64 ( 1.30%)   |          1       |        6.26        |       0.01555      |
|              Node34               |     1    |   1.39 (100.00%)   |       N/A        |        0.03        |       0.46568      |
|              Node16               |     1    |  >1000 (100.00%)   |       N/A        |        3.75        |       0.05655      |
|              Node49               |     1    |   0.07 (100.00%)   |       N/A        |        0.00        |       1.00000      |
|              Node25               |     1    |   0.37 (100.00%)   |       N/A        |        0.00        |       1.00000      |
|XM_019019204_1_PREDICTED_Gorilla...|     1    |   0.24 (100.00%)   |       N/A        |        0.00        |       1.00000      |
|              Node31               |     1    |   1.28 (100.00%)   |       N/A        |        0.03        |       0.46608      |
|              Node17               |     1    |   0.13 (100.00%)   |       N/A        |        0.00        |       1.00000      |
|NM_001371415_1_Homo_sapiens_angi...|     1    |   0.12 (100.00%)   |       N/A        |        0.00        |       1.00000      |
|XM_032756617_1_PREDICTED_Hylobat...|     1    |   0.37 (100.00%)   |       N/A        |        0.00        |       1.00000      |
|XM_023199053_2_PREDICTED_Pilioco...|     1    |   1.12 (100.00%)   |       N/A        |        0.01        |       0.48257      |
|              Node10               |     1    |  >1000 (100.00%)   |       N/A        |        2.32        |       0.11955      |
|              Node28               |     1    |   0.73 (100.00%)   |       N/A        |        0.00        |       1.00000      |
|XM_010336623_2_PREDICTED_Saimiri...|     1    |   0.74 (100.00%)   |       N/A        |        0.00        |       1.00000      |
|              Node14               |     1    |  >1000 (100.00%)   |       N/A        |        1.27        |       0.21100      |
|              Node54               |     1    |   0.37 (100.00%)   |       N/A        |        0.00        |       1.00000      |
|XM_025372062_1_PREDICTED_Theropi...|     1    |   0.37 (100.00%)   |       N/A        |        0.00        |       1.00000      |
|              Node47               |     1    |   0.38 (100.00%)   |       N/A        |        0.00        |       1.00000      |
|              Node20               |     1    |   0.35 (100.00%)   |       N/A        |        0.00        |       1.00000      |
|               Node8               |     1    |   0.17 (100.00%)   |       N/A        |        0.00        |       1.00000      |
|               Node1               |     1    |  >1000 (100.00%)   |       N/A        |        0.65        |       0.30152      |
|NM_001131132_2_Pongo_abelii_angi...|     1    |   0.00 (100.00%)   |       N/A        |        0.00        |       1.00000      |
|XM_005593037_3_PREDICTED_Macaca_...|     1    |  >1000 (100.00%)   |       N/A        |        0.64        |       0.30302      |
|              Node22               |     1    |  >1000 (100.00%)   |       N/A        |        0.62        |       0.30656      |
|              Node57               |     1    |  >1000 (100.00%)   |       N/A        |        0.64        |       0.30338      |
|XM_016942979_2_PREDICTED_Pan_tro...|     1    |   0.00 (100.00%)   |       N/A        |        0.00        |       1.00000      |
|XM_011995533_1_PREDICTED_Mandril...|     1    |  >1000 (100.00%)   |       N/A        |        0.64        |       0.30335      |
|XM_010366065_2_PREDICTED_Rhinopi...|     1    |  >1000 (100.00%)   |       N/A        |        0.62        |       0.30663      |
|XM_017888580_1_PREDICTED_Rhinopi...|     1    |   0.00 (100.00%)   |       N/A        |        0.00        |       1.00000      |
|XM_017512376_2_PREDICTED_Cebus_i...|     1    |   0.00 (100.00%)   |       N/A        |        0.00        |       1.00000      |
|              Node24               |     1    |  >1000 (100.00%)   |       N/A        |        0.61        |       0.30840      |
|XM_003261084_3_PREDICTED_Nomascu...|     1    |  >1000 (100.00%)   |       N/A        |        0.61        |       0.30810      |
|              Node13               |     1    |  >1000 (100.00%)   |       N/A        |        0.63        |       0.30517      |
|NM_001135696_1_Macaca_mulatta_an...|     1    |   0.00 (100.00%)   |       N/A        |        0.00        |       1.00000      |
|XM_021933040_1_PREDICTED_Papio_a...|     1    |   1.00 (100.00%)   |       N/A        |        0.00        |       1.00000      |
|XM_032285963_1_PREDICTED_Sapajus...|     1    |   1.00 (100.00%)   |       N/A        |        0.00        |       1.00000      |
|XM_011735203_2_PREDICTED_Macaca_...|     1    |   1.00 (100.00%)   |       N/A        |        0.00        |       1.00000      |
|XM_050777627_1_PREDICTED_Macaca_...|     1    |   1.00 (100.00%)   |       N/A        |        0.00        |       1.00000      |
|XM_008974180_2_PREDICTED_Pan_pan...|     1    |   1.00 (100.00%)   |       N/A        |        0.00        |       1.00000      |
|XM_012035808_1_PREDICTED_Cercoce...|     1    |   1.00 (100.00%)   |       N/A        |        0.00        |       1.00000      |
|XM_054471966_1_PREDICTED_Pongo_p...|     1    |   1.00 (100.00%)   |       N/A        |        0.00        |       1.00000      |
----
### Adaptive branch site random effects likelihood test 
Likelihood ratio test for episodic diversifying positive selection at Holm-Bonferroni corrected _p =   0.0500_ found **0** branches under selection among **55** tested.


### Annotated Tree
((NM_001135696_1_Macaca_mulatta_angiotensin_converting_enzyme_2_ACE2_mRNA,XM_005593037_3_PREDICTED_Macaca_fascicularis_angiotensin_converting_enzyme_2_ACE2_mRNA,XM_011735203_2_PREDICTED_Macaca_nemestrina_angiotensin_I_converting_enzyme_2_ACE2_transcript_variant_X1_mRNA,XM_050777627_1_PREDICTED_Macaca_thibetana_thibetana_angiotensin_converting_enzyme_2_ACE2_transcript_variant_X1_mRNA)Node1,(XM_007991113_2_PREDICTED_Chlorocebus_sabaeus_angiotensin_I_converting_enzyme_2_ACE2_transcript_variant_X1_mRNA,(XM_011995533_1_PREDICTED_Mandrillus_leucophaeus_angiotensin_I_converting_enzyme_2_ACE2_mRNA,XM_012035808_1_PREDICTED_Cercocebus_atys_angiotensin_I_converting_enzyme_2_ACE2_transcript_variant_X1_mRNA)Node10)Node8,(((((NM_001131132_2_Pongo_abelii_angiotensin_converting_enzyme_2_ACE2_mRNA,XM_054471966_1_PREDICTED_Pongo_pygmaeus_angiotensin_converting_enzyme_2_ACE2_transcript_variant_X1_mRNA)Node17,(XM_019019204_1_PREDICTED_Gorilla_gorilla_gorilla_angiotensin_I_converting_enzyme_2_ACE2_mRNA,(NM_001371415_1_Homo_sapiens_angiotensin_converting_enzyme_2_ACE2_transcript_variant_1_mRNA,((XM_003261084_3_PREDICTED_Nomascus_leucogenys_angiotensin_I_converting_enzyme_2_ACE2_mRNA,XM_032756617_1_PREDICTED_Hylobates_moloch_angiotensin_I_converting_enzyme_2_ACE2_mRNA)Node25,(XM_016942979_2_PREDICTED_Pan_troglodytes_angiotensin_converting_enzyme_2_ACE2_transcript_variant_X1_mRNA,XM_008974180_2_PREDICTED_Pan_paniscus_angiotensin_I_converting_enzyme_2_ACE2_transcript_variant_X1_mRNA)Node28)Node24)Node22)Node20)Node16,((XM_008064619_1_PREDICTED_Carlito_syrichta_angiotensin_I_converting_enzyme_2_ACE2_mRNA,((XM_053580366_1_PREDICTED_Nycticebus_coucang_angiotensin_converting_enzyme_2_ACE2_mRNA,XM_003791864_2_PREDICTED_Otolemur_garnettii_angiotensin_I_converting_enzyme_2_ACE2_mRNA)Node35,(XM_012638731_1_PREDICTED_Propithecus_coquereli_angiotensin_I_converting_enzyme_2_ACE2_transcript_variant_X1_mRNA,(XM_020285237_1_PREDICTED_Microcebus_murinus_angiotensin_I_converting_enzyme_2_ACE2_mRNA,XM_045538336_1_PREDICTED_Lemur_catta_angiotensin_converting_enzyme_2_ACE2_mRNA)Node40)Node38)Node34)Node32,((XM_008988993_4_PREDICTED_Callithrix_jacchus_angiotensin_converting_enzyme_2_ACE2_mRNA,(XM_017512376_2_PREDICTED_Cebus_imitator_angiotensin_I_converting_enzyme_2_ACE2_transcript_variant_X1_mRNA,XM_032285963_1_PREDICTED_Sapajus_apella_angiotensin_I_converting_enzyme_2_ACE2_transcript_variant_X1_mRNA)Node49)Node47,XM_012434682_2_PREDICTED_Aotus_nancymaae_angiotensin_I_converting_enzyme_2_ACE2_mRNA,XM_010336623_2_PREDICTED_Saimiri_boliviensis_boliviensis_angiotensin_converting_enzyme_2_ACE2_transcript_variant_X1_mRNA)Node43)Node31)Node15,XM_023199053_2_PREDICTED_Piliocolobus_tephrosceles_angiotensin_I_converting_enzyme_2_ACE2_mRNA,(XM_010366065_2_PREDICTED_Rhinopithecus_roxellana_angiotensin_I_converting_enzyme_2_ACE2_mRNA,XM_017888580_1_PREDICTED_Rhinopithecus_bieti_angiotensin_I_converting_enzyme_2_ACE2_transcript_variant_X1_mRNA)Node54)Node14,(XM_021933040_1_PREDICTED_Papio_anubis_angiotensin_I_converting_enzyme_2_ACE2_transcript_variant_X1_mRNA,XM_025372062_1_PREDICTED_Theropithecus_gelada_angiotensin_I_converting_enzyme_2_ACE2_mRNA)Node57)Node13)

----

```
 |NM_001135696_1_Macaca_mulatta_angiotensin_converting_enzyme_2_ACE2_mRNA (N.S)
 |XM_005593037_3_PREDICTED_Macaca_fascicularis_angiotensin_converting_enzyme_2_ACE2_mRNA (N.S)
|+Node1 (N.S)
||XM_011735203_2_PREDICTED_Macaca_nemestrina_angiotensin_I_converting_enzyme_2_ACE2_transcript_variant_X1_mRNA (N.S)
||XM_050777627_1_PREDICTED_Macaca_thibetana_thibetana_angiotensin_converting_enzyme_2_ACE2_transcript_variant_X1_mRNA (N.S)
||XM_007991113_2_PREDICTED_Chlorocebus_sabaeus_angiotensin_I_converting_enzyme_2_ACE2_transcript_variant_X1_mRNA (N.S)
|+Node8 (N.S)
|||XM_011995533_1_PREDICTED_Mandrillus_leucophaeus_angiotensin_I_converting_enzyme_2_ACE2_mRNA (N.S)
||+Node10 (N.S)
| |XM_012035808_1_PREDICTED_Cercocebus_atys_angiotensin_I_converting_enzyme_2_ACE2_transcript_variant_X1_mRNA (N.S)
|    |NM_001131132_2_Pongo_abelii_angiotensin_converting_enzyme_2_ACE2_mRNA (N.S)
|   |+Node17 (N.S)
|   ||XM_054471966_1_PREDICTED_Pongo_pygmaeus_angiotensin_converting_enzyme_2_ACE2_transcript_variant_X1_mRNA (N.S)
|  |+Node16 (N.S)
|  |||XM_019019204_1_PREDICTED_Gorilla_gorilla_gorilla_angiotensin_I_converting_enzyme_2_ACE2_mRNA (N.S)
|  ||+Node20 (N.S)
|  | ||NM_001371415_1_Homo_sapiens_angiotensin_converting_enzyme_2_ACE2_transcript_variant_1_mRNA (N.S)
|  | |+Node22 (N.S)
|  |  | |XM_003261084_3_PREDICTED_Nomascus_leucogenys_angiotensin_I_converting_enzyme_2_ACE2_mRNA (N.S)
|  |  ||+Node25 (N.S)
|  |  |||XM_032756617_1_PREDICTED_Hylobates_moloch_angiotensin_I_converting_enzyme_2_ACE2_mRNA (N.S)
|  |  |+Node24 (N.S)
|  |   ||XM_016942979_2_PREDICTED_Pan_troglodytes_angiotensin_converting_enzyme_2_ACE2_transcript_variant_X1_mRNA (N.S)
|  |   |+Node28 (N.S)
|  |    |XM_008974180_2_PREDICTED_Pan_paniscus_angiotensin_I_converting_enzyme_2_ACE2_transcript_variant_X1_mRNA (N.S)
| |+Node15 (N.S)
| || |XM_008064619_1_PREDICTED_Carlito_syrichta_angiotensin_I_converting_enzyme_2_ACE2_mRNA (N.S)
| |||+Node32 (N.S)
| |||| |XM_053580366_1_PREDICTED_Nycticebus_coucang_angiotensin_converting_enzyme_2_ACE2_mRNA (N.S)
| |||||+Node35 (N.S)
| ||||||XM_003791864_2_PREDICTED_Otolemur_garnettii_angiotensin_I_converting_enzyme_2_ACE2_mRNA (N.S)
| ||||+Node34 (N.S)
| ||| ||XM_012638731_1_PREDICTED_Propithecus_coquereli_angiotensin_I_converting_enzyme_2_ACE2_transcript_variant_X1_mRNA (N.S)
| ||| |+Node38 (N.S)
| |||  ||XM_020285237_1_PREDICTED_Microcebus_murinus_angiotensin_I_converting_enzyme_2_ACE2_mRNA (N.S)
| |||  |+Node40 (N.S)
| |||   |XM_045538336_1_PREDICTED_Lemur_catta_angiotensin_converting_enzyme_2_ACE2_mRNA (N.S)
| ||+Node31 (N.S)
| | | |XM_008988993_4_PREDICTED_Callithrix_jacchus_angiotensin_converting_enzyme_2_ACE2_mRNA (N.S)
| | ||+Node47 (N.S)
| | ||||XM_017512376_2_PREDICTED_Cebus_imitator_angiotensin_I_converting_enzyme_2_ACE2_transcript_variant_X1_mRNA (N.S)
| | |||+Node49 (N.S)
| | || |XM_032285963_1_PREDICTED_Sapajus_apella_angiotensin_I_converting_enzyme_2_ACE2_transcript_variant_X1_mRNA (N.S)
| | |+Node43 (N.S)
| |  |XM_012434682_2_PREDICTED_Aotus_nancymaae_angiotensin_I_converting_enzyme_2_ACE2_mRNA (N.S)
| |  |XM_010336623_2_PREDICTED_Saimiri_boliviensis_boliviensis_angiotensin_converting_enzyme_2_ACE2_transcript_variant_X1_mRNA (N.S)
||+Node14 (N.S)
|||XM_023199053_2_PREDICTED_Piliocolobus_tephrosceles_angiotensin_I_converting_enzyme_2_ACE2_mRNA (N.S)
||||XM_010366065_2_PREDICTED_Rhinopithecus_roxellana_angiotensin_I_converting_enzyme_2_ACE2_mRNA (N.S)
|||+Node54 (N.S)
|| |XM_017888580_1_PREDICTED_Rhinopithecus_bieti_angiotensin_I_converting_enzyme_2_ACE2_transcript_variant_X1_mRNA (N.S)
|+Node13 (N.S)
 ||XM_021933040_1_PREDICTED_Papio_anubis_angiotensin_I_converting_enzyme_2_ACE2_transcript_variant_X1_mRNA (N.S)
 |+Node57 (N.S)
  |XM_025372062_1_PREDICTED_Theropithecus_gelada_angiotensin_I_converting_enzyme_2_ACE2_mRNA (N.S)
```



