multiple-files: No

Analysis Description
--------------------
RELAX (a random effects test of selection relaxation) uses a random
effects branch-site model framework to test whether a set of 'Test'
for convergence diagnostics. Version 4.5 adds support for multiple
datasets for joint testing. Version 4.6 adds support for branch- and
site-level evidence ratio calculation.
branches evolves under relaxed selection relative to a set of
'Reference' branches (R), as measured by the relaxation parameter (K).
Version 2.1 adds a check for stability in K estimates to try to mitigate
convergence problems. Version 3 provides support for >2 branch sets.
Version 3.1 adds LHC + Nedler-Mead initial fit phase and keyword
support. Version 3.1.1 adds some bug fixes for better convergence.
Version 4.0 adds support for synonymous rate variation. Version 4.1 adds
further support for multiple hit models. Version 4.1.1 adds reporting

- __Requirements__: in-frame codon alignment and a phylogenetic tree, with at least two
groups of branches defined using the {} notation (one group can be
defined as all unlabeled branches)

- __Citation__: RELAX: Detecting Relaxed Selection in a Phylogenetic Framework (2015).
Mol Biol Evol 32 (3): 820-832

- __Written by__: Sergei L Kosakovsky Pond, Ben Murrell, Steven Weaver and Temple iGEM /
UCSD viral evolution g

- __Contact Information__: spond@temple.edu

- __Analysis Version__: 4.5


>code => Universal

-------
>[WARNING]
'/Users/alex/Documents/AOC-dev/results/Primate_REM2/Primate_REM2.4.codon.fas'
contains 19 duplicate sequences. Identical sequences do not contribute
any information to the analysis and only slow down computation. Please
consider removing duplicate or 'nearly' duplicate sequences, e.g. using
https://github.com/veg/hyphy-analyses/tree/master/remove-duplicates
prior to running selection analyses
-------
/Users/alex/Documents/AOC-dev/results/Primate_REM2/Primate_REM2.4.codon.fas.FastTree.treefile.labelled
results/Primate_REM2/Primate_REM2.4.codon.fas.FastTree.treefile.labelled

>Loaded a multiple sequence alignment with **35** sequences, **49** codons, and **1** partitions from `/Users/alex/Documents/AOC-dev/results/Primate_REM2/Primate_REM2.4.codon.fas`

>mode => Group mode
The number of points in the initial distributional guess for likelihood fitting (permissible range = [1,10000], default value = 250, integer): 
>grid-size => 250
The number of initial random guesses to 'seed' rate values optimization (permissible range = [1,25], default value = 1, integer): 
>starting-points => 25


### Branch sets for RELAX analysis

>multiple-hits => None

* Selected 36 branches as the _Haplorrhini_ set: `NM_173527_3_Homo_sapiens_RRAD_and_GEM_like_GTPase_2_REM2_mRNA, Node1, Node11, Node18, Node2, Node42, Node6, Node9, XM_001100692_4_PREDICTED_Macaca_mulatta_RRAD_and_GEM_like_GTPase_2_REM2_mRNA, XM_002824566_5_PREDICTED_Pongo_abelii_RRAD_and_GEM_like_GTPase_2_REM2_mRNA, XM_003260595_2_PREDICTED_Nomascus_leucogenys_RRAD_and_GEM_like_GTPase_2_REM2_mRNA, XM_003901565_5_PREDICTED_Papio_anubis_RRAD_and_GEM_like_GTPase_2_REM2_mRNA, XM_003924335_4_PREDICTED_Saimiri_boliviensis_RRAD_and_GEM_like_GTPase_2_REM2_transcript_variant_X1_mRNA, XM_005560816_4_PREDICTED_Macaca_fascicularis_RRAD_and_GEM_like_GTPase_2_REM2_transcript_variant_X1_mRNA, XM_007990787_3_PREDICTED_Chlorocebus_sabaeus_RRAD_and_GEM_like_GTPase_2_REM2_mRNA, XM_008065271_2_PREDICTED_Carlito_syrichta_RRAD_and_GEM_like_GTPase_2_REM2_mRNA, XM_008960213_4_PREDICTED_Pan_paniscus_RRAD_and_GEM_like_GTPase_2_REM2_transcript_variant_X1_mRNA, XM_009427474_5_PREDICTED_Pan_troglodytes_RRAD_and_GEM_like_GTPase_2_REM2_transcript_variant_X1_mRNA, XM_010378358_2_PREDICTED_Rhinopithecus_roxellana_RRAD_and_GEM_like_GTPase_2_REM2_mRNA, XM_011772352_3_PREDICTED_Macaca_nemestrina_RRAD_and_GEM_like_GTPase_2_LOC105499627_mRNA, XM_011930962_1_PREDICTED_Colobus_angolensis_palliatus_RAS_RAD_and_GEM_like_GTP_binding_2_REM2_mRNA, XM_011990630_1_PREDICTED_Mandrillus_leucophaeus_RAS_RAD_and_GEM_like_GTP_binding_2_REM2_mRNA, XM_012088533_1_PREDICTED_Cercocebus_atys_RAS_RAD_and_GEM_like_GTP_binding_2_REM2_mRNA, XM_017544499_2_PREDICTED_Cebus_imitator_RRAD_and_GEM_like_GTPase_2_REM2_transcript_variant_X1_mRNA, XM_017864286_1_PREDICTED_Rhinopithecus_bieti_RRAD_and_GEM_like_GTPase_2_REM2_mRNA, XM_023230440_1_PREDICTED_Piliocolobus_tephrosceles_RRAD_and_GEM_like_GTPase_2_REM2_transcript_variant_X1_mRNA, XM_025392475_1_PREDICTED_Theropithecus_gelada_RRAD_and_GEM_like_GTPase_2_REM2_mRNA, XM_032179928_2_PREDICTED_Hylobates_moloch_RRAD_and_GEM_like_GTPase_2_REM2_mRNA, XM_032265550_1_PREDICTED_Sapajus_apella_RRAD_and_GEM_like_GTPase_2_REM2_transcript_variant_X1_mRNA, XM_033188604_1_PREDICTED_Trachypithecus_francoisi_RRAD_and_GEM_like_GTPase_2_REM2_mRNA, XM_035260095_2_PREDICTED_Callithrix_jacchus_RRAD_and_GEM_like_GTPase_2_REM2_transcript_variant_X1_mRNA, XM_050796554_1_PREDICTED_Macaca_thibetana_thibetana_RRAD_and_GEM_like_GTPase_2_REM2_mRNA, XM_054448863_2_PREDICTED_Pongo_pygmaeus_RRAD_and_GEM_like_GTPase_2_REM2_mRNA, XM_055291876_2_PREDICTED_Symphalangus_syndactylus_RRAD_and_GEM_like_GTPase_2_REM2_mRNA, XM_055362376_2_PREDICTED_Gorilla_gorilla_gorilla_RRAD_and_GEM_like_GTPase_2_REM2_transcript_variant_X1_mRNA, XM_064374774_1_PREDICTED_Aotus_nancymaae_RRAD_and_GEM_like_GTPase_2_REM2_mRNA`

* Selected 8 branches as the _Strepsirrhini_ set: `Node35, Node39, XM_003801909_3_PREDICTED_Otolemur_garnettii_RRAD_and_GEM_like_GTPase_2_REM2_mRNA, XM_012649447_1_PREDICTED_Propithecus_coquereli_RAS_RAD_and_GEM_like_GTP_binding_2_REM2_mRNA, XM_012752689_1_PREDICTED_Microcebus_murinus_RRAD_and_GEM_like_GTPase_2_REM2_transcript_variant_X1_mRNA, XM_045525960_1_PREDICTED_Lemur_catta_RRAD_and_GEM_like_GTPase_2_REM2_transcript_variant_X1_mRNA, XM_053595668_1_PREDICTED_Nycticebus_coucang_RRAD_and_GEM_like_GTPase_2_REM2_transcript_variant_X1_mRNA, XM_069463304_1_PREDICTED_Eulemur_rufifrons_RRAD_and_GEM_like_GTPase_2_REM2_mRNA`

>reference-group => Haplorrhini
* 8 branches are in the unclassified (nuisance) set: `Node17, Node32, Node33, Node34, Node38, Node45, Node46, Node48`
The number omega rate classes to include in the model (permissible range = [2,10], default value = 3, integer): 
>rates => 3

>models => All

>srv => Yes
The number omega rate classes to include in the model (permissible range = [1,10], default value = 3, integer): 
>syn-rates => 3


### Obtaining branch lengths and nucleotide substitution biases under the nucleotide GTR model

>kill-zero-lengths => Yes

### Deleted 11 zero-length internal branches: `Node17, Node18, Node2, Node32, Node33, Node38, Node39, Node42, Node48, Node6, Node9`
* Log(L) =  -553.24, AIC-c =  1227.92 (60 estimated parameters)
* 1 partition. Total tree length by partition (subs/site) 58.096

### Obtaining the global omega estimate based on relative GTR branch lengths and nucleotide substitution biases
* Log(L) =  -570.47, AIC-c =  1261.08 (58 estimated parameters)
* 1 partition. Total tree length by partition (subs/site) 90.149
* non-synonymous/synonymous rate ratio for *Haplorrhini* =   0.1146
* non-synonymous/synonymous rate ratio for *Strepsirrhini* =   0.0585
* non-synonymous/synonymous rate ratio for *Unclassified* =   0.0000

### Improving branch lengths, nucleotide substitution biases, and global dN/dS ratios under a full codon model
* Log(L) =  -565.56, AIC-c =  1251.26 (58 estimated parameters)
* 1 partition. Total tree length by partition (subs/site) 40.482
* non-synonymous/synonymous rate ratio for *Haplorrhini* =   0.0383
* non-synonymous/synonymous rate ratio for *Strepsirrhini* =   0.0571
* non-synonymous/synonymous rate ratio for *Unclassified* =   0.0000

### Fitting the general descriptive (separate k per branch) model

### * Log(L) =  -559.07, AIC-c =  1332.91 (101 estimated parameters)
* The following baseline rate distribution for branch-site combinations was inferred

|          Selection mode           |     dN/dS     |Proportion, %|               Notes               |
|-----------------------------------|---------------|-------------|-----------------------------------|
|        Negative selection         |     0.028     |   11.600    |                                   |
|        Negative selection         |     0.079     |   87.534    |                                   |
|      Diversifying selection       |    107.209    |    0.865    |                                   |

* Branch-level relaxation or intensification parameter distribution has mean  7.83, median  0.84, and 95% of the weight in  0.70 - 45.30

### Fitting the alternative model with individual K parameters for 2 branch groups
* Log(L) =  -564.46, AIC-c =  1277.14 (71 estimated parameters)
* The following rate distribution was inferred for **Haplorrhini** (reference) branches

|          Selection mode           |     dN/dS     |Proportion, %|               Notes               |
|-----------------------------------|---------------|-------------|-----------------------------------|
|        Negative selection         |     0.001     |   31.833    |                                   |
|        Negative selection         |     0.008     |   66.822    |                                   |
|      Diversifying selection       |    195.448    |    1.346    |                                   |

* Relaxation/intensification parameter (K) for branch set Strepsirrhini =     3.35
* The following rate distribution was inferred for **Strepsirrhini** branches

|          Selection mode           |     dN/dS     |Proportion, %|               Notes               |
|-----------------------------------|---------------|-------------|-----------------------------------|
|        Negative selection         |     0.000     |   31.833    |                                   |
|        Negative selection         |     0.000     |   66.822    |                                   |
|      Diversifying selection       |48343983.165...|    1.346    |                                   |

* The following rate distribution for site-to-site **synonymous** rate variation was inferred

|               Rate                | Proportion, % |               Notes               |
|-----------------------------------|---------------|-----------------------------------|
|               1.000               |    41.604     |                                   |
|               1.000               |    34.853     |       Collapsed rate class        |
|               1.000               |    23.543     |       Collapsed rate class        |


### Fitting the null (K := 1) model
* Log(L) =  -560.48, AIC-c =  1267.01 (70 estimated parameters)
* The following rate distribution was inferred for **Haplorrhini** (reference) branches

|          Selection mode           |     dN/dS     |Proportion, %|               Notes               |
|-----------------------------------|---------------|-------------|-----------------------------------|
|        Negative selection         |     0.001     |   32.073    |                                   |
|        Negative selection         |     0.006     |   66.929    |                                   |
|      Diversifying selection       |    469.749    |    0.998    |                                   |

* The following rate distribution for site-to-site **synonymous** rate variation was inferred

|               Rate                | Proportion, % |               Notes               |
|-----------------------------------|---------------|-----------------------------------|
|               1.000               |    25.307     |                                   |
|               1.000               |    25.216     |       Collapsed rate class        |
|               1.000               |    49.477     |       Collapsed rate class        |

----
## Test for relaxation (or intensification) of selection [RELAX]
Likelihood ratio test **p =   1.0000**.
>>No significant evidence for differences of selective pressures among the test groups at P<=0.05
----


### * Detected convergence issues (negative LRT). Refitting the alterative/null model pair from a new starting point
* Log(L) =  -560.36, AIC-c =  1268.94 (71 estimated parameters)
* The following rate distribution was inferred for **Haplorrhini** (reference) branches

|          Selection mode           |     dN/dS     |Proportion, %|               Notes               |
|-----------------------------------|---------------|-------------|-----------------------------------|
|        Negative selection         |     0.001     |   32.973    |                                   |
|        Negative selection         |     0.006     |   66.040    |                                   |
|      Diversifying selection       |    406.134    |    0.987    |                                   |

* Relaxation/intensification parameter (K) for branch set Strepsirrhini =     1.41
* The following rate distribution was inferred for **Strepsirrhini** branches

|          Selection mode           |     dN/dS     |Proportion, %|               Notes               |
|-----------------------------------|---------------|-------------|-----------------------------------|
|        Negative selection         |     0.000     |   32.973    |                                   |
|        Negative selection         |     0.001     |   66.040    |                                   |
|      Diversifying selection       |   4805.030    |    0.987    |                                   |

* The following rate distribution for site-to-site **synonymous** rate variation was inferred

|               Rate                | Proportion, % |               Notes               |
|-----------------------------------|---------------|-----------------------------------|
|               1.000               |    41.958     |                                   |
|               1.000               |    25.287     |       Collapsed rate class        |
|               1.000               |    32.755     |       Collapsed rate class        |

Fitting the null (K := 1) model
* Log(L) =  -560.48, AIC-c =  1267.02 (70 estimated parameters)
* The following rate distribution was inferred for **Haplorrhini** (reference) branches

|          Selection mode           |     dN/dS     |Proportion, %|               Notes               |
|-----------------------------------|---------------|-------------|-----------------------------------|
|        Negative selection         |     0.001     |   32.830    |                                   |
|        Negative selection         |     0.006     |   66.183    |                                   |
|      Diversifying selection       |    413.888    |    0.987    |                                   |

* The following rate distribution for site-to-site **synonymous** rate variation was inferred

|               Rate                | Proportion, % |               Notes               |
|-----------------------------------|---------------|-----------------------------------|
|               1.000               |    11.151     |                                   |
|               1.000               |    20.181     |       Collapsed rate class        |
|               1.000               |    68.668     |       Collapsed rate class        |

----
## Test for relaxation (or intensification) of selection [RELAX]
Likelihood ratio test **p =   0.6166**.
>>No significant evidence for differences of selective pressures among the test groups at P<=0.05
----


### Fitting the partitioned descriptive model (completely separate rate distributions for branch sets)
* Log(L) =  -559.94, AIC-c =  1276.83 (75 estimated parameters)
* The following rate distribution was inferred for **Haplorrhini** (reference) branches

|          Selection mode           |     dN/dS     |Proportion, %|               Notes               |
|-----------------------------------|---------------|-------------|-----------------------------------|
|        Negative selection         |     0.001     |   38.927    |                                   |
|        Negative selection         |     0.010     |   60.148    |                                   |
|      Diversifying selection       |    649.455    |    0.924    |                                   |

* The following rate distribution was inferred for **Strepsirrhini** branches

|          Selection mode           |     dN/dS     |Proportion, %|               Notes               |
|-----------------------------------|---------------|-------------|-----------------------------------|
|        Negative selection         |     0.000     |   57.732    |                                   |
|        Negative selection         |     0.000     |   41.114    |       Collapsed rate class        |
|      Diversifying selection       |    550.615    |    1.154    |                                   |

