FastTree Version 2.1.11 Double precision (No SSE3), OpenMP (1 threads)
Alignment: results/Primate_ACE2/Primate_ACE2.4.codon.fas
Nucleotide distances: Jukes-Cantor Joins: balanced Support: SH-like 1000
Search: Normal +NNI +SPR (2 rounds range 10) +ML-NNI opt-each=1
TopHits: 1.00*sqrtN close=default refresh=0.80
ML Model: Generalized Time-Reversible, CAT approximation with 20 rate categories
Initial topology in 0.00 seconds
Refining topology: 20 rounds ME-NNIs, 2 rounds ME-SPRs, 10 rounds ML-NNIs
Total branch-length 0.762 after 0.04 sec
ML-NNI round 1: LogLk = -3191.359 NNIs 6 max delta 3.77 Time 0.07
      0.10 seconds: Optimizing GTR model, step 10 of 12
GTR Frequencies: 0.2949 0.2005 0.2276 0.2770
GTR rates(ac ag at cg ct gt) 1.8923 5.3173 1.0519 3.1318 5.5325 1.0000
Switched to using 20 rate categories (CAT approximation)
Rate categories were divided by 0.698 so that average rate = 1.0
CAT-based log-likelihoods may not be comparable across runs
Use -gamma for approximate but comparable Gamma(20) log-likelihoods
ML-NNI round 2: LogLk = -2975.226 NNIs 2 max delta 1.66 Time 0.16
ML-NNI round 3: LogLk = -2975.225 NNIs 0 max delta 0.00 Time 0.18
Turning off heuristics for final round of ML NNIs (converged)
ML-NNI round 4: LogLk = -2975.224 NNIs 0 max delta 0.00 Time 0.21 (final)
      0.21 seconds: ML Lengths 1 of 28 splits
Optimize all lengths: LogLk = -2975.224 Time 0.22
Total time: 0.28 seconds Unique: 30/31 Bad splits: 0/27
