FastTree Version 2.1.11 Double precision (No SSE3), OpenMP (1 threads)
Alignment: results/Primate_ACE2/Primate_ACE2.3.codon.fas
Nucleotide distances: Jukes-Cantor Joins: balanced Support: SH-like 1000
Search: Normal +NNI +SPR (2 rounds range 10) +ML-NNI opt-each=1
TopHits: 1.00*sqrtN close=default refresh=0.80
ML Model: Generalized Time-Reversible, CAT approximation with 20 rate categories
Initial topology in 0.00 seconds
Refining topology: 17 rounds ME-NNIs, 2 rounds ME-SPRs, 8 rounds ML-NNIs
Total branch-length 1.324 after 0.00 sec
ML-NNI round 1: LogLk = -541.151 NNIs 2 max delta 0.00 Time 0.01
GTR Frequencies: 0.3311 0.1733 0.2257 0.2700
GTR rates(ac ag at cg ct gt) 5.0757 4.7784 1.7099 2.5452 4.3454 1.0000
Switched to using 20 rate categories (CAT approximation)
Rate categories were divided by 0.687 so that average rate = 1.0
CAT-based log-likelihoods may not be comparable across runs
Use -gamma for approximate but comparable Gamma(20) log-likelihoods
ML-NNI round 2: LogLk = -504.649 NNIs 3 max delta 0.11 Time 0.02
ML-NNI round 3: LogLk = -504.649 NNIs 1 max delta 0.00 Time 0.02
Turning off heuristics for final round of ML NNIs (converged)
ML-NNI round 4: LogLk = -504.649 NNIs 1 max delta 0.00 Time 0.02 (final)
Optimize all lengths: LogLk = -504.649 Time 0.03
Total time: 0.03 seconds Unique: 19/31 Bad splits: 0/16
