IQ-TREE version 3.0.1 for MacOS ARM 64-bit built Jul  9 2025
Developed by Bui Quang Minh, Thomas Wong, Nhan Ly-Trong, Huaiyan Ren
Contributed by Lam-Tung Nguyen, Dominik Schrempf, Chris Bielow,
Olga Chernomor, Michael Woodhams, Diep Thi Hoang, Heiko Schmidt

Host:    Alexs-MacBook-Pro-2.local (SSE4.2, 16 GB RAM)
Command: iqtree -s results/Primate_REM2/Primate_REM2.RD.SA.codons.cln.fa -T AUTO -B 1000 --redo-tree
Seed:    176492 (Using SPRNG - Scalable Parallel Random Number Generator)
Time:    Fri Dec 26 13:23:03 2025
Kernel:  SSE2 - auto-detect threads (10 CPU cores detected)

Reading alignment file results/Primate_REM2/Primate_REM2.RD.SA.codons.cln.fa ... Fasta format detected
Reading fasta file: done in 0.000727892 secs using 63.61% CPU
Alignment most likely contains DNA/RNA sequences
Constructing alignment: done in 0.000603914 secs using 64.41% CPU
WARNING: 3 sites contain only gaps or ambiguous characters.
Alignment has 35 sequences with 1290 columns, 330 distinct patterns
200 parsimony-informative, 364 singleton sites, 726 constant sites
                                                                                                               Gap/Ambiguity  Composition  p-value
Analyzing sequences: done in 2.59876e-05 secs using 53.87% CPU
   1  NM_173527_3_Homo_sapiens_RRAD_and_GEM_like_GTPase_2_REM2_mRNA                                                   20.93%    passed     98.65%
   2  XM_009427474_5_PREDICTED_Pan_troglodytes_RRAD_and_GEM_like_GTPase_2_REM2_transcript_variant_X1_mRNA             20.70%    passed     99.05%
   3  XM_055362376_2_PREDICTED_Gorilla_gorilla_gorilla_RRAD_and_GEM_like_GTPase_2_REM2_transcript_variant_X1_mRNA     20.70%    passed     97.80%
   4  XM_008960213_4_PREDICTED_Pan_paniscus_RRAD_and_GEM_like_GTPase_2_REM2_transcript_variant_X1_mRNA                10.23%    passed     49.70%
   5  XM_050796554_1_PREDICTED_Macaca_thibetana_thibetana_RRAD_and_GEM_like_GTPase_2_REM2_mRNA                        20.93%    passed     99.77%
   6  XM_001100692_4_PREDICTED_Macaca_mulatta_RRAD_and_GEM_like_GTPase_2_REM2_mRNA                                    20.93%    passed     99.97%
   7  XM_003901565_5_PREDICTED_Papio_anubis_RRAD_and_GEM_like_GTPase_2_REM2_mRNA                                      20.93%    passed     99.39%
   8  XM_005560816_4_PREDICTED_Macaca_fascicularis_RRAD_and_GEM_like_GTPase_2_REM2_transcript_variant_X1_mRNA         20.93%    passed     98.62%
   9  XM_011772352_3_PREDICTED_Macaca_nemestrina_RRAD_and_GEM_like_GTPase_2_LOC105499627_mRNA                         20.93%    passed     99.79%
  10  XM_011990630_1_PREDICTED_Mandrillus_leucophaeus_RAS_RAD_and_GEM_like_GTP_binding_2_REM2_mRNA                    20.93%    passed     98.62%
  11  XM_025392475_1_PREDICTED_Theropithecus_gelada_RRAD_and_GEM_like_GTPase_2_REM2_mRNA                              20.93%    passed     98.62%
  12  XM_012088533_1_PREDICTED_Cercocebus_atys_RAS_RAD_and_GEM_like_GTP_binding_2_REM2_mRNA                           20.93%    passed     98.62%
  13  XM_010378358_2_PREDICTED_Rhinopithecus_roxellana_RRAD_and_GEM_like_GTPase_2_REM2_mRNA                           20.93%    passed     99.14%
  14  XM_017864286_1_PREDICTED_Rhinopithecus_bieti_RRAD_and_GEM_like_GTPase_2_REM2_mRNA                               20.93%    passed     98.50%
  15  XM_033188604_1_PREDICTED_Trachypithecus_francoisi_RRAD_and_GEM_like_GTPase_2_REM2_mRNA                          20.93%    passed     98.77%
  16  XM_007990787_3_PREDICTED_Chlorocebus_sabaeus_RRAD_and_GEM_like_GTPase_2_REM2_mRNA                               20.93%    passed     99.96%
  17  XM_002824566_5_PREDICTED_Pongo_abelii_RRAD_and_GEM_like_GTPase_2_REM2_mRNA                                      20.93%    passed     98.70%
  18  XM_054448863_2_PREDICTED_Pongo_pygmaeus_RRAD_and_GEM_like_GTPase_2_REM2_mRNA                                    20.93%    passed     98.58%
  19  XM_003260595_2_PREDICTED_Nomascus_leucogenys_RRAD_and_GEM_like_GTPase_2_REM2_mRNA                               20.93%    passed     97.11%
  20  XM_055291876_2_PREDICTED_Symphalangus_syndactylus_RRAD_and_GEM_like_GTPase_2_REM2_mRNA                          20.93%    passed     99.34%
  21  XM_032179928_2_PREDICTED_Hylobates_moloch_RRAD_and_GEM_like_GTPase_2_REM2_mRNA                                  20.93%    passed     98.68%
  22  XM_035260095_2_PREDICTED_Callithrix_jacchus_RRAD_and_GEM_like_GTPase_2_REM2_transcript_variant_X1_mRNA          20.93%    passed     84.21%
  23  XM_064374774_1_PREDICTED_Aotus_nancymaae_RRAD_and_GEM_like_GTPase_2_REM2_mRNA                                   20.93%    passed     99.90%
  24  XM_032265550_1_PREDICTED_Sapajus_apella_RRAD_and_GEM_like_GTPase_2_REM2_transcript_variant_X1_mRNA              20.93%    passed     99.51%
  25  XM_017544499_2_PREDICTED_Cebus_imitator_RRAD_and_GEM_like_GTPase_2_REM2_transcript_variant_X1_mRNA              20.93%    passed     99.04%
  26  XM_003924335_4_PREDICTED_Saimiri_boliviensis_RRAD_and_GEM_like_GTPase_2_REM2_transcript_variant_X1_mRNA         20.93%    passed     99.89%
  27  XM_023230440_1_PREDICTED_Piliocolobus_tephrosceles_RRAD_and_GEM_like_GTPase_2_REM2_transcript_variant_X1_mRNA   13.49%    failed      1.34%
  28  XM_003801909_3_PREDICTED_Otolemur_garnettii_RRAD_and_GEM_like_GTPase_2_REM2_mRNA                                20.93%    passed     74.32%
  29  XM_053595668_1_PREDICTED_Nycticebus_coucang_RRAD_and_GEM_like_GTPase_2_REM2_transcript_variant_X1_mRNA          20.93%    passed     75.67%
  30  XM_012649447_1_PREDICTED_Propithecus_coquereli_RAS_RAD_and_GEM_like_GTP_binding_2_REM2_mRNA                     20.93%    passed     84.46%
  31  XM_012752689_1_PREDICTED_Microcebus_murinus_RRAD_and_GEM_like_GTPase_2_REM2_transcript_variant_X1_mRNA          20.93%    passed     94.73%
  32  XM_045525960_1_PREDICTED_Lemur_catta_RRAD_and_GEM_like_GTPase_2_REM2_transcript_variant_X1_mRNA                 20.93%    passed     96.25%
  33  XM_069463304_1_PREDICTED_Eulemur_rufifrons_RRAD_and_GEM_like_GTPase_2_REM2_mRNA                                 20.93%    passed     98.80%
  34  XM_008065271_2_PREDICTED_Carlito_syrichta_RRAD_and_GEM_like_GTPase_2_REM2_mRNA                                  20.93%    passed     49.97%
  35  XM_011930962_1_PREDICTED_Colobus_angolensis_palliatus_RAS_RAD_and_GEM_like_GTP_binding_2_REM2_mRNA              25.12%    passed     22.73%
****  TOTAL                                                                                                           20.52%  1 sequences failed composition chi2 test (p-value<5%; df=3)
Checking for duplicate sequences: done in 5.10216e-05 secs using 72.52% CPU


Create initial parsimony tree by phylogenetic likelihood library (PLL)... 0.001 seconds
Measuring multi-threading efficiency up to 10 CPU cores
Increase to 10 rounds for branch lengths
702 trees examined
Threads: 1 / Time: 10.012 sec / Speedup: 1.000 / Efficiency: 100% / LogL: -7963
Threads: 2 / Time: 19.973 sec / Speedup: 0.501 / Efficiency: 25% / LogL: -7963
Determining AUTO threadcount: done in 29.9862 secs using 82.15% CPU
BEST NUMBER OF THREADS: 1

Perform fast likelihood tree search using GTR+I+G model...
Estimate model parameters (epsilon = 5.000)
Perform nearest neighbor interchange...
Optimizing NNI: done in 0.0133121 secs using 99.68% CPU
Estimate model parameters (epsilon = 1.000)
1. Initial log-likelihood: -6052.695
Optimal log-likelihood: -6052.146
Rate parameters:  A-C: 1.08769  A-G: 2.21851  A-T: 0.56880  C-G: 0.93387  C-T: 3.13518  G-T: 1.00000
Base frequencies:  A: 0.213  C: 0.321  G: 0.306  T: 0.160
Proportion of invariable sites: 0.245
Gamma shape alpha: 5.014
Parameters optimization took 1 rounds (0.011 sec)
Time for fast ML tree search: 0.075 seconds

NOTE: ModelFinder requires 5 MB RAM!
ModelFinder will test up to 968 DNA models (sample size: 1290 epsilon: 0.100) ...
 No. Model         -LnL         df  AIC          AICc         BIC
  1  JC            6188.096     67  12510.191    12517.648    12856.072
  2  JC+I          6167.007     68  12470.013    12477.699    12821.056
  3  JC+G4         6158.588     68  12453.176    12460.861    12804.219
  4  JC+I+G4       6160.809     69  12459.619    12467.537    12815.824
  5  JC+R2         6160.426     69  12458.852    12466.770    12815.057
  6  JC+R3         6157.430     71  12456.859    12465.253    12823.389
 14  JC+I+R2       6159.448     70  12458.897    12467.051    12820.264
 15  JC+I+R3       6155.583     72  12455.166    12463.804    12826.859
 25  JC+G4         6158.588     68  12453.176    12460.861    12804.219
 47  F81+G4        6158.589     68  12453.177    12460.863    12804.220
 69  F81+F+G4      6140.860     71  12423.720    12432.114    12790.250
 91  K2P+G4        6090.633     69  12319.266    12327.184    12675.471
113  K2P+G4        6090.633     69  12319.266    12327.184    12675.471
135  HKY+G4        6090.633     69  12319.266    12327.184    12675.471
157  HKY+F+G4      6055.268     72  12254.536    12263.174    12626.229
179  TNe+G4        6090.267     70  12320.534    12328.688    12681.902
201  TNe+G4        6090.267     70  12320.534    12328.688    12681.902
223  TN+G4         6090.267     70  12320.533    12328.687    12681.901
245  TN+F+G4       6050.692     73  12247.384    12256.269    12624.239
267  K3P+G4        6090.585     70  12321.170    12329.324    12682.538
289  K3P+G4        6090.585     70  12321.170    12329.324    12682.538
311  K3Pu+G4       6090.585     70  12321.170    12329.324    12682.538
333  K3Pu+F+G4     6054.218     73  12254.437    12263.322    12631.292
355  TPM2+G4       6088.116     70  12316.233    12324.387    12677.601
377  TPM2+G4       6088.116     70  12316.233    12324.387    12677.601
399  TPM2u+G4      6088.116     70  12316.233    12324.387    12677.600
421  TPM2u+F+G4    6055.268     73  12256.537    12265.422    12633.392
443  TPM3+G4       6075.059     70  12290.118    12298.272    12651.486
465  TPM3+G4       6075.059     70  12290.118    12298.272    12651.486
487  TPM3u+G4      6075.059     70  12290.118    12298.272    12651.485
509  TPM3u+F+G4    6054.229     73  12254.458    12263.343    12631.313
531  TIMe+G4       6090.220     71  12322.439    12330.834    12688.970
553  TIMe+G4       6090.220     71  12322.439    12330.834    12688.970
575  TIM+G4        6090.219     71  12322.438    12330.832    12688.968
597  TIM+F+G4      6049.657     74  12247.314    12256.449    12629.331
619  TIM2e+G4      6087.751     71  12317.502    12325.896    12684.032
641  TIM2e+G4      6087.751     71  12317.502    12325.896    12684.032
663  TIM2+G4       6087.751     71  12317.501    12325.896    12684.032
685  TIM2+F+G4     6050.689     74  12249.378    12258.514    12631.395
707  TIM3e+G4      6074.575     71  12291.149    12299.543    12657.679
729  TIM3e+G4      6074.575     71  12291.149    12299.543    12657.679
751  TIM3+G4       6074.573     71  12291.146    12299.540    12657.677
773  TIM3+F+G4     6049.754     74  12247.509    12256.644    12629.526
795  TVMe+G4       6070.855     72  12285.710    12294.348    12657.403
817  TVMe+G4       6070.855     72  12285.710    12294.348    12657.403
839  TVM+G4        6070.855     72  12285.709    12294.347    12657.402
861  TVM+F+G4      6052.129     75  12254.258    12263.648    12641.437
883  SYM+G4        6070.365     73  12286.730    12295.615    12663.585
905  SYM+G4        6070.365     73  12286.730    12295.615    12663.585
927  GTR+G4        6070.365     73  12286.730    12295.614    12663.585
949  GTR+F+G4      6047.646     76  12247.291    12256.940    12639.633
Akaike Information Criterion:           GTR+F+G4
Corrected Akaike Information Criterion: TN+F+G4
Bayesian Information Criterion:         TN+F+G4
Best-fit model: TN+F+G4 chosen according to BIC

All model information printed to results/Primate_REM2/Primate_REM2.RD.SA.codons.cln.fa.model.gz
CPU time for ModelFinder: 25.961 seconds (0h:0m:25s)
Wall-clock time for ModelFinder: 31.324 seconds (0h:0m:31s)
Generating 1000 samples for ultrafast bootstrap (seed: 176492)...

NOTE: 2 MB RAM (0 GB) is required!
Estimate model parameters (epsilon = 0.100)
1. Initial log-likelihood: -6050.998
2. Current log-likelihood: -6050.697
Optimal log-likelihood: -6050.692
Rate parameters:  A-C: 1.00000  A-G: 2.32311  A-T: 1.00000  C-G: 1.00000  C-T: 3.30563  G-T: 1.00000
Base frequencies:  A: 0.213  C: 0.321  G: 0.306  T: 0.160
Gamma shape alpha: 1.254
Parameters optimization took 2 rounds (0.012 sec)
Wrote distance file to... 
Computing ML distances based on estimated model parameters...
Calculating distance matrix: done in 0.00556588 secs using 99.91% CPU
Computing ML distances took 0.005617 sec (of wall-clock time) 0.005601 sec (of CPU time)
Setting up auxiliary I and S matrices: done in 3.00407e-05 secs using 83.22% CPU
Constructing RapidNJ tree: done in 6.91414e-05 secs using 91.12% CPU
Computing RapidNJ tree took 0.000118 sec (of wall-clock time) 0.000096 sec (of CPU time)
Log-likelihood of RapidNJ tree: -6064.930
--------------------------------------------------------------------
|             INITIALIZING CANDIDATE TREE SET                      |
--------------------------------------------------------------------
Generating 98 parsimony trees... 0.116 second
Computing log-likelihood of 98 initial trees ... 0.182 seconds
Current best score: -6050.692

Do NNI search on 20 best initial trees
Optimizing NNI: done in 0.010951 secs using 99.45% CPU
Estimate model parameters (epsilon = 0.100)
BETTER TREE FOUND at iteration 1: -6050.692
Optimizing NNI: done in 0.0247722 secs using 98.6% CPU
BETTER TREE FOUND at iteration 2: -6050.691
Optimizing NNI: done in 0.025399 secs using 99.74% CPU
Optimizing NNI: done in 0.024585 secs using 99.62% CPU
Optimizing NNI: done in 0.025491 secs using 99.91% CPU
Optimizing NNI: done in 0.0250049 secs using 99.66% CPU
Optimizing NNI: done in 0.0255339 secs using 99.79% CPU
Optimizing NNI: done in 0.0252669 secs using 99.75% CPU
Optimizing NNI: done in 0.0248761 secs using 99.92% CPU
Optimizing NNI: done in 0.024833 secs using 99.96% CPU
BETTER TREE FOUND at iteration 10: -6050.691
Iteration 10 / LogL: -6050.691 / Time: 0h:0m:31s
Optimizing NNI: done in 0.0247009 secs using 99.93% CPU
Optimizing NNI: done in 0.025367 secs using 99.96% CPU
Optimizing NNI: done in 0.0248551 secs using 99.94% CPU
Optimizing NNI: done in 0.0253592 secs using 99.96% CPU
Optimizing NNI: done in 0.027266 secs using 93.34% CPU
Optimizing NNI: done in 0.0252049 secs using 99.75% CPU
Optimizing NNI: done in 0.025599 secs using 99.72% CPU
Optimizing NNI: done in 0.025352 secs using 99.72% CPU
Optimizing NNI: done in 0.0244009 secs using 99.87% CPU
Optimizing NNI: done in 0.0255601 secs using 99.73% CPU
Iteration 20 / LogL: -6050.691 / Time: 0h:0m:32s
Finish initializing candidate tree set (18)
Current best tree score: -6050.691 / CPU time: 0.807
Number of iterations: 20
--------------------------------------------------------------------
|               OPTIMIZING CANDIDATE TREE SET                      |
--------------------------------------------------------------------
Optimizing NNI: done in 0.0329211 secs using 99.61% CPU
Estimate model parameters (epsilon = 0.100)
BETTER TREE FOUND at iteration 21: -6047.273
Optimizing NNI: done in 0.031152 secs using 99.76% CPU
BETTER TREE FOUND at iteration 22: -6047.270
Optimizing NNI: done in 0.0314341 secs using 99.84% CPU
BETTER TREE FOUND at iteration 23: -6047.269
Optimizing NNI: done in 0.037225 secs using 99.93% CPU
Optimizing NNI: done in 0.0246739 secs using 99.78% CPU
Optimizing NNI: done in 0.036799 secs using 99.91% CPU
Optimizing NNI: done in 0.0364609 secs using 99.95% CPU
Optimizing NNI: done in 0.0350921 secs using 99.91% CPU
Optimizing NNI: done in 0.0406048 secs using 99.78% CPU
Optimizing NNI: done in 0.027915 secs using 99.92% CPU
Iteration 30 / LogL: -6047.271 / Time: 0h:0m:32s (0h:0m:3s left)
Optimizing NNI: done in 0.0375249 secs using 99.93% CPU
Optimizing NNI: done in 0.0344448 secs using 99.94% CPU
Optimizing NNI: done in 0.0270591 secs using 99.94% CPU
Optimizing NNI: done in 0.0342309 secs using 99.73% CPU
Optimizing NNI: done in 0.0270751 secs using 99.9% CPU
Optimizing NNI: done in 0.0276721 secs using 99.93% CPU
UPDATE BEST LOG-LIKELIHOOD: -6047.269
Optimizing NNI: done in 0.025842 secs using 99.93% CPU
Optimizing NNI: done in 0.0430598 secs using 99.93% CPU
Optimizing NNI: done in 0.0371909 secs using 99.84% CPU
Optimizing NNI: done in 0.0385189 secs using 99.92% CPU
Iteration 40 / LogL: -6047.270 / Time: 0h:0m:32s (0h:0m:3s left)
Optimizing NNI: done in 0.039367 secs using 99.91% CPU
Optimizing NNI: done in 0.0323091 secs using 99.93% CPU
Optimizing NNI: done in 0.0382199 secs using 95.11% CPU
Optimizing NNI: done in 0.0362051 secs using 98.87% CPU
Optimizing NNI: done in 0.030277 secs using 99.17% CPU
Optimizing NNI: done in 0.0349011 secs using 98.07% CPU
Optimizing NNI: done in 0.0320439 secs using 90% CPU
Optimizing NNI: done in 0.029068 secs using 99.46% CPU
Optimizing NNI: done in 0.0300188 secs using 99.69% CPU
Optimizing NNI: done in 0.0373919 secs using 99.68% CPU
Iteration 50 / LogL: -6047.929 / Time: 0h:0m:33s (0h:0m:2s left)
Log-likelihood cutoff on original alignment: -6069.151
Optimizing NNI: done in 0.0393238 secs using 99.55% CPU
Optimizing NNI: done in 0.024821 secs using 99.64% CPU
Optimizing NNI: done in 0.0307779 secs using 99.56% CPU
Optimizing NNI: done in 0.0318801 secs using 99.93% CPU
Optimizing NNI: done in 0.033442 secs using 99.81% CPU
Optimizing NNI: done in 0.029233 secs using 99.93% CPU
Optimizing NNI: done in 0.0373499 secs using 99.93% CPU
Optimizing NNI: done in 0.056695 secs using 66.74% CPU
Optimizing NNI: done in 0.041559 secs using 99.58% CPU
Optimizing NNI: done in 0.0285408 secs using 99.6% CPU
Iteration 60 / LogL: -6047.270 / Time: 0h:0m:33s (0h:0m:2s left)
Optimizing NNI: done in 0.0335279 secs using 99.47% CPU
Optimizing NNI: done in 0.0331709 secs using 99.95% CPU
Optimizing NNI: done in 0.0562851 secs using 99.91% CPU
Optimizing NNI: done in 0.0351071 secs using 99.96% CPU
Optimizing NNI: done in 0.025876 secs using 99.94% CPU
Optimizing NNI: done in 0.031734 secs using 99.95% CPU
Optimizing NNI: done in 0.041106 secs using 99.94% CPU
Optimizing NNI: done in 0.0317001 secs using 99.64% CPU
Optimizing NNI: done in 0.0383039 secs using 99.93% CPU
Optimizing NNI: done in 0.037647 secs using 99.93% CPU
Iteration 70 / LogL: -6047.270 / Time: 0h:0m:34s (0h:0m:2s left)
Optimizing NNI: done in 0.0261569 secs using 99.95% CPU
Optimizing NNI: done in 0.03281 secs using 99.73% CPU
Optimizing NNI: done in 0.0385308 secs using 99.86% CPU
Optimizing NNI: done in 0.0297489 secs using 99.67% CPU
Optimizing NNI: done in 0.0272629 secs using 99.88% CPU
Optimizing NNI: done in 0.029676 secs using 99.84% CPU
Optimizing NNI: done in 0.0297041 secs using 99.93% CPU
Optimizing NNI: done in 0.0317228 secs using 99.93% CPU
Optimizing NNI: done in 0.0369701 secs using 99.89% CPU
Optimizing NNI: done in 0.031971 secs using 99.92% CPU
Iteration 80 / LogL: -6047.270 / Time: 0h:0m:34s (0h:0m:1s left)
Optimizing NNI: done in 0.043087 secs using 99.93% CPU
Optimizing NNI: done in 0.0378079 secs using 99.75% CPU
Optimizing NNI: done in 0.0386798 secs using 99.93% CPU
Optimizing NNI: done in 0.0256538 secs using 99.89% CPU
Optimizing NNI: done in 0.0339589 secs using 99.9% CPU
Optimizing NNI: done in 0.036938 secs using 99.92% CPU
Optimizing NNI: done in 0.0450909 secs using 99.83% CPU
Optimizing NNI: done in 0.0312028 secs using 99.71% CPU
Optimizing NNI: done in 0.0394111 secs using 99.83% CPU
Optimizing NNI: done in 0.0416 secs using 99.95% CPU
Iteration 90 / LogL: -6047.272 / Time: 0h:0m:34s (0h:0m:1s left)
Optimizing NNI: done in 0.0349429 secs using 99.94% CPU
Optimizing NNI: done in 0.0277221 secs using 99.92% CPU
Optimizing NNI: done in 0.0336649 secs using 99.92% CPU
Optimizing NNI: done in 0.0368669 secs using 99.8% CPU
Optimizing NNI: done in 0.037075 secs using 99.78% CPU
Optimizing NNI: done in 0.04024 secs using 99.94% CPU
Optimizing NNI: done in 0.0428531 secs using 99.93% CPU
Optimizing NNI: done in 0.0322299 secs using 99.92% CPU
Optimizing NNI: done in 0.0303481 secs using 99.49% CPU
Optimizing NNI: done in 0.0332551 secs using 99.49% CPU
Iteration 100 / LogL: -6047.272 / Time: 0h:0m:35s (0h:0m:0s left)
Log-likelihood cutoff on original alignment: -6071.873
NOTE: Bootstrap correlation coefficient of split occurrence frequencies: 0.991
Optimizing NNI: done in 0.0328312 secs using 99.75% CPU
Optimizing NNI: done in 0.0503399 secs using 99.81% CPU
Optimizing NNI: done in 0.0269821 secs using 99.82% CPU
Optimizing NNI: done in 0.0290859 secs using 99.95% CPU
Optimizing NNI: done in 0.0318279 secs using 99.93% CPU
Optimizing NNI: done in 0.0378909 secs using 99.91% CPU
Optimizing NNI: done in 0.0285959 secs using 99.9% CPU
Optimizing NNI: done in 0.033428 secs using 99.86% CPU
Optimizing NNI: done in 0.0345829 secs using 99.95% CPU
Optimizing NNI: done in 0.0413361 secs using 99.9% CPU
Iteration 110 / LogL: -6047.269 / Time: 0h:0m:35s (0h:0m:3s left)
Optimizing NNI: done in 0.0279608 secs using 99.94% CPU
Optimizing NNI: done in 0.0333331 secs using 99.93% CPU
Optimizing NNI: done in 0.0274899 secs using 99.92% CPU
Optimizing NNI: done in 0.0318961 secs using 99.72% CPU
Optimizing NNI: done in 0.0325189 secs using 99.92% CPU
Optimizing NNI: done in 0.0277851 secs using 99.93% CPU
Optimizing NNI: done in 0.0283952 secs using 99.89% CPU
Optimizing NNI: done in 0.027724 secs using 99.96% CPU
Optimizing NNI: done in 0.0330091 secs using 99.96% CPU
Optimizing NNI: done in 0.031487 secs using 99.93% CPU
Iteration 120 / LogL: -6047.272 / Time: 0h:0m:35s (0h:0m:3s left)
Optimizing NNI: done in 0.029984 secs using 99.93% CPU
Optimizing NNI: done in 0.0427692 secs using 99.94% CPU
Optimizing NNI: done in 0.0243719 secs using 99.94% CPU
Optimizing NNI: done in 0.0367322 secs using 99.87% CPU
TREE SEARCH COMPLETED AFTER 124 ITERATIONS / Time: 0h:0m:36s

--------------------------------------------------------------------
|                    FINALIZING TREE SEARCH                        |
--------------------------------------------------------------------
Performs final model parameters optimization
Estimate model parameters (epsilon = 0.010)
1. Initial log-likelihood: -6047.269
Optimal log-likelihood: -6047.269
Rate parameters:  A-C: 1.00000  A-G: 2.33239  A-T: 1.00000  C-G: 1.00000  C-T: 3.29363  G-T: 1.00000
Base frequencies:  A: 0.213  C: 0.321  G: 0.306  T: 0.160
Gamma shape alpha: 1.252
Parameters optimization took 1 rounds (0.006 sec)
BEST SCORE FOUND : -6047.269
Creating bootstrap support values...
Split supports printed to NEXUS file results/Primate_REM2/Primate_REM2.RD.SA.codons.cln.fa.splits.nex
Total tree length: 1.146

Total number of iterations: 124
CPU time used for tree search: 4.596 sec (0h:0m:4s)
Wall-clock time used for tree search: 4.647 sec (0h:0m:4s)
Total CPU time used: 30.640 sec (0h:0m:30s)
Total wall-clock time used: 36.060 sec (0h:0m:36s)

Computing bootstrap consensus tree...
Reading input file results/Primate_REM2/Primate_REM2.RD.SA.codons.cln.fa.splits.nex...
35 taxa and 281 splits.
Consensus tree written to results/Primate_REM2/Primate_REM2.RD.SA.codons.cln.fa.contree
Reading input trees file results/Primate_REM2/Primate_REM2.RD.SA.codons.cln.fa.contree
Log-likelihood of consensus tree: -6047.280

Analysis results written to: 
  IQ-TREE report:                results/Primate_REM2/Primate_REM2.RD.SA.codons.cln.fa.iqtree
  Maximum-likelihood tree:       results/Primate_REM2/Primate_REM2.RD.SA.codons.cln.fa.treefile
  Likelihood distances:          results/Primate_REM2/Primate_REM2.RD.SA.codons.cln.fa.mldist

Ultrafast bootstrap approximation results written to:
  Split support values:          results/Primate_REM2/Primate_REM2.RD.SA.codons.cln.fa.splits.nex
  Consensus tree:                results/Primate_REM2/Primate_REM2.RD.SA.codons.cln.fa.contree
  Screen log file:               results/Primate_REM2/Primate_REM2.RD.SA.codons.cln.fa.log

Date and Time: Fri Dec 26 13:23:39 2025
