IQ-TREE version 3.0.1 for MacOS ARM 64-bit built Jul  9 2025
Developed by Bui Quang Minh, Thomas Wong, Nhan Ly-Trong, Huaiyan Ren
Contributed by Lam-Tung Nguyen, Dominik Schrempf, Chris Bielow,
Olga Chernomor, Michael Woodhams, Diep Thi Hoang, Heiko Schmidt

Host:    Alexs-MacBook-Pro-2.local (SSE4.2, 16 GB RAM)
Command: iqtree -s results/Primate_BTG1/Primate_BTG1.RD.SA.codons.cln.fa -T AUTO -B 1000 --redo-tree
Seed:    52334 (Using SPRNG - Scalable Parallel Random Number Generator)
Time:    Fri Dec 26 13:23:41 2025
Kernel:  SSE2 - auto-detect threads (10 CPU cores detected)

Reading alignment file results/Primate_BTG1/Primate_BTG1.RD.SA.codons.cln.fa ... Fasta format detected
Reading fasta file: done in 0.000262022 secs using 83.96% CPU
Alignment most likely contains DNA/RNA sequences
Constructing alignment: done in 0.000323057 secs using 59.12% CPU
Alignment has 26 sequences with 780 columns, 49 distinct patterns
24 parsimony-informative, 19 singleton sites, 737 constant sites
                                                                                                                Gap/Ambiguity  Composition  p-value
Analyzing sequences: done in 5.00679e-06 secs using 79.89% CPU
   1  NM_001731_3_Homo_sapiens_BTG_anti_proliferation_factor_1_BTG1_mRNA                                               34.23%    passed     99.98%
   2  XM_069489666_1_PREDICTED_Eulemur_rufifrons_BTG_anti_proliferation_factor_1_BTG1_mRNA                             34.23%    passed     94.93%
   3  XM_055237919_2_PREDICTED_Symphalangus_syndactylus_BTG_anti_proliferation_factor_1_BTG1_mRNA                      34.23%    passed     99.97%
   4  XM_054444125_2_PREDICTED_Pongo_pygmaeus_BTG_anti_proliferation_factor_1_BTG1_mRNA                                34.23%    passed     99.82%
   5  NM_001266672_1_Macaca_mulatta_BTG_anti_proliferation_factor_1_BTG1_mRNA                                          34.23%    passed     99.98%
   6  XM_050750080_1_PREDICTED_Macaca_thibetana_thibetana_BTG_anti_proliferation_factor_1_BTG1_mRNA                    34.23%    passed     99.99%
   7  XM_045553258_1_PREDICTED_Lemur_catta_BTG_anti_proliferation_factor_1_BTG1_mRNA                                   34.23%    passed     93.59%
   8  XM_033221091_1_PREDICTED_Trachypithecus_francoisi_BTG_anti_proliferation_factor_1_BTG1_mRNA                      34.23%    passed     99.99%
   9  XM_032297546_1_PREDICTED_Sapajus_apella_BTG_anti_proliferation_factor_1_BTG1_mRNA                                34.23%    passed     98.36%
  10  XM_032170892_2_PREDICTED_Hylobates_moloch_BTG_anti_proliferation_factor_1_BTG1_mRNA                              34.23%    passed     99.97%
  11  XM_025400855_1_PREDICTED_Theropithecus_gelada_BTG_anti_proliferation_factor_1_BTG1_mRNA                          34.23%    passed     98.86%
  12  XM_002752814_4_PREDICTED_Callithrix_jacchus_BTG_anti_proliferation_factor_1_BTG1_mRNA                             0.00%    failed      3.11%
  13  XM_012775241_1_PREDICTED_Microcebus_murinus_BTG_anti_proliferation_factor_1_BTG1_mRNA                            34.23%    passed     96.84%
  14  XM_012664017_1_PREDICTED_Propithecus_coquereli_B_cell_translocation_gene_1_anti_proliferative_BTG1_mRNA          34.23%    passed     95.36%
  15  XM_012469349_2_PREDICTED_Aotus_nancymaae_BTG_anti_proliferation_factor_1_BTG1_mRNA                               34.23%    passed     97.41%
  16  XM_012031683_1_PREDICTED_Cercocebus_atys_B_cell_translocation_gene_1_anti_proliferative_BTG1_mRNA                34.23%    passed     99.59%
  17  XM_002823578_4_PREDICTED_Pongo_abelii_BTG_anti_proliferation_factor_1_BTG1_mRNA                                  34.23%    passed     99.49%
  18  XM_010383938_2_PREDICTED_Rhinopithecus_roxellana_BTG_anti_proliferation_factor_1_BTG1_mRNA                       34.23%    passed     99.83%
  19  XM_008004234_3_PREDICTED_Chlorocebus_sabaeus_BTG_anti_proliferation_factor_1_BTG1_mRNA                           34.23%    passed     99.82%
  20  XM_019038967_4_PREDICTED_Gorilla_gorilla_gorilla_BTG_anti_proliferation_factor_1_BTG1_mRNA                       34.23%    passed     99.99%
  21  XM_003927879_4_PREDICTED_Saimiri_boliviensis_BTG_anti_proliferation_factor_1_BTG1_mRNA                           34.23%    passed     97.41%
  22  XM_003906945_4_PREDICTED_Papio_anubis_BTG_anti_proliferation_factor_1_BTG1_mRNA                                  34.23%    passed     99.48%
  23  XM_003783357_2_PREDICTED_Otolemur_garnettii_BTG_anti_proliferation_factor_1_BTG1_mRNA                            34.23%    passed     98.02%
  24  XM_053582943_1_PREDICTED_Nycticebus_coucang_BTG_anti_proliferation_factor_1_BTG1_mRNA                            34.23%    passed     97.44%
  25  XM_011933701_1_PREDICTED_Colobus_angolensis_palliatus_B_cell_translocation_gene_1_anti_proliferative_BTG1_mRNA   34.23%    passed     99.93%
  26  XM_023223561_1_PREDICTED_Piliocolobus_tephrosceles_BTG_anti_proliferation_factor_1_BTG1_mRNA                     34.23%    passed     99.82%
****  TOTAL                                                                                                            32.91%  1 sequences failed composition chi2 test (p-value<5%; df=3)
Checking for duplicate sequences: done in 2.28882e-05 secs using 61.17% CPU


Create initial parsimony tree by phylogenetic likelihood library (PLL)... 0.000 seconds
Measuring multi-threading efficiency up to 10 CPU cores
Increase to 10 rounds for branch lengths
7890 trees examined
Threads: 1 / Time: 10.001 sec / Speedup: 1.000 / Efficiency: 100% / LogL: -1740
Threads: 2 / Time: 43.798 sec / Speedup: 0.228 / Efficiency: 11% / LogL: -1740
Determining AUTO threadcount: done in 53.7991 secs using 61.04% CPU
BEST NUMBER OF THREADS: 1

Perform fast likelihood tree search using GTR+I+G model...
Estimate model parameters (epsilon = 5.000)
Perform nearest neighbor interchange...
Optimizing NNI: done in 0.00304198 secs using 99.54% CPU
Estimate model parameters (epsilon = 1.000)
1. Initial log-likelihood: -1437.419
Optimal log-likelihood: -1437.407
Rate parameters:  A-C: 3.72156  A-G: 11.15488  A-T: 0.95914  C-G: 1.93990  C-T: 24.88508  G-T: 1.00000
Base frequencies:  A: 0.266  C: 0.276  G: 0.254  T: 0.204
Proportion of invariable sites: 0.471
Gamma shape alpha: 0.403
Parameters optimization took 1 rounds (0.003 sec)
Time for fast ML tree search: 0.023 seconds

NOTE: ModelFinder requires 0 MB RAM!
ModelFinder will test up to 968 DNA models (sample size: 780 epsilon: 0.100) ...
 No. Model         -LnL         df  AIC          AICc         BIC
  1  JC            1482.090     49  3062.179     3068.891     3290.484
  2  JC+I          1472.348     50  3044.695     3051.691     3277.660
  3  JC+G4         1472.560     50  3045.121     3052.117     3278.086
  4  JC+I+G4       1472.259     51  3046.518     3053.804     3284.142
  5  JC+R2         1473.142     51  3048.284     3055.570     3285.908
  6  JC+R3         1472.335     53  3050.671     3058.555     3297.613
 14  JC+I+R2       1472.647     52  3049.293     3056.875     3291.577
 15  JC+I+R3       1472.309     54  3052.619     3060.812     3304.221
 24  JC+I          1472.348     50  3044.695     3051.691     3277.660
 25  JC+G4         1472.560     50  3045.121     3052.117     3278.086
 26  JC+I+G4       1472.259     51  3046.518     3053.804     3284.142
 27  JC+R2         1473.142     51  3048.284     3055.570     3285.908
 46  F81+I         1472.347     50  3044.694     3051.690     3277.659
 47  F81+G4        1472.560     50  3045.120     3052.116     3278.085
 48  F81+I+G4      1472.259     51  3046.518     3053.804     3284.142
 49  F81+R2        1473.052     51  3048.105     3055.390     3285.729
 68  F81+F+I       1466.797     53  3039.593     3047.478     3286.536
 69  F81+F+G4      1467.037     53  3040.073     3047.957     3287.016
 70  F81+F+I+G4    1466.707     54  3041.413     3049.607     3293.015
 71  F81+F+R2      1467.459     54  3042.917     3051.110     3294.519
 90  K2P+I         1452.177     51  3006.355     3013.640     3243.979
 91  K2P+G4        1452.480     51  3006.959     3014.245     3244.583
 92  K2P+I+G4      1452.092     52  3008.183     3015.765     3250.467
 93  K2P+R2        1451.235     52  3006.470     3014.052     3248.754
112  K2P+I         1452.177     51  3006.355     3013.640     3243.979
113  K2P+G4        1452.480     51  3006.959     3014.245     3244.583
114  K2P+I+G4      1452.092     52  3008.183     3015.765     3250.467
115  K2P+R2        1451.235     52  3006.470     3014.052     3248.754
134  HKY+I         1452.102     51  3006.204     3013.490     3243.828
135  HKY+G4        1452.404     51  3006.808     3014.094     3244.432
136  HKY+I+G4      1452.017     52  3008.033     3015.615     3250.316
137  HKY+R2        1451.140     52  3006.280     3013.861     3248.563
156  HKY+F+I       1445.679     54  2999.358     3007.551     3250.959
157  HKY+F+G4      1446.256     54  3000.512     3008.705     3252.114
158  HKY+F+I+G4    1445.647     55  3001.294     3009.803     3257.555
159  HKY+F+R2      1444.835     55  2999.670     3008.178     3255.931
178  TNe+I         1446.004     52  2996.008     3003.590     3238.291
179  TNe+G4        1446.072     52  2996.145     3003.726     3238.428
180  TNe+I+G4      1445.969     53  2997.939     3005.823     3244.882
181  TNe+R2        1446.038     53  2998.076     3005.961     3245.019
200  TNe+I         1446.004     52  2996.008     3003.590     3238.291
201  TNe+G4        1446.072     52  2996.145     3003.726     3238.428
202  TNe+I+G4      1445.969     53  2997.939     3005.823     3244.882
203  TNe+R2        1446.038     53  2998.076     3005.961     3245.019
222  TN+I          1446.004     52  2996.008     3003.590     3238.292
223  TN+G4         1446.072     52  2996.144     3003.726     3238.428
224  TN+I+G4       1445.969     53  2997.938     3005.822     3244.881
225  TN+R2         1446.031     53  2998.061     3005.945     3245.004
244  TN+F+I        1441.348     55  2992.696     3001.204     3248.957
245  TN+F+G4       1439.092     55  2988.185     2996.693     3244.446
246  TN+F+I+G4     1438.913     56  2989.826     2998.656     3250.747
247  TN+F+R2       1438.954     56  2989.908     2998.738     3250.829
266  K3P+I         1447.374     52  2998.747     3006.329     3241.031
267  K3P+G4        1447.612     52  2999.224     3006.806     3241.507
268  K3P+I+G4      1447.310     53  3000.619     3008.504     3247.562
269  K3P+R2        1447.392     53  3000.784     3008.668     3247.726
288  K3P+I         1447.374     52  2998.747     3006.329     3241.031
289  K3P+G4        1447.612     52  2999.224     3006.806     3241.507
290  K3P+I+G4      1447.310     53  3000.619     3008.504     3247.562
291  K3P+R2        1447.392     53  3000.784     3008.668     3247.726
310  K3Pu+I        1447.373     52  2998.746     3006.328     3241.030
311  K3Pu+G4       1447.612     52  2999.224     3006.806     3241.507
312  K3Pu+I+G4     1447.310     53  3000.619     3008.504     3247.562
313  K3Pu+R2       1447.388     53  3000.776     3008.660     3247.719
332  K3Pu+F+I      1441.117     55  2992.234     3000.742     3248.495
333  K3Pu+F+G4     1441.510     55  2993.021     3001.529     3249.282
334  K3Pu+F+I+G4   1441.039     56  2994.077     3002.907     3254.998
335  K3Pu+F+R2     1441.171     56  2994.342     3003.172     3255.262
354  TPM2+I        1447.371     52  2998.742     3006.324     3241.025
355  TPM2+G4       1447.618     52  2999.236     3006.818     3241.519
356  TPM2+I+G4     1447.308     53  3000.616     3008.500     3247.558
357  TPM2+R2       1447.392     53  3000.784     3008.668     3247.726
376  TPM2+I        1447.371     52  2998.742     3006.324     3241.025
377  TPM2+G4       1447.618     52  2999.236     3006.818     3241.519
378  TPM2+I+G4     1447.308     53  3000.616     3008.500     3247.558
379  TPM2+R2       1447.392     53  3000.784     3008.668     3247.726
398  TPM2u+I       1447.371     52  2998.742     3006.324     3241.026
399  TPM2u+G4      1447.619     52  2999.239     3006.820     3241.522
400  TPM2u+I+G4    1447.308     53  3000.617     3008.501     3247.559
401  TPM2u+R2      1447.388     53  3000.775     3008.659     3247.718
420  TPM2u+F+I     1441.136     55  2992.272     3000.780     3248.533
421  TPM2u+F+G4    1441.540     55  2993.081     3001.589     3249.342
422  TPM2u+F+I+G4  1441.059     56  2994.117     3002.947     3255.038
423  TPM2u+F+R2    1441.193     56  2994.385     3003.215     3255.306
442  TPM3+I        1446.227     52  2996.454     3004.036     3238.737
443  TPM3+G4       1446.390     52  2996.781     3004.363     3239.064
444  TPM3+I+G4     1446.164     53  2998.328     3006.212     3245.271
445  TPM3+R2       1446.235     53  2998.470     3006.354     3245.412
464  TPM3+I        1446.227     52  2996.454     3004.036     3238.737
465  TPM3+G4       1446.390     52  2996.781     3004.363     3239.064
466  TPM3+I+G4     1446.164     53  2998.328     3006.212     3245.271
467  TPM3+R2       1446.235     53  2998.470     3006.354     3245.412
486  TPM3u+I       1446.231     52  2996.462     3004.044     3238.745
487  TPM3u+G4      1446.394     52  2996.789     3004.371     3239.072
488  TPM3u+I+G4    1446.169     53  2998.337     3006.221     3245.280
489  TPM3u+R2      1446.234     53  2998.468     3006.352     3245.411
508  TPM3u+F+I     1440.453     55  2990.907     2999.415     3247.168
509  TPM3u+F+G4    1440.755     55  2991.509     3000.017     3247.770
510  TPM3u+F+I+G4  1440.378     56  2992.756     3001.586     3253.677
511  TPM3u+F+R2    1440.468     56  2992.937     3001.767     3253.857
530  TIMe+I        1445.591     53  2997.182     3005.067     3244.125
531  TIMe+G4       1445.659     53  2997.318     3005.202     3244.260
532  TIMe+I+G4     1445.564     54  2999.128     3007.321     3250.730
533  TIMe+R2       1445.601     54  2999.202     3007.395     3250.804
552  TIMe+I        1445.591     53  2997.182     3005.067     3244.125
553  TIMe+G4       1445.659     53  2997.318     3005.202     3244.260
554  TIMe+I+G4     1445.564     54  2999.128     3007.321     3250.730
555  TIMe+R2       1445.601     54  2999.202     3007.395     3250.804
574  TIM+I         1445.591     53  2997.182     3005.067     3244.125
575  TIM+G4        1445.659     53  2997.318     3005.202     3244.260
576  TIM+I+G4      1445.562     54  2999.124     3007.317     3250.726
577  TIM+R2        1445.598     54  2999.197     3007.390     3250.799
596  TIM+F+I       1438.554     56  2989.108     2997.938     3250.029
597  TIM+F+G4      1438.696     56  2989.391     2998.221     3250.312
598  TIM+F+I+G4    1438.525     57  2991.049     3000.207     3256.629
599  TIM+F+R2      1438.556     57  2991.112     3000.269     3256.691
618  TIM2e+I       1445.602     53  2997.203     3005.088     3244.146
619  TIM2e+G4      1445.673     53  2997.346     3005.230     3244.289
620  TIM2e+I+G4    1445.572     54  2999.143     3007.336     3250.745
621  TIM2e+R2      1445.624     54  2999.249     3007.442     3250.851
640  TIM2e+I       1445.602     53  2997.203     3005.088     3244.146
641  TIM2e+G4      1445.673     53  2997.346     3005.230     3244.289
642  TIM2e+I+G4    1445.572     54  2999.143     3007.336     3250.745
643  TIM2e+R2      1445.624     54  2999.249     3007.442     3250.851
662  TIM2+I        1445.602     53  2997.203     3005.088     3244.146
663  TIM2+G4       1445.673     53  2997.346     3005.230     3244.289
664  TIM2+I+G4     1445.572     54  2999.143     3007.336     3250.745
665  TIM2+R2       1445.619     54  2999.238     3007.432     3250.840
684  TIM2+F+I      1438.583     56  2989.165     2997.995     3250.086
685  TIM2+F+G4     1438.731     56  2989.462     2998.292     3250.382
686  TIM2+F+I+G4   1438.553     57  2991.107     3000.265     3256.687
687  TIM2+F+R2     1438.586     57  2991.171     3000.329     3256.751
706  TIM3e+I       1444.384     53  2994.768     3002.653     3241.711
707  TIM3e+G4      1444.417     53  2994.835     3002.719     3241.778
708  TIM3e+I+G4    1444.352     54  2996.704     3004.897     3248.305
709  TIM3e+R2      1444.437     54  2996.874     3005.067     3248.475
728  TIM3e+I       1444.384     53  2994.768     3002.653     3241.711
729  TIM3e+G4      1444.417     53  2994.835     3002.719     3241.778
730  TIM3e+I+G4    1444.352     54  2996.704     3004.897     3248.305
731  TIM3e+R2      1444.437     54  2996.874     3005.067     3248.475
750  TIM3+I        1444.384     53  2994.768     3002.653     3241.711
751  TIM3+G4       1444.417     53  2994.835     3002.719     3241.777
752  TIM3+I+G4     1444.352     54  2996.704     3004.897     3248.306
753  TIM3+R2       1444.425     54  2996.850     3005.043     3248.452
772  TIM3+F+I      1437.862     56  2987.725     2996.555     3248.645
773  TIM3+F+G4     1437.952     56  2987.903     2996.733     3248.824
774  TIM3+F+I+G4   1437.830     57  2989.661     2998.819     3255.240
775  TIM3+F+R2     1437.871     57  2989.743     2998.901     3255.323
794  TVMe+I        1445.744     54  2999.489     3007.682     3251.090
795  TVMe+G4       1445.912     54  2999.823     3008.016     3251.425
796  TVMe+I+G4     1445.687     55  3001.374     3009.883     3257.636
797  TVMe+R2       1445.744     55  3001.488     3009.997     3257.750
816  TVMe+I        1445.744     54  2999.489     3007.682     3251.090
817  TVMe+G4       1445.912     54  2999.823     3008.016     3251.425
818  TVMe+I+G4     1445.687     55  3001.374     3009.883     3257.636
819  TVMe+R2       1445.744     55  3001.488     3009.997     3257.750
838  TVM+I         1445.744     54  2999.488     3007.682     3251.090
839  TVM+G4        1445.911     54  2999.823     3008.016     3251.424
840  TVM+I+G4      1445.687     55  3001.374     3009.883     3257.636
841  TVM+R2        1445.744     55  3001.488     3009.997     3257.750
860  TVM+F+I       1440.002     57  2994.004     3003.162     3259.584
861  TVM+F+G4      1440.309     57  2994.618     3003.776     3260.198
862  TVM+F+I+G4    1439.934     58  2995.867     3005.360     3266.106
863  TVM+F+R2      1440.016     58  2996.033     3005.525     3266.272
882  SYM+I         1443.915     55  2997.829     3006.338     3254.090
883  SYM+G4        1443.949     55  2997.897     3006.406     3254.158
884  SYM+I+G4      1443.887     56  2999.775     3008.605     3260.695
885  SYM+R2        1443.939     56  2999.878     3008.708     3260.799
904  SYM+I         1443.915     55  2997.829     3006.338     3254.090
905  SYM+G4        1443.949     55  2997.897     3006.406     3254.158
906  SYM+I+G4      1443.887     56  2999.775     3008.605     3260.695
907  SYM+R2        1443.939     56  2999.878     3008.708     3260.799
926  GTR+I         1443.914     55  2997.828     3006.337     3254.090
927  GTR+G4        1443.948     55  2997.896     3006.405     3254.158
928  GTR+I+G4      1443.887     56  2999.774     3008.604     3260.694
929  GTR+R2        1443.933     56  2999.867     3008.697     3260.787
948  GTR+F+I       1437.430     58  2990.861     3000.353     3261.100
949  GTR+F+G4      1437.523     58  2991.046     3000.538     3261.285
950  GTR+F+I+G4    1437.406     59  2992.812     3002.645     3267.710
951  GTR+F+R2      1437.436     59  2992.873     3002.706     3267.771
Akaike Information Criterion:           TIM3+F+I
Corrected Akaike Information Criterion: TIM3+F+I
Bayesian Information Criterion:         TNe+I
Best-fit model: TNe+I chosen according to BIC

All model information printed to results/Primate_BTG1/Primate_BTG1.RD.SA.codons.cln.fa.model.gz
CPU time for ModelFinder: 33.205 seconds (0h:0m:33s)
Wall-clock time for ModelFinder: 54.174 seconds (0h:0m:54s)
Generating 1000 samples for ultrafast bootstrap (seed: 52334)...

NOTE: 0 MB RAM (0 GB) is required!
Estimate model parameters (epsilon = 0.100)
1. Initial log-likelihood: -1446.196
2. Current log-likelihood: -1446.005
Optimal log-likelihood: -1446.004
Rate parameters:  A-C: 1.00000  A-G: 5.45219  A-T: 1.00000  C-G: 1.00000  C-T: 10.76491  G-T: 1.00000
Base frequencies:  A: 0.250  C: 0.250  G: 0.250  T: 0.250
Proportion of invariable sites: 0.774
Parameters optimization took 2 rounds (0.001 sec)
Wrote distance file to... 
Computing ML distances based on estimated model parameters...
Calculating distance matrix: done in 0.000769138 secs using 99.46% CPU
Computing ML distances took 0.000795 sec (of wall-clock time) 0.000780 sec (of CPU time)
Setting up auxiliary I and S matrices: done in 2.38419e-05 secs using 71.3% CPU
Constructing RapidNJ tree: done in 5.19753e-05 secs using 90.43% CPU
Computing RapidNJ tree took 0.000096 sec (of wall-clock time) 0.000073 sec (of CPU time)
Log-likelihood of RapidNJ tree: -1446.716
--------------------------------------------------------------------
|             INITIALIZING CANDIDATE TREE SET                      |
--------------------------------------------------------------------
Generating 98 parsimony trees... 0.041 second
Computing log-likelihood of 98 initial trees ... 0.020 seconds
Current best score: -1446.004

Do NNI search on 20 best initial trees
Optimizing NNI: done in 0.00176001 secs using 99.09% CPU
Estimate model parameters (epsilon = 0.100)
BETTER TREE FOUND at iteration 1: -1446.004
Optimizing NNI: done in 0.00155306 secs using 99.93% CPU
Optimizing NNI: done in 0.00394106 secs using 99.87% CPU
Optimizing NNI: done in 0.00383306 secs using 100% CPU
Optimizing NNI: done in 0.00364709 secs using 99.97% CPU
Optimizing NNI: done in 0.00377297 secs using 99.87% CPU
Optimizing NNI: done in 0.00265908 secs using 99.96% CPU
Optimizing NNI: done in 0.00265312 secs using 100% CPU
Optimizing NNI: done in 0.00268507 secs using 99.81% CPU
Optimizing NNI: done in 0.00383186 secs using 99.95% CPU
Iteration 10 / LogL: -1446.703 / Time: 0h:0m:54s
Optimizing NNI: done in 0.00269604 secs using 98.96% CPU
Optimizing NNI: done in 0.00260592 secs using 99.96% CPU
Optimizing NNI: done in 0.00375295 secs using 100% CPU
Optimizing NNI: done in 0.00276494 secs using 99.28% CPU
Optimizing NNI: done in 0.00271106 secs using 99.96% CPU
Optimizing NNI: done in 0.00256896 secs using 100% CPU
Optimizing NNI: done in 0.00256109 secs using 100% CPU
Optimizing NNI: done in 0.00257802 secs using 99.77% CPU
Optimizing NNI: done in 0.00262713 secs using 99.96% CPU
Optimizing NNI: done in 0.00269413 secs using 99.96% CPU
Iteration 20 / LogL: -1446.703 / Time: 0h:0m:54s
Finish initializing candidate tree set (20)
Current best tree score: -1446.004 / CPU time: 0.124
Number of iterations: 20
--------------------------------------------------------------------
|               OPTIMIZING CANDIDATE TREE SET                      |
--------------------------------------------------------------------
Optimizing NNI: done in 0.00422502 secs using 99.9% CPU
Optimizing NNI: done in 0.00389409 secs using 99.51% CPU
Optimizing NNI: done in 0.00302196 secs using 99.97% CPU
Optimizing NNI: done in 0.00510097 secs using 99.84% CPU
Optimizing NNI: done in 0.00610018 secs using 99.92% CPU
Optimizing NNI: done in 0.00520492 secs using 99.98% CPU
Optimizing NNI: done in 0.00479293 secs using 99.86% CPU
Optimizing NNI: done in 0.00600791 secs using 99.98% CPU
Optimizing NNI: done in 0.00531411 secs using 99.98% CPU
Optimizing NNI: done in 0.00343418 secs using 99.91% CPU
Iteration 30 / LogL: -1446.011 / Time: 0h:0m:54s (0h:0m:0s left)
Optimizing NNI: done in 0.00454497 secs using 99.98% CPU
Optimizing NNI: done in 0.00367808 secs using 99.89% CPU
Optimizing NNI: done in 0.0044682 secs using 99.95% CPU
Optimizing NNI: done in 0.0050981 secs using 99.61% CPU
Optimizing NNI: done in 0.00455093 secs using 100% CPU
Optimizing NNI: done in 0.00581884 secs using 99.97% CPU
Optimizing NNI: done in 0.00347209 secs using 96.45% CPU
Optimizing NNI: done in 0.00302315 secs using 99.93% CPU
Optimizing NNI: done in 0.00459218 secs using 99.91% CPU
Optimizing NNI: done in 0.004457 secs using 100% CPU
Iteration 40 / LogL: -1449.278 / Time: 0h:0m:54s (0h:0m:0s left)
Optimizing NNI: done in 0.0038681 secs using 99.12% CPU
Optimizing NNI: done in 0.00358105 secs using 99.97% CPU
Optimizing NNI: done in 0.00338387 secs using 99.83% CPU
Optimizing NNI: done in 0.00522208 secs using 99.58% CPU
Optimizing NNI: done in 0.00343108 secs using 99.79% CPU
Optimizing NNI: done in 0.00546503 secs using 99.71% CPU
Optimizing NNI: done in 0.00495696 secs using 99.86% CPU
Optimizing NNI: done in 0.00582194 secs using 99.74% CPU
Optimizing NNI: done in 0.00346303 secs using 99.97% CPU
Optimizing NNI: done in 0.00435519 secs using 99.49% CPU
Iteration 50 / LogL: -1446.707 / Time: 0h:0m:54s (0h:0m:0s left)
Log-likelihood cutoff on original alignment: -1473.198
Optimizing NNI: done in 0.00282717 secs using 99.25% CPU
Optimizing NNI: done in 0.00456095 secs using 99.98% CPU
Optimizing NNI: done in 0.00446415 secs using 100% CPU
Optimizing NNI: done in 0.00481296 secs using 99.88% CPU
Optimizing NNI: done in 0.00618696 secs using 99.94% CPU
Optimizing NNI: done in 0.00333381 secs using 99.98% CPU
Optimizing NNI: done in 0.00350904 secs using 100% CPU
Optimizing NNI: done in 0.00434589 secs using 99.96% CPU
Optimizing NNI: done in 0.00404692 secs using 99.85% CPU
Optimizing NNI: done in 0.00426006 secs using 99.98% CPU
Iteration 60 / LogL: -1446.008 / Time: 0h:0m:54s (0h:0m:0s left)
Optimizing NNI: done in 0.00610209 secs using 99.31% CPU
Optimizing NNI: done in 0.00320506 secs using 99.62% CPU
Optimizing NNI: done in 0.00583696 secs using 99.86% CPU
Optimizing NNI: done in 0.00497818 secs using 99.67% CPU
Optimizing NNI: done in 0.00644684 secs using 99.71% CPU
Optimizing NNI: done in 0.00573802 secs using 99.98% CPU
Optimizing NNI: done in 0.00577283 secs using 99.99% CPU
Optimizing NNI: done in 0.0052371 secs using 99.88% CPU
Optimizing NNI: done in 0.00471902 secs using 99.96% CPU
Optimizing NNI: done in 0.00446701 secs using 99.95% CPU
Iteration 70 / LogL: -1446.008 / Time: 0h:0m:54s (0h:0m:0s left)
Optimizing NNI: done in 0.00340891 secs using 99.83% CPU
Optimizing NNI: done in 0.00430393 secs using 99.86% CPU
Optimizing NNI: done in 0.00510216 secs using 99.88% CPU
Optimizing NNI: done in 0.00378084 secs using 100% CPU
Optimizing NNI: done in 0.00462699 secs using 99.98% CPU
Optimizing NNI: done in 0.00355601 secs using 99.89% CPU
Optimizing NNI: done in 0.00338292 secs using 99.97% CPU
Optimizing NNI: done in 0.00333691 secs using 99.73% CPU
Optimizing NNI: done in 0.00464201 secs using 99.98% CPU
Optimizing NNI: done in 0.00565314 secs using 99.89% CPU
Iteration 80 / LogL: -1446.011 / Time: 0h:0m:54s (0h:0m:0s left)
Optimizing NNI: done in 0.00444794 secs using 99.98% CPU
Optimizing NNI: done in 0.00408983 secs using 99.47% CPU
Optimizing NNI: done in 0.0052371 secs using 99.88% CPU
Optimizing NNI: done in 0.00543189 secs using 99.98% CPU
Optimizing NNI: done in 0.00593305 secs using 99.97% CPU
Optimizing NNI: done in 0.00508714 secs using 99.88% CPU
Optimizing NNI: done in 0.00420809 secs using 99.97% CPU
Optimizing NNI: done in 0.00451517 secs using 99.07% CPU
Optimizing NNI: done in 0.00406289 secs using 99.98% CPU
Optimizing NNI: done in 0.00297785 secs using 99.33% CPU
Iteration 90 / LogL: -1449.276 / Time: 0h:0m:54s (0h:0m:0s left)
Optimizing NNI: done in 0.00559115 secs using 99.96% CPU
Optimizing NNI: done in 0.00541902 secs using 99.5% CPU
Optimizing NNI: done in 0.0050559 secs using 99.8% CPU
Optimizing NNI: done in 0.0036099 secs using 98.48% CPU
Optimizing NNI: done in 0.00631618 secs using 99% CPU
Optimizing NNI: done in 0.00316215 secs using 99.93% CPU
Optimizing NNI: done in 0.00344896 secs using 99.97% CPU
Optimizing NNI: done in 0.00442314 secs using 99.97% CPU
Optimizing NNI: done in 0.00573921 secs using 99.91% CPU
Optimizing NNI: done in 0.00721812 secs using 99.89% CPU
Iteration 100 / LogL: -1446.008 / Time: 0h:0m:54s (0h:0m:0s left)
Log-likelihood cutoff on original alignment: -1473.400
NOTE: Bootstrap correlation coefficient of split occurrence frequencies: 0.968
NOTE: UFBoot does not converge, continue at least 100 more iterations
Optimizing NNI: done in 0.00573492 secs using 99.93% CPU
Optimizing NNI: done in 0.00262904 secs using 99.81% CPU
Optimizing NNI: done in 0.00307488 secs using 99.94% CPU
Optimizing NNI: done in 0.00402403 secs using 99.97% CPU
Optimizing NNI: done in 0.00420499 secs using 99.98% CPU
Optimizing NNI: done in 0.00539708 secs using 99.85% CPU
Optimizing NNI: done in 0.00658607 secs using 99.97% CPU
Optimizing NNI: done in 0.00429487 secs using 99.51% CPU
Optimizing NNI: done in 0.00572896 secs using 99.86% CPU
Optimizing NNI: done in 0.00574803 secs using 99.96% CPU
Iteration 110 / LogL: -1446.010 / Time: 0h:0m:54s (0h:0m:0s left)
Optimizing NNI: done in 0.00647998 secs using 99.97% CPU
Optimizing NNI: done in 0.00403595 secs using 99.75% CPU
Optimizing NNI: done in 0.00583196 secs using 99.83% CPU
Optimizing NNI: done in 0.00499296 secs using 99.98% CPU
Optimizing NNI: done in 0.0044961 secs using 100% CPU
Optimizing NNI: done in 0.00487304 secs using 99.88% CPU
Optimizing NNI: done in 0.00921082 secs using 99.93% CPU
Optimizing NNI: done in 0.00423503 secs using 99.98% CPU
Optimizing NNI: done in 0.00411105 secs using 99.95% CPU
Optimizing NNI: done in 0.00313115 secs using 99.96% CPU
Iteration 120 / LogL: -1446.010 / Time: 0h:0m:54s (0h:0m:0s left)
Optimizing NNI: done in 0.00405216 secs using 100% CPU
Optimizing NNI: done in 0.00491619 secs using 99.87% CPU
Optimizing NNI: done in 0.00333095 secs using 99.91% CPU
Optimizing NNI: done in 0.003263 secs using 99.88% CPU
Optimizing NNI: done in 0.00559902 secs using 99.87% CPU
Optimizing NNI: done in 0.00555682 secs using 99.99% CPU
Optimizing NNI: done in 0.00361991 secs using 99.95% CPU
Optimizing NNI: done in 0.00555706 secs using 99.87% CPU
Optimizing NNI: done in 0.00424695 secs using 99.95% CPU
Optimizing NNI: done in 0.00457382 secs using 99.87% CPU
Iteration 130 / LogL: -1446.012 / Time: 0h:0m:55s (0h:0m:0s left)
Optimizing NNI: done in 0.00477695 secs using 99.88% CPU
Optimizing NNI: done in 0.00543404 secs using 99.98% CPU
Optimizing NNI: done in 0.00349808 secs using 99.97% CPU
Optimizing NNI: done in 0.00669193 secs using 99.88% CPU
Optimizing NNI: done in 0.00205207 secs using 99.95% CPU
Optimizing NNI: done in 0.00403905 secs using 99.83% CPU
Optimizing NNI: done in 0.00281811 secs using 99.93% CPU
Optimizing NNI: done in 0.00350595 secs using 99.86% CPU
Optimizing NNI: done in 0.0047791 secs using 100% CPU
Optimizing NNI: done in 0.00354385 secs using 100% CPU
Iteration 140 / LogL: -1446.008 / Time: 0h:0m:55s (0h:0m:0s left)
Optimizing NNI: done in 0.00594187 secs using 99.93% CPU
Optimizing NNI: done in 0.00360894 secs using 99.97% CPU
Optimizing NNI: done in 0.00577092 secs using 99.98% CPU
Optimizing NNI: done in 0.00677204 secs using 99.9% CPU
Optimizing NNI: done in 0.00588202 secs using 99.83% CPU
Optimizing NNI: done in 0.00405502 secs using 99.97% CPU
Optimizing NNI: done in 0.00673008 secs using 99.98% CPU
Optimizing NNI: done in 0.00424099 secs using 99.84% CPU
Optimizing NNI: done in 0.00553107 secs using 99.85% CPU
Optimizing NNI: done in 0.00482583 secs using 99.9% CPU
Iteration 150 / LogL: -1446.010 / Time: 0h:0m:55s (0h:0m:0s left)
Log-likelihood cutoff on original alignment: -1474.319
Optimizing NNI: done in 0.00506687 secs using 99.84% CPU
Optimizing NNI: done in 0.00435686 secs using 99.96% CPU
Optimizing NNI: done in 0.0031631 secs using 100% CPU
Optimizing NNI: done in 0.00416112 secs using 99.85% CPU
Optimizing NNI: done in 0.00521398 secs using 99.31% CPU
Optimizing NNI: done in 0.00405097 secs using 99.98% CPU
Optimizing NNI: done in 0.00423002 secs using 99.88% CPU
Optimizing NNI: done in 0.00862312 secs using 99.89% CPU
Optimizing NNI: done in 0.0056591 secs using 99.96% CPU
Optimizing NNI: done in 0.00534511 secs using 99.94% CPU
Iteration 160 / LogL: -1454.736 / Time: 0h:0m:55s (0h:0m:0s left)
Optimizing NNI: done in 0.00245285 secs using 98.58% CPU
Optimizing NNI: done in 0.00383782 secs using 99.98% CPU
Optimizing NNI: done in 0.0034709 secs using 100% CPU
Optimizing NNI: done in 0.00480199 secs using 99.94% CPU
Optimizing NNI: done in 0.00428605 secs using 99.98% CPU
Optimizing NNI: done in 0.00536513 secs using 99.92% CPU
Optimizing NNI: done in 0.00549293 secs using 99.84% CPU
Optimizing NNI: done in 0.00536299 secs using 99.96% CPU
Optimizing NNI: done in 0.00350213 secs using 99.97% CPU
Optimizing NNI: done in 0.00435996 secs using 99.82% CPU
Iteration 170 / LogL: -1469.722 / Time: 0h:0m:55s (0h:0m:0s left)
Optimizing NNI: done in 0.00267816 secs using 99.88% CPU
Optimizing NNI: done in 0.00556922 secs using 99.83% CPU
Optimizing NNI: done in 0.00623512 secs using 99.9% CPU
Optimizing NNI: done in 0.00482297 secs using 99.88% CPU
Optimizing NNI: done in 0.00478506 secs using 100% CPU
Optimizing NNI: done in 0.00463009 secs using 99.95% CPU
Optimizing NNI: done in 0.00484705 secs using 99.24% CPU
Optimizing NNI: done in 0.00121117 secs using 99.9% CPU
Optimizing NNI: done in 0.00494599 secs using 99.84% CPU
Optimizing NNI: done in 0.00290799 secs using 100% CPU
Iteration 180 / LogL: -1446.006 / Time: 0h:0m:55s (0h:0m:0s left)
Optimizing NNI: done in 0.00546408 secs using 99.98% CPU
Optimizing NNI: done in 0.00426197 secs using 99.91% CPU
Optimizing NNI: done in 0.00367999 secs using 99.89% CPU
Optimizing NNI: done in 0.00130105 secs using 100% CPU
Optimizing NNI: done in 0.00640297 secs using 99.89% CPU
Optimizing NNI: done in 0.00951481 secs using 80.65% CPU
Optimizing NNI: done in 0.00320792 secs using 99.94% CPU
Optimizing NNI: done in 0.00615406 secs using 99.69% CPU
Optimizing NNI: done in 0.00334907 secs using 99.91% CPU
Optimizing NNI: done in 0.00341606 secs using 99.15% CPU
Iteration 190 / LogL: -1446.007 / Time: 0h:0m:55s (0h:0m:0s left)
Optimizing NNI: done in 0.005481 secs using 99.51% CPU
Optimizing NNI: done in 0.0055759 secs using 99.61% CPU
Optimizing NNI: done in 0.00481486 secs using 99.55% CPU
Optimizing NNI: done in 0.00284696 secs using 98.46% CPU
Optimizing NNI: done in 0.00641298 secs using 99.95% CPU
Optimizing NNI: done in 0.00313997 secs using 99.33% CPU
Optimizing NNI: done in 0.00465608 secs using 99.91% CPU
Optimizing NNI: done in 0.00458097 secs using 98.65% CPU
Optimizing NNI: done in 0.004071 secs using 98.97% CPU
Optimizing NNI: done in 0.00519705 secs using 91.61% CPU
Iteration 200 / LogL: -1446.010 / Time: 0h:0m:55s (0h:0m:0s left)
Log-likelihood cutoff on original alignment: -1474.319
NOTE: Bootstrap correlation coefficient of split occurrence frequencies: 0.969
NOTE: UFBoot does not converge, continue at least 100 more iterations
Optimizing NNI: done in 0.00430799 secs using 84.89% CPU
Optimizing NNI: done in 0.00423002 secs using 90.92% CPU
Optimizing NNI: done in 0.00340891 secs using 99.91% CPU
Optimizing NNI: done in 0.00480199 secs using 99.79% CPU
Optimizing NNI: done in 0.00398803 secs using 98.85% CPU
Optimizing NNI: done in 0.00431991 secs using 99.93% CPU
Optimizing NNI: done in 0.00482297 secs using 99.54% CPU
Optimizing NNI: done in 0.0124421 secs using 45.52% CPU
Optimizing NNI: done in 0.00868392 secs using 64.28% CPU
Optimizing NNI: done in 0.00166202 secs using 99.94% CPU
Iteration 210 / LogL: -1472.736 / Time: 0h:0m:55s (0h:0m:0s left)
Optimizing NNI: done in 0.00547981 secs using 98.12% CPU
Optimizing NNI: done in 0.00345206 secs using 98.52% CPU
Optimizing NNI: done in 0.0047121 secs using 99.66% CPU
Optimizing NNI: done in 0.00387001 secs using 99.84% CPU
Optimizing NNI: done in 0.00349998 secs using 99.83% CPU
Optimizing NNI: done in 0.00353098 secs using 99.97% CPU
Optimizing NNI: done in 0.00497103 secs using 99.32% CPU
Optimizing NNI: done in 0.00323391 secs using 99.94% CPU
Optimizing NNI: done in 0.00653005 secs using 99.97% CPU
Optimizing NNI: done in 0.00352597 secs using 99.01% CPU
Iteration 220 / LogL: -1446.009 / Time: 0h:0m:55s (0h:0m:0s left)
Optimizing NNI: done in 0.00371099 secs using 99.08% CPU
Optimizing NNI: done in 0.004673 secs using 99.42% CPU
Optimizing NNI: done in 0.00299096 secs using 99.97% CPU
Optimizing NNI: done in 0.00331807 secs using 99.06% CPU
Optimizing NNI: done in 0.00468302 secs using 99.7% CPU
Optimizing NNI: done in 0.00580812 secs using 99.96% CPU
Optimizing NNI: done in 0.00465322 secs using 99.61% CPU
Optimizing NNI: done in 0.00390601 secs using 99.46% CPU
Optimizing NNI: done in 0.00437808 secs using 99.95% CPU
Optimizing NNI: done in 0.0035069 secs using 99.66% CPU
Iteration 230 / LogL: -1446.007 / Time: 0h:0m:55s (0h:0m:0s left)
Optimizing NNI: done in 0.0036509 secs using 99.84% CPU
Optimizing NNI: done in 0.00545597 secs using 99.96% CPU
Optimizing NNI: done in 0.00460505 secs using 99.56% CPU
Optimizing NNI: done in 0.00882983 secs using 99.59% CPU
Optimizing NNI: done in 0.003088 secs using 98.8% CPU
Optimizing NNI: done in 0.00400281 secs using 99.63% CPU
Optimizing NNI: done in 0.00685406 secs using 99.72% CPU
Optimizing NNI: done in 0.00349307 secs using 99.05% CPU
Optimizing NNI: done in 0.00413013 secs using 99.88% CPU
Optimizing NNI: done in 0.00539923 secs using 98.55% CPU
Iteration 240 / LogL: -1446.708 / Time: 0h:0m:55s (0h:0m:0s left)
Optimizing NNI: done in 0.00286102 secs using 99.75% CPU
Optimizing NNI: done in 0.0033989 secs using 99.94% CPU
Optimizing NNI: done in 0.00338888 secs using 99.8% CPU
Optimizing NNI: done in 0.00744891 secs using 99.96% CPU
Optimizing NNI: done in 0.00553417 secs using 99.91% CPU
Optimizing NNI: done in 0.00482106 secs using 99.85% CPU
Optimizing NNI: done in 0.00277615 secs using 99.99% CPU
Optimizing NNI: done in 0.00376701 secs using 100% CPU
Optimizing NNI: done in 0.00590396 secs using 99.85% CPU
Optimizing NNI: done in 0.00461102 secs using 99.85% CPU
Iteration 250 / LogL: -1446.008 / Time: 0h:0m:55s (0h:0m:0s left)
Log-likelihood cutoff on original alignment: -1473.581
Optimizing NNI: done in 0.00485897 secs using 99.94% CPU
Optimizing NNI: done in 0.00338292 secs using 99.97% CPU
Optimizing NNI: done in 0.00477505 secs using 99.87% CPU
Optimizing NNI: done in 0.00483704 secs using 99.88% CPU
Optimizing NNI: done in 0.00562406 secs using 99.98% CPU
Optimizing NNI: done in 0.00439286 secs using 99.98% CPU
Optimizing NNI: done in 0.00585914 secs using 99.96% CPU
Optimizing NNI: done in 0.00469208 secs using 99.87% CPU
Optimizing NNI: done in 0.00441504 secs using 99.84% CPU
Optimizing NNI: done in 0.00324392 secs using 99.97% CPU
Iteration 260 / LogL: -1448.912 / Time: 0h:0m:56s (0h:0m:0s left)
Optimizing NNI: done in 0.00580192 secs using 99.98% CPU
Optimizing NNI: done in 0.00427198 secs using 99.95% CPU
Optimizing NNI: done in 0.00616097 secs using 99.89% CPU
Optimizing NNI: done in 0.00370598 secs using 99.81% CPU
Optimizing NNI: done in 0.00575185 secs using 99.97% CPU
Optimizing NNI: done in 0.00390601 secs using 99.97% CPU
Optimizing NNI: done in 0.00638604 secs using 99.89% CPU
Optimizing NNI: done in 0.00486302 secs using 99.92% CPU
Optimizing NNI: done in 0.00581884 secs using 99.95% CPU
Optimizing NNI: done in 0.00332594 secs using 99.97% CPU
Iteration 270 / LogL: -1446.006 / Time: 0h:0m:56s (0h:0m:0s left)
Optimizing NNI: done in 0.00275612 secs using 99.92% CPU
Optimizing NNI: done in 0.00436091 secs using 99.91% CPU
Optimizing NNI: done in 0.00532699 secs using 99.93% CPU
Optimizing NNI: done in 0.00335407 secs using 99.97% CPU
Optimizing NNI: done in 0.00576401 secs using 99.98% CPU
Optimizing NNI: done in 0.00446701 secs using 99.98% CPU
Optimizing NNI: done in 0.0045681 secs using 99.87% CPU
Optimizing NNI: done in 0.00404811 secs using 99.85% CPU
Optimizing NNI: done in 0.00376296 secs using 99.97% CPU
Optimizing NNI: done in 0.00468802 secs using 99.96% CPU
Iteration 280 / LogL: -1446.008 / Time: 0h:0m:56s (0h:0m:0s left)
Optimizing NNI: done in 0.00392199 secs using 99.87% CPU
Optimizing NNI: done in 0.00315905 secs using 99.97% CPU
Optimizing NNI: done in 0.00430298 secs using 99.95% CPU
Optimizing NNI: done in 0.00556588 secs using 99.91% CPU
Optimizing NNI: done in 0.00375485 secs using 99.87% CPU
Optimizing NNI: done in 0.00606608 secs using 99.65% CPU
Optimizing NNI: done in 0.00385499 secs using 97.48% CPU
Optimizing NNI: done in 0.00496697 secs using 99.96% CPU
Optimizing NNI: done in 0.00181603 secs using 99.94% CPU
Optimizing NNI: done in 0.00312519 secs using 99.93% CPU
Iteration 290 / LogL: -1446.007 / Time: 0h:0m:56s (0h:0m:0s left)
Optimizing NNI: done in 0.00337911 secs using 99.88% CPU
Optimizing NNI: done in 0.0056529 secs using 99.88% CPU
Optimizing NNI: done in 0.00471592 secs using 99.87% CPU
Optimizing NNI: done in 0.00473404 secs using 99.87% CPU
Optimizing NNI: done in 0.00346279 secs using 100% CPU
Optimizing NNI: done in 0.00437188 secs using 99.96% CPU
Optimizing NNI: done in 0.00405383 secs using 99.81% CPU
Optimizing NNI: done in 0.00539708 secs using 99.89% CPU
Optimizing NNI: done in 0.00710106 secs using 99.9% CPU
Optimizing NNI: done in 0.00410485 secs using 99.98% CPU
Iteration 300 / LogL: -1446.007 / Time: 0h:0m:56s (0h:0m:0s left)
Log-likelihood cutoff on original alignment: -1473.581
NOTE: Bootstrap correlation coefficient of split occurrence frequencies: 0.960
NOTE: UFBoot does not converge, continue at least 100 more iterations
Optimizing NNI: done in 0.004179 secs using 99.78% CPU
Optimizing NNI: done in 0.0036819 secs using 99.84% CPU
Optimizing NNI: done in 0.00356889 secs using 99.98% CPU
Optimizing NNI: done in 0.00442696 secs using 99.98% CPU
Optimizing NNI: done in 0.00385904 secs using 99.97% CPU
Optimizing NNI: done in 0.0056479 secs using 99.93% CPU
Optimizing NNI: done in 0.00352812 secs using 99.83% CPU
Optimizing NNI: done in 0.00468707 secs using 99.98% CPU
Optimizing NNI: done in 0.00363922 secs using 99.94% CPU
Optimizing NNI: done in 0.00411582 secs using 99.91% CPU
Iteration 310 / LogL: -1464.179 / Time: 0h:0m:56s (0h:0m:0s left)
Optimizing NNI: done in 0.00284982 secs using 99.8% CPU
Optimizing NNI: done in 0.00336599 secs using 99.97% CPU
Optimizing NNI: done in 0.0028739 secs using 99.97% CPU
Optimizing NNI: done in 0.0043571 secs using 99.84% CPU
Optimizing NNI: done in 0.00701213 secs using 99.81% CPU
Optimizing NNI: done in 0.00567007 secs using 99.88% CPU
Optimizing NNI: done in 0.00311303 secs using 99.97% CPU
Optimizing NNI: done in 0.00361109 secs using 99.97% CPU
Optimizing NNI: done in 0.00520992 secs using 99.89% CPU
Optimizing NNI: done in 0.00423002 secs using 99.86% CPU
Iteration 320 / LogL: -1456.120 / Time: 0h:0m:56s (0h:0m:0s left)
Optimizing NNI: done in 0.00363708 secs using 99.97% CPU
Optimizing NNI: done in 0.00279713 secs using 99.96% CPU
Optimizing NNI: done in 0.00597095 secs using 99.9% CPU
Optimizing NNI: done in 0.00438905 secs using 99.86% CPU
Optimizing NNI: done in 0.00522089 secs using 99.93% CPU
Optimizing NNI: done in 0.00459099 secs using 99.91% CPU
Optimizing NNI: done in 0.00426507 secs using 99.95% CPU
Optimizing NNI: done in 0.00654197 secs using 99.99% CPU
Optimizing NNI: done in 0.00460911 secs using 99.95% CPU
Optimizing NNI: done in 0.00447202 secs using 99.98% CPU
Iteration 330 / LogL: -1446.009 / Time: 0h:0m:56s (0h:0m:0s left)
Optimizing NNI: done in 0.00410604 secs using 99.85% CPU
Optimizing NNI: done in 0.00748491 secs using 99.95% CPU
Optimizing NNI: done in 0.00592613 secs using 99.88% CPU
Optimizing NNI: done in 0.00346494 secs using 99.83% CPU
Optimizing NNI: done in 0.00461698 secs using 99.96% CPU
Optimizing NNI: done in 0.00665402 secs using 99.83% CPU
Optimizing NNI: done in 0.00415707 secs using 99.97% CPU
Optimizing NNI: done in 0.00392795 secs using 99.98% CPU
Optimizing NNI: done in 0.00488901 secs using 99.88% CPU
Optimizing NNI: done in 0.00454402 secs using 99.85% CPU
Iteration 340 / LogL: -1446.007 / Time: 0h:0m:56s (0h:0m:0s left)
Optimizing NNI: done in 0.00564885 secs using 99.97% CPU
Optimizing NNI: done in 0.00579596 secs using 99.5% CPU
Optimizing NNI: done in 0.00332999 secs using 99.7% CPU
Optimizing NNI: done in 0.00533009 secs using 99.81% CPU
Optimizing NNI: done in 0.00475407 secs using 99.79% CPU
Optimizing NNI: done in 0.00541019 secs using 99.2% CPU
Optimizing NNI: done in 0.00555992 secs using 99.59% CPU
Optimizing NNI: done in 0.00353289 secs using 99.89% CPU
Optimizing NNI: done in 0.00437498 secs using 99.91% CPU
Optimizing NNI: done in 0.00485396 secs using 99.96% CPU
Iteration 350 / LogL: -1446.011 / Time: 0h:0m:56s (0h:0m:0s left)
Log-likelihood cutoff on original alignment: -1473.581
Optimizing NNI: done in 0.00430393 secs using 99.79% CPU
Optimizing NNI: done in 0.00525999 secs using 99.91% CPU
Optimizing NNI: done in 0.00347614 secs using 99.88% CPU
Optimizing NNI: done in 0.00303817 secs using 99.99% CPU
Optimizing NNI: done in 0.003263 secs using 99.85% CPU
Optimizing NNI: done in 0.00495291 secs using 99.86% CPU
Optimizing NNI: done in 0.00492692 secs using 99.96% CPU
Optimizing NNI: done in 0.0033772 secs using 99.25% CPU
Optimizing NNI: done in 0.00490999 secs using 99.88% CPU
Optimizing NNI: done in 0.00526404 secs using 99.87% CPU
Iteration 360 / LogL: -1446.706 / Time: 0h:0m:56s (0h:0m:0s left)
Optimizing NNI: done in 0.00524497 secs using 99.89% CPU
Optimizing NNI: done in 0.00567293 secs using 99.88% CPU
Optimizing NNI: done in 0.00611711 secs using 99.9% CPU
Optimizing NNI: done in 0.00484395 secs using 99.88% CPU
Optimizing NNI: done in 0.00457311 secs using 99.95% CPU
Optimizing NNI: done in 0.00516891 secs using 99.98% CPU
Optimizing NNI: done in 0.00774598 secs using 99.88% CPU
Optimizing NNI: done in 0.00467014 secs using 99.95% CPU
Optimizing NNI: done in 0.00481081 secs using 99.98% CPU
Optimizing NNI: done in 0.00458002 secs using 100% CPU
Iteration 370 / LogL: -1454.908 / Time: 0h:0m:57s (0h:0m:0s left)
Optimizing NNI: done in 0.00395608 secs using 99.95% CPU
Optimizing NNI: done in 0.00311089 secs using 99.78% CPU
Optimizing NNI: done in 0.00594592 secs using 99.88% CPU
Optimizing NNI: done in 0.00385618 secs using 99.97% CPU
Optimizing NNI: done in 0.00366402 secs using 99.97% CPU
Optimizing NNI: done in 0.00359297 secs using 99.97% CPU
Optimizing NNI: done in 0.00445604 secs using 99.91% CPU
Optimizing NNI: done in 0.00515103 secs using 99.96% CPU
Optimizing NNI: done in 0.00336885 secs using 99.92% CPU
Optimizing NNI: done in 0.00357413 secs using 99.88% CPU
Iteration 380 / LogL: -1446.007 / Time: 0h:0m:57s (0h:0m:0s left)
Optimizing NNI: done in 0.00510812 secs using 99.92% CPU
Optimizing NNI: done in 0.0031631 secs using 100% CPU
Optimizing NNI: done in 0.0047102 secs using 99.89% CPU
Optimizing NNI: done in 0.00447202 secs using 99.82% CPU
Optimizing NNI: done in 0.002455 secs using 99.96% CPU
Optimizing NNI: done in 0.00499296 secs using 99.98% CPU
Optimizing NNI: done in 0.00415206 secs using 99.95% CPU
Optimizing NNI: done in 0.00276089 secs using 99.75% CPU
Optimizing NNI: done in 0.00664711 secs using 99.91% CPU
Optimizing NNI: done in 0.00485396 secs using 99.88% CPU
Iteration 390 / LogL: -1446.009 / Time: 0h:0m:57s (0h:0m:0s left)
Optimizing NNI: done in 0.00372005 secs using 99.97% CPU
Optimizing NNI: done in 0.00334692 secs using 99.88% CPU
Optimizing NNI: done in 0.00299096 secs using 99.93% CPU
Optimizing NNI: done in 0.00458813 secs using 99.84% CPU
Optimizing NNI: done in 0.005193 secs using 99.83% CPU
Optimizing NNI: done in 0.00563312 secs using 99.93% CPU
Optimizing NNI: done in 0.00337481 secs using 100% CPU
Optimizing NNI: done in 0.00458384 secs using 99.89% CPU
Optimizing NNI: done in 0.00577807 secs using 99.96% CPU
Optimizing NNI: done in 0.00393081 secs using 99.95% CPU
Iteration 400 / LogL: -1449.275 / Time: 0h:0m:57s (0h:0m:0s left)
Log-likelihood cutoff on original alignment: -1473.581
NOTE: Bootstrap correlation coefficient of split occurrence frequencies: 0.973
NOTE: UFBoot does not converge, continue at least 100 more iterations
Optimizing NNI: done in 0.00577593 secs using 99.74% CPU
Optimizing NNI: done in 0.00462389 secs using 99.83% CPU
Optimizing NNI: done in 0.00573683 secs using 99.74% CPU
Optimizing NNI: done in 0.00324392 secs using 99.82% CPU
Optimizing NNI: done in 0.00309801 secs using 99.97% CPU
Optimizing NNI: done in 0.00548792 secs using 99.89% CPU
Optimizing NNI: done in 0.00440407 secs using 99.98% CPU
Optimizing NNI: done in 0.00454593 secs using 99.96% CPU
Optimizing NNI: done in 0.00537801 secs using 99.96% CPU
Optimizing NNI: done in 0.00600815 secs using 99.96% CPU
Iteration 410 / LogL: -1446.010 / Time: 0h:0m:57s (0h:0m:0s left)
Optimizing NNI: done in 0.00412798 secs using 99.98% CPU
Optimizing NNI: done in 0.00547218 secs using 99.96% CPU
Optimizing NNI: done in 0.00572395 secs using 100% CPU
Optimizing NNI: done in 0.00604701 secs using 99.97% CPU
Optimizing NNI: done in 0.00329399 secs using 99.97% CPU
Optimizing NNI: done in 0.00454688 secs using 99.98% CPU
Optimizing NNI: done in 0.00419807 secs using 99.88% CPU
Optimizing NNI: done in 0.00438786 secs using 99.78% CPU
Optimizing NNI: done in 0.00346804 secs using 99.8% CPU
Optimizing NNI: done in 0.0055511 secs using 99.87% CPU
Iteration 420 / LogL: -1446.008 / Time: 0h:0m:57s (0h:0m:0s left)
Optimizing NNI: done in 0.00358701 secs using 99.97% CPU
Optimizing NNI: done in 0.00443983 secs using 99.98% CPU
Optimizing NNI: done in 0.00675797 secs using 99.99% CPU
Optimizing NNI: done in 0.00317216 secs using 99.99% CPU
Optimizing NNI: done in 0.00528598 secs using 99.94% CPU
Optimizing NNI: done in 0.00565195 secs using 99.97% CPU
Optimizing NNI: done in 0.00504518 secs using 99.92% CPU
Optimizing NNI: done in 0.00584698 secs using 99.97% CPU
Optimizing NNI: done in 0.00330806 secs using 99.97% CPU
Optimizing NNI: done in 0.00566292 secs using 99.88% CPU
Iteration 430 / LogL: -1446.013 / Time: 0h:0m:57s (0h:0m:0s left)
Optimizing NNI: done in 0.00447106 secs using 99.86% CPU
Optimizing NNI: done in 0.00535393 secs using 99.89% CPU
Optimizing NNI: done in 0.00409603 secs using 99.95% CPU
Optimizing NNI: done in 0.00559688 secs using 99.84% CPU
Optimizing NNI: done in 0.00547004 secs using 99.8% CPU
Optimizing NNI: done in 0.006001 secs using 99.9% CPU
Optimizing NNI: done in 0.00663996 secs using 99.4% CPU
Optimizing NNI: done in 0.00564289 secs using 99.88% CPU
Optimizing NNI: done in 0.00445604 secs using 99.8% CPU
Optimizing NNI: done in 0.00463414 secs using 99.85% CPU
Iteration 440 / LogL: -1446.009 / Time: 0h:0m:57s (0h:0m:0s left)
Optimizing NNI: done in 0.00423789 secs using 99.79% CPU
Optimizing NNI: done in 0.00510001 secs using 99.9% CPU
Optimizing NNI: done in 0.00610995 secs using 99.9% CPU
Optimizing NNI: done in 0.00459194 secs using 99.85% CPU
Optimizing NNI: done in 0.00443506 secs using 99.95% CPU
Optimizing NNI: done in 0.00455785 secs using 99.92% CPU
Optimizing NNI: done in 0.00350118 secs using 99.97% CPU
Optimizing NNI: done in 0.00339699 secs using 99.97% CPU
Optimizing NNI: done in 0.00585914 secs using 99.88% CPU
Optimizing NNI: done in 0.00514293 secs using 99.44% CPU
Iteration 450 / LogL: -1446.010 / Time: 0h:0m:57s (0h:0m:0s left)
Log-likelihood cutoff on original alignment: -1473.581
Optimizing NNI: done in 0.0070591 secs using 99.91% CPU
Optimizing NNI: done in 0.00489402 secs using 99.96% CPU
Optimizing NNI: done in 0.00385618 secs using 98.54% CPU
Optimizing NNI: done in 0.00285292 secs using 99.93% CPU
Optimizing NNI: done in 0.00543022 secs using 99.9% CPU
Optimizing NNI: done in 0.00331998 secs using 99.52% CPU
Optimizing NNI: done in 0.00319409 secs using 99.12% CPU
Optimizing NNI: done in 0.00482821 secs using 99.93% CPU
Optimizing NNI: done in 0.00325799 secs using 99.94% CPU
Optimizing NNI: done in 0.00604296 secs using 99.87% CPU
Iteration 460 / LogL: -1446.013 / Time: 0h:0m:57s (0h:0m:0s left)
Optimizing NNI: done in 0.003649 secs using 99.92% CPU
Optimizing NNI: done in 0.00331402 secs using 99.85% CPU
Optimizing NNI: done in 0.004354 secs using 99.91% CPU
Optimizing NNI: done in 0.0032959 secs using 99.97% CPU
Optimizing NNI: done in 0.00452304 secs using 99.95% CPU
Optimizing NNI: done in 0.00346184 secs using 99.98% CPU
Optimizing NNI: done in 0.00406003 secs using 99.97% CPU
Optimizing NNI: done in 0.00633001 secs using 99.98% CPU
Optimizing NNI: done in 0.0055511 secs using 99.98% CPU
Optimizing NNI: done in 0.00510693 secs using 99.98% CPU
Iteration 470 / LogL: -1446.009 / Time: 0h:0m:57s (0h:0m:0s left)
Optimizing NNI: done in 0.0052371 secs using 99.96% CPU
Optimizing NNI: done in 0.00447989 secs using 99.91% CPU
Optimizing NNI: done in 0.00384903 secs using 99.95% CPU
Optimizing NNI: done in 0.00671291 secs using 99.97% CPU
Optimizing NNI: done in 0.00418496 secs using 99.98% CPU
Optimizing NNI: done in 0.00487113 secs using 99.98% CPU
Optimizing NNI: done in 0.00286889 secs using 99.97% CPU
Optimizing NNI: done in 0.00342488 secs using 99.86% CPU
Optimizing NNI: done in 0.00364804 secs using 99.86% CPU
Optimizing NNI: done in 0.00195813 secs using 99.99% CPU
Iteration 480 / LogL: -1464.197 / Time: 0h:0m:58s (0h:0m:0s left)
Optimizing NNI: done in 0.00352407 secs using 99.97% CPU
Optimizing NNI: done in 0.0063889 secs using 99.99% CPU
Optimizing NNI: done in 0.00457811 secs using 99.95% CPU
Optimizing NNI: done in 0.00550604 secs using 99.96% CPU
Optimizing NNI: done in 0.00317407 secs using 99.93% CPU
Optimizing NNI: done in 0.00747108 secs using 99.99% CPU
Optimizing NNI: done in 0.00497603 secs using 99.98% CPU
Optimizing NNI: done in 0.00401497 secs using 99.95% CPU
Optimizing NNI: done in 0.00477219 secs using 99.98% CPU
Optimizing NNI: done in 0.00395989 secs using 99.93% CPU
Iteration 490 / LogL: -1448.913 / Time: 0h:0m:58s (0h:0m:0s left)
Optimizing NNI: done in 0.00204706 secs using 99.95% CPU
Optimizing NNI: done in 0.00590491 secs using 99.95% CPU
Optimizing NNI: done in 0.00434589 secs using 99.93% CPU
Optimizing NNI: done in 0.00193191 secs using 99.85% CPU
Optimizing NNI: done in 0.00356507 secs using 99.91% CPU
Optimizing NNI: done in 0.00635791 secs using 99.92% CPU
Optimizing NNI: done in 0.00345683 secs using 99.98% CPU
Optimizing NNI: done in 0.00360584 secs using 99.87% CPU
Optimizing NNI: done in 0.00551796 secs using 99.98% CPU
Optimizing NNI: done in 0.00439191 secs using 99.43% CPU
Iteration 500 / LogL: -1446.009 / Time: 0h:0m:58s (0h:0m:0s left)
Log-likelihood cutoff on original alignment: -1473.581
NOTE: Bootstrap correlation coefficient of split occurrence frequencies: 0.983
NOTE: UFBoot does not converge, continue at least 100 more iterations
Optimizing NNI: done in 0.00402403 secs using 99.88% CPU
Optimizing NNI: done in 0.00487995 secs using 99.96% CPU
Optimizing NNI: done in 0.00454903 secs using 99.85% CPU
Optimizing NNI: done in 0.003124 secs using 99.94% CPU
Optimizing NNI: done in 0.00539589 secs using 99.93% CPU
Optimizing NNI: done in 0.00397706 secs using 99.9% CPU
Optimizing NNI: done in 0.00967908 secs using 99.94% CPU
Optimizing NNI: done in 0.00456214 secs using 99.89% CPU
Optimizing NNI: done in 0.00369096 secs using 99.87% CPU
Optimizing NNI: done in 0.00349998 secs using 99.83% CPU
Iteration 510 / LogL: -1450.292 / Time: 0h:0m:58s (0h:0m:0s left)
Optimizing NNI: done in 0.00557208 secs using 99.91% CPU
Optimizing NNI: done in 0.00399399 secs using 99.8% CPU
Optimizing NNI: done in 0.0040009 secs using 99.83% CPU
Optimizing NNI: done in 0.00346613 secs using 99.88% CPU
Optimizing NNI: done in 0.00567698 secs using 99.91% CPU
Optimizing NNI: done in 0.00604105 secs using 99.92% CPU
Optimizing NNI: done in 0.00462914 secs using 99.89% CPU
Optimizing NNI: done in 0.00322008 secs using 99.84% CPU
Optimizing NNI: done in 0.00213599 secs using 99.95% CPU
Optimizing NNI: done in 0.00275111 secs using 99.96% CPU
Iteration 520 / LogL: -1474.931 / Time: 0h:0m:58s (0h:0m:0s left)
Optimizing NNI: done in 0.00405598 secs using 99.95% CPU
Optimizing NNI: done in 0.00212216 secs using 99.99% CPU
Optimizing NNI: done in 0.00486898 secs using 99.88% CPU
Optimizing NNI: done in 0.003335 secs using 99.88% CPU
Optimizing NNI: done in 0.00437212 secs using 99.84% CPU
Optimizing NNI: done in 0.00260496 secs using 99.81% CPU
Optimizing NNI: done in 0.00435996 secs using 99.89% CPU
Optimizing NNI: done in 0.00176191 secs using 100% CPU
Optimizing NNI: done in 0.00445294 secs using 99.96% CPU
Optimizing NNI: done in 0.00593209 secs using 99.96% CPU
Iteration 530 / LogL: -1446.008 / Time: 0h:0m:58s (0h:0m:0s left)
Optimizing NNI: done in 0.00463295 secs using 99.98% CPU
Optimizing NNI: done in 0.00540614 secs using 99.92% CPU
Optimizing NNI: done in 0.00570607 secs using 99.95% CPU
Optimizing NNI: done in 0.00594807 secs using 99.91% CPU
Optimizing NNI: done in 0.00505304 secs using 99.9% CPU
Optimizing NNI: done in 0.00486612 secs using 99.87% CPU
Optimizing NNI: done in 0.00312901 secs using 99.87% CPU
Optimizing NNI: done in 0.00471401 secs using 99.81% CPU
Optimizing NNI: done in 0.00438595 secs using 99.8% CPU
Optimizing NNI: done in 0.00589705 secs using 99.81% CPU
Iteration 540 / LogL: -1446.009 / Time: 0h:0m:58s (0h:0m:0s left)
Optimizing NNI: done in 0.00336409 secs using 99.85% CPU
Optimizing NNI: done in 0.00475287 secs using 99.86% CPU
Optimizing NNI: done in 0.00542498 secs using 99.93% CPU
Optimizing NNI: done in 0.00445294 secs using 99.84% CPU
Optimizing NNI: done in 0.003757 secs using 99.87% CPU
Optimizing NNI: done in 0.00495696 secs using 99.8% CPU
Optimizing NNI: done in 0.00546885 secs using 99.91% CPU
Optimizing NNI: done in 0.00534201 secs using 99.01% CPU
Optimizing NNI: done in 0.0058589 secs using 99.87% CPU
Optimizing NNI: done in 0.00318789 secs using 99.97% CPU
Iteration 550 / LogL: -1446.011 / Time: 0h:0m:58s (0h:0m:0s left)
Log-likelihood cutoff on original alignment: -1473.581
Optimizing NNI: done in 0.00378203 secs using 97.94% CPU
Optimizing NNI: done in 0.004632 secs using 99.5% CPU
Optimizing NNI: done in 0.00427699 secs using 99.86% CPU
Optimizing NNI: done in 0.00412488 secs using 99.95% CPU
Optimizing NNI: done in 0.00426078 secs using 99.98% CPU
Optimizing NNI: done in 0.00684905 secs using 99.97% CPU
Optimizing NNI: done in 0.00721502 secs using 99.86% CPU
Optimizing NNI: done in 0.00385404 secs using 99.87% CPU
Optimizing NNI: done in 0.00584888 secs using 99.92% CPU
Optimizing NNI: done in 0.0053668 secs using 99.91% CPU
Iteration 560 / LogL: -1446.704 / Time: 0h:0m:58s (0h:0m:0s left)
Optimizing NNI: done in 0.00511003 secs using 99.96% CPU
Optimizing NNI: done in 0.0033679 secs using 99.97% CPU
Optimizing NNI: done in 0.00285697 secs using 99.93% CPU
Optimizing NNI: done in 0.00481701 secs using 99.58% CPU
Optimizing NNI: done in 0.00525308 secs using 99.96% CPU
Optimizing NNI: done in 0.00572395 secs using 99.95% CPU
Optimizing NNI: done in 0.00515509 secs using 99.98% CPU
Optimizing NNI: done in 0.00289607 secs using 99.96% CPU
Optimizing NNI: done in 0.00461602 secs using 99.98% CPU
Optimizing NNI: done in 0.00421786 secs using 99.55% CPU
Iteration 570 / LogL: -1446.007 / Time: 0h:0m:59s (0h:0m:0s left)
Optimizing NNI: done in 0.006428 secs using 99.91% CPU
Optimizing NNI: done in 0.00141001 secs using 99.86% CPU
Optimizing NNI: done in 0.00507712 secs using 99.96% CPU
Optimizing NNI: done in 0.00348282 secs using 99.98% CPU
Optimizing NNI: done in 0.00191212 secs using 99.94% CPU
Optimizing NNI: done in 0.00650406 secs using 99.97% CPU
Optimizing NNI: done in 0.00347614 secs using 99.97% CPU
Optimizing NNI: done in 0.00593996 secs using 99.93% CPU
Optimizing NNI: done in 0.00489092 secs using 99.84% CPU
Optimizing NNI: done in 0.00352097 secs using 99.75% CPU
Iteration 580 / LogL: -1448.914 / Time: 0h:0m:59s (0h:0m:0s left)
Optimizing NNI: done in 0.00472617 secs using 99.87% CPU
Optimizing NNI: done in 0.0046792 secs using 99.87% CPU
Optimizing NNI: done in 0.00421906 secs using 99.86% CPU
Optimizing NNI: done in 0.00477219 secs using 99.85% CPU
Optimizing NNI: done in 0.00433207 secs using 99.91% CPU
Optimizing NNI: done in 0.00620198 secs using 99.9% CPU
Optimizing NNI: done in 0.0056541 secs using 99.72% CPU
Optimizing NNI: done in 0.00431991 secs using 99.54% CPU
Optimizing NNI: done in 0.00639486 secs using 99.05% CPU
Optimizing NNI: done in 0.00681806 secs using 99.59% CPU
Iteration 590 / LogL: -1446.008 / Time: 0h:0m:59s (0h:0m:0s left)
Optimizing NNI: done in 0.00580502 secs using 99.84% CPU
Optimizing NNI: done in 0.00553322 secs using 99.15% CPU
Optimizing NNI: done in 0.006073 secs using 99.87% CPU
Optimizing NNI: done in 0.00505495 secs using 99.63% CPU
Optimizing NNI: done in 0.00344896 secs using 99.8% CPU
Optimizing NNI: done in 0.00591993 secs using 99.93% CPU
Optimizing NNI: done in 0.00358915 secs using 99.94% CPU
Optimizing NNI: done in 0.00435305 secs using 99.91% CPU
Optimizing NNI: done in 0.00431895 secs using 99.98% CPU
Optimizing NNI: done in 0.00526786 secs using 99.96% CPU
Iteration 600 / LogL: -1446.009 / Time: 0h:0m:59s (0h:0m:0s left)
Log-likelihood cutoff on original alignment: -1474.046
NOTE: Bootstrap correlation coefficient of split occurrence frequencies: 0.987
NOTE: UFBoot does not converge, continue at least 100 more iterations
Optimizing NNI: done in 0.00596499 secs using 99.9% CPU
Optimizing NNI: done in 0.00676513 secs using 99.87% CPU
Optimizing NNI: done in 0.00476193 secs using 99.9% CPU
Optimizing NNI: done in 0.00481606 secs using 99.9% CPU
Optimizing NNI: done in 0.005404 secs using 99.91% CPU
Optimizing NNI: done in 0.00475693 secs using 99.92% CPU
Optimizing NNI: done in 0.00316 secs using 99.87% CPU
Optimizing NNI: done in 0.00218296 secs using 99.96% CPU
Optimizing NNI: done in 0.00450897 secs using 99.98% CPU
Optimizing NNI: done in 0.00438499 secs using 99.98% CPU
Iteration 610 / LogL: -1446.008 / Time: 0h:0m:59s (0h:0m:0s left)
Optimizing NNI: done in 0.00335002 secs using 100% CPU
Optimizing NNI: done in 0.00357699 secs using 99.97% CPU
Optimizing NNI: done in 0.00460505 secs using 99.96% CPU
Optimizing NNI: done in 0.00349808 secs using 99.97% CPU
Optimizing NNI: done in 0.00448895 secs using 99.98% CPU
Optimizing NNI: done in 0.00504518 secs using 99.96% CPU
Optimizing NNI: done in 0.00330901 secs using 99.94% CPU
Optimizing NNI: done in 0.00504613 secs using 99.88% CPU
Optimizing NNI: done in 0.0069139 secs using 99.93% CPU
Optimizing NNI: done in 0.00453711 secs using 99.98% CPU
Iteration 620 / LogL: -1446.011 / Time: 0h:0m:59s (0h:0m:0s left)
Optimizing NNI: done in 0.00216389 secs using 99.96% CPU
Optimizing NNI: done in 0.00434613 secs using 99.88% CPU
Optimizing NNI: done in 0.00463891 secs using 99.98% CPU
Optimizing NNI: done in 0.00327992 secs using 100% CPU
Optimizing NNI: done in 0.00344181 secs using 99.83% CPU
Optimizing NNI: done in 0.00326204 secs using 99.94% CPU
Optimizing NNI: done in 0.00596714 secs using 99.9% CPU
Optimizing NNI: done in 0.00503993 secs using 99.9% CPU
Optimizing NNI: done in 0.00465918 secs using 99.89% CPU
Optimizing NNI: done in 0.00553179 secs using 99.99% CPU
Iteration 630 / LogL: -1446.010 / Time: 0h:0m:59s (0h:0m:0s left)
Optimizing NNI: done in 0.00433493 secs using 99.98% CPU
Optimizing NNI: done in 0.00443697 secs using 99.96% CPU
Optimizing NNI: done in 0.00679708 secs using 99.88% CPU
Optimizing NNI: done in 0.00301695 secs using 99.97% CPU
Optimizing NNI: done in 0.00426507 secs using 99.04% CPU
Optimizing NNI: done in 0.00317407 secs using 99.93% CPU
Optimizing NNI: done in 0.00427008 secs using 98.69% CPU
Optimizing NNI: done in 0.00396204 secs using 99.9% CPU
Optimizing NNI: done in 0.00454092 secs using 99.96% CPU
Optimizing NNI: done in 0.00425792 secs using 99.98% CPU
Iteration 640 / LogL: -1446.007 / Time: 0h:0m:59s (0h:0m:0s left)
Optimizing NNI: done in 0.00462508 secs using 99.98% CPU
Optimizing NNI: done in 0.00332189 secs using 99.46% CPU
Optimizing NNI: done in 0.0048461 secs using 99.89% CPU
Optimizing NNI: done in 0.00363708 secs using 99.83% CPU
Optimizing NNI: done in 0.00390291 secs using 99.82% CPU
Optimizing NNI: done in 0.00616312 secs using 99.9% CPU
Optimizing NNI: done in 0.00513792 secs using 99.96% CPU
Optimizing NNI: done in 0.00384402 secs using 99.82% CPU
Optimizing NNI: done in 0.00320888 secs using 100% CPU
Optimizing NNI: done in 0.00632715 secs using 99.97% CPU
Iteration 650 / LogL: -1446.005 / Time: 0h:0m:59s (0h:0m:0s left)
Log-likelihood cutoff on original alignment: -1474.821
Optimizing NNI: done in 0.00411391 secs using 99.81% CPU
Optimizing NNI: done in 0.00678897 secs using 99.9% CPU
Optimizing NNI: done in 0.00461698 secs using 99.91% CPU
Optimizing NNI: done in 0.00370002 secs using 99.84% CPU
Optimizing NNI: done in 0.0057528 secs using 99.92% CPU
Optimizing NNI: done in 0.00413203 secs using 99.98% CPU
Optimizing NNI: done in 0.00653791 secs using 99.91% CPU
Optimizing NNI: done in 0.00588584 secs using 99.87% CPU
Optimizing NNI: done in 0.00234795 secs using 99.7% CPU
Optimizing NNI: done in 0.00447702 secs using 99.78% CPU
Iteration 660 / LogL: -1446.007 / Time: 0h:1m:0s (0h:0m:0s left)
Optimizing NNI: done in 0.00535798 secs using 99.98% CPU
Optimizing NNI: done in 0.00337291 secs using 100% CPU
Optimizing NNI: done in 0.00291705 secs using 99.93% CPU
Optimizing NNI: done in 0.00397515 secs using 100% CPU
Optimizing NNI: done in 0.00419903 secs using 99.95% CPU
Optimizing NNI: done in 0.00412202 secs using 99.95% CPU
Optimizing NNI: done in 0.00276399 secs using 99.96% CPU
Optimizing NNI: done in 0.00374579 secs using 99.95% CPU
Optimizing NNI: done in 0.00482106 secs using 99.83% CPU
Optimizing NNI: done in 0.00607085 secs using 99.89% CPU
Iteration 670 / LogL: -1446.010 / Time: 0h:1m:0s (0h:0m:0s left)
Optimizing NNI: done in 0.00313401 secs using 100% CPU
Optimizing NNI: done in 0.00289893 secs using 99.97% CPU
Optimizing NNI: done in 0.00402308 secs using 99.95% CPU
Optimizing NNI: done in 0.00483608 secs using 99.92% CPU
Optimizing NNI: done in 0.00386786 secs using 99.87% CPU
Optimizing NNI: done in 0.00395823 secs using 99.94% CPU
Optimizing NNI: done in 0.00400519 secs using 99.97% CPU
Optimizing NNI: done in 0.00511909 secs using 99.37% CPU
Optimizing NNI: done in 0.00720406 secs using 99.92% CPU
Optimizing NNI: done in 0.005934 secs using 99.93% CPU
Iteration 680 / LogL: -1460.279 / Time: 0h:1m:0s (0h:0m:0s left)
Optimizing NNI: done in 0.00547099 secs using 99.98% CPU
Optimizing NNI: done in 0.00355411 secs using 99.97% CPU
Optimizing NNI: done in 0.0056591 secs using 99.95% CPU
Optimizing NNI: done in 0.00464702 secs using 99.87% CPU
Optimizing NNI: done in 0.00416207 secs using 99.97% CPU
Optimizing NNI: done in 0.00450611 secs using 99.95% CPU
Optimizing NNI: done in 0.00338292 secs using 99.97% CPU
Optimizing NNI: done in 0.00385904 secs using 99.97% CPU
Optimizing NNI: done in 0.00426316 secs using 99.95% CPU
Optimizing NNI: done in 0.00453091 secs using 99.96% CPU
Iteration 690 / LogL: -1446.007 / Time: 0h:1m:0s (0h:0m:0s left)
Optimizing NNI: done in 0.00440097 secs using 99.98% CPU
Optimizing NNI: done in 0.00581312 secs using 99.89% CPU
Optimizing NNI: done in 0.00413609 secs using 99.8% CPU
Optimizing NNI: done in 0.00263619 secs using 99.99% CPU
BETTER TREE FOUND at iteration 694: -1446.004
Optimizing NNI: done in 0.00482011 secs using 99.98% CPU
Optimizing NNI: done in 0.00562406 secs using 99.93% CPU
Optimizing NNI: done in 0.00435805 secs using 99.98% CPU
Optimizing NNI: done in 0.00338888 secs using 100% CPU
Optimizing NNI: done in 0.00494099 secs using 99.9% CPU
Optimizing NNI: done in 0.00491619 secs using 99.83% CPU
Iteration 700 / LogL: -1446.008 / Time: 0h:1m:0s (0h:0m:0s left)
Log-likelihood cutoff on original alignment: -1473.972
NOTE: Bootstrap correlation coefficient of split occurrence frequencies: 0.993
Optimizing NNI: done in 0.00515819 secs using 99.67% CPU
Optimizing NNI: done in 0.00320792 secs using 99.91% CPU
Optimizing NNI: done in 0.00456119 secs using 99.91% CPU
Optimizing NNI: done in 0.00582194 secs using 99.67% CPU
Optimizing NNI: done in 0.00420594 secs using 99.95% CPU
Optimizing NNI: done in 0.00478005 secs using 99.85% CPU
Optimizing NNI: done in 0.00481796 secs using 99.88% CPU
Optimizing NNI: done in 0.0057199 secs using 99.93% CPU
Optimizing NNI: done in 0.00262094 secs using 99.85% CPU
Optimizing NNI: done in 0.00474906 secs using 99.96% CPU
Iteration 710 / LogL: -1446.008 / Time: 0h:1m:0s (0h:0m:0s left)
Optimizing NNI: done in 0.00285292 secs using 99.97% CPU
Optimizing NNI: done in 0.00412107 secs using 99.97% CPU
Optimizing NNI: done in 0.0046711 secs using 99.85% CPU
Optimizing NNI: done in 0.00451994 secs using 99.8% CPU
Optimizing NNI: done in 0.00443602 secs using 99.95% CPU
Optimizing NNI: done in 0.00335097 secs using 99.73% CPU
Optimizing NNI: done in 0.00326204 secs using 99.69% CPU
Optimizing NNI: done in 0.00320005 secs using 99.12% CPU
Optimizing NNI: done in 0.00228214 secs using 99.86% CPU
Optimizing NNI: done in 0.0061841 secs using 99.42% CPU
Iteration 720 / LogL: -1446.011 / Time: 0h:1m:0s (0h:0m:0s left)
Optimizing NNI: done in 0.00468111 secs using 99.91% CPU
Optimizing NNI: done in 0.00433898 secs using 99.95% CPU
Optimizing NNI: done in 0.00626612 secs using 99.9% CPU
Optimizing NNI: done in 0.00197411 secs using 99.44% CPU
Optimizing NNI: done in 0.00427794 secs using 99.16% CPU
Optimizing NNI: done in 0.00282502 secs using 99.72% CPU
Optimizing NNI: done in 0.00515699 secs using 99.77% CPU
Optimizing NNI: done in 0.00685 secs using 99.33% CPU
Optimizing NNI: done in 0.00448489 secs using 99.56% CPU
Optimizing NNI: done in 0.00678682 secs using 99.66% CPU
Iteration 730 / LogL: -1446.011 / Time: 0h:1m:0s (0h:0m:0s left)
Optimizing NNI: done in 0.00789595 secs using 99.95% CPU
Optimizing NNI: done in 0.00442386 secs using 99.94% CPU
Optimizing NNI: done in 0.00397801 secs using 99.72% CPU
Optimizing NNI: done in 0.00315213 secs using 99.71% CPU
Optimizing NNI: done in 0.00515485 secs using 99.93% CPU
Optimizing NNI: done in 0.00344086 secs using 99.98% CPU
Optimizing NNI: done in 0.00339794 secs using 99.97% CPU
Optimizing NNI: done in 0.00635719 secs using 99.82% CPU
Optimizing NNI: done in 0.00447607 secs using 99.93% CPU
Optimizing NNI: done in 0.00578499 secs using 99.84% CPU
Iteration 740 / LogL: -1446.010 / Time: 0h:1m:1s (0h:0m:0s left)
Optimizing NNI: done in 0.00469518 secs using 99.85% CPU
Optimizing NNI: done in 0.00565195 secs using 99.98% CPU
Optimizing NNI: done in 0.00483394 secs using 99.88% CPU
Optimizing NNI: done in 0.00457406 secs using 99.87% CPU
Optimizing NNI: done in 0.00404286 secs using 99.95% CPU
Optimizing NNI: done in 0.00441813 secs using 99.57% CPU
Optimizing NNI: done in 0.00370693 secs using 98.9% CPU
Optimizing NNI: done in 0.005512 secs using 99.84% CPU
Optimizing NNI: done in 0.00689816 secs using 99.91% CPU
Optimizing NNI: done in 0.00473404 secs using 99.96% CPU
Iteration 750 / LogL: -1446.009 / Time: 0h:1m:1s (0h:0m:0s left)
Log-likelihood cutoff on original alignment: -1473.972
Optimizing NNI: done in 0.00489902 secs using 99.96% CPU
Optimizing NNI: done in 0.00479507 secs using 99.81% CPU
Optimizing NNI: done in 0.00468278 secs using 99.88% CPU
Optimizing NNI: done in 0.00475693 secs using 99.98% CPU
Optimizing NNI: done in 0.0045979 secs using 99.96% CPU
Optimizing NNI: done in 0.0026648 secs using 100% CPU
Optimizing NNI: done in 0.00428009 secs using 99.95% CPU
Optimizing NNI: done in 0.00493789 secs using 99.54% CPU
Optimizing NNI: done in 0.006459 secs using 99.35% CPU
Optimizing NNI: done in 0.00511098 secs using 99.86% CPU
Iteration 760 / LogL: -1448.915 / Time: 0h:1m:1s (0h:0m:0s left)
Optimizing NNI: done in 0.00548291 secs using 99.82% CPU
Optimizing NNI: done in 0.00392199 secs using 99.97% CPU
Optimizing NNI: done in 0.00574899 secs using 99.91% CPU
Optimizing NNI: done in 0.00415707 secs using 99.81% CPU
Optimizing NNI: done in 0.00360489 secs using 99.75% CPU
Optimizing NNI: done in 0.00458598 secs using 99.98% CPU
Optimizing NNI: done in 0.00317287 secs using 99.97% CPU
Optimizing NNI: done in 0.00480413 secs using 99.96% CPU
Optimizing NNI: done in 0.00433707 secs using 99.74% CPU
Optimizing NNI: done in 0.00396705 secs using 99.82% CPU
Iteration 770 / LogL: -1474.848 / Time: 0h:1m:1s (0h:0m:0s left)
Optimizing NNI: done in 0.00331497 secs using 99.97% CPU
Optimizing NNI: done in 0.00432801 secs using 99.98% CPU
Optimizing NNI: done in 0.0100491 secs using 99.92% CPU
Optimizing NNI: done in 0.005512 secs using 99.98% CPU
Optimizing NNI: done in 0.0061729 secs using 99.89% CPU
Optimizing NNI: done in 0.0058341 secs using 99.9% CPU
Optimizing NNI: done in 0.00291896 secs using 99.93% CPU
Optimizing NNI: done in 0.00389791 secs using 99.95% CPU
Optimizing NNI: done in 0.00646281 secs using 99.93% CPU
Optimizing NNI: done in 0.00577998 secs using 99.93% CPU
Iteration 780 / LogL: -1446.010 / Time: 0h:1m:1s (0h:0m:0s left)
Optimizing NNI: done in 0.00667596 secs using 99.85% CPU
Optimizing NNI: done in 0.00537801 secs using 99.87% CPU
Optimizing NNI: done in 0.00487709 secs using 99.96% CPU
Optimizing NNI: done in 0.00545597 secs using 99.87% CPU
Optimizing NNI: done in 0.00485015 secs using 99.81% CPU
Optimizing NNI: done in 0.00594497 secs using 99.97% CPU
Optimizing NNI: done in 0.00591779 secs using 99.94% CPU
Optimizing NNI: done in 0.00545216 secs using 99.89% CPU
Optimizing NNI: done in 0.00513196 secs using 99.96% CPU
Optimizing NNI: done in 0.005723 secs using 99.93% CPU
Iteration 790 / LogL: -1446.010 / Time: 0h:1m:1s (0h:0m:0s left)
Optimizing NNI: done in 0.00550795 secs using 99.91% CPU
Optimizing NNI: done in 0.00529408 secs using 99.92% CPU
Optimizing NNI: done in 0.00440383 secs using 99.96% CPU
Optimizing NNI: done in 0.00478411 secs using 99.85% CPU
Optimizing NNI: done in 0.00621486 secs using 99.97% CPU
TREE SEARCH COMPLETED AFTER 795 ITERATIONS / Time: 0h:1m:1s

--------------------------------------------------------------------
|                    FINALIZING TREE SEARCH                        |
--------------------------------------------------------------------
Performs final model parameters optimization
Estimate model parameters (epsilon = 0.010)
1. Initial log-likelihood: -1446.004
Optimal log-likelihood: -1446.004
Rate parameters:  A-C: 1.00000  A-G: 5.45727  A-T: 1.00000  C-G: 1.00000  C-T: 10.76444  G-T: 1.00000
Base frequencies:  A: 0.250  C: 0.250  G: 0.250  T: 0.250
Proportion of invariable sites: 0.774
Parameters optimization took 1 rounds (0.000 sec)
BEST SCORE FOUND : -1446.004
Creating bootstrap support values...
Split supports printed to NEXUS file results/Primate_BTG1/Primate_BTG1.RD.SA.codons.cln.fa.splits.nex
Total tree length: 0.109

Total number of iterations: 795
CPU time used for tree search: 7.533 sec (0h:0m:7s)
Wall-clock time used for tree search: 7.609 sec (0h:0m:7s)
Total CPU time used: 40.781 sec (0h:0m:40s)
Total wall-clock time used: 61.831 sec (0h:1m:1s)

Computing bootstrap consensus tree...
Reading input file results/Primate_BTG1/Primate_BTG1.RD.SA.codons.cln.fa.splits.nex...
26 taxa and 632 splits.
Consensus tree written to results/Primate_BTG1/Primate_BTG1.RD.SA.codons.cln.fa.contree
Reading input trees file results/Primate_BTG1/Primate_BTG1.RD.SA.codons.cln.fa.contree
Log-likelihood of consensus tree: -1446.016

Analysis results written to: 
  IQ-TREE report:                results/Primate_BTG1/Primate_BTG1.RD.SA.codons.cln.fa.iqtree
  Maximum-likelihood tree:       results/Primate_BTG1/Primate_BTG1.RD.SA.codons.cln.fa.treefile
  Likelihood distances:          results/Primate_BTG1/Primate_BTG1.RD.SA.codons.cln.fa.mldist

Ultrafast bootstrap approximation results written to:
  Split support values:          results/Primate_BTG1/Primate_BTG1.RD.SA.codons.cln.fa.splits.nex
  Consensus tree:                results/Primate_BTG1/Primate_BTG1.RD.SA.codons.cln.fa.contree
  Screen log file:               results/Primate_BTG1/Primate_BTG1.RD.SA.codons.cln.fa.log

Date and Time: Fri Dec 26 13:24:42 2025
