FastTree Version 2.1.11 Double precision (No SSE3), OpenMP (1 threads)
Alignment: results/Primate_TP53/Primate_TP53.2.codon.fas
Nucleotide distances: Jukes-Cantor Joins: balanced Support: SH-like 1000
Search: Normal +NNI +SPR (2 rounds range 10) +ML-NNI opt-each=1
TopHits: 1.00*sqrtN close=default refresh=0.80
ML Model: Generalized Time-Reversible, CAT approximation with 20 rate categories
Initial topology in 0.00 seconds
Refining topology: 18 rounds ME-NNIs, 2 rounds ME-SPRs, 9 rounds ML-NNIs
Total branch-length 2.444 after 0.01 sec
ML-NNI round 1: LogLk = -758.061 NNIs 3 max delta 0.00 Time 0.01
GTR Frequencies: 0.2896 0.2811 0.2446 0.1846
GTR rates(ac ag at cg ct gt) 1.0217 1.3764 0.9664 0.9692 1.3660 1.0000
Switched to using 20 rate categories (CAT approximation)
Rate categories were divided by 0.688 so that average rate = 1.0
CAT-based log-likelihoods may not be comparable across runs
Use -gamma for approximate but comparable Gamma(20) log-likelihoods
ML-NNI round 2: LogLk = -714.610 NNIs 1 max delta 0.00 Time 0.03
Turning off heuristics for final round of ML NNIs (converged)
ML-NNI round 3: LogLk = -714.608 NNIs 1 max delta 0.00 Time 0.04 (final)
Optimize all lengths: LogLk = -714.607 Time 0.04
Total time: 0.05 seconds Unique: 23/34 Bad splits: 0/20
