
Analysis Description
--------------------
BUSTED (branch-site unrestricted statistical test of episodic
diversification) uses a random effects branch-site model fitted jointly
initial search phase to use adaptive Nedler-Mead. Version 3.0 implements
the option for branch-site variation in synonymous substitution rates.
Version 3.1 adds HMM auto-correlation option for SRV, and binds SRV
distributions for multiple branch sets. Version 4.0 adds support for
multiple hits (MH), ancestral state reconstruction saved to JSON, and
profiling of branch-site level support for selection / multiple hits.
Version 4.2 adds calculation of MH-attributable fractions of
substitutions. Version 4.5 adds an 'error absorption' component Version
4.6 adds support for MSS-type models 
to all or a subset of tree branches in order to test for alignment-wide
evidence of episodic diversifying selection. Assuming there is evidence
of positive selection (i.e. there is an omega > 1), BUSTED will also
perform a quick evidence-ratio style analysis to explore which
individual sites may have been subject to selection. v2.0 adds support
for synonymous rate variation, and relaxes the test statistic to 0.5
(chi^2_0 + chi^2_2). Version 2.1 adds a grid search for the initial
starting point. Version 2.2 changes the grid search to LHC, and adds an

- __Requirements__: in-frame codon alignment and a phylogenetic tree (optionally annotated
with {})

- __Citation__: *Gene-wide identification of episodic selection*, Mol Biol Evol.
32(5):1365-71, *Synonymous Site-to-Site Substitution Rate Variation
Dramatically Inflates False Positive Rates of Selection Analyses: Ignore
at Your Own Peril*, Mol Biol Evol. 37(8):2430-2439

- __Written by__: Sergei L Kosakovsky Pond

- __Contact Information__: spond@temple.edu

- __Analysis Version__: 4.6


>code => Universal

-------
>[WARNING]
'/Users/alex/Documents/AOC-dev/results/Primate_BTG1/Primate_BTG1.2.codon.fas'
contains 18 duplicate sequences. Identical sequences do not contribute
any information to the analysis and only slow down computation. Please
consider removing duplicate or 'nearly' duplicate sequences, e.g. using
https://github.com/veg/hyphy-analyses/tree/master/remove-duplicates
prior to running selection analyses
-------
/Users/alex/Documents/AOC-dev/results/Primate_BTG1/Primate_BTG1.2.codon.fas.FastTree.treefile
results/Primate_BTG1/Primate_BTG1.2.codon.fas.FastTree.treefile

>Loaded a multiple sequence alignment with **26** sequences, **19** codons, and **1** partitions from `/Users/alex/Documents/AOC-dev/results/Primate_BTG1/Primate_BTG1.2.codon.fas`

>branches => All

>srv => Yes
The number omega rate classes to include in the model (permissible range = [1,10], default value = 3, integer): 
>rates => 3

>multiple-hits => None

>mss => No
The number alpha rate classes to include in the model [1-10, default 3] (permissible range = [1,10], default value = 3, integer): 
>syn-rates => 3

>error-sink => No
The number of points in the initial distributional guess for likelihood fitting (permissible range = [1,10000], default value = 250, integer): 
>grid-size => 250
The number of initial random guesses to 'seed' rate values optimization (permissible range = [1,25], default value = 1, integer): 
>starting-points => 25


### Branches to test for selection in the BUSTED analysis
* Selected 35 branches to test in the BUSTED analysis: `XM_003783357_2_PREDICTED_Otolemur_garnettii_BTG_anti_proliferation_factor_1_BTG1_mRNA, XM_053582943_1_PREDICTED_Nycticebus_coucang_BTG_anti_proliferation_factor_1_BTG1_mRNA, Node1, NM_001266672_1_Macaca_mulatta_BTG_anti_proliferation_factor_1_BTG1_mRNA, XM_050750080_1_PREDICTED_Macaca_thibetana_thibetana_BTG_anti_proliferation_factor_1_BTG1_mRNA, XM_011933701_1_PREDICTED_Colobus_angolensis_palliatus_B_cell_translocation_gene_1_anti_proliferative_BTG1_mRNA, Node5, XM_033221091_1_PREDICTED_Trachypithecus_francoisi_BTG_anti_proliferation_factor_1_BTG1_mRNA, Node4, XM_055237919_2_PREDICTED_Symphalangus_syndactylus_BTG_anti_proliferation_factor_1_BTG1_mRNA, XM_032297546_1_PREDICTED_Sapajus_apella_BTG_anti_proliferation_factor_1_BTG1_mRNA, XM_032170892_2_PREDICTED_Hylobates_moloch_BTG_anti_proliferation_factor_1_BTG1_mRNA, XM_025400855_1_PREDICTED_Theropithecus_gelada_BTG_anti_proliferation_factor_1_BTG1_mRNA, XM_002752814_4_PREDICTED_Callithrix_jacchus_BTG_anti_proliferation_factor_1_BTG1_mRNA, XM_012469349_2_PREDICTED_Aotus_nancymaae_BTG_anti_proliferation_factor_1_BTG1_mRNA, XM_012031683_1_PREDICTED_Cercocebus_atys_B_cell_translocation_gene_1_anti_proliferative_BTG1_mRNA, XM_010383938_2_PREDICTED_Rhinopithecus_roxellana_BTG_anti_proliferation_factor_1_BTG1_mRNA, XM_008004234_3_PREDICTED_Chlorocebus_sabaeus_BTG_anti_proliferation_factor_1_BTG1_mRNA, XM_019038967_4_PREDICTED_Gorilla_gorilla_gorilla_BTG_anti_proliferation_factor_1_BTG1_mRNA, XM_003927879_4_PREDICTED_Saimiri_boliviensis_BTG_anti_proliferation_factor_1_BTG1_mRNA, XM_003906945_4_PREDICTED_Papio_anubis_BTG_anti_proliferation_factor_1_BTG1_mRNA, XM_023223561_1_PREDICTED_Piliocolobus_tephrosceles_BTG_anti_proliferation_factor_1_BTG1_mRNA, Node11, XM_069489666_1_PREDICTED_Eulemur_rufifrons_BTG_anti_proliferation_factor_1_BTG1_mRNA, XM_045553258_1_PREDICTED_Lemur_catta_BTG_anti_proliferation_factor_1_BTG1_mRNA, XM_012775241_1_PREDICTED_Microcebus_murinus_BTG_anti_proliferation_factor_1_BTG1_mRNA, XM_012664017_1_PREDICTED_Propithecus_coquereli_B_cell_translocation_gene_1_anti_proliferative_BTG1_mRNA, Node27, XM_054444125_2_PREDICTED_Pongo_pygmaeus_BTG_anti_proliferation_factor_1_BTG1_mRNA, XM_002823578_4_PREDICTED_Pongo_abelii_BTG_anti_proliferation_factor_1_BTG1_mRNA, Node32, Node26, NM_001731_3_Homo_sapiens_BTG_anti_proliferation_factor_1_BTG1_mRNA, Node25, Node10`


### Obtaining branch lengths and nucleotide substitution biases under the nucleotide GTR model

>kill-zero-lengths => Yes

### Deleted 5 zero-length internal branches: `Node10, Node11, Node25, Node27, Node4`
* Log(L) =  -114.70, AIC-c =   318.04 (43 estimated parameters)
* 1 partition. Total tree length by partition (subs/site)  0.125

### Obtaining the global omega estimate based on relative GTR branch lengths and nucleotide substitution biases
* Log(L) =  -102.77, AIC-c =   304.78 (45 estimated parameters)
* 1 partition. Total tree length by partition (subs/site)  0.153
* non-synonymous/synonymous rate ratio for *test* =   0.0000

### Improving branch lengths, nucleotide substitution biases, and global dN/dS ratios under a full codon model
* Log(L) =   -99.77, AIC-c =   298.78 (45 estimated parameters)
* non-synonymous/synonymous rate ratio for *test* =   0.0000

### Performing the full (dN/dS > 1 allowed) branch-site model fit
* Log(L) =   -96.82, AIC-c =   315.17 (54 estimated parameters)
* For *test* branches, the following rate distribution for branch-site combinations was inferred

|          Selection mode           |     dN/dS     |Proportion, %|               Notes               |
|-----------------------------------|---------------|-------------|-----------------------------------|
|        Negative selection         |     0.000     |    3.797    |                                   |
|        Negative selection         |     0.000     |   96.203    |       Collapsed rate class        |
|      Diversifying selection       |     1.004     |    0.000    |       Not supported by data       |

* The following rate distribution for site-to-site **synonymous** rate variation was inferred

|               Rate                | Proportion, % |               Notes               |
|-----------------------------------|---------------|-----------------------------------|
|               0.000               |    72.655     |                                   |
|               0.602               |     0.000     |       Not supported by data       |
|               3.657               |    27.345     |                                   |


### No evidence for episodic diversifying positive selection under the unconstrained model, skipping constrained model fitting
----
## Branch-site unrestricted statistical test of episodic diversification [BUSTED]
Likelihood ratio test for episodic diversifying positive selection, **p =   0.5000**.


