FastTree Version 2.1.11 Double precision (No SSE3), OpenMP (1 threads)
Alignment: results/Primate_REM2/Primate_REM2.2.codon.fas
Nucleotide distances: Jukes-Cantor Joins: balanced Support: SH-like 1000
Search: Normal +NNI +SPR (2 rounds range 10) +ML-NNI opt-each=1
TopHits: 1.00*sqrtN close=default refresh=0.80
ML Model: Generalized Time-Reversible, CAT approximation with 20 rate categories
Initial topology in 0.00 seconds
Refining topology: 20 rounds ME-NNIs, 2 rounds ME-SPRs, 10 rounds ML-NNIs
Total branch-length 0.400 after 0.02 sec
ML-NNI round 1: LogLk = -1682.201 NNIs 2 max delta 2.74 Time 0.04
GTR Frequencies: 0.2400 0.2663 0.3029 0.1907
GTR rates(ac ag at cg ct gt) 1.0996 3.8669 0.4018 1.1168 7.7940 1.0000
Switched to using 20 rate categories (CAT approximation)
Rate categories were divided by 0.725 so that average rate = 1.0
CAT-based log-likelihoods may not be comparable across runs
Use -gamma for approximate but comparable Gamma(20) log-likelihoods
ML-NNI round 2: LogLk = -1544.340 NNIs 1 max delta 1.26 Time 0.11
      0.11 seconds: ML NNI round 3 of 10, 1 of 29 splits
ML-NNI round 3: LogLk = -1544.340 NNIs 0 max delta 0.00 Time 0.12
Turning off heuristics for final round of ML NNIs (converged)
ML-NNI round 4: LogLk = -1544.340 NNIs 0 max delta 0.00 Time 0.14 (final)
Optimize all lengths: LogLk = -1544.340 Time 0.15
Total time: 0.18 seconds Unique: 31/35 Bad splits: 0/28
