IQ-TREE version 3.0.1 for MacOS ARM 64-bit built Jul  9 2025
Developed by Bui Quang Minh, Thomas Wong, Nhan Ly-Trong, Huaiyan Ren
Contributed by Lam-Tung Nguyen, Dominik Schrempf, Chris Bielow,
Olga Chernomor, Michael Woodhams, Diep Thi Hoang, Heiko Schmidt

Host:    Alexs-MacBook-Pro-2.local (SSE4.2, 16 GB RAM)
Command: iqtree -s results/Primate_TP53/Primate_TP53.RD.SA.codons.cln.fa -T AUTO -B 1000 --redo-tree
Seed:    202625 (Using SPRNG - Scalable Parallel Random Number Generator)
Time:    Fri Dec 26 13:23:03 2025
Kernel:  SSE2 - auto-detect threads (10 CPU cores detected)

Reading alignment file results/Primate_TP53/Primate_TP53.RD.SA.codons.cln.fa ... Fasta format detected
Reading fasta file: done in 0.000675917 secs using 88.77% CPU
Alignment most likely contains DNA/RNA sequences
Constructing alignment: done in 0.000797033 secs using 64.11% CPU
Alignment has 34 sequences with 1773 columns, 435 distinct patterns
305 parsimony-informative, 187 singleton sites, 1281 constant sites
                                                                                                            Gap/Ambiguity  Composition  p-value
Analyzing sequences: done in 1.90735e-05 secs using 94.37% CPU
   1  NM_000546_6_Homo_sapiens_tumor_protein_p53_TP53_transcript_variant_1_mRNA                                    33.50%    passed     97.65%
   2  XM_063700589_1_PREDICTED_Gorilla_gorilla_gorilla_tumor_protein_p53_TP53_transcript_variant_X1_mRNA           30.96%    passed     98.12%
   3  XM_030800485_1_PREDICTED_Nomascus_leucogenys_tumor_protein_p53_TP53_mRNA                                     33.50%    passed     98.83%
   4  XM_055256596_2_PREDICTED_Symphalangus_syndactylus_tumor_protein_p53_TP53_transcript_variant_X1_mRNA          33.50%    passed     97.80%
   5  XM_032139337_3_PREDICTED_Hylobates_moloch_tumor_protein_p53_TP53_mRNA                                        33.50%    passed     98.03%
   6  XM_002826974_6_PREDICTED_Pongo_abelii_tumor_protein_p53_TP53_mRNA                                            33.50%    passed     96.61%
   7  XM_054457336_2_PREDICTED_Pongo_pygmaeus_tumor_protein_p53_TP53_mRNA                                          33.50%    passed     97.89%
   8  XM_016931470_3_PREDICTED_Pan_troglodytes_tumor_protein_p53_TP53_transcript_variant_X1_mRNA                   30.46%    passed     95.63%
   9  XM_057300362_2_PREDICTED_Pan_paniscus_tumor_protein_p53_TP53_transcript_variant_X1_mRNA                      30.46%    passed     96.74%
  10  NM_001047151_2_Macaca_mulatta_tumor_protein_p53_TP53_mRNA                                                    33.50%    passed     95.77%
  11  XM_003912272_5_PREDICTED_Papio_anubis_tumor_protein_p53_TP53_mRNA                                            33.50%    passed     95.23%
  12  XM_011994540_1_PREDICTED_Mandrillus_leucophaeus_tumor_protein_p53_TP53_transcript_variant_X1_mRNA            33.50%    passed     95.68%
  13  XM_050765346_1_PREDICTED_Macaca_thibetana_thibetana_tumor_protein_p53_TP53_transcript_variant_X1_mRNA        17.09%    passed     55.67%
  14  XM_012052423_1_PREDICTED_Cercocebus_atys_tumor_protein_p53_TP53_transcript_variant_X1_mRNA                   33.50%    passed     96.89%
  15  XM_025363515_1_PREDICTED_Theropithecus_gelada_tumor_protein_p53_TP53_transcript_variant_X1_mRNA              33.33%    passed     93.10%
  16  XM_010362387_1_PREDICTED_Rhinopithecus_roxellana_tumor_protein_p53_TP53_mRNA                                 33.50%    passed     99.87%
  17  XM_033184717_1_PREDICTED_Trachypithecus_francoisi_tumor_protein_p53_TP53_transcript_variant_X1_mRNA          33.50%    passed     99.10%
  18  XM_017850544_1_PREDICTED_Rhinopithecus_bieti_tumor_protein_p53_TP53_transcript_variant_X1_mRNA               30.29%    passed     97.53%
  19  XM_071082299_1_PREDICTED_Macaca_nemestrina_tumor_protein_p53_LOC105473688_mRNA                               33.50%    passed     96.10%
  20  XM_023193314_2_PREDICTED_Piliocolobus_tephrosceles_tumor_protein_p53_TP53_transcript_variant_X1_mRNA         33.50%    passed     94.45%
  21  XM_011958558_1_PREDICTED_Colobus_angolensis_palliatus_tumor_protein_p53_TP53_transcript_variant_X1_mRNA      33.50%    passed     96.83%
  22  XM_008010192_2_PREDICTED_Chlorocebus_sabaeus_tumor_protein_p53_TP53_transcript_variant_X1_mRNA               30.46%    passed     97.66%
  23  XM_002747948_5_PREDICTED_Callithrix_jacchus_tumor_protein_p53_TP53_transcript_variant_X1_mRNA                33.16%    passed     95.47%
  24  XM_032280430_1_PREDICTED_Sapajus_apella_tumor_protein_p53_TP53_transcript_variant_X1_mRNA                    30.29%    passed     99.22%
  25  XM_017531594_2_PREDICTED_Cebus_imitator_tumor_protein_p53_TP53_transcript_variant_X1_mRNA                    33.16%    passed     99.46%
  26  XM_039476036_1_PREDICTED_Saimiri_boliviensis_boliviensis_tumor_protein_p53_TP53_transcript_variant_X1_mRNA   29.61%    passed     84.15%
  27  XM_064378361_1_PREDICTED_Aotus_nancymaae_tumor_protein_p53_TP53_transcript_variant_X1_mRNA                   23.52%    passed      5.32%
  28  XM_008062341_2_PREDICTED_Carlito_syrichta_tumor_protein_p53_TP53_mRNA                                        34.35%    passed     91.28%
  29  XM_012776058_2_PREDICTED_Microcebus_murinus_tumor_protein_p53_TP53_transcript_variant_X1_mRNA                34.86%    passed     91.46%
  30  XM_045570131_1_PREDICTED_Lemur_catta_tumor_protein_p53_TP53_mRNA                                             34.86%    passed     96.83%
  31  XM_069482023_1_PREDICTED_Eulemur_rufifrons_tumor_protein_p53_TP53_transcript_variant_X1_mRNA                 35.03%    passed     77.25%
  32  XM_012655616_1_PREDICTED_Propithecus_coquereli_tumor_protein_p53_TP53_mRNA                                   34.86%    passed     97.00%
  33  XM_053569948_1_PREDICTED_Nycticebus_coucang_tumor_protein_p53_TP53_transcript_variant_X1_mRNA                33.84%    passed     15.46%
  34  XM_012806041_2_PREDICTED_Otolemur_garnettii_tumor_protein_p53_TP53_mRNA                                      34.01%    passed     12.31%
****  TOTAL                                                                                                        32.27%  0 sequences failed composition chi2 test (p-value<5%; df=3)
Checking for duplicate sequences: done in 5.6982e-05 secs using 78.97% CPU


Create initial parsimony tree by phylogenetic likelihood library (PLL)... 0.001 seconds
Measuring multi-threading efficiency up to 10 CPU cores
Increase to 10 rounds for branch lengths
526 trees examined
Threads: 1 / Time: 10.008 sec / Speedup: 1.000 / Efficiency: 100% / LogL: -10130
Threads: 2 / Time: 18.402 sec / Speedup: 0.544 / Efficiency: 27% / LogL: -10130
Determining AUTO threadcount: done in 28.4116 secs using 84.48% CPU
BEST NUMBER OF THREADS: 1

Perform fast likelihood tree search using GTR+I+G model...
Estimate model parameters (epsilon = 5.000)
Perform nearest neighbor interchange...
Optimizing NNI: done in 0.0127921 secs using 98.72% CPU
Estimate model parameters (epsilon = 1.000)
1. Initial log-likelihood: -7053.284
Optimal log-likelihood: -7053.202
Rate parameters:  A-C: 1.42197  A-G: 4.22117  A-T: 1.31184  C-G: 1.12324  C-T: 4.82353  G-T: 1.00000
Base frequencies:  A: 0.236  C: 0.306  G: 0.257  T: 0.201
Proportion of invariable sites: 0.340
Gamma shape alpha: 1.535
Parameters optimization took 1 rounds (0.010 sec)
Time for fast ML tree search: 0.100 seconds

NOTE: ModelFinder requires 6 MB RAM!
ModelFinder will test up to 968 DNA models (sample size: 1773 epsilon: 0.100) ...
 No. Model         -LnL         df  AIC          AICc         BIC
  1  JC            7335.570     65  14801.139    14806.166    15157.367
  2  JC+I          7233.593     66  14599.185    14604.369    14960.893
  3  JC+G4         7215.811     66  14563.622    14568.806    14925.330
  4  JC+I+G4       7216.784     67  14567.568    14572.912    14934.757
  5  JC+R2         7213.849     67  14561.699    14567.043    14928.887
  6  JC+R3         7212.618     69  14563.235    14568.908    14941.385
 14  JC+I+R2       7211.449     68  14558.899    14564.406    14931.568
 15  JC+I+R3       7210.499     70  14560.998    14566.838    14944.628
 25  JC+G4         7215.811     66  14563.622    14568.806    14925.330
 26  JC+I+G4       7216.784     67  14567.568    14572.912    14934.757
 27  JC+R2         7213.849     67  14561.699    14567.043    14928.887
 36  JC+I+R2       7211.449     68  14558.899    14564.406    14931.568
 47  F81+G4        7215.810     66  14563.620    14568.804    14925.328
 48  F81+I+G4      7216.724     67  14567.448    14572.792    14934.637
 49  F81+R2        7213.783     67  14561.566    14566.910    14928.754
 58  F81+I+R2      7211.367     68  14558.733    14564.240    14931.403
 69  F81+F+G4      7214.936     69  14567.872    14573.545    14946.022
 70  F81+F+I+G4    7215.689     70  14571.378    14577.218    14955.008
 71  F81+F+R2      7212.905     70  14565.810    14571.650    14949.440
 80  F81+F+I+R2    7210.474     71  14562.948    14568.959    14952.059
 91  K2P+G4        7064.268     67  14262.536    14267.880    14629.725
 92  K2P+I+G4      7064.843     68  14265.685    14271.192    14638.354
 93  K2P+R2        7061.500     68  14259.000    14264.507    14631.669
102  K2P+I+R2      7058.847     69  14255.693    14261.366    14633.843
113  K2P+G4        7064.268     67  14262.536    14267.880    14629.725
114  K2P+I+G4      7064.843     68  14265.685    14271.192    14638.354
115  K2P+R2        7061.500     68  14259.000    14264.507    14631.669
124  K2P+I+R2      7058.847     69  14255.693    14261.366    14633.843
135  HKY+G4        7064.268     67  14262.536    14267.880    14629.725
136  HKY+I+G4      7064.800     68  14265.601    14271.108    14638.270
137  HKY+R2        7061.467     68  14258.935    14264.442    14631.604
146  HKY+I+R2      7058.793     69  14255.587    14261.259    14633.736
157  HKY+F+G4      7054.717     70  14249.433    14255.273    14633.063
158  HKY+F+I+G4    7055.094     71  14252.187    14258.198    14641.298
159  HKY+F+R2      7052.070     71  14246.141    14252.152    14635.251
168  HKY+F+I+R2    7049.426     72  14242.853    14249.037    14637.444
179  TNe+G4        7063.723     68  14263.445    14268.953    14636.115
180  TNe+I+G4      7064.283     69  14266.566    14272.238    14644.715
181  TNe+R2        7060.613     69  14259.227    14264.899    14637.376
190  TNe+I+R2      7057.903     70  14255.806    14261.646    14639.436
201  TNe+G4        7063.723     68  14263.445    14268.953    14636.115
202  TNe+I+G4      7064.283     69  14266.566    14272.238    14644.715
203  TNe+R2        7060.613     69  14259.227    14264.899    14637.376
212  TNe+I+R2      7057.903     70  14255.806    14261.646    14639.436
223  TN+G4         7063.723     68  14263.445    14268.952    14636.114
224  TN+I+G4       7064.243     69  14266.486    14272.159    14644.636
225  TN+R2         7060.582     69  14259.164    14264.836    14637.313
234  TN+I+R2       7057.852     70  14255.704    14261.545    14639.334
245  TN+F+G4       7053.783     71  14249.566    14255.577    14638.676
246  TN+F+I+G4     7054.217     72  14252.435    14258.618    14647.026
247  TN+F+R2       7050.785     72  14245.571    14251.754    14640.162
256  TN+F+I+R2     7048.091     73  14242.182    14248.541    14642.253
267  K3P+G4        7064.267     68  14264.534    14270.041    14637.203
268  K3P+I+G4      7064.759     69  14267.519    14273.191    14645.668
269  K3P+R2        7061.440     69  14260.881    14266.553    14639.030
278  K3P+I+R2      7058.744     70  14257.489    14263.329    14641.119
289  K3P+G4        7064.267     68  14264.534    14270.041    14637.203
290  K3P+I+G4      7064.759     69  14267.519    14273.191    14645.668
291  K3P+R2        7061.440     69  14260.881    14266.553    14639.030
300  K3P+I+R2      7058.744     70  14257.489    14263.329    14641.119
311  K3Pu+G4       7064.267     68  14264.533    14270.040    14637.202
312  K3Pu+I+G4     7064.721     69  14267.441    14273.114    14645.591
313  K3Pu+R2       7061.421     69  14260.841    14266.514    14638.991
322  K3Pu+I+R2     7058.702     70  14257.403    14263.244    14641.033
333  K3Pu+F+G4     7054.647     71  14251.295    14257.306    14640.405
334  K3Pu+F+I+G4   7054.872     72  14253.744    14259.928    14648.335
335  K3Pu+F+R2     7051.935     72  14247.870    14254.053    14642.460
344  K3Pu+F+I+R2   7049.212     73  14244.425    14250.784    14644.496
355  TPM2+G4       7063.499     68  14262.998    14268.505    14635.667
356  TPM2+I+G4     7063.914     69  14265.829    14271.501    14643.978
357  TPM2+R2       7060.700     69  14259.400    14265.072    14637.549
366  TPM2+I+R2     7057.972     70  14255.944    14261.784    14639.574
377  TPM2+G4       7063.499     68  14262.998    14268.505    14635.667
378  TPM2+I+G4     7063.914     69  14265.829    14271.501    14643.978
379  TPM2+R2       7060.700     69  14259.400    14265.072    14637.549
388  TPM2+I+R2     7057.972     70  14255.944    14261.784    14639.574
399  TPM2u+G4      7063.497     68  14262.994    14268.501    14635.663
400  TPM2u+I+G4    7063.880     69  14265.760    14271.432    14643.909
401  TPM2u+R2      7060.685     69  14259.369    14265.041    14637.519
410  TPM2u+I+R2    7057.935     70  14255.871    14261.711    14639.501
421  TPM2u+F+G4    7053.113     71  14248.226    14254.237    14637.337
422  TPM2u+F+I+G4  7053.266     72  14250.533    14256.716    14645.124
423  TPM2u+F+R2    7050.489     72  14244.978    14251.161    14639.568
432  TPM2u+F+I+R2  7047.705     73  14241.409    14247.769    14641.481
443  TPM3+G4       7059.819     68  14255.637    14261.144    14628.307
444  TPM3+I+G4     7060.363     69  14258.725    14264.398    14636.875
445  TPM3+R2       7056.888     69  14251.777    14257.449    14629.926
454  TPM3+I+R2     7054.095     70  14248.191    14254.031    14631.821
465  TPM3+G4       7059.819     68  14255.637    14261.144    14628.307
466  TPM3+I+G4     7060.363     69  14258.725    14264.398    14636.875
467  TPM3+R2       7056.888     69  14251.777    14257.449    14629.926
476  TPM3+I+R2     7054.095     70  14248.191    14254.031    14631.821
487  TPM3u+G4      7059.815     68  14255.629    14261.136    14628.298
488  TPM3u+I+G4    7060.321     69  14258.641    14264.313    14636.791
489  TPM3u+R2      7056.870     69  14251.739    14257.411    14629.889
498  TPM3u+I+R2    7054.053     70  14248.106    14253.946    14631.736
509  TPM3u+F+G4    7054.500     71  14251.001    14257.011    14640.111
510  TPM3u+F+I+G4  7054.715     72  14253.429    14259.613    14648.020
511  TPM3u+F+R2    7051.776     72  14247.552    14253.736    14642.143
520  TPM3u+F+I+R2  7049.043     73  14244.087    14250.446    14644.158
531  TIMe+G4       7063.721     69  14265.442    14271.114    14643.591
532  TIMe+I+G4     7064.146     70  14268.293    14274.133    14651.923
533  TIMe+R2       7060.518     70  14261.035    14266.876    14644.665
542  TIMe+I+R2     7057.710     71  14257.420    14263.430    14646.530
553  TIMe+G4       7063.721     69  14265.442    14271.114    14643.591
554  TIMe+I+G4     7064.146     70  14268.293    14274.133    14651.923
555  TIMe+R2       7060.518     70  14261.035    14266.876    14644.665
564  TIMe+I+R2     7057.710     71  14257.420    14263.430    14646.530
575  TIM+G4        7063.721     69  14265.441    14271.114    14643.591
576  TIM+I+G4      7064.114     70  14268.228    14274.068    14651.858
577  TIM+R2        7060.507     70  14261.015    14266.855    14644.645
586  TIM+I+R2      7057.683     71  14257.366    14263.376    14646.476
597  TIM+F+G4      7053.711     72  14251.423    14257.606    14646.013
598  TIM+F+I+G4    7054.065     73  14254.131    14260.490    14654.202
599  TIM+F+R2      7050.676     73  14247.352    14253.711    14647.424
608  TIM+F+I+R2    7047.940     74  14243.879    14250.416    14649.431
619  TIM2e+G4      7062.941     69  14263.883    14269.555    14642.032
620  TIM2e+I+G4    7063.364     70  14266.728    14272.568    14650.358
621  TIM2e+R2      7059.793     70  14259.586    14265.426    14643.216
630  TIM2e+I+R2    7057.006     71  14256.011    14262.022    14645.122
641  TIM2e+G4      7062.941     69  14263.883    14269.555    14642.032
642  TIM2e+I+G4    7063.364     70  14266.728    14272.568    14650.358
643  TIM2e+R2      7059.793     70  14259.586    14265.426    14643.216
652  TIM2e+I+R2    7057.006     71  14256.011    14262.022    14645.122
663  TIM2+G4       7062.941     69  14263.882    14269.555    14642.032
664  TIM2+I+G4     7063.331     70  14266.662    14272.502    14650.292
665  TIM2+R2       7059.781     70  14259.562    14265.402    14643.192
674  TIM2+I+R2     7056.974     71  14255.947    14261.958    14645.058
685  TIM2+F+G4     7052.180     72  14248.359    14254.543    14642.950
686  TIM2+F+I+G4   7052.402     73  14250.803    14257.162    14650.875
687  TIM2+F+R2     7049.201     73  14244.402    14250.761    14644.473
696  TIM2+F+I+R2   7046.385     74  14240.770    14247.307    14646.322
707  TIM3e+G4      7059.180     69  14256.360    14262.032    14634.509
708  TIM3e+I+G4    7059.597     70  14259.194    14265.034    14642.824
709  TIM3e+R2      7055.860     70  14251.721    14257.561    14635.351
718  TIM3e+I+R2    7052.946     71  14247.892    14253.903    14637.003
729  TIM3e+G4      7059.180     69  14256.360    14262.032    14634.509
730  TIM3e+I+G4    7059.597     70  14259.194    14265.034    14642.824
731  TIM3e+R2      7055.860     70  14251.721    14257.561    14635.351
740  TIM3e+I+R2    7052.946     71  14247.892    14253.903    14637.003
751  TIM3+G4       7059.176     69  14256.353    14262.025    14634.503
752  TIM3+I+G4     7059.564     70  14259.129    14264.969    14642.759
753  TIM3+R2       7055.844     70  14251.689    14257.529    14635.319
762  TIM3+I+R2     7052.916     71  14247.833    14253.844    14636.943
773  TIM3+F+G4     7053.578     72  14251.156    14257.339    14645.747
774  TIM3+F+I+G4   7053.947     73  14253.894    14260.253    14653.966
775  TIM3+F+R2     7050.537     73  14247.073    14253.432    14647.145
784  TIM3+F+I+R2   7047.816     74  14243.633    14250.170    14649.184
795  TVMe+G4       7059.069     70  14258.139    14263.979    14641.769
796  TVMe+I+G4     7059.450     71  14260.900    14266.911    14650.011
797  TVMe+R2       7056.142     71  14254.284    14260.294    14643.394
806  TVMe+I+R2     7053.264     72  14250.527    14256.711    14645.118
817  TVMe+G4       7059.069     70  14258.139    14263.979    14641.769
818  TVMe+I+G4     7059.450     71  14260.900    14266.911    14650.011
819  TVMe+R2       7056.142     71  14254.284    14260.294    14643.394
828  TVMe+I+R2     7053.264     72  14250.527    14256.711    14645.118
839  TVM+G4        7059.047     70  14258.093    14263.934    14641.723
840  TVM+I+G4      7059.414     71  14260.828    14266.839    14649.939
841  TVM+R2        7056.126     71  14254.253    14260.263    14643.363
850  TVM+I+R2      7053.232     72  14250.464    14256.648    14645.055
861  TVM+F+G4      7052.905     73  14251.809    14258.168    14651.880
862  TVM+F+I+G4    7053.013     74  14254.026    14260.563    14659.578
863  TVM+F+R2      7050.275     74  14248.551    14255.088    14654.102
872  TVM+F+I+R2    7047.446     75  14244.893    14251.610    14655.925
883  SYM+G4        7058.392     71  14258.785    14264.795    14647.895
884  SYM+I+G4      7058.813     72  14261.626    14267.809    14656.217
885  SYM+R2        7055.084     72  14254.167    14260.351    14648.758
894  SYM+I+R2      7052.114     73  14250.228    14256.587    14650.299
905  SYM+G4        7058.392     71  14258.785    14264.795    14647.895
906  SYM+I+G4      7058.813     72  14261.626    14267.809    14656.217
907  SYM+R2        7055.084     72  14254.167    14260.351    14648.758
916  SYM+I+R2      7052.114     73  14250.228    14256.587    14650.299
927  GTR+G4        7058.392     71  14258.785    14264.795    14647.895
928  GTR+I+G4      7058.781     72  14261.562    14267.746    14656.153
929  GTR+R2        7055.078     72  14254.157    14260.340    14648.747
938  GTR+I+R2      7052.097     73  14250.193    14256.552    14650.265
949  GTR+F+G4      7051.970     74  14251.940    14258.477    14657.492
950  GTR+F+I+G4    7052.146     75  14254.292    14261.010    14665.324
951  GTR+F+R2      7048.977     75  14247.954    14254.672    14658.987
960  GTR+F+I+R2    7046.135     76  14244.270    14251.171    14660.783
Akaike Information Criterion:           TIM2+F+I+R2
Corrected Akaike Information Criterion: TIM2+F+I+R2
Bayesian Information Criterion:         TPM3u+G4
Best-fit model: TPM3u+G4 chosen according to BIC

All model information printed to results/Primate_TP53/Primate_TP53.RD.SA.codons.cln.fa.model.gz
CPU time for ModelFinder: 26.839 seconds (0h:0m:26s)
Wall-clock time for ModelFinder: 31.282 seconds (0h:0m:31s)
Generating 1000 samples for ultrafast bootstrap (seed: 202625)...

NOTE: 3 MB RAM (0 GB) is required!
Estimate model parameters (epsilon = 0.100)
1. Initial log-likelihood: -7054.597
Optimal log-likelihood: -7054.504
Rate parameters:  A-C: 1.09351  A-G: 3.91217  A-T: 1.00000  C-G: 1.09351  C-T: 3.91217  G-T: 1.00000
Base frequencies:  A: 0.236  C: 0.306  G: 0.257  T: 0.201
Gamma shape alpha: 0.533
Parameters optimization took 1 rounds (0.008 sec)
Wrote distance file to... 
Computing ML distances based on estimated model parameters...
Calculating distance matrix: done in 0.00449896 secs using 99.47% CPU
Computing ML distances took 0.004573 sec (of wall-clock time) 0.004530 sec (of CPU time)
Setting up auxiliary I and S matrices: done in 3.09944e-05 secs using 83.89% CPU
Constructing RapidNJ tree: done in 6.69956e-05 secs using 89.56% CPU
Computing RapidNJ tree took 0.000124 sec (of wall-clock time) 0.000096 sec (of CPU time)
Log-likelihood of RapidNJ tree: -7055.344
--------------------------------------------------------------------
|             INITIALIZING CANDIDATE TREE SET                      |
--------------------------------------------------------------------
Generating 98 parsimony trees... 0.107 second
Computing log-likelihood of 98 initial trees ... 0.237 seconds
Current best score: -7054.504

Do NNI search on 20 best initial trees
Optimizing NNI: done in 0.0153971 secs using 99.36% CPU
Estimate model parameters (epsilon = 0.100)
BETTER TREE FOUND at iteration 1: -7054.503
Optimizing NNI: done in 0.0275359 secs using 99.85% CPU
Estimate model parameters (epsilon = 0.100)
BETTER TREE FOUND at iteration 2: -7053.260
Optimizing NNI: done in 0.0445518 secs using 99.91% CPU
UPDATE BEST LOG-LIKELIHOOD: -7053.258
Optimizing NNI: done in 0.0446069 secs using 99.94% CPU
UPDATE BEST LOG-LIKELIHOOD: -7053.257
Optimizing NNI: done in 0.0446072 secs using 99.94% CPU
Optimizing NNI: done in 0.0442991 secs using 99.94% CPU
Optimizing NNI: done in 0.044286 secs using 99.94% CPU
Optimizing NNI: done in 0.046242 secs using 96.38% CPU
Optimizing NNI: done in 0.0480521 secs using 99.77% CPU
Optimizing NNI: done in 0.0481179 secs using 99.77% CPU
BETTER TREE FOUND at iteration 10: -7053.256
Iteration 10 / LogL: -7053.256 / Time: 0h:0m:32s
Optimizing NNI: done in 0.0473208 secs using 99.72% CPU
Optimizing NNI: done in 0.0432811 secs using 99.69% CPU
Optimizing NNI: done in 0.0463412 secs using 99.65% CPU
Optimizing NNI: done in 0.0440249 secs using 99.84% CPU
Optimizing NNI: done in 0.0440271 secs using 99.7% CPU
Optimizing NNI: done in 0.0406818 secs using 99.91% CPU
Optimizing NNI: done in 0.0437031 secs using 99.88% CPU
Optimizing NNI: done in 0.0435531 secs using 99.87% CPU
Optimizing NNI: done in 0.050035 secs using 99.92% CPU
Optimizing NNI: done in 0.052175 secs using 99.94% CPU
Iteration 20 / LogL: -7053.797 / Time: 0h:0m:32s
Finish initializing candidate tree set (4)
Current best tree score: -7053.256 / CPU time: 1.236
Number of iterations: 20
--------------------------------------------------------------------
|               OPTIMIZING CANDIDATE TREE SET                      |
--------------------------------------------------------------------
Optimizing NNI: done in 0.062417 secs using 99.89% CPU
UPDATE BEST LOG-LIKELIHOOD: -7053.253
Optimizing NNI: done in 0.042505 secs using 99.78% CPU
Optimizing NNI: done in 0.0557702 secs using 99.67% CPU
Optimizing NNI: done in 0.0564351 secs using 99.92% CPU
Optimizing NNI: done in 0.048039 secs using 99.96% CPU
Optimizing NNI: done in 0.0584769 secs using 99.94% CPU
Optimizing NNI: done in 0.0532761 secs using 99.82% CPU
Optimizing NNI: done in 0.0810158 secs using 97.69% CPU
Optimizing NNI: done in 0.04966 secs using 98.8% CPU
Optimizing NNI: done in 0.0526168 secs using 93.62% CPU
Iteration 30 / LogL: -7053.616 / Time: 0h:0m:33s (0h:0m:5s left)
Optimizing NNI: done in 0.0448332 secs using 99.62% CPU
Optimizing NNI: done in 0.0507569 secs using 99.71% CPU
Optimizing NNI: done in 0.0518088 secs using 99.34% CPU
Optimizing NNI: done in 0.0522971 secs using 99.67% CPU
Optimizing NNI: done in 0.0490799 secs using 99.82% CPU
Optimizing NNI: done in 0.04388 secs using 99.85% CPU
Optimizing NNI: done in 0.0486829 secs using 99.85% CPU
Optimizing NNI: done in 0.070792 secs using 69.17% CPU
Optimizing NNI: done in 0.0569801 secs using 99.71% CPU
Optimizing NNI: done in 0.0696139 secs using 99.7% CPU
Iteration 40 / LogL: -7053.255 / Time: 0h:0m:33s (0h:0m:4s left)
Optimizing NNI: done in 0.052633 secs using 99.82% CPU
Optimizing NNI: done in 0.045737 secs using 99.91% CPU
Optimizing NNI: done in 0.0506132 secs using 99.94% CPU
Optimizing NNI: done in 0.0583191 secs using 99.94% CPU
Optimizing NNI: done in 0.0728409 secs using 99.89% CPU
Optimizing NNI: done in 0.06585 secs using 99.73% CPU
Optimizing NNI: done in 0.059083 secs using 99.68% CPU
Optimizing NNI: done in 0.0502501 secs using 99.65% CPU
Optimizing NNI: done in 0.047617 secs using 99.78% CPU
Optimizing NNI: done in 0.0404291 secs using 99.84% CPU
Iteration 50 / LogL: -7054.503 / Time: 0h:0m:34s (0h:0m:3s left)
Log-likelihood cutoff on original alignment: -7090.684
Optimizing NNI: done in 0.0485418 secs using 99.85% CPU
Optimizing NNI: done in 0.051219 secs using 99.68% CPU
Optimizing NNI: done in 0.0680249 secs using 99.94% CPU
Optimizing NNI: done in 0.0606091 secs using 99.94% CPU
Optimizing NNI: done in 0.047673 secs using 99.94% CPU
Optimizing NNI: done in 0.0604799 secs using 99.57% CPU
Optimizing NNI: done in 0.060966 secs using 99.82% CPU
Optimizing NNI: done in 0.0639741 secs using 99.92% CPU
Optimizing NNI: done in 0.0603001 secs using 99.93% CPU
Optimizing NNI: done in 0.0475469 secs using 99.68% CPU
Iteration 60 / LogL: -7054.502 / Time: 0h:0m:34s (0h:0m:3s left)
Optimizing NNI: done in 0.0671072 secs using 99.81% CPU
Optimizing NNI: done in 0.0561171 secs using 99.87% CPU
Optimizing NNI: done in 0.0605531 secs using 99.61% CPU
Optimizing NNI: done in 0.0481441 secs using 99.75% CPU
Optimizing NNI: done in 0.056927 secs using 99.75% CPU
Optimizing NNI: done in 0.0228269 secs using 99.84% CPU
Optimizing NNI: done in 0.0606089 secs using 99.94% CPU
Optimizing NNI: done in 0.0479722 secs using 99.94% CPU
Optimizing NNI: done in 0.047894 secs using 99.91% CPU
Optimizing NNI: done in 0.058954 secs using 99.9% CPU
Iteration 70 / LogL: -7053.258 / Time: 0h:0m:35s (0h:0m:2s left)
Optimizing NNI: done in 0.0549581 secs using 99.87% CPU
Optimizing NNI: done in 0.046941 secs using 99.91% CPU
Optimizing NNI: done in 0.044492 secs using 99.94% CPU
Optimizing NNI: done in 0.0569189 secs using 99.82% CPU
Optimizing NNI: done in 0.0566862 secs using 99.93% CPU
Optimizing NNI: done in 0.0646939 secs using 99.92% CPU
Optimizing NNI: done in 0.0510209 secs using 99.94% CPU
Optimizing NNI: done in 0.053194 secs using 99.92% CPU
Optimizing NNI: done in 0.060148 secs using 99.94% CPU
Optimizing NNI: done in 0.0610349 secs using 99.75% CPU
Iteration 80 / LogL: -7053.255 / Time: 0h:0m:36s (0h:0m:1s left)
Optimizing NNI: done in 0.0599892 secs using 99.77% CPU
Optimizing NNI: done in 0.0487461 secs using 99.42% CPU
Optimizing NNI: done in 0.067955 secs using 99.69% CPU
Optimizing NNI: done in 0.05162 secs using 99.61% CPU
Optimizing NNI: done in 0.0362511 secs using 99.71% CPU
Optimizing NNI: done in 0.0454051 secs using 99.85% CPU
Optimizing NNI: done in 0.054285 secs using 99.91% CPU
Optimizing NNI: done in 0.0399771 secs using 99.69% CPU
Optimizing NNI: done in 0.056277 secs using 99.93% CPU
Optimizing NNI: done in 0.0510199 secs using 99.95% CPU
Iteration 90 / LogL: -7053.254 / Time: 0h:0m:36s (0h:0m:1s left)
Optimizing NNI: done in 0.05933 secs using 99.59% CPU
Optimizing NNI: done in 0.042258 secs using 99.62% CPU
Optimizing NNI: done in 0.061538 secs using 99.77% CPU
Optimizing NNI: done in 0.0526121 secs using 99.84% CPU
Optimizing NNI: done in 0.059854 secs using 99.95% CPU
Optimizing NNI: done in 0.0481789 secs using 99.95% CPU
Optimizing NNI: done in 0.0576701 secs using 99.96% CPU
Optimizing NNI: done in 0.0538371 secs using 99.95% CPU
Optimizing NNI: done in 0.059499 secs using 99.94% CPU
Optimizing NNI: done in 0.0327311 secs using 99.83% CPU
Iteration 100 / LogL: -7054.502 / Time: 0h:0m:37s (0h:0m:0s left)
Log-likelihood cutoff on original alignment: -7090.774
NOTE: Bootstrap correlation coefficient of split occurrence frequencies: 0.998
Optimizing NNI: done in 0.0561471 secs using 99.82% CPU
Optimizing NNI: done in 0.0574 secs using 99.76% CPU
Optimizing NNI: done in 0.0550349 secs using 99.77% CPU
Optimizing NNI: done in 0.050328 secs using 99.92% CPU
Optimizing NNI: done in 0.0506768 secs using 99.82% CPU
Optimizing NNI: done in 0.0603549 secs using 99.7% CPU
Optimizing NNI: done in 0.059885 secs using 99.85% CPU
Optimizing NNI: done in 0.0503602 secs using 99.94% CPU
Optimizing NNI: done in 0.049336 secs using 99.75% CPU
Optimizing NNI: done in 0.058212 secs using 99.69% CPU
Iteration 110 / LogL: -7055.054 / Time: 0h:0m:37s (0h:0m:5s left)
Optimizing NNI: done in 0.0506539 secs using 99.89% CPU
TREE SEARCH COMPLETED AFTER 111 ITERATIONS / Time: 0h:0m:37s

--------------------------------------------------------------------
|                    FINALIZING TREE SEARCH                        |
--------------------------------------------------------------------
Performs final model parameters optimization
Estimate model parameters (epsilon = 0.010)
1. Initial log-likelihood: -7053.253
Optimal log-likelihood: -7053.248
Rate parameters:  A-C: 1.08275  A-G: 3.86050  A-T: 1.00000  C-G: 1.08275  C-T: 3.86050  G-T: 1.00000
Base frequencies:  A: 0.236  C: 0.306  G: 0.257  T: 0.201
Gamma shape alpha: 0.534
Parameters optimization took 1 rounds (0.009 sec)
BEST SCORE FOUND : -7053.248
Creating bootstrap support values...
Split supports printed to NEXUS file results/Primate_TP53/Primate_TP53.RD.SA.codons.cln.fa.splits.nex
Total tree length: 0.807

Total number of iterations: 111
CPU time used for tree search: 6.367 sec (0h:0m:6s)
Wall-clock time used for tree search: 6.418 sec (0h:0m:6s)
Total CPU time used: 33.302 sec (0h:0m:33s)
Total wall-clock time used: 37.801 sec (0h:0m:37s)

Computing bootstrap consensus tree...
Reading input file results/Primate_TP53/Primate_TP53.RD.SA.codons.cln.fa.splits.nex...
34 taxa and 138 splits.
Consensus tree written to results/Primate_TP53/Primate_TP53.RD.SA.codons.cln.fa.contree
Reading input trees file results/Primate_TP53/Primate_TP53.RD.SA.codons.cln.fa.contree
Log-likelihood of consensus tree: -7053.255

Analysis results written to: 
  IQ-TREE report:                results/Primate_TP53/Primate_TP53.RD.SA.codons.cln.fa.iqtree
  Maximum-likelihood tree:       results/Primate_TP53/Primate_TP53.RD.SA.codons.cln.fa.treefile
  Likelihood distances:          results/Primate_TP53/Primate_TP53.RD.SA.codons.cln.fa.mldist

Ultrafast bootstrap approximation results written to:
  Split support values:          results/Primate_TP53/Primate_TP53.RD.SA.codons.cln.fa.splits.nex
  Consensus tree:                results/Primate_TP53/Primate_TP53.RD.SA.codons.cln.fa.contree
  Screen log file:               results/Primate_TP53/Primate_TP53.RD.SA.codons.cln.fa.log

Date and Time: Fri Dec 26 13:23:41 2025
