FastTree Version 2.1.11 Double precision (No SSE3), OpenMP (1 threads)
Alignment: results/Primate_REM2/Primate_REM2.3.codon.fas
Nucleotide distances: Jukes-Cantor Joins: balanced Support: SH-like 1000
Search: Normal +NNI +SPR (2 rounds range 10) +ML-NNI opt-each=1
TopHits: 1.00*sqrtN close=default refresh=0.80
ML Model: Generalized Time-Reversible, CAT approximation with 20 rate categories
Initial topology in 0.00 seconds
Refining topology: 18 rounds ME-NNIs, 2 rounds ME-SPRs, 9 rounds ML-NNIs
Total branch-length 1.259 after 0.01 sec
ML-NNI round 1: LogLk = -977.268 NNIs 5 max delta 0.00 Time 0.02
GTR Frequencies: 0.1970 0.3028 0.3055 0.1947
GTR rates(ac ag at cg ct gt) 2.4261 4.3464 1.1362 1.2589 3.8389 1.0000
Switched to using 20 rate categories (CAT approximation)
Rate categories were divided by 0.715 so that average rate = 1.0
CAT-based log-likelihoods may not be comparable across runs
Use -gamma for approximate but comparable Gamma(20) log-likelihoods
ML-NNI round 2: LogLk = -896.224 NNIs 3 max delta 0.50 Time 0.04
ML-NNI round 3: LogLk = -896.224 NNIs 2 max delta 0.00 Time 0.04
Turning off heuristics for final round of ML NNIs (converged)
ML-NNI round 4: LogLk = -896.224 NNIs 0 max delta 0.00 Time 0.05 (final)
Optimize all lengths: LogLk = -896.224 Time 0.05
Total time: 0.06 seconds Unique: 22/35 Bad splits: 0/19
