FastTree Version 2.1.11 Double precision (No SSE3), OpenMP (1 threads)
Alignment: results/Primate_BTG1/Primate_BTG1.1.codon.fas
Nucleotide distances: Jukes-Cantor Joins: balanced Support: SH-like 1000
Search: Normal +NNI +SPR (2 rounds range 10) +ML-NNI opt-each=1
TopHits: 1.00*sqrtN close=default refresh=0.80
ML Model: Generalized Time-Reversible, CAT approximation with 20 rate categories
Initial topology in 0.00 seconds
Refining topology: 12 rounds ME-NNIs, 2 rounds ME-SPRs, 6 rounds ML-NNIs
Total branch-length 0.164 after 0.00 sec
ML-NNI round 1: LogLk = -491.670 NNIs 0 max delta 0.00 Time 0.00
GTR Frequencies: 0.1767 0.3800 0.2548 0.1885
GTR rates(ac ag at cg ct gt) 1.0000 1.0000 1.0000 1.0000 399.0763 1.0000
Switched to using 20 rate categories (CAT approximation)
Rate categories were divided by 0.631 so that average rate = 1.0
CAT-based log-likelihoods may not be comparable across runs
Use -gamma for approximate but comparable Gamma(20) log-likelihoods
ML-NNI round 2: LogLk = -452.293 NNIs 2 max delta 0.33 Time 0.01
ML-NNI round 3: LogLk = -452.293 NNIs 0 max delta 0.00 Time 0.02
Turning off heuristics for final round of ML NNIs (converged)
ML-NNI round 4: LogLk = -452.293 NNIs 0 max delta 0.00 Time 0.02 (final)
Optimize all lengths: LogLk = -452.293 Time 0.02
Total time: 0.03 seconds Unique: 8/26 Bad splits: 0/5
