
Analysis Description
--------------------
BUSTED (branch-site unrestricted statistical test of episodic
diversification) uses a random effects branch-site model fitted jointly
initial search phase to use adaptive Nedler-Mead. Version 3.0 implements
the option for branch-site variation in synonymous substitution rates.
Version 3.1 adds HMM auto-correlation option for SRV, and binds SRV
distributions for multiple branch sets. Version 4.0 adds support for
multiple hits (MH), ancestral state reconstruction saved to JSON, and
profiling of branch-site level support for selection / multiple hits.
Version 4.2 adds calculation of MH-attributable fractions of
substitutions. Version 4.5 adds an 'error absorption' component Version
4.6 adds support for MSS-type models 
to all or a subset of tree branches in order to test for alignment-wide
evidence of episodic diversifying selection. Assuming there is evidence
of positive selection (i.e. there is an omega > 1), BUSTED will also
perform a quick evidence-ratio style analysis to explore which
individual sites may have been subject to selection. v2.0 adds support
for synonymous rate variation, and relaxes the test statistic to 0.5
(chi^2_0 + chi^2_2). Version 2.1 adds a grid search for the initial
starting point. Version 2.2 changes the grid search to LHC, and adds an

- __Requirements__: in-frame codon alignment and a phylogenetic tree (optionally annotated
with {})

- __Citation__: *Gene-wide identification of episodic selection*, Mol Biol Evol.
32(5):1365-71, *Synonymous Site-to-Site Substitution Rate Variation
Dramatically Inflates False Positive Rates of Selection Analyses: Ignore
at Your Own Peril*, Mol Biol Evol. 37(8):2430-2439

- __Written by__: Sergei L Kosakovsky Pond

- __Contact Information__: spond@temple.edu

- __Analysis Version__: 4.6


>code => Universal

-------
>[WARNING]
'/Users/alex/Documents/AOC-dev/results/Primate_REM2/Primate_REM2.2.codon.fas'
contains 4 duplicate sequences. Identical sequences do not contribute
any information to the analysis and only slow down computation. Please
consider removing duplicate or 'nearly' duplicate sequences, e.g. using
https://github.com/veg/hyphy-analyses/tree/master/remove-duplicates
prior to running selection analyses
-------
/Users/alex/Documents/AOC-dev/results/Primate_REM2/Primate_REM2.2.codon.fas.FastTree.treefile
results/Primate_REM2/Primate_REM2.2.codon.fas.FastTree.treefile

>Loaded a multiple sequence alignment with **35** sequences, **142** codons, and **1** partitions from `/Users/alex/Documents/AOC-dev/results/Primate_REM2/Primate_REM2.2.codon.fas`

>branches => All

>srv => Yes
The number omega rate classes to include in the model (permissible range = [1,10], default value = 3, integer): 
>rates => 3

>multiple-hits => None

>mss => No
The number alpha rate classes to include in the model [1-10, default 3] (permissible range = [1,10], default value = 3, integer): 
>syn-rates => 3

>error-sink => No
The number of points in the initial distributional guess for likelihood fitting (permissible range = [1,10000], default value = 250, integer): 
>grid-size => 250
The number of initial random guesses to 'seed' rate values optimization (permissible range = [1,25], default value = 1, integer): 
>starting-points => 25


### Branches to test for selection in the BUSTED analysis
* Selected 66 branches to test in the BUSTED analysis: `XM_005560816_4_PREDICTED_Macaca_fascicularis_RRAD_and_GEM_like_GTPase_2_REM2_transcript_variant_X1_mRNA, XM_011990630_1_PREDICTED_Mandrillus_leucophaeus_RAS_RAD_and_GEM_like_GTP_binding_2_REM2_mRNA, XM_025392475_1_PREDICTED_Theropithecus_gelada_RRAD_and_GEM_like_GTPase_2_REM2_mRNA, Node1, XM_011772352_3_PREDICTED_Macaca_nemestrina_RRAD_and_GEM_like_GTPase_2_LOC105499627_mRNA, XM_007990787_3_PREDICTED_Chlorocebus_sabaeus_RRAD_and_GEM_like_GTPase_2_REM2_mRNA, XM_008065271_2_PREDICTED_Carlito_syrichta_RRAD_and_GEM_like_GTPase_2_REM2_mRNA, XM_003801909_3_PREDICTED_Otolemur_garnettii_RRAD_and_GEM_like_GTPase_2_REM2_mRNA, XM_053595668_1_PREDICTED_Nycticebus_coucang_RRAD_and_GEM_like_GTPase_2_REM2_transcript_variant_X1_mRNA, Node16, XM_012649447_1_PREDICTED_Propithecus_coquereli_RAS_RAD_and_GEM_like_GTP_binding_2_REM2_mRNA, XM_012752689_1_PREDICTED_Microcebus_murinus_RRAD_and_GEM_like_GTPase_2_REM2_transcript_variant_X1_mRNA, XM_045525960_1_PREDICTED_Lemur_catta_RRAD_and_GEM_like_GTPase_2_REM2_transcript_variant_X1_mRNA, XM_069463304_1_PREDICTED_Eulemur_rufifrons_RRAD_and_GEM_like_GTPase_2_REM2_mRNA, Node23, Node21, Node19, Node15, Node13, XM_064374774_1_PREDICTED_Aotus_nancymaae_RRAD_and_GEM_like_GTPase_2_REM2_mRNA, XM_032265550_1_PREDICTED_Sapajus_apella_RRAD_and_GEM_like_GTPase_2_REM2_transcript_variant_X1_mRNA, XM_017544499_2_PREDICTED_Cebus_imitator_RRAD_and_GEM_like_GTPase_2_REM2_transcript_variant_X1_mRNA, Node29, Node27, XM_035260095_2_PREDICTED_Callithrix_jacchus_RRAD_and_GEM_like_GTPase_2_REM2_transcript_variant_X1_mRNA, XM_003924335_4_PREDICTED_Saimiri_boliviensis_RRAD_and_GEM_like_GTPase_2_REM2_transcript_variant_X1_mRNA, Node32, Node26, Node12, XM_002824566_5_PREDICTED_Pongo_abelii_RRAD_and_GEM_like_GTPase_2_REM2_mRNA, XM_054448863_2_PREDICTED_Pongo_pygmaeus_RRAD_and_GEM_like_GTPase_2_REM2_mRNA, Node36, XM_032179928_2_PREDICTED_Hylobates_moloch_RRAD_and_GEM_like_GTPase_2_REM2_mRNA, XM_003260595_2_PREDICTED_Nomascus_leucogenys_RRAD_and_GEM_like_GTPase_2_REM2_mRNA, XM_055291876_2_PREDICTED_Symphalangus_syndactylus_RRAD_and_GEM_like_GTPase_2_REM2_mRNA, Node42, Node40, XM_009427474_5_PREDICTED_Pan_troglodytes_RRAD_and_GEM_like_GTPase_2_REM2_transcript_variant_X1_mRNA, XM_008960213_4_PREDICTED_Pan_paniscus_RRAD_and_GEM_like_GTPase_2_REM2_transcript_variant_X1_mRNA, Node46, NM_173527_3_Homo_sapiens_RRAD_and_GEM_like_GTPase_2_REM2_mRNA, XM_055362376_2_PREDICTED_Gorilla_gorilla_gorilla_RRAD_and_GEM_like_GTPase_2_REM2_transcript_variant_X1_mRNA, Node49, Node45, Node39, Node35, Node11, XM_010378358_2_PREDICTED_Rhinopithecus_roxellana_RRAD_and_GEM_like_GTPase_2_REM2_mRNA, XM_017864286_1_PREDICTED_Rhinopithecus_bieti_RRAD_and_GEM_like_GTPase_2_REM2_mRNA, XM_033188604_1_PREDICTED_Trachypithecus_francoisi_RRAD_and_GEM_like_GTPase_2_REM2_mRNA, Node55, Node53, XM_023230440_1_PREDICTED_Piliocolobus_tephrosceles_RRAD_and_GEM_like_GTPase_2_REM2_transcript_variant_X1_mRNA, XM_011930962_1_PREDICTED_Colobus_angolensis_palliatus_RAS_RAD_and_GEM_like_GTP_binding_2_REM2_mRNA, Node58, Node52, Node10, Node8, Node6, XM_001100692_4_PREDICTED_Macaca_mulatta_RRAD_and_GEM_like_GTPase_2_REM2_mRNA, XM_050796554_1_PREDICTED_Macaca_thibetana_thibetana_RRAD_and_GEM_like_GTPase_2_REM2_mRNA, Node61, Node5, XM_003901565_5_PREDICTED_Papio_anubis_RRAD_and_GEM_like_GTPase_2_REM2_mRNA, XM_012088533_1_PREDICTED_Cercocebus_atys_RAS_RAD_and_GEM_like_GTP_binding_2_REM2_mRNA, Node64`


### Obtaining branch lengths and nucleotide substitution biases under the nucleotide GTR model

>kill-zero-lengths => Yes

### Deleted 7 zero-length internal branches: `Node1, Node5, Node52, Node55, Node6, Node61, Node64`
* Log(L) = -1619.24, AIC-c =  3387.23 (74 estimated parameters)
* 1 partition. Total tree length by partition (subs/site)  0.428

### Obtaining the global omega estimate based on relative GTR branch lengths and nucleotide substitution biases
* Log(L) = -1556.91, AIC-c =  3264.08 (74 estimated parameters)
* 1 partition. Total tree length by partition (subs/site)  0.431
* non-synonymous/synonymous rate ratio for *test* =   0.2379

### Improving branch lengths, nucleotide substitution biases, and global dN/dS ratios under a full codon model
* Log(L) = -1554.05, AIC-c =  3258.36 (74 estimated parameters)
* non-synonymous/synonymous rate ratio for *test* =   0.2184

### Performing the full (dN/dS > 1 allowed) branch-site model fit
* Log(L) = -1544.75, AIC-c =  3258.35 (83 estimated parameters)
* For *test* branches, the following rate distribution for branch-site combinations was inferred

|          Selection mode           |     dN/dS     |Proportion, %|               Notes               |
|-----------------------------------|---------------|-------------|-----------------------------------|
|        Negative selection         |     0.125     |   62.829    |                                   |
|        Negative selection         |     0.136     |   28.436    |                                   |
|      Diversifying selection       |     1.097     |    8.735    |                                   |

* The following rate distribution for site-to-site **synonymous** rate variation was inferred

|               Rate                | Proportion, % |               Notes               |
|-----------------------------------|---------------|-----------------------------------|
|               0.535               |    28.097     |                                   |
|               0.806               |    59.762     |                                   |
|               3.029               |    12.141     |                                   |


### Performing the constrained (dN/dS > 1 not allowed) model fit
* Log(L) = -1544.75, AIC-c =  3256.29 (82 estimated parameters)
* For *test* branches under the null (no dN/dS > 1 model), the following rate distribution for branch-site combinations was inferred

|          Selection mode           |     dN/dS     |Proportion, %|               Notes               |
|-----------------------------------|---------------|-------------|-----------------------------------|
|        Negative selection         |     0.113     |   27.341    |                                   |
|        Negative selection         |     0.134     |   62.904    |                                   |
|         Neutral evolution         |     1.000     |    9.754    |                                   |

* The following rate distribution for site-to-site **synonymous** rate variation was inferred

|               Rate                | Proportion, % |               Notes               |
|-----------------------------------|---------------|-----------------------------------|
|               0.531               |    30.282     |                                   |
|               0.826               |    58.059     |                                   |
|               3.083               |    11.658     |                                   |

----
## Branch-site unrestricted statistical test of episodic diversification [BUSTED]
Likelihood ratio test for episodic diversifying positive selection, **p =   0.4995**.


