FastTree Version 2.1.11 Double precision (No SSE3), OpenMP (1 threads)
Alignment: results/Primate_ACE2/Primate_ACE2.2.codon.fas
Nucleotide distances: Jukes-Cantor Joins: balanced Support: SH-like 1000
Search: Normal +NNI +SPR (2 rounds range 10) +ML-NNI opt-each=1
TopHits: 1.00*sqrtN close=default refresh=0.80
ML Model: Generalized Time-Reversible, CAT approximation with 20 rate categories
Initial topology in 0.00 seconds
Refining topology: 19 rounds ME-NNIs, 2 rounds ME-SPRs, 9 rounds ML-NNIs
Total branch-length 0.303 after 0.02 sec
ML-NNI round 1: LogLk = -2349.322 NNIs 3 max delta 0.00 Time 0.04
GTR Frequencies: 0.3115 0.2095 0.2247 0.2544
GTR rates(ac ag at cg ct gt) 1.9066 5.6943 0.6129 1.6928 6.1184 1.0000
Switched to using 20 rate categories (CAT approximation)
Rate categories were divided by 0.704 so that average rate = 1.0
CAT-based log-likelihoods may not be comparable across runs
Use -gamma for approximate but comparable Gamma(20) log-likelihoods
ML-NNI round 2: LogLk = -2179.068 NNIs 2 max delta 0.00 Time 0.12
Turning off heuristics for final round of ML NNIs (converged)
      0.11 seconds: ML NNI round 3 of 9, 1 of 24 splits
ML-NNI round 3: LogLk = -2179.068 NNIs 1 max delta 0.00 Time 0.14 (final)
Optimize all lengths: LogLk = -2179.068 Time 0.15
Total time: 0.19 seconds Unique: 26/31 Bad splits: 0/23
