
Analysis Description
--------------------
BUSTED (branch-site unrestricted statistical test of episodic
diversification) uses a random effects branch-site model fitted jointly
initial search phase to use adaptive Nedler-Mead. Version 3.0 implements
the option for branch-site variation in synonymous substitution rates.
Version 3.1 adds HMM auto-correlation option for SRV, and binds SRV
distributions for multiple branch sets. Version 4.0 adds support for
multiple hits (MH), ancestral state reconstruction saved to JSON, and
profiling of branch-site level support for selection / multiple hits.
Version 4.2 adds calculation of MH-attributable fractions of
substitutions. Version 4.5 adds an 'error absorption' component Version
4.6 adds support for MSS-type models 
to all or a subset of tree branches in order to test for alignment-wide
evidence of episodic diversifying selection. Assuming there is evidence
of positive selection (i.e. there is an omega > 1), BUSTED will also
perform a quick evidence-ratio style analysis to explore which
individual sites may have been subject to selection. v2.0 adds support
for synonymous rate variation, and relaxes the test statistic to 0.5
(chi^2_0 + chi^2_2). Version 2.1 adds a grid search for the initial
starting point. Version 2.2 changes the grid search to LHC, and adds an

- __Requirements__: in-frame codon alignment and a phylogenetic tree (optionally annotated
with {})

- __Citation__: *Gene-wide identification of episodic selection*, Mol Biol Evol.
32(5):1365-71, *Synonymous Site-to-Site Substitution Rate Variation
Dramatically Inflates False Positive Rates of Selection Analyses: Ignore
at Your Own Peril*, Mol Biol Evol. 37(8):2430-2439

- __Written by__: Sergei L Kosakovsky Pond

- __Contact Information__: spond@temple.edu

- __Analysis Version__: 4.6


>code => Universal

-------
>[WARNING]
'/Users/alex/Documents/AOC-dev/results/Primate_TP53/Primate_TP53.1.codon.fas'
contains 30 duplicate sequences. Identical sequences do not contribute
any information to the analysis and only slow down computation. Please
consider removing duplicate or 'nearly' duplicate sequences, e.g. using
https://github.com/veg/hyphy-analyses/tree/master/remove-duplicates
prior to running selection analyses
-------
/Users/alex/Documents/AOC-dev/results/Primate_TP53/Primate_TP53.1.codon.fas.FastTree.treefile
results/Primate_TP53/Primate_TP53.1.codon.fas.FastTree.treefile

>Loaded a multiple sequence alignment with **34** sequences, **87** codons, and **1** partitions from `/Users/alex/Documents/AOC-dev/results/Primate_TP53/Primate_TP53.1.codon.fas`

>branches => All

>srv => Yes
The number omega rate classes to include in the model (permissible range = [1,10], default value = 3, integer): 
>rates => 3

>multiple-hits => None

>mss => No
The number alpha rate classes to include in the model [1-10, default 3] (permissible range = [1,10], default value = 3, integer): 
>syn-rates => 3

>error-sink => No
The number of points in the initial distributional guess for likelihood fitting (permissible range = [1,10000], default value = 250, integer): 
>grid-size => 250
The number of initial random guesses to 'seed' rate values optimization (permissible range = [1,25], default value = 1, integer): 
>starting-points => 25


### Branches to test for selection in the BUSTED analysis
* Selected 36 branches to test in the BUSTED analysis: `NM_000546_6_protein_NP_000537_3_cellular_tumor_antigen_p53_isoform_a_Homo_sapiens_transcript_NM_000546_6_Homo_sapiens_tumor_protein_p53_TP53_transcript_variant_1_mRNA_organism_Homo_sapiens, XM_030800485_1_protein_XP_030656345_1_cellular_tumor_antigen_p53_Nomascus_leucogenys_transcript_XM_030800485_1_PREDICTED_Nomascus_leucogenys_tumor_protein_p53_TP53_mRNA_organism_Nomascus_leucogenys, XM_055256596_2_protein_XP_055112571_1_cellular_tumor_antigen_p53_isoform_X1_Symphalangus_syndactylus_transcript_XM_055256596_2_PREDICTED_Symphalangus_syndactylus_tumor_protein_p53_TP53_transcript_variant_X1_mRNA_organism_Symphalangus_syndactylus, XM_032139337_3_protein_XP_031995228_1_cellular_tumor_antigen_p53_Hylobates_moloch_transcript_XM_032139337_3_PREDICTED_Hylobates_moloch_tumor_protein_p53_TP53_mRNA_organism_Hylobates_moloch, XM_002826974_6_protein_XP_002827020_3_cellular_tumor_antigen_p53_Pongo_abelii_transcript_XM_002826974_6_PREDICTED_Pongo_abelii_tumor_protein_p53_TP53_mRNA_organism_Pongo_abelii, XM_054457336_2_protein_XP_054313311_2_cellular_tumor_antigen_p53_Pongo_pygmaeus_transcript_XM_054457336_2_PREDICTED_Pongo_pygmaeus_tumor_protein_p53_TP53_mRNA_organism_Pongo_pygmaeus, XM_016931470_3_protein_XP_016786959_2_cellular_tumor_antigen_p53_isoform_X1_Pan_troglodytes_transcript_XM_016931470_3_PREDICTED_Pan_troglodytes_tumor_protein_p53_TP53_transcript_variant_X1_mRNA_organism_Pan_troglodytes, XM_057300362_2_protein_XP_057156345_1_cellular_tumor_antigen_p53_isoform_X1_Pan_paniscus_transcript_XM_057300362_2_PREDICTED_Pan_paniscus_tumor_protein_p53_TP53_transcript_variant_X1_mRNA_organism_Pan_paniscus, NM_001047151_2_protein_NP_001040616_1_cellular_tumor_antigen_p53_Macaca_mulatta_transcript_NM_001047151_2_Macaca_mulatta_tumor_protein_p53_TP53_mRNA_organism_Macaca_mulatta, XM_003912272_5_protein_XP_003912321_1_cellular_tumor_antigen_p53_Papio_anubis_transcript_XM_003912272_5_PREDICTED_Papio_anubis_tumor_protein_p53_TP53_mRNA_organism_Papio_anubis, XM_011994540_1_protein_XP_011849930_1_PREDICTED_cellular_tumor_antigen_p53_isoform_X1_Mandrillus_leucophaeus_transcript_XM_011994540_1_PREDICTED_Mandrillus_leucophaeus_tumor_protein_p53_TP53_transcript_variant_X1_mRNA_organism_Mandrillus_leucophaeus, XM_012052423_1_protein_XP_011907813_1_PREDICTED_cellular_tumor_antigen_p53_isoform_X1_Cercocebus_atys_transcript_XM_012052423_1_PREDICTED_Cercocebus_atys_tumor_protein_p53_TP53_transcript_variant_X1_mRNA_organism_Cercocebus_atys, XM_025363515_1_protein_XP_025219300_1_cellular_tumor_antigen_p53_isoform_X1_Theropithecus_gelada_transcript_XM_025363515_1_PREDICTED_Theropithecus_gelada_tumor_protein_p53_TP53_transcript_variant_X1_mRNA_organism_Theropithecus_gelada, XM_010362387_1_protein_XP_010360689_1_cellular_tumor_antigen_p53_Rhinopithecus_roxellana_transcript_XM_010362387_1_PREDICTED_Rhinopithecus_roxellana_tumor_protein_p53_TP53_mRNA_organism_Rhinopithecus_roxellana, XM_033184717_1_protein_XP_033040608_1_cellular_tumor_antigen_p53_isoform_X1_Trachypithecus_francoisi_transcript_XM_033184717_1_PREDICTED_Trachypithecus_francoisi_tumor_protein_p53_TP53_transcript_variant_X1_mRNA_organism_Trachypithecus_francoisi, XM_071082299_1_protein_XP_070938400_1_cellular_tumor_antigen_p53_Macaca_nemestrina_transcript_XM_071082299_1_PREDICTED_Macaca_nemestrina_tumor_protein_p53_LOC105473688_mRNA_organism_Macaca_nemestrina, XM_023193314_2_protein_XP_023049082_1_cellular_tumor_antigen_p53_isoform_X1_Piliocolobus_tephrosceles_transcript_XM_023193314_2_PREDICTED_Piliocolobus_tephrosceles_tumor_protein_p53_TP53_transcript_variant_X1_mRNA_organism_Piliocolobus_tephrosceles, XM_011958558_1_protein_XP_011813948_1_PREDICTED_cellular_tumor_antigen_p53_isoform_X1_Colobus_angolensis_palliatus_transcript_XM_011958558_1_PREDICTED_Colobus_angolensis_palliatus_tumor_protein_p53_TP53_transcript_variant_X1_mRNA_organism_Colobus_angolensis, XM_008010192_2_protein_XP_008008383_2_cellular_tumor_antigen_p53_isoform_X1_Chlorocebus_sabaeus_transcript_XM_008010192_2_PREDICTED_Chlorocebus_sabaeus_tumor_protein_p53_TP53_transcript_variant_X1_mRNA_organism_Chlorocebus_sabaeus, XM_002747948_5_protein_XP_002747994_1_cellular_tumor_antigen_p53_isoform_X1_Callithrix_jacchus_transcript_XM_002747948_5_PREDICTED_Callithrix_jacchus_tumor_protein_p53_TP53_transcript_variant_X1_mRNA_organism_Callithrix_jacchus, XM_032280430_1_protein_XP_032136321_1_cellular_tumor_antigen_p53_isoform_X1_Sapajus_apella_transcript_XM_032280430_1_PREDICTED_Sapajus_apella_tumor_protein_p53_TP53_transcript_variant_X1_mRNA_organism_Sapajus_apella, XM_017531594_2_protein_XP_017387083_1_cellular_tumor_antigen_p53_isoform_X1_Cebus_imitator_transcript_XM_017531594_2_PREDICTED_Cebus_imitator_tumor_protein_p53_TP53_transcript_variant_X1_mRNA_organism_Cebus_imitator, XM_039476036_1_protein_XP_039331970_1_cellular_tumor_antigen_p53_isoform_X1_Saimiri_boliviensis_boliviensis_transcript_XM_039476036_1_PREDICTED_Saimiri_boliviensis_boliviensis_tumor_protein_p53_TP53_transcript_variant_X1_mRNA_organism_Saimiri_boliviensis, XM_064378361_1_protein_XP_064234431_1_cellular_tumor_antigen_p53_isoform_X1_Aotus_nancymaae_transcript_XM_064378361_1_PREDICTED_Aotus_nancymaae_tumor_protein_p53_TP53_transcript_variant_X1_mRNA_organism_Aotus_nancymaae, XM_008062341_2_protein_XP_008060532_1_cellular_tumor_antigen_p53_Carlito_syrichta_transcript_XM_008062341_2_PREDICTED_Carlito_syrichta_tumor_protein_p53_TP53_mRNA_organism_Carlito_syrichta, XM_012776058_2_protein_XP_012631512_1_cellular_tumor_antigen_p53_Microcebus_murinus_transcript_XM_012776058_2_PREDICTED_Microcebus_murinus_tumor_protein_p53_TP53_transcript_variant_X1_mRNA_organism_Microcebus_murinus, XM_045570131_1_protein_XP_045426087_1_cellular_tumor_antigen_p53_Lemur_catta_transcript_XM_045570131_1_PREDICTED_Lemur_catta_tumor_protein_p53_TP53_mRNA_organism_Lemur_catta, XM_069482023_1_protein_XP_069338124_1_cellular_tumor_antigen_p53_isoform_X1_Eulemur_rufifrons_transcript_XM_069482023_1_PREDICTED_Eulemur_rufifrons_tumor_protein_p53_TP53_transcript_variant_X1_mRNA_organism_Eulemur_rufifrons, XM_012655616_1_protein_XP_012511070_1_PREDICTED_cellular_tumor_antigen_p53_Propithecus_coquereli_transcript_XM_012655616_1_PREDICTED_Propithecus_coquereli_tumor_protein_p53_TP53_mRNA_organism_Propithecus_coquereli, XM_053569948_1_protein_XP_053425923_1_cellular_tumor_antigen_p53_Nycticebus_coucang_transcript_XM_053569948_1_PREDICTED_Nycticebus_coucang_tumor_protein_p53_TP53_transcript_variant_X1_mRNA_organism_Nycticebus_coucang, XM_012806041_2_protein_XP_012661495_1_cellular_tumor_antigen_p53_Otolemur_garnettii_transcript_XM_012806041_2_PREDICTED_Otolemur_garnettii_tumor_protein_p53_TP53_mRNA_organism_Otolemur_garnettii, Node1, XM_017850544_1_protein_XP_017706033_1_PREDICTED_cellular_tumor_antigen_p53_isoform_X1_Rhinopithecus_bieti_transcript_XM_017850544_1_PREDICTED_Rhinopithecus_bieti_tumor_protein_p53_TP53_transcript_variant_X1_mRNA_organism_Rhinopithecus_bieti, XM_050765346_1_protein_XP_050621303_1_cellular_tumor_antigen_p53_isoform_X1_Macaca_thibetana_thibetana_transcript_XM_050765346_1_PREDICTED_Macaca_thibetana_thibetana_tumor_protein_p53_TP53_transcript_variant_X1_mRNA_organism_Macaca_thibetana, XM_063700589_1_protein_XP_063556659_1_cellular_tumor_antigen_p53_isoform_X1_Gorilla_gorilla_gorilla_transcript_XM_063700589_1_PREDICTED_Gorilla_gorilla_gorilla_tumor_protein_p53_TP53_transcript_variant_X1_mRNA_organism_Gorilla_gorilla, Node34`


### Obtaining branch lengths and nucleotide substitution biases under the nucleotide GTR model

>kill-zero-lengths => Yes
* Log(L) =  -410.23, AIC-c =   908.92 (44 estimated parameters)
* 1 partition. Total tree length by partition (subs/site) 19489.536

### Obtaining the global omega estimate based on relative GTR branch lengths and nucleotide substitution biases
* Log(L) =  -403.95, AIC-c =   911.73 (51 estimated parameters)
* 1 partition. Total tree length by partition (subs/site) 20218.788
* non-synonymous/synonymous rate ratio for *test* =   2.1591

### Improving branch lengths, nucleotide substitution biases, and global dN/dS ratios under a full codon model
* Log(L) =  -403.18, AIC-c =   910.18 (51 estimated parameters)
* non-synonymous/synonymous rate ratio for *test* =  28.4149

### Performing the full (dN/dS > 1 allowed) branch-site model fit
* Log(L) =  -403.16, AIC-c =   928.85 (60 estimated parameters)
* For *test* branches, the following rate distribution for branch-site combinations was inferred

|          Selection mode           |     dN/dS     |Proportion, %|               Notes               |
|-----------------------------------|---------------|-------------|-----------------------------------|
|        Negative selection         |     0.520     |    0.000    |       Not supported by data       |
|        Negative selection         |     0.983     |    0.000    |       Not supported by data       |
|      Diversifying selection       |    43.996     |   100.000   |                                   |

* The following rate distribution for site-to-site **synonymous** rate variation was inferred

|               Rate                | Proportion, % |               Notes               |
|-----------------------------------|---------------|-----------------------------------|
|               0.628               |    98.263     |                                   |
|              13.707               |     1.168     |                                   |
|              39.171               |     0.568     |                                   |


### Performing the constrained (dN/dS > 1 not allowed) model fit
* Log(L) =  -404.03, AIC-c =   928.51 (59 estimated parameters)
* For *test* branches under the null (no dN/dS > 1 model), the following rate distribution for branch-site combinations was inferred

|          Selection mode           |     dN/dS     |Proportion, %|               Notes               |
|-----------------------------------|---------------|-------------|-----------------------------------|
|        Negative selection         |     0.355     |    0.000    |       Not supported by data       |
|        Negative selection         |     0.687     |    0.000    |       Not supported by data       |
|         Neutral evolution         |     1.000     |   100.000   |                                   |

* The following rate distribution for site-to-site **synonymous** rate variation was inferred

|               Rate                | Proportion, % |               Notes               |
|-----------------------------------|---------------|-----------------------------------|
|               0.014               |    60.718     |                                   |
|               2.524               |    39.282     |                                   |
|               4.937               |     0.000     |       Not supported by data       |

----
## Branch-site unrestricted statistical test of episodic diversification [BUSTED]
Likelihood ratio test for episodic diversifying positive selection, **p =   0.2093**.


