
Analysis Description
--------------------
 Read an alignment of coding sequences and replace any ambiguous codons
with ---. Write results to a new file in FASTA format, and report
changed sequences to stdout 

- __Requirements__: An MSA

- __Citation__: TBD

- __Written by__: Sergei L Kosakovsky Pond

- __Contact Information__: spond@temple.edu

- __Analysis Version__: 0.1

code: Universal

Striking 90 codons that are incompletely resolved from NP_775798_2_NM_173527_3_protein_NP_775798_2_GTP_binding_protein_REM_2_Homo_sapiens_transcript_NM_173527_3_Homo_sapiens_RRAD_and_GEM_like_GTPase_2_REM2_mRNA_species_Homo_sapiens

Striking 89 codons that are incompletely resolved from XP_009425749_1_XM_009427474_5_protein_XP_009425749_1_GTP_binding_protein_REM_2_isoform_X1_Pan_troglodytes_transcript_XM_009427474_5_PREDICTED_Pan_troglodytes_RRAD_and_GEM_like_GTPase_2_REM2_transcript_variant_X1_mRNA_species_Pan_troglodytes

Striking 89 codons that are incompletely resolved from XP_055218351_1_XM_055362376_2_protein_XP_055218351_1_GTP_binding_protein_REM_2_isoform_X1_Gorilla_gorilla_gorilla_transcript_XM_055362376_2_PREDICTED_Gorilla_gorilla_gorilla_RRAD_and_GEM_like_GTPase_2_REM2_transcript_variant_X1_mRNA_species_Gorilla_gorilla_gorilla

Striking 44 codons that are incompletely resolved from XP_008958461_3_XM_008960213_4_protein_XP_008958461_3_GTP_binding_protein_REM_2_isoform_X1_Pan_paniscus_transcript_XM_008960213_4_PREDICTED_Pan_paniscus_RRAD_and_GEM_like_GTPase_2_REM2_transcript_variant_X1_mRNA_species_Pan_paniscus

Striking 90 codons that are incompletely resolved from XP_050652511_1_XM_050796554_1_protein_XP_050652511_1_GTP_binding_protein_REM_2_Macaca_thibetana_thibetana_transcript_XM_050796554_1_PREDICTED_Macaca_thibetana_thibetana_RRAD_and_GEM_like_GTPase_2_REM2_mRNA_species_Macaca_thibetana_thibetana

Striking 90 codons that are incompletely resolved from XP_001100692_1_XM_001100692_4_protein_XP_001100692_1_GTP_binding_protein_REM_2_Macaca_mulatta_transcript_XM_001100692_4_PREDICTED_Macaca_mulatta_RRAD_and_GEM_like_GTPase_2_REM2_mRNA_species_Macaca_mulatta

Striking 90 codons that are incompletely resolved from XP_003901614_1_XM_003901565_5_protein_XP_003901614_1_GTP_binding_protein_REM_2_Papio_anubis_transcript_XM_003901565_5_PREDICTED_Papio_anubis_RRAD_and_GEM_like_GTPase_2_REM2_mRNA_species_Papio_anubis

Striking 90 codons that are incompletely resolved from XP_005560873_1_XM_005560816_4_protein_XP_005560873_1_GTP_binding_protein_REM_2_Macaca_fascicularis_transcript_XM_005560816_4_PREDICTED_Macaca_fascicularis_RRAD_and_GEM_like_GTPase_2_REM2_transcript_variant_X1_mRNA_species_Macaca_fascicularis

Striking 90 codons that are incompletely resolved from XP_011770654_1_XM_011772352_3_protein_XP_011770654_1_GTP_binding_protein_REM_2_Macaca_nemestrina_transcript_XM_011772352_3_PREDICTED_Macaca_nemestrina_RRAD_and_GEM_like_GTPase_2_LOC105499627_mRNA_species_Macaca_nemestrina

Striking 90 codons that are incompletely resolved from XP_011846020_1_XM_011990630_1_protein_XP_011846020_1_PREDICTED_GTP_binding_protein_REM_2_Mandrillus_leucophaeus_transcript_XM_011990630_1_PREDICTED_Mandrillus_leucophaeus_RAS_RAD_and_GEM_like_GTP_binding_2_REM2_mRNA_species_Mandrillus_leucophaeus

Striking 90 codons that are incompletely resolved from XP_025248260_1_XM_025392475_1_protein_XP_025248260_1_GTP_binding_protein_REM_2_Theropithecus_gelada_transcript_XM_025392475_1_PREDICTED_Theropithecus_gelada_RRAD_and_GEM_like_GTPase_2_REM2_mRNA_species_Theropithecus_gelada

Striking 90 codons that are incompletely resolved from XP_011943923_1_XM_012088533_1_protein_XP_011943923_1_PREDICTED_GTP_binding_protein_REM_2_Cercocebus_atys_transcript_XM_012088533_1_PREDICTED_Cercocebus_atys_RAS_RAD_and_GEM_like_GTP_binding_2_REM2_mRNA_species_Cercocebus_atys

Striking 90 codons that are incompletely resolved from XP_010376660_2_XM_010378358_2_protein_XP_010376660_2_GTP_binding_protein_REM_2_Rhinopithecus_roxellana_transcript_XM_010378358_2_PREDICTED_Rhinopithecus_roxellana_RRAD_and_GEM_like_GTPase_2_REM2_mRNA_species_Rhinopithecus_roxellana

Striking 90 codons that are incompletely resolved from XP_017719775_1_XM_017864286_1_protein_XP_017719775_1_PREDICTED_GTP_binding_protein_REM_2_Rhinopithecus_bieti_transcript_XM_017864286_1_PREDICTED_Rhinopithecus_bieti_RRAD_and_GEM_like_GTPase_2_REM2_mRNA_species_Rhinopithecus_bieti

Striking 90 codons that are incompletely resolved from XP_033044495_1_XM_033188604_1_protein_XP_033044495_1_GTP_binding_protein_REM_2_Trachypithecus_francoisi_transcript_XM_033188604_1_PREDICTED_Trachypithecus_francoisi_RRAD_and_GEM_like_GTPase_2_REM2_mRNA_species_Trachypithecus_francoisi

Striking 90 codons that are incompletely resolved from XP_007988978_3_XM_007990787_3_protein_XP_007988978_3_GTP_binding_protein_REM_2_Chlorocebus_sabaeus_transcript_XM_007990787_3_PREDICTED_Chlorocebus_sabaeus_RRAD_and_GEM_like_GTPase_2_REM2_mRNA_species_Chlorocebus_sabaeus

Striking 90 codons that are incompletely resolved from XP_002824612_1_XM_002824566_5_protein_XP_002824612_1_GTP_binding_protein_REM_2_Pongo_abelii_transcript_XM_002824566_5_PREDICTED_Pongo_abelii_RRAD_and_GEM_like_GTPase_2_REM2_mRNA_species_Pongo_abelii

Striking 90 codons that are incompletely resolved from XP_054304838_1_XM_054448863_2_protein_XP_054304838_1_GTP_binding_protein_REM_2_Pongo_pygmaeus_transcript_XM_054448863_2_PREDICTED_Pongo_pygmaeus_RRAD_and_GEM_like_GTPase_2_REM2_mRNA_species_Pongo_pygmaeus

Striking 90 codons that are incompletely resolved from XP_003260643_2_XM_003260595_2_protein_XP_003260643_2_GTP_binding_protein_REM_2_Nomascus_leucogenys_transcript_XM_003260595_2_PREDICTED_Nomascus_leucogenys_RRAD_and_GEM_like_GTPase_2_REM2_mRNA_species_Nomascus_leucogenys

Striking 90 codons that are incompletely resolved from XP_055147851_1_XM_055291876_2_protein_XP_055147851_1_GTP_binding_protein_REM_2_Symphalangus_syndactylus_transcript_XM_055291876_2_PREDICTED_Symphalangus_syndactylus_RRAD_and_GEM_like_GTPase_2_REM2_mRNA_species_Symphalangus_syndactylus

Striking 90 codons that are incompletely resolved from XP_032035819_1_XM_032179928_2_protein_XP_032035819_1_GTP_binding_protein_REM_2_Hylobates_moloch_transcript_XM_032179928_2_PREDICTED_Hylobates_moloch_RRAD_and_GEM_like_GTPase_2_REM2_mRNA_species_Hylobates_moloch

Striking 90 codons that are incompletely resolved from XP_035115986_1_XM_035260095_2_protein_XP_035115986_1_GTP_binding_protein_REM_2_isoform_X1_Callithrix_jacchus_transcript_XM_035260095_2_PREDICTED_Callithrix_jacchus_RRAD_and_GEM_like_GTPase_2_REM2_transcript_variant_X1_mRNA_species_Callithrix_jacchus

Striking 90 codons that are incompletely resolved from XP_064230844_1_XM_064374774_1_protein_XP_064230844_1_GTP_binding_protein_REM_2_Aotus_nancymaae_transcript_XM_064374774_1_PREDICTED_Aotus_nancymaae_RRAD_and_GEM_like_GTPase_2_REM2_mRNA_species_Aotus_nancymaae

Striking 90 codons that are incompletely resolved from XP_032121441_1_XM_032265550_1_protein_XP_032121441_1_GTP_binding_protein_REM_2_isoform_X1_Sapajus_apella_transcript_XM_032265550_1_PREDICTED_Sapajus_apella_RRAD_and_GEM_like_GTPase_2_REM2_transcript_variant_X1_mRNA_species_Sapajus_apella

Striking 90 codons that are incompletely resolved from XP_017399988_1_XM_017544499_2_protein_XP_017399988_1_GTP_binding_protein_REM_2_isoform_X1_Cebus_imitator_transcript_XM_017544499_2_PREDICTED_Cebus_imitator_RRAD_and_GEM_like_GTPase_2_REM2_transcript_variant_X1_mRNA_species_Cebus_imitator

Striking 90 codons that are incompletely resolved from XP_003924384_1_XM_003924335_4_protein_XP_003924384_1_GTP_binding_protein_REM_2_isoform_X1_Saimiri_boliviensis_transcript_XM_003924335_4_PREDICTED_Saimiri_boliviensis_RRAD_and_GEM_like_GTPase_2_REM2_transcript_variant_X1_mRNA_species_Saimiri_boliviensis

Striking 58 codons that are incompletely resolved from XP_023086208_1_XM_023230440_1_protein_XP_023086208_1_GTP_binding_protein_REM_2_isoform_X1_Piliocolobus_tephrosceles_transcript_XM_023230440_1_PREDICTED_Piliocolobus_tephrosceles_RRAD_and_GEM_like_GTPase_2_REM2_transcript_variant_X1_mRNA_species_Piliocolobus_tephrosceles

Striking 90 codons that are incompletely resolved from XP_003801957_1_XM_003801909_3_protein_XP_003801957_1_GTP_binding_protein_REM_2_Otolemur_garnettii_transcript_XM_003801909_3_PREDICTED_Otolemur_garnettii_RRAD_and_GEM_like_GTPase_2_REM2_mRNA_species_Otolemur_garnettii

Striking 90 codons that are incompletely resolved from XP_053451643_1_XM_053595668_1_protein_XP_053451643_1_GTP_binding_protein_REM_2_isoform_X1_Nycticebus_coucang_transcript_XM_053595668_1_PREDICTED_Nycticebus_coucang_RRAD_and_GEM_like_GTPase_2_REM2_transcript_variant_X1_mRNA_species_Nycticebus_coucang

Striking 90 codons that are incompletely resolved from XP_012504901_1_XM_012649447_1_protein_XP_012504901_1_PREDICTED_GTP_binding_protein_REM_2_Propithecus_coquereli_transcript_XM_012649447_1_PREDICTED_Propithecus_coquereli_RAS_RAD_and_GEM_like_GTP_binding_2_REM2_mRNA_species_Propithecus_coquereli

Striking 90 codons that are incompletely resolved from XP_012608143_1_XM_012752689_1_protein_XP_012608143_1_GTP_binding_protein_REM_2_isoform_X1_Microcebus_murinus_transcript_XM_012752689_1_PREDICTED_Microcebus_murinus_RRAD_and_GEM_like_GTPase_2_REM2_transcript_variant_X1_mRNA_species_Microcebus_murinus

Striking 90 codons that are incompletely resolved from XP_045381916_1_XM_045525960_1_protein_XP_045381916_1_GTP_binding_protein_REM_2_isoform_X1_Lemur_catta_transcript_XM_045525960_1_PREDICTED_Lemur_catta_RRAD_and_GEM_like_GTPase_2_REM2_transcript_variant_X1_mRNA_species_Lemur_catta

Striking 90 codons that are incompletely resolved from XP_069319405_1_XM_069463304_1_protein_XP_069319405_1_GTP_binding_protein_REM_2_Eulemur_rufifrons_transcript_XM_069463304_1_PREDICTED_Eulemur_rufifrons_RRAD_and_GEM_like_GTPase_2_REM2_mRNA_species_Eulemur_rufifrons

Striking 90 codons that are incompletely resolved from XP_008063462_1_XM_008065271_2_protein_XP_008063462_1_GTP_binding_protein_REM_2_Carlito_syrichta_transcript_XM_008065271_2_PREDICTED_Carlito_syrichta_RRAD_and_GEM_like_GTPase_2_REM2_mRNA_species_Carlito_syrichta

Striking 108 codons that are incompletely resolved from XP_011786352_1_XM_011930962_1_protein_XP_011786352_1_PREDICTED_GTP_binding_protein_REM_2_Colobus_angolensis_palliatus_transcript_XM_011930962_1_PREDICTED_Colobus_angolensis_palliatus_RAS_RAD_and_GEM_like_GTP_binding_2_REM2_mRNA_species_Colobus_angolensis_palliatus
