
Analysis Description
--------------------
Contrast-FEL (Fixed Effects Likelihood) investigates whether or not
selective pressures differ between two or more sets of branches at a
site. Site-specific synonymous (alpha) and non-synonymous (beta, one per
branch set) substitution rates are estimated and then beta rates are
tested for equality at each site. LRT and permutation tests ar used to
assess significance at each site, and FDR is applied alignment wide to
call sites with different selective profiles. Version 0.6 adds detailed
ancestral state reconstruction. Version 0.61 adds storing root states in
constant sites for ASR.

- __Additional information__: http://www.hyphy.org/methods/other/contrast-fel/

- __Requirements__: in-frame codon alignment and a phylogenetic tree; only single partition
data are supported

- __Citation__: Mol Biol Evol (2021), (38)3 1184–1198

- __Written by__: Sergei L Kosakovsky Pond and Steven Weaver

- __Contact Information__: spond@temple.edu

- __Analysis Version__: 0.61


>code => Universal

-------
>[WARNING]
'/Users/alex/Documents/AOC-dev/results/Primate_TP53/Primate_TP53.1.codon.fas'
contains 30 duplicate sequences. Identical sequences do not contribute
any information to the analysis and only slow down computation. Please
consider removing duplicate or 'nearly' duplicate sequences, e.g. using
https://github.com/veg/hyphy-analyses/tree/master/remove-duplicates
prior to running selection analyses
-------
/Users/alex/Documents/AOC-dev/results/Primate_TP53/Primate_TP53.1.codon.fas.FastTree.treefile.labelled
results/Primate_TP53/Primate_TP53.1.codon.fas.FastTree.treefile.labelled

>Loaded a multiple sequence alignment with **34** sequences, **87** codons, and **1** partitions from `/Users/alex/Documents/AOC-dev/results/Primate_TP53/Primate_TP53.1.codon.fas`

>branch-set => Haplorrhini

>srv => Yes

>permutations => Yes

>Select nominal p-value threshold to use when testing for selection (FDR correction will be performed on all sites) (permissible range = [0,1], default value = 0.1): 
>p-value => 0.05

>Select nominal the q-value threshold to use when testing for selection (FDR reporting) (permissible range = [0,1], default value = 0.2): 
>q-value => 0.20
Only analyze sites whose 1-based indices match the following list (null to skip) : 
>limit-to-sites => null
For sites whose 1-based indices match the following list, write out likelihood function snapshots (null string to skip) : 
>save-lf-for-sites => null


### Branches to use as the test set in the FEL-contrast analysis
Selected 2 sets of branches to test

* Selected 29 branches in group _Haplorrhini_ : `NM_000546_6_Homo_sapiens_tumor_protein_p53_TP53_transcript_variant_1_mRNA, XM_030800485_1_PREDICTED_Nomascus_leucogenys_tumor_protein_p53_TP53_mRNA, XM_011994540_1_PREDICTED_Mandrillus_leucophaeus_tumor_protein_p53_TP53_transcript_variant_X1_mRNA, XM_012052423_1_PREDICTED_Cercocebus_atys_tumor_protein_p53_TP53_transcript_variant_X1_mRNA, XM_025363515_1_PREDICTED_Theropithecus_gelada_tumor_protein_p53_TP53_transcript_variant_X1_mRNA, XM_010362387_1_PREDICTED_Rhinopithecus_roxellana_tumor_protein_p53_TP53_mRNA, XM_033184717_1_PREDICTED_Trachypithecus_francoisi_tumor_protein_p53_TP53_transcript_variant_X1_mRNA, XM_071082299_1_PREDICTED_Macaca_nemestrina_tumor_protein_p53_LOC105473688_mRNA, XM_023193314_2_PREDICTED_Piliocolobus_tephrosceles_tumor_protein_p53_TP53_transcript_variant_X1_mRNA, XM_011958558_1_PREDICTED_Colobus_angolensis_palliatus_tumor_protein_p53_TP53_transcript_variant_X1_mRNA, XM_008010192_2_PREDICTED_Chlorocebus_sabaeus_tumor_protein_p53_TP53_transcript_variant_X1_mRNA, XM_002747948_5_PREDICTED_Callithrix_jacchus_tumor_protein_p53_TP53_transcript_variant_X1_mRNA, XM_055256596_2_PREDICTED_Symphalangus_syndactylus_tumor_protein_p53_TP53_transcript_variant_X1_mRNA, XM_032280430_1_PREDICTED_Sapajus_apella_tumor_protein_p53_TP53_transcript_variant_X1_mRNA, XM_017531594_2_PREDICTED_Cebus_imitator_tumor_protein_p53_TP53_transcript_variant_X1_mRNA, XM_039476036_1_PREDICTED_Saimiri_boliviensis_boliviensis_tumor_protein_p53_TP53_transcript_variant_X1_mRNA, XM_064378361_1_PREDICTED_Aotus_nancymaae_tumor_protein_p53_TP53_transcript_variant_X1_mRNA, XM_008062341_2_PREDICTED_Carlito_syrichta_tumor_protein_p53_TP53_mRNA, XM_017850544_1_PREDICTED_Rhinopithecus_bieti_tumor_protein_p53_TP53_transcript_variant_X1_mRNA, XM_050765346_1_PREDICTED_Macaca_thibetana_thibetana_tumor_protein_p53_TP53_transcript_variant_X1_mRNA, XM_063700589_1_PREDICTED_Gorilla_gorilla_gorilla_tumor_protein_p53_TP53_transcript_variant_X1_mRNA, Node34, XM_032139337_3_PREDICTED_Hylobates_moloch_tumor_protein_p53_TP53_mRNA, XM_002826974_6_PREDICTED_Pongo_abelii_tumor_protein_p53_TP53_mRNA, XM_054457336_2_PREDICTED_Pongo_pygmaeus_tumor_protein_p53_TP53_mRNA, XM_016931470_3_PREDICTED_Pan_troglodytes_tumor_protein_p53_TP53_transcript_variant_X1_mRNA, XM_057300362_2_PREDICTED_Pan_paniscus_tumor_protein_p53_TP53_transcript_variant_X1_mRNA, NM_001047151_2_Macaca_mulatta_tumor_protein_p53_TP53_mRNA, XM_003912272_5_PREDICTED_Papio_anubis_tumor_protein_p53_TP53_mRNA`
* 7 branches are in the background group : `XM_012776058_2_PREDICTED_Microcebus_murinus_tumor_protein_p53_TP53_transcript_variant_X1_mRNA, XM_045570131_1_PREDICTED_Lemur_catta_tumor_protein_p53_TP53_mRNA, XM_069482023_1_PREDICTED_Eulemur_rufifrons_tumor_protein_p53_TP53_transcript_variant_X1_mRNA, XM_012655616_1_PREDICTED_Propithecus_coquereli_tumor_protein_p53_TP53_mRNA, XM_053569948_1_PREDICTED_Nycticebus_coucang_tumor_protein_p53_TP53_transcript_variant_X1_mRNA, XM_012806041_2_PREDICTED_Otolemur_garnettii_tumor_protein_p53_TP53_mRNA, Node1`

### **1** test will be performed at each site


### Obtaining branch lengths and nucleotide substitution biases under the nucleotide GTR model

>kill-zero-lengths => Yes
* Log(L) =  -410.23, AIC-c =   908.92 (44 estimated parameters)
* 1 partition. Total tree length by partition (subs/site) 19489.536

### Obtaining the global omega estimate based on relative GTR branch lengths and nucleotide substitution biases
* Log(L) =  -403.95, AIC-c =   913.80 (52 estimated parameters)
* 1 partition. Total tree length by partition (subs/site) 20209.433
* non-synonymous/synonymous rate ratio for *Haplorrhini* =   2.1587
* non-synonymous/synonymous rate ratio for *background* =   1.1265

### Improving branch lengths, nucleotide substitution biases, and global dN/dS ratios under a full codon model
* Log(L) =  -403.63
* non-synonymous/synonymous rate ratio for *Haplorrhini* =  11.2315
* non-synonymous/synonymous rate ratio for *background* =   0.4164

### ** Found _0_ sites with different _overall_ dN/dS at p <= 0.05**

### ### False discovery rate correction
There are no sites where the overall p-value passes the False Discovery Rate threshold of 0.2
